[2024-11-06T00:00:07.453+0000] {processor.py:186} INFO - Started process (PID=2459) to work on /opt/airflow/dags/Twitter_api_dag.py
[2024-11-06T00:00:07.454+0000] {processor.py:914} INFO - Processing file /opt/airflow/dags/Twitter_api_dag.py for tasks to queue
[2024-11-06T00:00:07.459+0000] {logging_mixin.py:190} INFO - [2024-11-06T00:00:07.458+0000] {dagbag.py:588} INFO - Filling up the DagBag from /opt/airflow/dags/Twitter_api_dag.py
[2024-11-06T00:00:07.510+0000] {processor.py:925} INFO - DAG(s) 'twitter_api_collection' retrieved from /opt/airflow/dags/Twitter_api_dag.py
[2024-11-06T00:00:07.538+0000] {logging_mixin.py:190} INFO - [2024-11-06T00:00:07.538+0000] {dag.py:3239} INFO - Sync 1 DAGs
[2024-11-06T00:00:07.560+0000] {logging_mixin.py:190} INFO - [2024-11-06T00:00:07.559+0000] {dag.py:4180} INFO - Setting next_dagrun for twitter_api_collection to None, run_after=None
[2024-11-06T00:00:07.592+0000] {processor.py:208} INFO - Processing /opt/airflow/dags/Twitter_api_dag.py took 0.151 seconds
[2024-11-06T00:00:37.746+0000] {processor.py:186} INFO - Started process (PID=2524) to work on /opt/airflow/dags/Twitter_api_dag.py
[2024-11-06T00:00:37.748+0000] {processor.py:914} INFO - Processing file /opt/airflow/dags/Twitter_api_dag.py for tasks to queue
[2024-11-06T00:00:37.752+0000] {logging_mixin.py:190} INFO - [2024-11-06T00:00:37.751+0000] {dagbag.py:588} INFO - Filling up the DagBag from /opt/airflow/dags/Twitter_api_dag.py
[2024-11-06T00:00:37.810+0000] {processor.py:925} INFO - DAG(s) 'twitter_api_collection' retrieved from /opt/airflow/dags/Twitter_api_dag.py
[2024-11-06T00:00:37.840+0000] {logging_mixin.py:190} INFO - [2024-11-06T00:00:37.840+0000] {dag.py:3239} INFO - Sync 1 DAGs
[2024-11-06T00:00:37.872+0000] {logging_mixin.py:190} INFO - [2024-11-06T00:00:37.871+0000] {dag.py:4180} INFO - Setting next_dagrun for twitter_api_collection to None, run_after=None
[2024-11-06T00:00:37.907+0000] {processor.py:208} INFO - Processing /opt/airflow/dags/Twitter_api_dag.py took 0.169 seconds
[2024-11-06T00:01:08.003+0000] {processor.py:186} INFO - Started process (PID=2579) to work on /opt/airflow/dags/Twitter_api_dag.py
[2024-11-06T00:01:08.005+0000] {processor.py:914} INFO - Processing file /opt/airflow/dags/Twitter_api_dag.py for tasks to queue
[2024-11-06T00:01:08.009+0000] {logging_mixin.py:190} INFO - [2024-11-06T00:01:08.009+0000] {dagbag.py:588} INFO - Filling up the DagBag from /opt/airflow/dags/Twitter_api_dag.py
[2024-11-06T00:01:08.060+0000] {processor.py:925} INFO - DAG(s) 'twitter_api_collection' retrieved from /opt/airflow/dags/Twitter_api_dag.py
[2024-11-06T00:01:08.088+0000] {logging_mixin.py:190} INFO - [2024-11-06T00:01:08.088+0000] {dag.py:3239} INFO - Sync 1 DAGs
[2024-11-06T00:01:08.115+0000] {logging_mixin.py:190} INFO - [2024-11-06T00:01:08.114+0000] {dag.py:4180} INFO - Setting next_dagrun for twitter_api_collection to None, run_after=None
[2024-11-06T00:01:08.155+0000] {processor.py:208} INFO - Processing /opt/airflow/dags/Twitter_api_dag.py took 0.163 seconds
[2024-11-06T00:01:39.176+0000] {processor.py:186} INFO - Started process (PID=2643) to work on /opt/airflow/dags/Twitter_api_dag.py
[2024-11-06T00:01:39.178+0000] {processor.py:914} INFO - Processing file /opt/airflow/dags/Twitter_api_dag.py for tasks to queue
[2024-11-06T00:01:39.183+0000] {logging_mixin.py:190} INFO - [2024-11-06T00:01:39.183+0000] {dagbag.py:588} INFO - Filling up the DagBag from /opt/airflow/dags/Twitter_api_dag.py
[2024-11-06T00:01:39.241+0000] {processor.py:925} INFO - DAG(s) 'twitter_api_collection' retrieved from /opt/airflow/dags/Twitter_api_dag.py
[2024-11-06T00:01:39.276+0000] {logging_mixin.py:190} INFO - [2024-11-06T00:01:39.275+0000] {dag.py:3239} INFO - Sync 1 DAGs
[2024-11-06T00:01:39.304+0000] {logging_mixin.py:190} INFO - [2024-11-06T00:01:39.303+0000] {dag.py:4180} INFO - Setting next_dagrun for twitter_api_collection to None, run_after=None
[2024-11-06T00:01:39.343+0000] {processor.py:208} INFO - Processing /opt/airflow/dags/Twitter_api_dag.py took 0.178 seconds
[2024-11-06T00:02:09.840+0000] {processor.py:186} INFO - Started process (PID=2702) to work on /opt/airflow/dags/Twitter_api_dag.py
[2024-11-06T00:02:09.842+0000] {processor.py:914} INFO - Processing file /opt/airflow/dags/Twitter_api_dag.py for tasks to queue
[2024-11-06T00:02:09.846+0000] {logging_mixin.py:190} INFO - [2024-11-06T00:02:09.845+0000] {dagbag.py:588} INFO - Filling up the DagBag from /opt/airflow/dags/Twitter_api_dag.py
[2024-11-06T00:02:09.914+0000] {processor.py:925} INFO - DAG(s) 'twitter_api_collection' retrieved from /opt/airflow/dags/Twitter_api_dag.py
[2024-11-06T00:02:09.944+0000] {logging_mixin.py:190} INFO - [2024-11-06T00:02:09.943+0000] {dag.py:3239} INFO - Sync 1 DAGs
[2024-11-06T00:02:09.969+0000] {logging_mixin.py:190} INFO - [2024-11-06T00:02:09.969+0000] {dag.py:4180} INFO - Setting next_dagrun for twitter_api_collection to None, run_after=None
[2024-11-06T00:02:10.004+0000] {processor.py:208} INFO - Processing /opt/airflow/dags/Twitter_api_dag.py took 0.174 seconds
[2024-11-06T00:02:41.996+0000] {processor.py:186} INFO - Started process (PID=2766) to work on /opt/airflow/dags/Twitter_api_dag.py
[2024-11-06T00:02:41.999+0000] {processor.py:914} INFO - Processing file /opt/airflow/dags/Twitter_api_dag.py for tasks to queue
[2024-11-06T00:02:42.004+0000] {logging_mixin.py:190} INFO - [2024-11-06T00:02:42.003+0000] {dagbag.py:588} INFO - Filling up the DagBag from /opt/airflow/dags/Twitter_api_dag.py
[2024-11-06T00:02:42.060+0000] {processor.py:925} INFO - DAG(s) 'twitter_api_collection' retrieved from /opt/airflow/dags/Twitter_api_dag.py
[2024-11-06T00:02:42.094+0000] {logging_mixin.py:190} INFO - [2024-11-06T00:02:42.093+0000] {dag.py:3239} INFO - Sync 1 DAGs
[2024-11-06T00:02:42.118+0000] {logging_mixin.py:190} INFO - [2024-11-06T00:02:42.118+0000] {dag.py:4180} INFO - Setting next_dagrun for twitter_api_collection to None, run_after=None
[2024-11-06T00:02:42.151+0000] {processor.py:208} INFO - Processing /opt/airflow/dags/Twitter_api_dag.py took 0.172 seconds
[2024-11-06T00:03:13.656+0000] {processor.py:186} INFO - Started process (PID=2830) to work on /opt/airflow/dags/Twitter_api_dag.py
[2024-11-06T00:03:13.658+0000] {processor.py:914} INFO - Processing file /opt/airflow/dags/Twitter_api_dag.py for tasks to queue
[2024-11-06T00:03:13.662+0000] {logging_mixin.py:190} INFO - [2024-11-06T00:03:13.662+0000] {dagbag.py:588} INFO - Filling up the DagBag from /opt/airflow/dags/Twitter_api_dag.py
[2024-11-06T00:03:13.721+0000] {processor.py:925} INFO - DAG(s) 'twitter_api_collection' retrieved from /opt/airflow/dags/Twitter_api_dag.py
[2024-11-06T00:03:13.754+0000] {logging_mixin.py:190} INFO - [2024-11-06T00:03:13.753+0000] {dag.py:3239} INFO - Sync 1 DAGs
[2024-11-06T00:03:13.779+0000] {logging_mixin.py:190} INFO - [2024-11-06T00:03:13.778+0000] {dag.py:4180} INFO - Setting next_dagrun for twitter_api_collection to None, run_after=None
[2024-11-06T00:03:13.813+0000] {processor.py:208} INFO - Processing /opt/airflow/dags/Twitter_api_dag.py took 0.167 seconds
[2024-11-06T00:03:44.796+0000] {processor.py:186} INFO - Started process (PID=2894) to work on /opt/airflow/dags/Twitter_api_dag.py
[2024-11-06T00:03:44.798+0000] {processor.py:914} INFO - Processing file /opt/airflow/dags/Twitter_api_dag.py for tasks to queue
[2024-11-06T00:03:44.802+0000] {logging_mixin.py:190} INFO - [2024-11-06T00:03:44.802+0000] {dagbag.py:588} INFO - Filling up the DagBag from /opt/airflow/dags/Twitter_api_dag.py
[2024-11-06T00:03:44.854+0000] {processor.py:925} INFO - DAG(s) 'twitter_api_collection' retrieved from /opt/airflow/dags/Twitter_api_dag.py
[2024-11-06T00:03:44.885+0000] {logging_mixin.py:190} INFO - [2024-11-06T00:03:44.885+0000] {dag.py:3239} INFO - Sync 1 DAGs
[2024-11-06T00:03:44.908+0000] {logging_mixin.py:190} INFO - [2024-11-06T00:03:44.907+0000] {dag.py:4180} INFO - Setting next_dagrun for twitter_api_collection to None, run_after=None
[2024-11-06T00:03:44.939+0000] {processor.py:208} INFO - Processing /opt/airflow/dags/Twitter_api_dag.py took 0.152 seconds
[2024-11-06T00:04:16.621+0000] {processor.py:186} INFO - Started process (PID=2959) to work on /opt/airflow/dags/Twitter_api_dag.py
[2024-11-06T00:04:16.623+0000] {processor.py:914} INFO - Processing file /opt/airflow/dags/Twitter_api_dag.py for tasks to queue
[2024-11-06T00:04:16.626+0000] {logging_mixin.py:190} INFO - [2024-11-06T00:04:16.626+0000] {dagbag.py:588} INFO - Filling up the DagBag from /opt/airflow/dags/Twitter_api_dag.py
[2024-11-06T00:04:16.683+0000] {processor.py:925} INFO - DAG(s) 'twitter_api_collection' retrieved from /opt/airflow/dags/Twitter_api_dag.py
[2024-11-06T00:04:16.723+0000] {logging_mixin.py:190} INFO - [2024-11-06T00:04:16.723+0000] {dag.py:3239} INFO - Sync 1 DAGs
[2024-11-06T00:04:16.762+0000] {logging_mixin.py:190} INFO - [2024-11-06T00:04:16.762+0000] {dag.py:4180} INFO - Setting next_dagrun for twitter_api_collection to None, run_after=None
[2024-11-06T00:04:16.803+0000] {processor.py:208} INFO - Processing /opt/airflow/dags/Twitter_api_dag.py took 0.192 seconds
[2024-11-06T00:04:47.714+0000] {processor.py:186} INFO - Started process (PID=3020) to work on /opt/airflow/dags/Twitter_api_dag.py
[2024-11-06T00:04:47.716+0000] {processor.py:914} INFO - Processing file /opt/airflow/dags/Twitter_api_dag.py for tasks to queue
[2024-11-06T00:04:47.720+0000] {logging_mixin.py:190} INFO - [2024-11-06T00:04:47.720+0000] {dagbag.py:588} INFO - Filling up the DagBag from /opt/airflow/dags/Twitter_api_dag.py
[2024-11-06T00:04:47.771+0000] {processor.py:925} INFO - DAG(s) 'twitter_api_collection' retrieved from /opt/airflow/dags/Twitter_api_dag.py
[2024-11-06T00:04:47.807+0000] {logging_mixin.py:190} INFO - [2024-11-06T00:04:47.806+0000] {dag.py:3239} INFO - Sync 1 DAGs
[2024-11-06T00:04:47.833+0000] {logging_mixin.py:190} INFO - [2024-11-06T00:04:47.833+0000] {dag.py:4180} INFO - Setting next_dagrun for twitter_api_collection to None, run_after=None
[2024-11-06T00:04:47.870+0000] {processor.py:208} INFO - Processing /opt/airflow/dags/Twitter_api_dag.py took 0.165 seconds
[2024-11-06T00:05:18.093+0000] {processor.py:186} INFO - Started process (PID=3082) to work on /opt/airflow/dags/Twitter_api_dag.py
[2024-11-06T00:05:18.095+0000] {processor.py:914} INFO - Processing file /opt/airflow/dags/Twitter_api_dag.py for tasks to queue
[2024-11-06T00:05:18.099+0000] {logging_mixin.py:190} INFO - [2024-11-06T00:05:18.099+0000] {dagbag.py:588} INFO - Filling up the DagBag from /opt/airflow/dags/Twitter_api_dag.py
[2024-11-06T00:05:18.158+0000] {processor.py:925} INFO - DAG(s) 'twitter_api_collection' retrieved from /opt/airflow/dags/Twitter_api_dag.py
[2024-11-06T00:05:18.195+0000] {logging_mixin.py:190} INFO - [2024-11-06T00:05:18.194+0000] {dag.py:3239} INFO - Sync 1 DAGs
[2024-11-06T00:05:18.222+0000] {logging_mixin.py:190} INFO - [2024-11-06T00:05:18.221+0000] {dag.py:4180} INFO - Setting next_dagrun for twitter_api_collection to None, run_after=None
[2024-11-06T00:05:18.258+0000] {processor.py:208} INFO - Processing /opt/airflow/dags/Twitter_api_dag.py took 0.176 seconds
[2024-11-06T00:05:48.534+0000] {processor.py:186} INFO - Started process (PID=3148) to work on /opt/airflow/dags/Twitter_api_dag.py
[2024-11-06T00:05:48.536+0000] {processor.py:914} INFO - Processing file /opt/airflow/dags/Twitter_api_dag.py for tasks to queue
[2024-11-06T00:05:48.541+0000] {logging_mixin.py:190} INFO - [2024-11-06T00:05:48.540+0000] {dagbag.py:588} INFO - Filling up the DagBag from /opt/airflow/dags/Twitter_api_dag.py
[2024-11-06T00:05:48.604+0000] {processor.py:925} INFO - DAG(s) 'twitter_api_collection' retrieved from /opt/airflow/dags/Twitter_api_dag.py
[2024-11-06T00:05:48.637+0000] {logging_mixin.py:190} INFO - [2024-11-06T00:05:48.637+0000] {dag.py:3239} INFO - Sync 1 DAGs
[2024-11-06T00:05:48.660+0000] {logging_mixin.py:190} INFO - [2024-11-06T00:05:48.660+0000] {dag.py:4180} INFO - Setting next_dagrun for twitter_api_collection to None, run_after=None
[2024-11-06T00:05:48.696+0000] {processor.py:208} INFO - Processing /opt/airflow/dags/Twitter_api_dag.py took 0.182 seconds
[2024-11-06T00:06:19.600+0000] {processor.py:186} INFO - Started process (PID=3216) to work on /opt/airflow/dags/Twitter_api_dag.py
[2024-11-06T00:06:19.602+0000] {processor.py:914} INFO - Processing file /opt/airflow/dags/Twitter_api_dag.py for tasks to queue
[2024-11-06T00:06:19.606+0000] {logging_mixin.py:190} INFO - [2024-11-06T00:06:19.605+0000] {dagbag.py:588} INFO - Filling up the DagBag from /opt/airflow/dags/Twitter_api_dag.py
[2024-11-06T00:06:19.664+0000] {processor.py:925} INFO - DAG(s) 'twitter_api_collection' retrieved from /opt/airflow/dags/Twitter_api_dag.py
[2024-11-06T00:06:19.731+0000] {logging_mixin.py:190} INFO - [2024-11-06T00:06:19.730+0000] {dag.py:3239} INFO - Sync 1 DAGs
[2024-11-06T00:06:19.756+0000] {logging_mixin.py:190} INFO - [2024-11-06T00:06:19.756+0000] {dag.py:4180} INFO - Setting next_dagrun for twitter_api_collection to None, run_after=None
[2024-11-06T00:06:19.798+0000] {processor.py:208} INFO - Processing /opt/airflow/dags/Twitter_api_dag.py took 0.211 seconds
[2024-11-06T00:06:50.402+0000] {processor.py:186} INFO - Started process (PID=3280) to work on /opt/airflow/dags/Twitter_api_dag.py
[2024-11-06T00:06:50.404+0000] {processor.py:914} INFO - Processing file /opt/airflow/dags/Twitter_api_dag.py for tasks to queue
[2024-11-06T00:06:50.409+0000] {logging_mixin.py:190} INFO - [2024-11-06T00:06:50.409+0000] {dagbag.py:588} INFO - Filling up the DagBag from /opt/airflow/dags/Twitter_api_dag.py
[2024-11-06T00:06:50.468+0000] {processor.py:925} INFO - DAG(s) 'twitter_api_collection' retrieved from /opt/airflow/dags/Twitter_api_dag.py
[2024-11-06T00:06:50.505+0000] {logging_mixin.py:190} INFO - [2024-11-06T00:06:50.505+0000] {dag.py:3239} INFO - Sync 1 DAGs
[2024-11-06T00:06:50.527+0000] {logging_mixin.py:190} INFO - [2024-11-06T00:06:50.527+0000] {dag.py:4180} INFO - Setting next_dagrun for twitter_api_collection to None, run_after=None
[2024-11-06T00:06:50.565+0000] {processor.py:208} INFO - Processing /opt/airflow/dags/Twitter_api_dag.py took 0.180 seconds
[2024-11-06T00:07:21.450+0000] {processor.py:186} INFO - Started process (PID=3344) to work on /opt/airflow/dags/Twitter_api_dag.py
[2024-11-06T00:07:21.452+0000] {processor.py:914} INFO - Processing file /opt/airflow/dags/Twitter_api_dag.py for tasks to queue
[2024-11-06T00:07:21.459+0000] {logging_mixin.py:190} INFO - [2024-11-06T00:07:21.458+0000] {dagbag.py:588} INFO - Filling up the DagBag from /opt/airflow/dags/Twitter_api_dag.py
[2024-11-06T00:07:21.526+0000] {processor.py:925} INFO - DAG(s) 'twitter_api_collection' retrieved from /opt/airflow/dags/Twitter_api_dag.py
[2024-11-06T00:07:21.571+0000] {logging_mixin.py:190} INFO - [2024-11-06T00:07:21.570+0000] {dag.py:3239} INFO - Sync 1 DAGs
[2024-11-06T00:07:21.608+0000] {logging_mixin.py:190} INFO - [2024-11-06T00:07:21.607+0000] {dag.py:4180} INFO - Setting next_dagrun for twitter_api_collection to None, run_after=None
[2024-11-06T00:07:21.911+0000] {processor.py:208} INFO - Processing /opt/airflow/dags/Twitter_api_dag.py took 0.475 seconds
[2024-11-06T00:07:52.174+0000] {processor.py:186} INFO - Started process (PID=3409) to work on /opt/airflow/dags/Twitter_api_dag.py
[2024-11-06T00:07:52.176+0000] {processor.py:914} INFO - Processing file /opt/airflow/dags/Twitter_api_dag.py for tasks to queue
[2024-11-06T00:07:52.190+0000] {logging_mixin.py:190} INFO - [2024-11-06T00:07:52.184+0000] {dagbag.py:588} INFO - Filling up the DagBag from /opt/airflow/dags/Twitter_api_dag.py
[2024-11-06T00:07:52.285+0000] {processor.py:925} INFO - DAG(s) 'twitter_api_collection' retrieved from /opt/airflow/dags/Twitter_api_dag.py
[2024-11-06T00:07:52.396+0000] {logging_mixin.py:190} INFO - [2024-11-06T00:07:52.395+0000] {dag.py:3239} INFO - Sync 1 DAGs
[2024-11-06T00:07:52.431+0000] {logging_mixin.py:190} INFO - [2024-11-06T00:07:52.430+0000] {dag.py:4180} INFO - Setting next_dagrun for twitter_api_collection to None, run_after=None
[2024-11-06T00:07:52.632+0000] {processor.py:208} INFO - Processing /opt/airflow/dags/Twitter_api_dag.py took 0.478 seconds
[2024-11-06T00:08:22.746+0000] {processor.py:186} INFO - Started process (PID=3473) to work on /opt/airflow/dags/Twitter_api_dag.py
[2024-11-06T00:08:22.749+0000] {processor.py:914} INFO - Processing file /opt/airflow/dags/Twitter_api_dag.py for tasks to queue
[2024-11-06T00:08:22.754+0000] {logging_mixin.py:190} INFO - [2024-11-06T00:08:22.753+0000] {dagbag.py:588} INFO - Filling up the DagBag from /opt/airflow/dags/Twitter_api_dag.py
[2024-11-06T00:08:22.819+0000] {processor.py:925} INFO - DAG(s) 'twitter_api_collection' retrieved from /opt/airflow/dags/Twitter_api_dag.py
[2024-11-06T00:08:22.873+0000] {logging_mixin.py:190} INFO - [2024-11-06T00:08:22.872+0000] {dag.py:3239} INFO - Sync 1 DAGs
[2024-11-06T00:08:22.923+0000] {logging_mixin.py:190} INFO - [2024-11-06T00:08:22.923+0000] {dag.py:4180} INFO - Setting next_dagrun for twitter_api_collection to None, run_after=None
[2024-11-06T00:08:23.014+0000] {processor.py:208} INFO - Processing /opt/airflow/dags/Twitter_api_dag.py took 0.278 seconds
[2024-11-06T00:08:53.395+0000] {processor.py:186} INFO - Started process (PID=3536) to work on /opt/airflow/dags/Twitter_api_dag.py
[2024-11-06T00:08:53.397+0000] {processor.py:914} INFO - Processing file /opt/airflow/dags/Twitter_api_dag.py for tasks to queue
[2024-11-06T00:08:53.402+0000] {logging_mixin.py:190} INFO - [2024-11-06T00:08:53.401+0000] {dagbag.py:588} INFO - Filling up the DagBag from /opt/airflow/dags/Twitter_api_dag.py
[2024-11-06T00:08:53.452+0000] {processor.py:925} INFO - DAG(s) 'twitter_api_collection' retrieved from /opt/airflow/dags/Twitter_api_dag.py
[2024-11-06T00:08:53.482+0000] {logging_mixin.py:190} INFO - [2024-11-06T00:08:53.482+0000] {dag.py:3239} INFO - Sync 1 DAGs
[2024-11-06T00:08:53.505+0000] {logging_mixin.py:190} INFO - [2024-11-06T00:08:53.505+0000] {dag.py:4180} INFO - Setting next_dagrun for twitter_api_collection to None, run_after=None
[2024-11-06T00:08:53.538+0000] {processor.py:208} INFO - Processing /opt/airflow/dags/Twitter_api_dag.py took 0.157 seconds
[2024-11-06T00:09:23.850+0000] {processor.py:186} INFO - Started process (PID=3600) to work on /opt/airflow/dags/Twitter_api_dag.py
[2024-11-06T00:09:23.852+0000] {processor.py:914} INFO - Processing file /opt/airflow/dags/Twitter_api_dag.py for tasks to queue
[2024-11-06T00:09:23.856+0000] {logging_mixin.py:190} INFO - [2024-11-06T00:09:23.856+0000] {dagbag.py:588} INFO - Filling up the DagBag from /opt/airflow/dags/Twitter_api_dag.py
[2024-11-06T00:09:23.917+0000] {processor.py:925} INFO - DAG(s) 'twitter_api_collection' retrieved from /opt/airflow/dags/Twitter_api_dag.py
[2024-11-06T00:09:24.179+0000] {logging_mixin.py:190} INFO - [2024-11-06T00:09:24.178+0000] {dag.py:3239} INFO - Sync 1 DAGs
[2024-11-06T00:09:24.197+0000] {logging_mixin.py:190} INFO - [2024-11-06T00:09:24.197+0000] {dag.py:4180} INFO - Setting next_dagrun for twitter_api_collection to None, run_after=None
[2024-11-06T00:09:24.231+0000] {processor.py:208} INFO - Processing /opt/airflow/dags/Twitter_api_dag.py took 0.395 seconds
[2024-11-06T00:09:55.064+0000] {processor.py:186} INFO - Started process (PID=3664) to work on /opt/airflow/dags/Twitter_api_dag.py
[2024-11-06T00:09:55.068+0000] {processor.py:914} INFO - Processing file /opt/airflow/dags/Twitter_api_dag.py for tasks to queue
[2024-11-06T00:09:55.076+0000] {logging_mixin.py:190} INFO - [2024-11-06T00:09:55.075+0000] {dagbag.py:588} INFO - Filling up the DagBag from /opt/airflow/dags/Twitter_api_dag.py
[2024-11-06T00:09:55.148+0000] {processor.py:925} INFO - DAG(s) 'twitter_api_collection' retrieved from /opt/airflow/dags/Twitter_api_dag.py
[2024-11-06T00:09:55.176+0000] {logging_mixin.py:190} INFO - [2024-11-06T00:09:55.175+0000] {dag.py:3239} INFO - Sync 1 DAGs
[2024-11-06T00:09:55.446+0000] {logging_mixin.py:190} INFO - [2024-11-06T00:09:55.446+0000] {dag.py:4180} INFO - Setting next_dagrun for twitter_api_collection to None, run_after=None
[2024-11-06T00:09:55.488+0000] {processor.py:208} INFO - Processing /opt/airflow/dags/Twitter_api_dag.py took 0.433 seconds
[2024-11-06T00:10:25.663+0000] {processor.py:186} INFO - Started process (PID=3729) to work on /opt/airflow/dags/Twitter_api_dag.py
[2024-11-06T00:10:25.665+0000] {processor.py:914} INFO - Processing file /opt/airflow/dags/Twitter_api_dag.py for tasks to queue
[2024-11-06T00:10:25.671+0000] {logging_mixin.py:190} INFO - [2024-11-06T00:10:25.670+0000] {dagbag.py:588} INFO - Filling up the DagBag from /opt/airflow/dags/Twitter_api_dag.py
[2024-11-06T00:10:25.742+0000] {processor.py:925} INFO - DAG(s) 'twitter_api_collection' retrieved from /opt/airflow/dags/Twitter_api_dag.py
[2024-11-06T00:10:25.792+0000] {logging_mixin.py:190} INFO - [2024-11-06T00:10:25.791+0000] {dag.py:3239} INFO - Sync 1 DAGs
[2024-11-06T00:10:25.828+0000] {logging_mixin.py:190} INFO - [2024-11-06T00:10:25.828+0000] {dag.py:4180} INFO - Setting next_dagrun for twitter_api_collection to None, run_after=None
[2024-11-06T00:10:25.876+0000] {processor.py:208} INFO - Processing /opt/airflow/dags/Twitter_api_dag.py took 0.232 seconds
[2024-11-06T00:10:56.577+0000] {processor.py:186} INFO - Started process (PID=3793) to work on /opt/airflow/dags/Twitter_api_dag.py
[2024-11-06T00:10:56.588+0000] {processor.py:914} INFO - Processing file /opt/airflow/dags/Twitter_api_dag.py for tasks to queue
[2024-11-06T00:10:56.598+0000] {logging_mixin.py:190} INFO - [2024-11-06T00:10:56.597+0000] {dagbag.py:588} INFO - Filling up the DagBag from /opt/airflow/dags/Twitter_api_dag.py
[2024-11-06T00:10:57.067+0000] {processor.py:925} INFO - DAG(s) 'twitter_api_collection' retrieved from /opt/airflow/dags/Twitter_api_dag.py
[2024-11-06T00:10:57.098+0000] {logging_mixin.py:190} INFO - [2024-11-06T00:10:57.098+0000] {dag.py:3239} INFO - Sync 1 DAGs
[2024-11-06T00:10:57.120+0000] {logging_mixin.py:190} INFO - [2024-11-06T00:10:57.120+0000] {dag.py:4180} INFO - Setting next_dagrun for twitter_api_collection to None, run_after=None
[2024-11-06T00:10:57.154+0000] {processor.py:208} INFO - Processing /opt/airflow/dags/Twitter_api_dag.py took 0.595 seconds
[2024-11-06T00:11:27.852+0000] {processor.py:186} INFO - Started process (PID=3856) to work on /opt/airflow/dags/Twitter_api_dag.py
[2024-11-06T00:11:27.854+0000] {processor.py:914} INFO - Processing file /opt/airflow/dags/Twitter_api_dag.py for tasks to queue
[2024-11-06T00:11:27.860+0000] {logging_mixin.py:190} INFO - [2024-11-06T00:11:27.858+0000] {dagbag.py:588} INFO - Filling up the DagBag from /opt/airflow/dags/Twitter_api_dag.py
[2024-11-06T00:11:27.915+0000] {processor.py:925} INFO - DAG(s) 'twitter_api_collection' retrieved from /opt/airflow/dags/Twitter_api_dag.py
[2024-11-06T00:11:27.943+0000] {logging_mixin.py:190} INFO - [2024-11-06T00:11:27.943+0000] {dag.py:3239} INFO - Sync 1 DAGs
[2024-11-06T00:11:27.970+0000] {logging_mixin.py:190} INFO - [2024-11-06T00:11:27.969+0000] {dag.py:4180} INFO - Setting next_dagrun for twitter_api_collection to None, run_after=None
[2024-11-06T00:11:28.016+0000] {processor.py:208} INFO - Processing /opt/airflow/dags/Twitter_api_dag.py took 0.181 seconds
[2024-11-06T00:11:58.225+0000] {processor.py:186} INFO - Started process (PID=3920) to work on /opt/airflow/dags/Twitter_api_dag.py
[2024-11-06T00:11:58.228+0000] {processor.py:914} INFO - Processing file /opt/airflow/dags/Twitter_api_dag.py for tasks to queue
[2024-11-06T00:11:58.233+0000] {logging_mixin.py:190} INFO - [2024-11-06T00:11:58.232+0000] {dagbag.py:588} INFO - Filling up the DagBag from /opt/airflow/dags/Twitter_api_dag.py
[2024-11-06T00:11:58.291+0000] {processor.py:925} INFO - DAG(s) 'twitter_api_collection' retrieved from /opt/airflow/dags/Twitter_api_dag.py
[2024-11-06T00:11:58.324+0000] {logging_mixin.py:190} INFO - [2024-11-06T00:11:58.323+0000] {dag.py:3239} INFO - Sync 1 DAGs
[2024-11-06T00:11:58.342+0000] {logging_mixin.py:190} INFO - [2024-11-06T00:11:58.342+0000] {dag.py:4180} INFO - Setting next_dagrun for twitter_api_collection to None, run_after=None
[2024-11-06T00:11:58.403+0000] {processor.py:208} INFO - Processing /opt/airflow/dags/Twitter_api_dag.py took 0.198 seconds
[2024-11-06T00:12:28.492+0000] {processor.py:186} INFO - Started process (PID=3984) to work on /opt/airflow/dags/Twitter_api_dag.py
[2024-11-06T00:12:28.494+0000] {processor.py:914} INFO - Processing file /opt/airflow/dags/Twitter_api_dag.py for tasks to queue
[2024-11-06T00:12:28.498+0000] {logging_mixin.py:190} INFO - [2024-11-06T00:12:28.497+0000] {dagbag.py:588} INFO - Filling up the DagBag from /opt/airflow/dags/Twitter_api_dag.py
[2024-11-06T00:12:28.564+0000] {processor.py:925} INFO - DAG(s) 'twitter_api_collection' retrieved from /opt/airflow/dags/Twitter_api_dag.py
[2024-11-06T00:12:28.604+0000] {logging_mixin.py:190} INFO - [2024-11-06T00:12:28.604+0000] {dag.py:3239} INFO - Sync 1 DAGs
[2024-11-06T00:12:28.632+0000] {logging_mixin.py:190} INFO - [2024-11-06T00:12:28.631+0000] {dag.py:4180} INFO - Setting next_dagrun for twitter_api_collection to None, run_after=None
[2024-11-06T00:12:28.665+0000] {processor.py:208} INFO - Processing /opt/airflow/dags/Twitter_api_dag.py took 0.184 seconds
[2024-11-06T00:12:59.362+0000] {processor.py:186} INFO - Started process (PID=4048) to work on /opt/airflow/dags/Twitter_api_dag.py
[2024-11-06T00:12:59.364+0000] {processor.py:914} INFO - Processing file /opt/airflow/dags/Twitter_api_dag.py for tasks to queue
[2024-11-06T00:12:59.368+0000] {logging_mixin.py:190} INFO - [2024-11-06T00:12:59.367+0000] {dagbag.py:588} INFO - Filling up the DagBag from /opt/airflow/dags/Twitter_api_dag.py
[2024-11-06T00:12:59.419+0000] {processor.py:925} INFO - DAG(s) 'twitter_api_collection' retrieved from /opt/airflow/dags/Twitter_api_dag.py
[2024-11-06T00:12:59.449+0000] {logging_mixin.py:190} INFO - [2024-11-06T00:12:59.448+0000] {dag.py:3239} INFO - Sync 1 DAGs
[2024-11-06T00:12:59.477+0000] {logging_mixin.py:190} INFO - [2024-11-06T00:12:59.477+0000] {dag.py:4180} INFO - Setting next_dagrun for twitter_api_collection to None, run_after=None
[2024-11-06T00:12:59.528+0000] {processor.py:208} INFO - Processing /opt/airflow/dags/Twitter_api_dag.py took 0.181 seconds
[2024-11-06T00:13:29.920+0000] {processor.py:186} INFO - Started process (PID=4112) to work on /opt/airflow/dags/Twitter_api_dag.py
[2024-11-06T00:13:29.922+0000] {processor.py:914} INFO - Processing file /opt/airflow/dags/Twitter_api_dag.py for tasks to queue
[2024-11-06T00:13:29.926+0000] {logging_mixin.py:190} INFO - [2024-11-06T00:13:29.925+0000] {dagbag.py:588} INFO - Filling up the DagBag from /opt/airflow/dags/Twitter_api_dag.py
[2024-11-06T00:13:29.976+0000] {processor.py:925} INFO - DAG(s) 'twitter_api_collection' retrieved from /opt/airflow/dags/Twitter_api_dag.py
[2024-11-06T00:13:30.008+0000] {logging_mixin.py:190} INFO - [2024-11-06T00:13:30.007+0000] {dag.py:3239} INFO - Sync 1 DAGs
[2024-11-06T00:13:30.029+0000] {logging_mixin.py:190} INFO - [2024-11-06T00:13:30.029+0000] {dag.py:4180} INFO - Setting next_dagrun for twitter_api_collection to None, run_after=None
[2024-11-06T00:13:30.065+0000] {processor.py:208} INFO - Processing /opt/airflow/dags/Twitter_api_dag.py took 0.165 seconds
[2024-11-06T00:14:00.470+0000] {processor.py:186} INFO - Started process (PID=4176) to work on /opt/airflow/dags/Twitter_api_dag.py
[2024-11-06T00:14:00.472+0000] {processor.py:914} INFO - Processing file /opt/airflow/dags/Twitter_api_dag.py for tasks to queue
[2024-11-06T00:14:00.477+0000] {logging_mixin.py:190} INFO - [2024-11-06T00:14:00.476+0000] {dagbag.py:588} INFO - Filling up the DagBag from /opt/airflow/dags/Twitter_api_dag.py
[2024-11-06T00:14:00.528+0000] {processor.py:925} INFO - DAG(s) 'twitter_api_collection' retrieved from /opt/airflow/dags/Twitter_api_dag.py
[2024-11-06T00:14:00.557+0000] {logging_mixin.py:190} INFO - [2024-11-06T00:14:00.557+0000] {dag.py:3239} INFO - Sync 1 DAGs
[2024-11-06T00:14:00.581+0000] {logging_mixin.py:190} INFO - [2024-11-06T00:14:00.581+0000] {dag.py:4180} INFO - Setting next_dagrun for twitter_api_collection to None, run_after=None
[2024-11-06T00:14:00.611+0000] {processor.py:208} INFO - Processing /opt/airflow/dags/Twitter_api_dag.py took 0.149 seconds
[2024-11-06T00:14:30.838+0000] {processor.py:186} INFO - Started process (PID=4240) to work on /opt/airflow/dags/Twitter_api_dag.py
[2024-11-06T00:14:30.840+0000] {processor.py:914} INFO - Processing file /opt/airflow/dags/Twitter_api_dag.py for tasks to queue
[2024-11-06T00:14:30.843+0000] {logging_mixin.py:190} INFO - [2024-11-06T00:14:30.843+0000] {dagbag.py:588} INFO - Filling up the DagBag from /opt/airflow/dags/Twitter_api_dag.py
[2024-11-06T00:14:30.899+0000] {processor.py:925} INFO - DAG(s) 'twitter_api_collection' retrieved from /opt/airflow/dags/Twitter_api_dag.py
[2024-11-06T00:14:30.937+0000] {logging_mixin.py:190} INFO - [2024-11-06T00:14:30.937+0000] {dag.py:3239} INFO - Sync 1 DAGs
[2024-11-06T00:14:30.973+0000] {logging_mixin.py:190} INFO - [2024-11-06T00:14:30.972+0000] {dag.py:4180} INFO - Setting next_dagrun for twitter_api_collection to None, run_after=None
[2024-11-06T00:14:31.015+0000] {processor.py:208} INFO - Processing /opt/airflow/dags/Twitter_api_dag.py took 0.190 seconds
[2024-11-06T00:15:01.832+0000] {processor.py:186} INFO - Started process (PID=4304) to work on /opt/airflow/dags/Twitter_api_dag.py
[2024-11-06T00:15:01.837+0000] {processor.py:914} INFO - Processing file /opt/airflow/dags/Twitter_api_dag.py for tasks to queue
[2024-11-06T00:15:01.842+0000] {logging_mixin.py:190} INFO - [2024-11-06T00:15:01.842+0000] {dagbag.py:588} INFO - Filling up the DagBag from /opt/airflow/dags/Twitter_api_dag.py
[2024-11-06T00:15:01.891+0000] {processor.py:925} INFO - DAG(s) 'twitter_api_collection' retrieved from /opt/airflow/dags/Twitter_api_dag.py
[2024-11-06T00:15:01.924+0000] {logging_mixin.py:190} INFO - [2024-11-06T00:15:01.924+0000] {dag.py:3239} INFO - Sync 1 DAGs
[2024-11-06T00:15:01.947+0000] {logging_mixin.py:190} INFO - [2024-11-06T00:15:01.947+0000] {dag.py:4180} INFO - Setting next_dagrun for twitter_api_collection to None, run_after=None
[2024-11-06T00:15:01.977+0000] {processor.py:208} INFO - Processing /opt/airflow/dags/Twitter_api_dag.py took 0.157 seconds
[2024-11-06T00:15:32.169+0000] {processor.py:186} INFO - Started process (PID=4368) to work on /opt/airflow/dags/Twitter_api_dag.py
[2024-11-06T00:15:32.171+0000] {processor.py:914} INFO - Processing file /opt/airflow/dags/Twitter_api_dag.py for tasks to queue
[2024-11-06T00:15:32.175+0000] {logging_mixin.py:190} INFO - [2024-11-06T00:15:32.174+0000] {dagbag.py:588} INFO - Filling up the DagBag from /opt/airflow/dags/Twitter_api_dag.py
[2024-11-06T00:15:32.227+0000] {processor.py:925} INFO - DAG(s) 'twitter_api_collection' retrieved from /opt/airflow/dags/Twitter_api_dag.py
[2024-11-06T00:15:32.254+0000] {logging_mixin.py:190} INFO - [2024-11-06T00:15:32.253+0000] {dag.py:3239} INFO - Sync 1 DAGs
[2024-11-06T00:15:32.282+0000] {logging_mixin.py:190} INFO - [2024-11-06T00:15:32.281+0000] {dag.py:4180} INFO - Setting next_dagrun for twitter_api_collection to None, run_after=None
[2024-11-06T00:15:32.333+0000] {processor.py:208} INFO - Processing /opt/airflow/dags/Twitter_api_dag.py took 0.185 seconds
[2024-11-06T00:16:02.431+0000] {processor.py:186} INFO - Started process (PID=4432) to work on /opt/airflow/dags/Twitter_api_dag.py
[2024-11-06T00:16:02.436+0000] {processor.py:914} INFO - Processing file /opt/airflow/dags/Twitter_api_dag.py for tasks to queue
[2024-11-06T00:16:02.442+0000] {logging_mixin.py:190} INFO - [2024-11-06T00:16:02.441+0000] {dagbag.py:588} INFO - Filling up the DagBag from /opt/airflow/dags/Twitter_api_dag.py
[2024-11-06T00:16:02.490+0000] {processor.py:925} INFO - DAG(s) 'twitter_api_collection' retrieved from /opt/airflow/dags/Twitter_api_dag.py
[2024-11-06T00:16:02.517+0000] {logging_mixin.py:190} INFO - [2024-11-06T00:16:02.517+0000] {dag.py:3239} INFO - Sync 1 DAGs
[2024-11-06T00:16:02.536+0000] {logging_mixin.py:190} INFO - [2024-11-06T00:16:02.536+0000] {dag.py:4180} INFO - Setting next_dagrun for twitter_api_collection to None, run_after=None
[2024-11-06T00:16:02.566+0000] {processor.py:208} INFO - Processing /opt/airflow/dags/Twitter_api_dag.py took 0.150 seconds
[2024-11-06T00:18:15.773+0000] {processor.py:186} INFO - Started process (PID=42) to work on /opt/airflow/dags/Twitter_api_dag.py
[2024-11-06T00:18:15.775+0000] {processor.py:914} INFO - Processing file /opt/airflow/dags/Twitter_api_dag.py for tasks to queue
[2024-11-06T00:18:15.780+0000] {logging_mixin.py:190} INFO - [2024-11-06T00:18:15.780+0000] {dagbag.py:588} INFO - Filling up the DagBag from /opt/airflow/dags/Twitter_api_dag.py
[2024-11-06T00:18:16.007+0000] {processor.py:925} INFO - DAG(s) 'twitter_api_collection' retrieved from /opt/airflow/dags/Twitter_api_dag.py
[2024-11-06T00:18:16.338+0000] {logging_mixin.py:190} INFO - [2024-11-06T00:18:16.338+0000] {dag.py:3239} INFO - Sync 1 DAGs
[2024-11-06T00:18:16.563+0000] {logging_mixin.py:190} INFO - [2024-11-06T00:18:16.563+0000] {dag.py:4180} INFO - Setting next_dagrun for twitter_api_collection to None, run_after=None
[2024-11-06T00:18:16.656+0000] {processor.py:208} INFO - Processing /opt/airflow/dags/Twitter_api_dag.py took 0.897 seconds
[2024-11-06T00:18:48.897+0000] {processor.py:186} INFO - Started process (PID=106) to work on /opt/airflow/dags/Twitter_api_dag.py
[2024-11-06T00:18:48.899+0000] {processor.py:914} INFO - Processing file /opt/airflow/dags/Twitter_api_dag.py for tasks to queue
[2024-11-06T00:18:48.903+0000] {logging_mixin.py:190} INFO - [2024-11-06T00:18:48.903+0000] {dagbag.py:588} INFO - Filling up the DagBag from /opt/airflow/dags/Twitter_api_dag.py
[2024-11-06T00:18:48.965+0000] {processor.py:925} INFO - DAG(s) 'twitter_api_collection' retrieved from /opt/airflow/dags/Twitter_api_dag.py
[2024-11-06T00:18:49.014+0000] {logging_mixin.py:190} INFO - [2024-11-06T00:18:49.013+0000] {dag.py:3239} INFO - Sync 1 DAGs
[2024-11-06T00:18:49.042+0000] {logging_mixin.py:190} INFO - [2024-11-06T00:18:49.042+0000] {dag.py:4180} INFO - Setting next_dagrun for twitter_api_collection to None, run_after=None
[2024-11-06T00:18:49.088+0000] {processor.py:208} INFO - Processing /opt/airflow/dags/Twitter_api_dag.py took 0.207 seconds
[2024-11-06T00:19:19.175+0000] {processor.py:186} INFO - Started process (PID=170) to work on /opt/airflow/dags/Twitter_api_dag.py
[2024-11-06T00:19:19.176+0000] {processor.py:914} INFO - Processing file /opt/airflow/dags/Twitter_api_dag.py for tasks to queue
[2024-11-06T00:19:19.181+0000] {logging_mixin.py:190} INFO - [2024-11-06T00:19:19.180+0000] {dagbag.py:588} INFO - Filling up the DagBag from /opt/airflow/dags/Twitter_api_dag.py
[2024-11-06T00:19:19.238+0000] {processor.py:925} INFO - DAG(s) 'twitter_api_collection' retrieved from /opt/airflow/dags/Twitter_api_dag.py
[2024-11-06T00:19:19.283+0000] {logging_mixin.py:190} INFO - [2024-11-06T00:19:19.282+0000] {dag.py:3239} INFO - Sync 1 DAGs
[2024-11-06T00:19:19.398+0000] {logging_mixin.py:190} INFO - [2024-11-06T00:19:19.397+0000] {dag.py:4180} INFO - Setting next_dagrun for twitter_api_collection to None, run_after=None
[2024-11-06T00:19:19.445+0000] {processor.py:208} INFO - Processing /opt/airflow/dags/Twitter_api_dag.py took 0.283 seconds
[2024-11-06T00:19:49.661+0000] {processor.py:186} INFO - Started process (PID=234) to work on /opt/airflow/dags/Twitter_api_dag.py
[2024-11-06T00:19:49.663+0000] {processor.py:914} INFO - Processing file /opt/airflow/dags/Twitter_api_dag.py for tasks to queue
[2024-11-06T00:19:49.667+0000] {logging_mixin.py:190} INFO - [2024-11-06T00:19:49.667+0000] {dagbag.py:588} INFO - Filling up the DagBag from /opt/airflow/dags/Twitter_api_dag.py
[2024-11-06T00:19:49.720+0000] {processor.py:925} INFO - DAG(s) 'twitter_api_collection' retrieved from /opt/airflow/dags/Twitter_api_dag.py
[2024-11-06T00:19:49.755+0000] {logging_mixin.py:190} INFO - [2024-11-06T00:19:49.754+0000] {dag.py:3239} INFO - Sync 1 DAGs
[2024-11-06T00:19:49.789+0000] {logging_mixin.py:190} INFO - [2024-11-06T00:19:49.788+0000] {dag.py:4180} INFO - Setting next_dagrun for twitter_api_collection to None, run_after=None
[2024-11-06T00:19:49.853+0000] {processor.py:208} INFO - Processing /opt/airflow/dags/Twitter_api_dag.py took 0.205 seconds
[2024-11-06T00:20:20.285+0000] {processor.py:186} INFO - Started process (PID=298) to work on /opt/airflow/dags/Twitter_api_dag.py
[2024-11-06T00:20:20.286+0000] {processor.py:914} INFO - Processing file /opt/airflow/dags/Twitter_api_dag.py for tasks to queue
[2024-11-06T00:20:20.291+0000] {logging_mixin.py:190} INFO - [2024-11-06T00:20:20.291+0000] {dagbag.py:588} INFO - Filling up the DagBag from /opt/airflow/dags/Twitter_api_dag.py
[2024-11-06T00:20:20.344+0000] {processor.py:925} INFO - DAG(s) 'twitter_api_collection' retrieved from /opt/airflow/dags/Twitter_api_dag.py
[2024-11-06T00:20:20.387+0000] {logging_mixin.py:190} INFO - [2024-11-06T00:20:20.386+0000] {dag.py:3239} INFO - Sync 1 DAGs
[2024-11-06T00:20:20.407+0000] {logging_mixin.py:190} INFO - [2024-11-06T00:20:20.407+0000] {dag.py:4180} INFO - Setting next_dagrun for twitter_api_collection to None, run_after=None
[2024-11-06T00:20:20.441+0000] {processor.py:208} INFO - Processing /opt/airflow/dags/Twitter_api_dag.py took 0.167 seconds
[2024-11-06T00:20:50.994+0000] {processor.py:186} INFO - Started process (PID=362) to work on /opt/airflow/dags/Twitter_api_dag.py
[2024-11-06T00:20:50.995+0000] {processor.py:914} INFO - Processing file /opt/airflow/dags/Twitter_api_dag.py for tasks to queue
[2024-11-06T00:20:50.999+0000] {logging_mixin.py:190} INFO - [2024-11-06T00:20:50.999+0000] {dagbag.py:588} INFO - Filling up the DagBag from /opt/airflow/dags/Twitter_api_dag.py
[2024-11-06T00:20:51.044+0000] {processor.py:925} INFO - DAG(s) 'twitter_api_collection' retrieved from /opt/airflow/dags/Twitter_api_dag.py
[2024-11-06T00:20:51.079+0000] {logging_mixin.py:190} INFO - [2024-11-06T00:20:51.078+0000] {dag.py:3239} INFO - Sync 1 DAGs
[2024-11-06T00:20:51.107+0000] {logging_mixin.py:190} INFO - [2024-11-06T00:20:51.106+0000] {dag.py:4180} INFO - Setting next_dagrun for twitter_api_collection to None, run_after=None
[2024-11-06T00:20:51.155+0000] {processor.py:208} INFO - Processing /opt/airflow/dags/Twitter_api_dag.py took 0.171 seconds
[2024-11-06T00:21:22.244+0000] {processor.py:186} INFO - Started process (PID=426) to work on /opt/airflow/dags/Twitter_api_dag.py
[2024-11-06T00:21:22.246+0000] {processor.py:914} INFO - Processing file /opt/airflow/dags/Twitter_api_dag.py for tasks to queue
[2024-11-06T00:21:22.251+0000] {logging_mixin.py:190} INFO - [2024-11-06T00:21:22.250+0000] {dagbag.py:588} INFO - Filling up the DagBag from /opt/airflow/dags/Twitter_api_dag.py
[2024-11-06T00:21:22.307+0000] {processor.py:925} INFO - DAG(s) 'twitter_api_collection' retrieved from /opt/airflow/dags/Twitter_api_dag.py
[2024-11-06T00:21:22.337+0000] {logging_mixin.py:190} INFO - [2024-11-06T00:21:22.337+0000] {dag.py:3239} INFO - Sync 1 DAGs
[2024-11-06T00:21:22.363+0000] {logging_mixin.py:190} INFO - [2024-11-06T00:21:22.362+0000] {dag.py:4180} INFO - Setting next_dagrun for twitter_api_collection to None, run_after=None
[2024-11-06T00:21:22.390+0000] {processor.py:208} INFO - Processing /opt/airflow/dags/Twitter_api_dag.py took 0.164 seconds
[2024-11-06T00:23:33.137+0000] {processor.py:186} INFO - Started process (PID=41) to work on /opt/airflow/dags/Twitter_api_dag.py
[2024-11-06T00:23:33.140+0000] {processor.py:914} INFO - Processing file /opt/airflow/dags/Twitter_api_dag.py for tasks to queue
[2024-11-06T00:23:33.147+0000] {logging_mixin.py:190} INFO - [2024-11-06T00:23:33.146+0000] {dagbag.py:588} INFO - Filling up the DagBag from /opt/airflow/dags/Twitter_api_dag.py
[2024-11-06T00:23:33.248+0000] {processor.py:925} INFO - DAG(s) 'twitter_api_collection' retrieved from /opt/airflow/dags/Twitter_api_dag.py
[2024-11-06T00:23:33.330+0000] {logging_mixin.py:190} INFO - [2024-11-06T00:23:33.329+0000] {dag.py:3239} INFO - Sync 1 DAGs
[2024-11-06T00:23:33.364+0000] {logging_mixin.py:190} INFO - [2024-11-06T00:23:33.364+0000] {dag.py:4180} INFO - Setting next_dagrun for twitter_api_collection to None, run_after=None
[2024-11-06T00:23:33.402+0000] {processor.py:208} INFO - Processing /opt/airflow/dags/Twitter_api_dag.py took 0.279 seconds
[2024-11-06T00:24:04.484+0000] {processor.py:186} INFO - Started process (PID=105) to work on /opt/airflow/dags/Twitter_api_dag.py
[2024-11-06T00:24:04.494+0000] {processor.py:914} INFO - Processing file /opt/airflow/dags/Twitter_api_dag.py for tasks to queue
[2024-11-06T00:24:04.501+0000] {logging_mixin.py:190} INFO - [2024-11-06T00:24:04.500+0000] {dagbag.py:588} INFO - Filling up the DagBag from /opt/airflow/dags/Twitter_api_dag.py
[2024-11-06T00:24:04.577+0000] {processor.py:925} INFO - DAG(s) 'twitter_api_collection' retrieved from /opt/airflow/dags/Twitter_api_dag.py
[2024-11-06T00:24:04.621+0000] {logging_mixin.py:190} INFO - [2024-11-06T00:24:04.621+0000] {dag.py:3239} INFO - Sync 1 DAGs
[2024-11-06T00:24:04.649+0000] {logging_mixin.py:190} INFO - [2024-11-06T00:24:04.649+0000] {dag.py:4180} INFO - Setting next_dagrun for twitter_api_collection to None, run_after=None
[2024-11-06T00:24:04.690+0000] {processor.py:208} INFO - Processing /opt/airflow/dags/Twitter_api_dag.py took 0.228 seconds
[2024-11-06T00:26:10.609+0000] {processor.py:186} INFO - Started process (PID=41) to work on /opt/airflow/dags/Twitter_api_dag.py
[2024-11-06T00:26:10.612+0000] {processor.py:914} INFO - Processing file /opt/airflow/dags/Twitter_api_dag.py for tasks to queue
[2024-11-06T00:26:10.618+0000] {logging_mixin.py:190} INFO - [2024-11-06T00:26:10.617+0000] {dagbag.py:588} INFO - Filling up the DagBag from /opt/airflow/dags/Twitter_api_dag.py
[2024-11-06T00:26:10.704+0000] {processor.py:925} INFO - DAG(s) 'twitter_api_collection' retrieved from /opt/airflow/dags/Twitter_api_dag.py
[2024-11-06T00:26:10.785+0000] {logging_mixin.py:190} INFO - [2024-11-06T00:26:10.785+0000] {dag.py:3239} INFO - Sync 1 DAGs
[2024-11-06T00:26:10.816+0000] {logging_mixin.py:190} INFO - [2024-11-06T00:26:10.815+0000] {dag.py:4180} INFO - Setting next_dagrun for twitter_api_collection to None, run_after=None
[2024-11-06T00:26:10.907+0000] {processor.py:208} INFO - Processing /opt/airflow/dags/Twitter_api_dag.py took 0.310 seconds
[2024-11-06T00:26:41.194+0000] {processor.py:186} INFO - Started process (PID=105) to work on /opt/airflow/dags/Twitter_api_dag.py
[2024-11-06T00:26:41.196+0000] {processor.py:914} INFO - Processing file /opt/airflow/dags/Twitter_api_dag.py for tasks to queue
[2024-11-06T00:26:41.201+0000] {logging_mixin.py:190} INFO - [2024-11-06T00:26:41.201+0000] {dagbag.py:588} INFO - Filling up the DagBag from /opt/airflow/dags/Twitter_api_dag.py
[2024-11-06T00:26:41.260+0000] {processor.py:925} INFO - DAG(s) 'twitter_api_collection' retrieved from /opt/airflow/dags/Twitter_api_dag.py
[2024-11-06T00:26:41.293+0000] {logging_mixin.py:190} INFO - [2024-11-06T00:26:41.293+0000] {dag.py:3239} INFO - Sync 1 DAGs
[2024-11-06T00:26:41.319+0000] {logging_mixin.py:190} INFO - [2024-11-06T00:26:41.318+0000] {dag.py:4180} INFO - Setting next_dagrun for twitter_api_collection to None, run_after=None
[2024-11-06T00:26:41.352+0000] {processor.py:208} INFO - Processing /opt/airflow/dags/Twitter_api_dag.py took 0.175 seconds
[2024-11-06T00:27:11.773+0000] {processor.py:186} INFO - Started process (PID=169) to work on /opt/airflow/dags/Twitter_api_dag.py
[2024-11-06T00:27:11.777+0000] {processor.py:914} INFO - Processing file /opt/airflow/dags/Twitter_api_dag.py for tasks to queue
[2024-11-06T00:27:11.781+0000] {logging_mixin.py:190} INFO - [2024-11-06T00:27:11.781+0000] {dagbag.py:588} INFO - Filling up the DagBag from /opt/airflow/dags/Twitter_api_dag.py
[2024-11-06T00:27:11.844+0000] {processor.py:925} INFO - DAG(s) 'twitter_api_collection' retrieved from /opt/airflow/dags/Twitter_api_dag.py
[2024-11-06T00:27:11.878+0000] {logging_mixin.py:190} INFO - [2024-11-06T00:27:11.877+0000] {dag.py:3239} INFO - Sync 1 DAGs
[2024-11-06T00:27:11.905+0000] {logging_mixin.py:190} INFO - [2024-11-06T00:27:11.904+0000] {dag.py:4180} INFO - Setting next_dagrun for twitter_api_collection to None, run_after=None
[2024-11-06T00:27:11.959+0000] {processor.py:208} INFO - Processing /opt/airflow/dags/Twitter_api_dag.py took 0.201 seconds
[2024-11-06T00:27:42.728+0000] {processor.py:186} INFO - Started process (PID=233) to work on /opt/airflow/dags/Twitter_api_dag.py
[2024-11-06T00:27:42.730+0000] {processor.py:914} INFO - Processing file /opt/airflow/dags/Twitter_api_dag.py for tasks to queue
[2024-11-06T00:27:42.738+0000] {logging_mixin.py:190} INFO - [2024-11-06T00:27:42.737+0000] {dagbag.py:588} INFO - Filling up the DagBag from /opt/airflow/dags/Twitter_api_dag.py
[2024-11-06T00:27:42.836+0000] {processor.py:925} INFO - DAG(s) 'twitter_api_collection' retrieved from /opt/airflow/dags/Twitter_api_dag.py
[2024-11-06T00:27:42.895+0000] {logging_mixin.py:190} INFO - [2024-11-06T00:27:42.884+0000] {dag.py:3239} INFO - Sync 1 DAGs
[2024-11-06T00:27:42.951+0000] {logging_mixin.py:190} INFO - [2024-11-06T00:27:42.950+0000] {dag.py:4180} INFO - Setting next_dagrun for twitter_api_collection to None, run_after=None
[2024-11-06T00:27:43.018+0000] {processor.py:208} INFO - Processing /opt/airflow/dags/Twitter_api_dag.py took 0.301 seconds
