[2024-11-06T00:00:16.911+0000] {processor.py:186} INFO - Started process (PID=2488) to work on /home/airflow/.local/lib/python3.12/site-packages/airflow/example_dags/example_dataset_alias.py
[2024-11-06T00:00:16.913+0000] {processor.py:914} INFO - Processing file /home/airflow/.local/lib/python3.12/site-packages/airflow/example_dags/example_dataset_alias.py for tasks to queue
[2024-11-06T00:00:16.917+0000] {logging_mixin.py:190} INFO - [2024-11-06T00:00:16.916+0000] {dagbag.py:588} INFO - Filling up the DagBag from /home/airflow/.local/lib/python3.12/site-packages/airflow/example_dags/example_dataset_alias.py
[2024-11-06T00:00:17.942+0000] {processor.py:925} INFO - DAG(s) 'dataset_alias_example_alias_producer', 'dataset_alias_example_alias_consumer', 'dataset_s3_bucket_consumer', 'dataset_s3_bucket_producer' retrieved from /home/airflow/.local/lib/python3.12/site-packages/airflow/example_dags/example_dataset_alias.py
[2024-11-06T00:00:17.974+0000] {logging_mixin.py:190} INFO - [2024-11-06T00:00:17.973+0000] {dag.py:3239} INFO - Sync 4 DAGs
[2024-11-06T00:00:18.013+0000] {logging_mixin.py:190} INFO - [2024-11-06T00:00:18.012+0000] {dag.py:4180} INFO - Setting next_dagrun for dataset_alias_example_alias_consumer to None, run_after=None
[2024-11-06T00:00:18.019+0000] {logging_mixin.py:190} INFO - [2024-11-06T00:00:18.019+0000] {dag.py:4180} INFO - Setting next_dagrun for dataset_alias_example_alias_producer to None, run_after=None
[2024-11-06T00:00:18.026+0000] {logging_mixin.py:190} INFO - [2024-11-06T00:00:18.025+0000] {dag.py:4180} INFO - Setting next_dagrun for dataset_s3_bucket_consumer to None, run_after=None
[2024-11-06T00:00:18.028+0000] {logging_mixin.py:190} INFO - [2024-11-06T00:00:18.028+0000] {dag.py:4180} INFO - Setting next_dagrun for dataset_s3_bucket_producer to None, run_after=None
[2024-11-06T00:00:18.089+0000] {processor.py:208} INFO - Processing /home/airflow/.local/lib/python3.12/site-packages/airflow/example_dags/example_dataset_alias.py took 1.187 seconds
[2024-11-06T00:00:48.216+0000] {processor.py:186} INFO - Started process (PID=2558) to work on /home/airflow/.local/lib/python3.12/site-packages/airflow/example_dags/example_dataset_alias.py
[2024-11-06T00:00:48.217+0000] {processor.py:914} INFO - Processing file /home/airflow/.local/lib/python3.12/site-packages/airflow/example_dags/example_dataset_alias.py for tasks to queue
[2024-11-06T00:00:48.222+0000] {logging_mixin.py:190} INFO - [2024-11-06T00:00:48.222+0000] {dagbag.py:588} INFO - Filling up the DagBag from /home/airflow/.local/lib/python3.12/site-packages/airflow/example_dags/example_dataset_alias.py
[2024-11-06T00:00:49.253+0000] {processor.py:925} INFO - DAG(s) 'dataset_s3_bucket_producer', 'dataset_s3_bucket_consumer', 'dataset_alias_example_alias_consumer', 'dataset_alias_example_alias_producer' retrieved from /home/airflow/.local/lib/python3.12/site-packages/airflow/example_dags/example_dataset_alias.py
[2024-11-06T00:00:49.288+0000] {logging_mixin.py:190} INFO - [2024-11-06T00:00:49.287+0000] {dag.py:3239} INFO - Sync 4 DAGs
[2024-11-06T00:00:49.322+0000] {logging_mixin.py:190} INFO - [2024-11-06T00:00:49.322+0000] {dag.py:4180} INFO - Setting next_dagrun for dataset_alias_example_alias_consumer to None, run_after=None
[2024-11-06T00:00:49.327+0000] {logging_mixin.py:190} INFO - [2024-11-06T00:00:49.327+0000] {dag.py:4180} INFO - Setting next_dagrun for dataset_alias_example_alias_producer to None, run_after=None
[2024-11-06T00:00:49.332+0000] {logging_mixin.py:190} INFO - [2024-11-06T00:00:49.332+0000] {dag.py:4180} INFO - Setting next_dagrun for dataset_s3_bucket_consumer to None, run_after=None
[2024-11-06T00:00:49.334+0000] {logging_mixin.py:190} INFO - [2024-11-06T00:00:49.334+0000] {dag.py:4180} INFO - Setting next_dagrun for dataset_s3_bucket_producer to None, run_after=None
[2024-11-06T00:00:49.386+0000] {processor.py:208} INFO - Processing /home/airflow/.local/lib/python3.12/site-packages/airflow/example_dags/example_dataset_alias.py took 1.180 seconds
[2024-11-06T00:01:19.605+0000] {processor.py:186} INFO - Started process (PID=2623) to work on /home/airflow/.local/lib/python3.12/site-packages/airflow/example_dags/example_dataset_alias.py
[2024-11-06T00:01:19.606+0000] {processor.py:914} INFO - Processing file /home/airflow/.local/lib/python3.12/site-packages/airflow/example_dags/example_dataset_alias.py for tasks to queue
[2024-11-06T00:01:19.612+0000] {logging_mixin.py:190} INFO - [2024-11-06T00:01:19.611+0000] {dagbag.py:588} INFO - Filling up the DagBag from /home/airflow/.local/lib/python3.12/site-packages/airflow/example_dags/example_dataset_alias.py
[2024-11-06T00:01:20.868+0000] {processor.py:925} INFO - DAG(s) 'dataset_s3_bucket_consumer', 'dataset_s3_bucket_producer', 'dataset_alias_example_alias_producer', 'dataset_alias_example_alias_consumer' retrieved from /home/airflow/.local/lib/python3.12/site-packages/airflow/example_dags/example_dataset_alias.py
[2024-11-06T00:01:20.921+0000] {logging_mixin.py:190} INFO - [2024-11-06T00:01:20.920+0000] {dag.py:3239} INFO - Sync 4 DAGs
[2024-11-06T00:01:20.964+0000] {logging_mixin.py:190} INFO - [2024-11-06T00:01:20.963+0000] {dag.py:4180} INFO - Setting next_dagrun for dataset_alias_example_alias_consumer to None, run_after=None
[2024-11-06T00:01:20.971+0000] {logging_mixin.py:190} INFO - [2024-11-06T00:01:20.971+0000] {dag.py:4180} INFO - Setting next_dagrun for dataset_alias_example_alias_producer to None, run_after=None
[2024-11-06T00:01:20.977+0000] {logging_mixin.py:190} INFO - [2024-11-06T00:01:20.976+0000] {dag.py:4180} INFO - Setting next_dagrun for dataset_s3_bucket_consumer to None, run_after=None
[2024-11-06T00:01:20.982+0000] {logging_mixin.py:190} INFO - [2024-11-06T00:01:20.981+0000] {dag.py:4180} INFO - Setting next_dagrun for dataset_s3_bucket_producer to None, run_after=None
[2024-11-06T00:01:21.038+0000] {processor.py:208} INFO - Processing /home/airflow/.local/lib/python3.12/site-packages/airflow/example_dags/example_dataset_alias.py took 1.455 seconds
[2024-11-06T00:01:52.174+0000] {processor.py:186} INFO - Started process (PID=2689) to work on /home/airflow/.local/lib/python3.12/site-packages/airflow/example_dags/example_dataset_alias.py
[2024-11-06T00:01:52.176+0000] {processor.py:914} INFO - Processing file /home/airflow/.local/lib/python3.12/site-packages/airflow/example_dags/example_dataset_alias.py for tasks to queue
[2024-11-06T00:01:52.180+0000] {logging_mixin.py:190} INFO - [2024-11-06T00:01:52.179+0000] {dagbag.py:588} INFO - Filling up the DagBag from /home/airflow/.local/lib/python3.12/site-packages/airflow/example_dags/example_dataset_alias.py
[2024-11-06T00:01:53.146+0000] {processor.py:925} INFO - DAG(s) 'dataset_alias_example_alias_producer', 'dataset_s3_bucket_consumer', 'dataset_alias_example_alias_consumer', 'dataset_s3_bucket_producer' retrieved from /home/airflow/.local/lib/python3.12/site-packages/airflow/example_dags/example_dataset_alias.py
[2024-11-06T00:01:53.183+0000] {logging_mixin.py:190} INFO - [2024-11-06T00:01:53.182+0000] {dag.py:3239} INFO - Sync 4 DAGs
[2024-11-06T00:01:53.216+0000] {logging_mixin.py:190} INFO - [2024-11-06T00:01:53.215+0000] {dag.py:4180} INFO - Setting next_dagrun for dataset_alias_example_alias_consumer to None, run_after=None
[2024-11-06T00:01:53.221+0000] {logging_mixin.py:190} INFO - [2024-11-06T00:01:53.220+0000] {dag.py:4180} INFO - Setting next_dagrun for dataset_alias_example_alias_producer to None, run_after=None
[2024-11-06T00:01:53.225+0000] {logging_mixin.py:190} INFO - [2024-11-06T00:01:53.224+0000] {dag.py:4180} INFO - Setting next_dagrun for dataset_s3_bucket_consumer to None, run_after=None
[2024-11-06T00:01:53.229+0000] {logging_mixin.py:190} INFO - [2024-11-06T00:01:53.228+0000] {dag.py:4180} INFO - Setting next_dagrun for dataset_s3_bucket_producer to None, run_after=None
[2024-11-06T00:01:53.269+0000] {processor.py:208} INFO - Processing /home/airflow/.local/lib/python3.12/site-packages/airflow/example_dags/example_dataset_alias.py took 1.105 seconds
[2024-11-06T00:02:24.003+0000] {processor.py:186} INFO - Started process (PID=2753) to work on /home/airflow/.local/lib/python3.12/site-packages/airflow/example_dags/example_dataset_alias.py
[2024-11-06T00:02:24.004+0000] {processor.py:914} INFO - Processing file /home/airflow/.local/lib/python3.12/site-packages/airflow/example_dags/example_dataset_alias.py for tasks to queue
[2024-11-06T00:02:24.009+0000] {logging_mixin.py:190} INFO - [2024-11-06T00:02:24.008+0000] {dagbag.py:588} INFO - Filling up the DagBag from /home/airflow/.local/lib/python3.12/site-packages/airflow/example_dags/example_dataset_alias.py
[2024-11-06T00:02:25.036+0000] {processor.py:925} INFO - DAG(s) 'dataset_alias_example_alias_producer', 'dataset_alias_example_alias_consumer', 'dataset_s3_bucket_consumer', 'dataset_s3_bucket_producer' retrieved from /home/airflow/.local/lib/python3.12/site-packages/airflow/example_dags/example_dataset_alias.py
[2024-11-06T00:02:25.069+0000] {logging_mixin.py:190} INFO - [2024-11-06T00:02:25.069+0000] {dag.py:3239} INFO - Sync 4 DAGs
[2024-11-06T00:02:25.119+0000] {logging_mixin.py:190} INFO - [2024-11-06T00:02:25.118+0000] {dag.py:4180} INFO - Setting next_dagrun for dataset_alias_example_alias_consumer to None, run_after=None
[2024-11-06T00:02:25.125+0000] {logging_mixin.py:190} INFO - [2024-11-06T00:02:25.124+0000] {dag.py:4180} INFO - Setting next_dagrun for dataset_alias_example_alias_producer to None, run_after=None
[2024-11-06T00:02:25.133+0000] {logging_mixin.py:190} INFO - [2024-11-06T00:02:25.133+0000] {dag.py:4180} INFO - Setting next_dagrun for dataset_s3_bucket_consumer to None, run_after=None
[2024-11-06T00:02:25.136+0000] {logging_mixin.py:190} INFO - [2024-11-06T00:02:25.135+0000] {dag.py:4180} INFO - Setting next_dagrun for dataset_s3_bucket_producer to None, run_after=None
[2024-11-06T00:02:25.200+0000] {processor.py:208} INFO - Processing /home/airflow/.local/lib/python3.12/site-packages/airflow/example_dags/example_dataset_alias.py took 1.211 seconds
[2024-11-06T00:02:56.257+0000] {processor.py:186} INFO - Started process (PID=2819) to work on /home/airflow/.local/lib/python3.12/site-packages/airflow/example_dags/example_dataset_alias.py
[2024-11-06T00:02:56.268+0000] {processor.py:914} INFO - Processing file /home/airflow/.local/lib/python3.12/site-packages/airflow/example_dags/example_dataset_alias.py for tasks to queue
[2024-11-06T00:02:56.274+0000] {logging_mixin.py:190} INFO - [2024-11-06T00:02:56.273+0000] {dagbag.py:588} INFO - Filling up the DagBag from /home/airflow/.local/lib/python3.12/site-packages/airflow/example_dags/example_dataset_alias.py
[2024-11-06T00:02:57.366+0000] {processor.py:925} INFO - DAG(s) 'dataset_s3_bucket_producer', 'dataset_alias_example_alias_consumer', 'dataset_alias_example_alias_producer', 'dataset_s3_bucket_consumer' retrieved from /home/airflow/.local/lib/python3.12/site-packages/airflow/example_dags/example_dataset_alias.py
[2024-11-06T00:02:57.412+0000] {logging_mixin.py:190} INFO - [2024-11-06T00:02:57.410+0000] {dag.py:3239} INFO - Sync 4 DAGs
[2024-11-06T00:02:57.455+0000] {logging_mixin.py:190} INFO - [2024-11-06T00:02:57.454+0000] {dag.py:4180} INFO - Setting next_dagrun for dataset_alias_example_alias_consumer to None, run_after=None
[2024-11-06T00:02:57.459+0000] {logging_mixin.py:190} INFO - [2024-11-06T00:02:57.459+0000] {dag.py:4180} INFO - Setting next_dagrun for dataset_alias_example_alias_producer to None, run_after=None
[2024-11-06T00:02:57.462+0000] {logging_mixin.py:190} INFO - [2024-11-06T00:02:57.462+0000] {dag.py:4180} INFO - Setting next_dagrun for dataset_s3_bucket_consumer to None, run_after=None
[2024-11-06T00:02:57.465+0000] {logging_mixin.py:190} INFO - [2024-11-06T00:02:57.464+0000] {dag.py:4180} INFO - Setting next_dagrun for dataset_s3_bucket_producer to None, run_after=None
[2024-11-06T00:02:57.497+0000] {processor.py:208} INFO - Processing /home/airflow/.local/lib/python3.12/site-packages/airflow/example_dags/example_dataset_alias.py took 1.257 seconds
[2024-11-06T00:03:27.768+0000] {processor.py:186} INFO - Started process (PID=2885) to work on /home/airflow/.local/lib/python3.12/site-packages/airflow/example_dags/example_dataset_alias.py
[2024-11-06T00:03:27.770+0000] {processor.py:914} INFO - Processing file /home/airflow/.local/lib/python3.12/site-packages/airflow/example_dags/example_dataset_alias.py for tasks to queue
[2024-11-06T00:03:27.774+0000] {logging_mixin.py:190} INFO - [2024-11-06T00:03:27.773+0000] {dagbag.py:588} INFO - Filling up the DagBag from /home/airflow/.local/lib/python3.12/site-packages/airflow/example_dags/example_dataset_alias.py
[2024-11-06T00:03:28.922+0000] {processor.py:925} INFO - DAG(s) 'dataset_alias_example_alias_consumer', 'dataset_alias_example_alias_producer', 'dataset_s3_bucket_producer', 'dataset_s3_bucket_consumer' retrieved from /home/airflow/.local/lib/python3.12/site-packages/airflow/example_dags/example_dataset_alias.py
[2024-11-06T00:03:28.984+0000] {logging_mixin.py:190} INFO - [2024-11-06T00:03:28.983+0000] {dag.py:3239} INFO - Sync 4 DAGs
[2024-11-06T00:03:29.067+0000] {logging_mixin.py:190} INFO - [2024-11-06T00:03:29.066+0000] {dag.py:4180} INFO - Setting next_dagrun for dataset_alias_example_alias_consumer to None, run_after=None
[2024-11-06T00:03:29.078+0000] {logging_mixin.py:190} INFO - [2024-11-06T00:03:29.076+0000] {dag.py:4180} INFO - Setting next_dagrun for dataset_alias_example_alias_producer to None, run_after=None
[2024-11-06T00:03:29.084+0000] {logging_mixin.py:190} INFO - [2024-11-06T00:03:29.083+0000] {dag.py:4180} INFO - Setting next_dagrun for dataset_s3_bucket_consumer to None, run_after=None
[2024-11-06T00:03:29.087+0000] {logging_mixin.py:190} INFO - [2024-11-06T00:03:29.087+0000] {dag.py:4180} INFO - Setting next_dagrun for dataset_s3_bucket_producer to None, run_after=None
[2024-11-06T00:03:29.137+0000] {processor.py:208} INFO - Processing /home/airflow/.local/lib/python3.12/site-packages/airflow/example_dags/example_dataset_alias.py took 1.379 seconds
[2024-11-06T00:04:00.102+0000] {processor.py:186} INFO - Started process (PID=2951) to work on /home/airflow/.local/lib/python3.12/site-packages/airflow/example_dags/example_dataset_alias.py
[2024-11-06T00:04:00.103+0000] {processor.py:914} INFO - Processing file /home/airflow/.local/lib/python3.12/site-packages/airflow/example_dags/example_dataset_alias.py for tasks to queue
[2024-11-06T00:04:00.108+0000] {logging_mixin.py:190} INFO - [2024-11-06T00:04:00.107+0000] {dagbag.py:588} INFO - Filling up the DagBag from /home/airflow/.local/lib/python3.12/site-packages/airflow/example_dags/example_dataset_alias.py
[2024-11-06T00:04:01.041+0000] {processor.py:925} INFO - DAG(s) 'dataset_s3_bucket_producer', 'dataset_alias_example_alias_consumer', 'dataset_alias_example_alias_producer', 'dataset_s3_bucket_consumer' retrieved from /home/airflow/.local/lib/python3.12/site-packages/airflow/example_dags/example_dataset_alias.py
[2024-11-06T00:04:01.077+0000] {logging_mixin.py:190} INFO - [2024-11-06T00:04:01.076+0000] {dag.py:3239} INFO - Sync 4 DAGs
[2024-11-06T00:04:01.118+0000] {logging_mixin.py:190} INFO - [2024-11-06T00:04:01.118+0000] {dag.py:4180} INFO - Setting next_dagrun for dataset_alias_example_alias_consumer to None, run_after=None
[2024-11-06T00:04:01.123+0000] {logging_mixin.py:190} INFO - [2024-11-06T00:04:01.123+0000] {dag.py:4180} INFO - Setting next_dagrun for dataset_alias_example_alias_producer to None, run_after=None
[2024-11-06T00:04:01.127+0000] {logging_mixin.py:190} INFO - [2024-11-06T00:04:01.126+0000] {dag.py:4180} INFO - Setting next_dagrun for dataset_s3_bucket_consumer to None, run_after=None
[2024-11-06T00:04:01.131+0000] {logging_mixin.py:190} INFO - [2024-11-06T00:04:01.130+0000] {dag.py:4180} INFO - Setting next_dagrun for dataset_s3_bucket_producer to None, run_after=None
[2024-11-06T00:04:01.164+0000] {processor.py:208} INFO - Processing /home/airflow/.local/lib/python3.12/site-packages/airflow/example_dags/example_dataset_alias.py took 1.080 seconds
[2024-11-06T00:04:31.822+0000] {processor.py:186} INFO - Started process (PID=3015) to work on /home/airflow/.local/lib/python3.12/site-packages/airflow/example_dags/example_dataset_alias.py
[2024-11-06T00:04:31.824+0000] {processor.py:914} INFO - Processing file /home/airflow/.local/lib/python3.12/site-packages/airflow/example_dags/example_dataset_alias.py for tasks to queue
[2024-11-06T00:04:31.829+0000] {logging_mixin.py:190} INFO - [2024-11-06T00:04:31.828+0000] {dagbag.py:588} INFO - Filling up the DagBag from /home/airflow/.local/lib/python3.12/site-packages/airflow/example_dags/example_dataset_alias.py
[2024-11-06T00:04:33.121+0000] {processor.py:925} INFO - DAG(s) 'dataset_alias_example_alias_consumer', 'dataset_s3_bucket_consumer', 'dataset_s3_bucket_producer', 'dataset_alias_example_alias_producer' retrieved from /home/airflow/.local/lib/python3.12/site-packages/airflow/example_dags/example_dataset_alias.py
[2024-11-06T00:04:33.168+0000] {logging_mixin.py:190} INFO - [2024-11-06T00:04:33.166+0000] {dag.py:3239} INFO - Sync 4 DAGs
[2024-11-06T00:04:33.224+0000] {logging_mixin.py:190} INFO - [2024-11-06T00:04:33.223+0000] {dag.py:4180} INFO - Setting next_dagrun for dataset_alias_example_alias_consumer to None, run_after=None
[2024-11-06T00:04:33.232+0000] {logging_mixin.py:190} INFO - [2024-11-06T00:04:33.232+0000] {dag.py:4180} INFO - Setting next_dagrun for dataset_alias_example_alias_producer to None, run_after=None
[2024-11-06T00:04:33.239+0000] {logging_mixin.py:190} INFO - [2024-11-06T00:04:33.238+0000] {dag.py:4180} INFO - Setting next_dagrun for dataset_s3_bucket_consumer to None, run_after=None
[2024-11-06T00:04:33.243+0000] {logging_mixin.py:190} INFO - [2024-11-06T00:04:33.243+0000] {dag.py:4180} INFO - Setting next_dagrun for dataset_s3_bucket_producer to None, run_after=None
[2024-11-06T00:04:33.320+0000] {processor.py:208} INFO - Processing /home/airflow/.local/lib/python3.12/site-packages/airflow/example_dags/example_dataset_alias.py took 1.507 seconds
[2024-11-06T00:05:04.112+0000] {processor.py:186} INFO - Started process (PID=3080) to work on /home/airflow/.local/lib/python3.12/site-packages/airflow/example_dags/example_dataset_alias.py
[2024-11-06T00:05:04.114+0000] {processor.py:914} INFO - Processing file /home/airflow/.local/lib/python3.12/site-packages/airflow/example_dags/example_dataset_alias.py for tasks to queue
[2024-11-06T00:05:04.119+0000] {logging_mixin.py:190} INFO - [2024-11-06T00:05:04.119+0000] {dagbag.py:588} INFO - Filling up the DagBag from /home/airflow/.local/lib/python3.12/site-packages/airflow/example_dags/example_dataset_alias.py
[2024-11-06T00:05:05.061+0000] {processor.py:925} INFO - DAG(s) 'dataset_alias_example_alias_producer', 'dataset_s3_bucket_consumer', 'dataset_s3_bucket_producer', 'dataset_alias_example_alias_consumer' retrieved from /home/airflow/.local/lib/python3.12/site-packages/airflow/example_dags/example_dataset_alias.py
[2024-11-06T00:05:05.096+0000] {logging_mixin.py:190} INFO - [2024-11-06T00:05:05.095+0000] {dag.py:3239} INFO - Sync 4 DAGs
[2024-11-06T00:05:05.136+0000] {logging_mixin.py:190} INFO - [2024-11-06T00:05:05.136+0000] {dag.py:4180} INFO - Setting next_dagrun for dataset_alias_example_alias_consumer to None, run_after=None
[2024-11-06T00:05:05.142+0000] {logging_mixin.py:190} INFO - [2024-11-06T00:05:05.142+0000] {dag.py:4180} INFO - Setting next_dagrun for dataset_alias_example_alias_producer to None, run_after=None
[2024-11-06T00:05:05.146+0000] {logging_mixin.py:190} INFO - [2024-11-06T00:05:05.146+0000] {dag.py:4180} INFO - Setting next_dagrun for dataset_s3_bucket_consumer to None, run_after=None
[2024-11-06T00:05:05.150+0000] {logging_mixin.py:190} INFO - [2024-11-06T00:05:05.149+0000] {dag.py:4180} INFO - Setting next_dagrun for dataset_s3_bucket_producer to None, run_after=None
[2024-11-06T00:05:05.189+0000] {processor.py:208} INFO - Processing /home/airflow/.local/lib/python3.12/site-packages/airflow/example_dags/example_dataset_alias.py took 1.090 seconds
[2024-11-06T00:05:35.275+0000] {processor.py:186} INFO - Started process (PID=3144) to work on /home/airflow/.local/lib/python3.12/site-packages/airflow/example_dags/example_dataset_alias.py
[2024-11-06T00:05:35.277+0000] {processor.py:914} INFO - Processing file /home/airflow/.local/lib/python3.12/site-packages/airflow/example_dags/example_dataset_alias.py for tasks to queue
[2024-11-06T00:05:35.283+0000] {logging_mixin.py:190} INFO - [2024-11-06T00:05:35.282+0000] {dagbag.py:588} INFO - Filling up the DagBag from /home/airflow/.local/lib/python3.12/site-packages/airflow/example_dags/example_dataset_alias.py
[2024-11-06T00:05:36.373+0000] {processor.py:925} INFO - DAG(s) 'dataset_s3_bucket_producer', 'dataset_alias_example_alias_producer', 'dataset_s3_bucket_consumer', 'dataset_alias_example_alias_consumer' retrieved from /home/airflow/.local/lib/python3.12/site-packages/airflow/example_dags/example_dataset_alias.py
[2024-11-06T00:05:36.438+0000] {logging_mixin.py:190} INFO - [2024-11-06T00:05:36.437+0000] {dag.py:3239} INFO - Sync 4 DAGs
[2024-11-06T00:05:36.473+0000] {logging_mixin.py:190} INFO - [2024-11-06T00:05:36.472+0000] {dag.py:4180} INFO - Setting next_dagrun for dataset_alias_example_alias_consumer to None, run_after=None
[2024-11-06T00:05:36.479+0000] {logging_mixin.py:190} INFO - [2024-11-06T00:05:36.478+0000] {dag.py:4180} INFO - Setting next_dagrun for dataset_alias_example_alias_producer to None, run_after=None
[2024-11-06T00:05:36.483+0000] {logging_mixin.py:190} INFO - [2024-11-06T00:05:36.482+0000] {dag.py:4180} INFO - Setting next_dagrun for dataset_s3_bucket_consumer to None, run_after=None
[2024-11-06T00:05:36.488+0000] {logging_mixin.py:190} INFO - [2024-11-06T00:05:36.487+0000] {dag.py:4180} INFO - Setting next_dagrun for dataset_s3_bucket_producer to None, run_after=None
[2024-11-06T00:05:36.549+0000] {processor.py:208} INFO - Processing /home/airflow/.local/lib/python3.12/site-packages/airflow/example_dags/example_dataset_alias.py took 1.284 seconds
[2024-11-06T00:06:07.052+0000] {processor.py:186} INFO - Started process (PID=3208) to work on /home/airflow/.local/lib/python3.12/site-packages/airflow/example_dags/example_dataset_alias.py
[2024-11-06T00:06:07.054+0000] {processor.py:914} INFO - Processing file /home/airflow/.local/lib/python3.12/site-packages/airflow/example_dags/example_dataset_alias.py for tasks to queue
[2024-11-06T00:06:07.058+0000] {logging_mixin.py:190} INFO - [2024-11-06T00:06:07.058+0000] {dagbag.py:588} INFO - Filling up the DagBag from /home/airflow/.local/lib/python3.12/site-packages/airflow/example_dags/example_dataset_alias.py
[2024-11-06T00:06:08.161+0000] {processor.py:925} INFO - DAG(s) 'dataset_s3_bucket_producer', 'dataset_s3_bucket_consumer', 'dataset_alias_example_alias_consumer', 'dataset_alias_example_alias_producer' retrieved from /home/airflow/.local/lib/python3.12/site-packages/airflow/example_dags/example_dataset_alias.py
[2024-11-06T00:06:08.228+0000] {logging_mixin.py:190} INFO - [2024-11-06T00:06:08.226+0000] {dag.py:3239} INFO - Sync 4 DAGs
[2024-11-06T00:06:08.276+0000] {logging_mixin.py:190} INFO - [2024-11-06T00:06:08.275+0000] {dag.py:4180} INFO - Setting next_dagrun for dataset_alias_example_alias_consumer to None, run_after=None
[2024-11-06T00:06:08.281+0000] {logging_mixin.py:190} INFO - [2024-11-06T00:06:08.281+0000] {dag.py:4180} INFO - Setting next_dagrun for dataset_alias_example_alias_producer to None, run_after=None
[2024-11-06T00:06:08.286+0000] {logging_mixin.py:190} INFO - [2024-11-06T00:06:08.286+0000] {dag.py:4180} INFO - Setting next_dagrun for dataset_s3_bucket_consumer to None, run_after=None
[2024-11-06T00:06:08.289+0000] {logging_mixin.py:190} INFO - [2024-11-06T00:06:08.289+0000] {dag.py:4180} INFO - Setting next_dagrun for dataset_s3_bucket_producer to None, run_after=None
[2024-11-06T00:06:08.326+0000] {processor.py:208} INFO - Processing /home/airflow/.local/lib/python3.12/site-packages/airflow/example_dags/example_dataset_alias.py took 1.284 seconds
[2024-11-06T00:06:39.115+0000] {processor.py:186} INFO - Started process (PID=3272) to work on /home/airflow/.local/lib/python3.12/site-packages/airflow/example_dags/example_dataset_alias.py
[2024-11-06T00:06:39.118+0000] {processor.py:914} INFO - Processing file /home/airflow/.local/lib/python3.12/site-packages/airflow/example_dags/example_dataset_alias.py for tasks to queue
[2024-11-06T00:06:39.122+0000] {logging_mixin.py:190} INFO - [2024-11-06T00:06:39.121+0000] {dagbag.py:588} INFO - Filling up the DagBag from /home/airflow/.local/lib/python3.12/site-packages/airflow/example_dags/example_dataset_alias.py
[2024-11-06T00:06:40.043+0000] {processor.py:925} INFO - DAG(s) 'dataset_alias_example_alias_consumer', 'dataset_alias_example_alias_producer', 'dataset_s3_bucket_producer', 'dataset_s3_bucket_consumer' retrieved from /home/airflow/.local/lib/python3.12/site-packages/airflow/example_dags/example_dataset_alias.py
[2024-11-06T00:06:40.083+0000] {logging_mixin.py:190} INFO - [2024-11-06T00:06:40.081+0000] {dag.py:3239} INFO - Sync 4 DAGs
[2024-11-06T00:06:40.122+0000] {logging_mixin.py:190} INFO - [2024-11-06T00:06:40.121+0000] {dag.py:4180} INFO - Setting next_dagrun for dataset_alias_example_alias_consumer to None, run_after=None
[2024-11-06T00:06:40.127+0000] {logging_mixin.py:190} INFO - [2024-11-06T00:06:40.127+0000] {dag.py:4180} INFO - Setting next_dagrun for dataset_alias_example_alias_producer to None, run_after=None
[2024-11-06T00:06:40.131+0000] {logging_mixin.py:190} INFO - [2024-11-06T00:06:40.131+0000] {dag.py:4180} INFO - Setting next_dagrun for dataset_s3_bucket_consumer to None, run_after=None
[2024-11-06T00:06:40.134+0000] {logging_mixin.py:190} INFO - [2024-11-06T00:06:40.133+0000] {dag.py:4180} INFO - Setting next_dagrun for dataset_s3_bucket_producer to None, run_after=None
[2024-11-06T00:06:40.176+0000] {processor.py:208} INFO - Processing /home/airflow/.local/lib/python3.12/site-packages/airflow/example_dags/example_dataset_alias.py took 1.075 seconds
[2024-11-06T00:07:10.483+0000] {processor.py:186} INFO - Started process (PID=3336) to work on /home/airflow/.local/lib/python3.12/site-packages/airflow/example_dags/example_dataset_alias.py
[2024-11-06T00:07:10.489+0000] {processor.py:914} INFO - Processing file /home/airflow/.local/lib/python3.12/site-packages/airflow/example_dags/example_dataset_alias.py for tasks to queue
[2024-11-06T00:07:10.494+0000] {logging_mixin.py:190} INFO - [2024-11-06T00:07:10.493+0000] {dagbag.py:588} INFO - Filling up the DagBag from /home/airflow/.local/lib/python3.12/site-packages/airflow/example_dags/example_dataset_alias.py
[2024-11-06T00:07:12.061+0000] {processor.py:925} INFO - DAG(s) 'dataset_alias_example_alias_consumer', 'dataset_s3_bucket_consumer', 'dataset_s3_bucket_producer', 'dataset_alias_example_alias_producer' retrieved from /home/airflow/.local/lib/python3.12/site-packages/airflow/example_dags/example_dataset_alias.py
[2024-11-06T00:07:12.119+0000] {logging_mixin.py:190} INFO - [2024-11-06T00:07:12.117+0000] {dag.py:3239} INFO - Sync 4 DAGs
[2024-11-06T00:07:12.156+0000] {logging_mixin.py:190} INFO - [2024-11-06T00:07:12.156+0000] {dag.py:4180} INFO - Setting next_dagrun for dataset_alias_example_alias_consumer to None, run_after=None
[2024-11-06T00:07:12.161+0000] {logging_mixin.py:190} INFO - [2024-11-06T00:07:12.161+0000] {dag.py:4180} INFO - Setting next_dagrun for dataset_alias_example_alias_producer to None, run_after=None
[2024-11-06T00:07:12.164+0000] {logging_mixin.py:190} INFO - [2024-11-06T00:07:12.164+0000] {dag.py:4180} INFO - Setting next_dagrun for dataset_s3_bucket_consumer to None, run_after=None
[2024-11-06T00:07:12.167+0000] {logging_mixin.py:190} INFO - [2024-11-06T00:07:12.167+0000] {dag.py:4180} INFO - Setting next_dagrun for dataset_s3_bucket_producer to None, run_after=None
[2024-11-06T00:07:12.215+0000] {processor.py:208} INFO - Processing /home/airflow/.local/lib/python3.12/site-packages/airflow/example_dags/example_dataset_alias.py took 1.746 seconds
[2024-11-06T00:07:42.475+0000] {processor.py:186} INFO - Started process (PID=3400) to work on /home/airflow/.local/lib/python3.12/site-packages/airflow/example_dags/example_dataset_alias.py
[2024-11-06T00:07:42.477+0000] {processor.py:914} INFO - Processing file /home/airflow/.local/lib/python3.12/site-packages/airflow/example_dags/example_dataset_alias.py for tasks to queue
[2024-11-06T00:07:42.483+0000] {logging_mixin.py:190} INFO - [2024-11-06T00:07:42.483+0000] {dagbag.py:588} INFO - Filling up the DagBag from /home/airflow/.local/lib/python3.12/site-packages/airflow/example_dags/example_dataset_alias.py
[2024-11-06T00:07:43.529+0000] {processor.py:925} INFO - DAG(s) 'dataset_alias_example_alias_producer', 'dataset_s3_bucket_consumer', 'dataset_alias_example_alias_consumer', 'dataset_s3_bucket_producer' retrieved from /home/airflow/.local/lib/python3.12/site-packages/airflow/example_dags/example_dataset_alias.py
[2024-11-06T00:07:43.561+0000] {logging_mixin.py:190} INFO - [2024-11-06T00:07:43.561+0000] {dag.py:3239} INFO - Sync 4 DAGs
[2024-11-06T00:07:43.602+0000] {logging_mixin.py:190} INFO - [2024-11-06T00:07:43.601+0000] {dag.py:4180} INFO - Setting next_dagrun for dataset_alias_example_alias_consumer to None, run_after=None
[2024-11-06T00:07:43.606+0000] {logging_mixin.py:190} INFO - [2024-11-06T00:07:43.606+0000] {dag.py:4180} INFO - Setting next_dagrun for dataset_alias_example_alias_producer to None, run_after=None
[2024-11-06T00:07:43.609+0000] {logging_mixin.py:190} INFO - [2024-11-06T00:07:43.608+0000] {dag.py:4180} INFO - Setting next_dagrun for dataset_s3_bucket_consumer to None, run_after=None
[2024-11-06T00:07:43.611+0000] {logging_mixin.py:190} INFO - [2024-11-06T00:07:43.611+0000] {dag.py:4180} INFO - Setting next_dagrun for dataset_s3_bucket_producer to None, run_after=None
[2024-11-06T00:07:43.654+0000] {processor.py:208} INFO - Processing /home/airflow/.local/lib/python3.12/site-packages/airflow/example_dags/example_dataset_alias.py took 1.199 seconds
[2024-11-06T00:08:14.383+0000] {processor.py:186} INFO - Started process (PID=3464) to work on /home/airflow/.local/lib/python3.12/site-packages/airflow/example_dags/example_dataset_alias.py
[2024-11-06T00:08:14.384+0000] {processor.py:914} INFO - Processing file /home/airflow/.local/lib/python3.12/site-packages/airflow/example_dags/example_dataset_alias.py for tasks to queue
[2024-11-06T00:08:14.388+0000] {logging_mixin.py:190} INFO - [2024-11-06T00:08:14.388+0000] {dagbag.py:588} INFO - Filling up the DagBag from /home/airflow/.local/lib/python3.12/site-packages/airflow/example_dags/example_dataset_alias.py
[2024-11-06T00:08:15.420+0000] {processor.py:925} INFO - DAG(s) 'dataset_alias_example_alias_consumer', 'dataset_s3_bucket_consumer', 'dataset_s3_bucket_producer', 'dataset_alias_example_alias_producer' retrieved from /home/airflow/.local/lib/python3.12/site-packages/airflow/example_dags/example_dataset_alias.py
[2024-11-06T00:08:15.457+0000] {logging_mixin.py:190} INFO - [2024-11-06T00:08:15.457+0000] {dag.py:3239} INFO - Sync 4 DAGs
[2024-11-06T00:08:15.491+0000] {logging_mixin.py:190} INFO - [2024-11-06T00:08:15.490+0000] {dag.py:4180} INFO - Setting next_dagrun for dataset_alias_example_alias_consumer to None, run_after=None
[2024-11-06T00:08:15.495+0000] {logging_mixin.py:190} INFO - [2024-11-06T00:08:15.495+0000] {dag.py:4180} INFO - Setting next_dagrun for dataset_alias_example_alias_producer to None, run_after=None
[2024-11-06T00:08:15.498+0000] {logging_mixin.py:190} INFO - [2024-11-06T00:08:15.498+0000] {dag.py:4180} INFO - Setting next_dagrun for dataset_s3_bucket_consumer to None, run_after=None
[2024-11-06T00:08:15.501+0000] {logging_mixin.py:190} INFO - [2024-11-06T00:08:15.501+0000] {dag.py:4180} INFO - Setting next_dagrun for dataset_s3_bucket_producer to None, run_after=None
[2024-11-06T00:08:15.558+0000] {processor.py:208} INFO - Processing /home/airflow/.local/lib/python3.12/site-packages/airflow/example_dags/example_dataset_alias.py took 1.187 seconds
[2024-11-06T00:08:45.881+0000] {processor.py:186} INFO - Started process (PID=3528) to work on /home/airflow/.local/lib/python3.12/site-packages/airflow/example_dags/example_dataset_alias.py
[2024-11-06T00:08:45.883+0000] {processor.py:914} INFO - Processing file /home/airflow/.local/lib/python3.12/site-packages/airflow/example_dags/example_dataset_alias.py for tasks to queue
[2024-11-06T00:08:45.888+0000] {logging_mixin.py:190} INFO - [2024-11-06T00:08:45.887+0000] {dagbag.py:588} INFO - Filling up the DagBag from /home/airflow/.local/lib/python3.12/site-packages/airflow/example_dags/example_dataset_alias.py
[2024-11-06T00:08:47.080+0000] {processor.py:925} INFO - DAG(s) 'dataset_alias_example_alias_producer', 'dataset_alias_example_alias_consumer', 'dataset_s3_bucket_consumer', 'dataset_s3_bucket_producer' retrieved from /home/airflow/.local/lib/python3.12/site-packages/airflow/example_dags/example_dataset_alias.py
[2024-11-06T00:08:47.114+0000] {logging_mixin.py:190} INFO - [2024-11-06T00:08:47.113+0000] {dag.py:3239} INFO - Sync 4 DAGs
[2024-11-06T00:08:47.153+0000] {logging_mixin.py:190} INFO - [2024-11-06T00:08:47.152+0000] {dag.py:4180} INFO - Setting next_dagrun for dataset_alias_example_alias_consumer to None, run_after=None
[2024-11-06T00:08:47.158+0000] {logging_mixin.py:190} INFO - [2024-11-06T00:08:47.157+0000] {dag.py:4180} INFO - Setting next_dagrun for dataset_alias_example_alias_producer to None, run_after=None
[2024-11-06T00:08:47.161+0000] {logging_mixin.py:190} INFO - [2024-11-06T00:08:47.160+0000] {dag.py:4180} INFO - Setting next_dagrun for dataset_s3_bucket_consumer to None, run_after=None
[2024-11-06T00:08:47.164+0000] {logging_mixin.py:190} INFO - [2024-11-06T00:08:47.163+0000] {dag.py:4180} INFO - Setting next_dagrun for dataset_s3_bucket_producer to None, run_after=None
[2024-11-06T00:08:47.200+0000] {processor.py:208} INFO - Processing /home/airflow/.local/lib/python3.12/site-packages/airflow/example_dags/example_dataset_alias.py took 1.330 seconds
[2024-11-06T00:09:17.546+0000] {processor.py:186} INFO - Started process (PID=3592) to work on /home/airflow/.local/lib/python3.12/site-packages/airflow/example_dags/example_dataset_alias.py
[2024-11-06T00:09:17.548+0000] {processor.py:914} INFO - Processing file /home/airflow/.local/lib/python3.12/site-packages/airflow/example_dags/example_dataset_alias.py for tasks to queue
[2024-11-06T00:09:17.551+0000] {logging_mixin.py:190} INFO - [2024-11-06T00:09:17.551+0000] {dagbag.py:588} INFO - Filling up the DagBag from /home/airflow/.local/lib/python3.12/site-packages/airflow/example_dags/example_dataset_alias.py
[2024-11-06T00:09:18.545+0000] {processor.py:925} INFO - DAG(s) 'dataset_s3_bucket_producer', 'dataset_s3_bucket_consumer', 'dataset_alias_example_alias_consumer', 'dataset_alias_example_alias_producer' retrieved from /home/airflow/.local/lib/python3.12/site-packages/airflow/example_dags/example_dataset_alias.py
[2024-11-06T00:09:18.586+0000] {logging_mixin.py:190} INFO - [2024-11-06T00:09:18.584+0000] {dag.py:3239} INFO - Sync 4 DAGs
[2024-11-06T00:09:18.624+0000] {logging_mixin.py:190} INFO - [2024-11-06T00:09:18.623+0000] {dag.py:4180} INFO - Setting next_dagrun for dataset_alias_example_alias_consumer to None, run_after=None
[2024-11-06T00:09:18.628+0000] {logging_mixin.py:190} INFO - [2024-11-06T00:09:18.628+0000] {dag.py:4180} INFO - Setting next_dagrun for dataset_alias_example_alias_producer to None, run_after=None
[2024-11-06T00:09:18.631+0000] {logging_mixin.py:190} INFO - [2024-11-06T00:09:18.630+0000] {dag.py:4180} INFO - Setting next_dagrun for dataset_s3_bucket_consumer to None, run_after=None
[2024-11-06T00:09:18.634+0000] {logging_mixin.py:190} INFO - [2024-11-06T00:09:18.634+0000] {dag.py:4180} INFO - Setting next_dagrun for dataset_s3_bucket_producer to None, run_after=None
[2024-11-06T00:09:18.674+0000] {processor.py:208} INFO - Processing /home/airflow/.local/lib/python3.12/site-packages/airflow/example_dags/example_dataset_alias.py took 1.140 seconds
[2024-11-06T00:09:49.606+0000] {processor.py:186} INFO - Started process (PID=3656) to work on /home/airflow/.local/lib/python3.12/site-packages/airflow/example_dags/example_dataset_alias.py
[2024-11-06T00:09:49.608+0000] {processor.py:914} INFO - Processing file /home/airflow/.local/lib/python3.12/site-packages/airflow/example_dags/example_dataset_alias.py for tasks to queue
[2024-11-06T00:09:49.613+0000] {logging_mixin.py:190} INFO - [2024-11-06T00:09:49.613+0000] {dagbag.py:588} INFO - Filling up the DagBag from /home/airflow/.local/lib/python3.12/site-packages/airflow/example_dags/example_dataset_alias.py
[2024-11-06T00:09:50.725+0000] {processor.py:925} INFO - DAG(s) 'dataset_alias_example_alias_producer', 'dataset_s3_bucket_consumer', 'dataset_alias_example_alias_consumer', 'dataset_s3_bucket_producer' retrieved from /home/airflow/.local/lib/python3.12/site-packages/airflow/example_dags/example_dataset_alias.py
[2024-11-06T00:09:50.772+0000] {logging_mixin.py:190} INFO - [2024-11-06T00:09:50.771+0000] {dag.py:3239} INFO - Sync 4 DAGs
[2024-11-06T00:09:50.812+0000] {logging_mixin.py:190} INFO - [2024-11-06T00:09:50.812+0000] {dag.py:4180} INFO - Setting next_dagrun for dataset_alias_example_alias_consumer to None, run_after=None
[2024-11-06T00:09:50.818+0000] {logging_mixin.py:190} INFO - [2024-11-06T00:09:50.817+0000] {dag.py:4180} INFO - Setting next_dagrun for dataset_alias_example_alias_producer to None, run_after=None
[2024-11-06T00:09:50.820+0000] {logging_mixin.py:190} INFO - [2024-11-06T00:09:50.820+0000] {dag.py:4180} INFO - Setting next_dagrun for dataset_s3_bucket_consumer to None, run_after=None
[2024-11-06T00:09:50.823+0000] {logging_mixin.py:190} INFO - [2024-11-06T00:09:50.822+0000] {dag.py:4180} INFO - Setting next_dagrun for dataset_s3_bucket_producer to None, run_after=None
[2024-11-06T00:09:50.861+0000] {processor.py:208} INFO - Processing /home/airflow/.local/lib/python3.12/site-packages/airflow/example_dags/example_dataset_alias.py took 1.272 seconds
[2024-11-06T00:10:21.762+0000] {processor.py:186} INFO - Started process (PID=3727) to work on /home/airflow/.local/lib/python3.12/site-packages/airflow/example_dags/example_dataset_alias.py
[2024-11-06T00:10:21.764+0000] {processor.py:914} INFO - Processing file /home/airflow/.local/lib/python3.12/site-packages/airflow/example_dags/example_dataset_alias.py for tasks to queue
[2024-11-06T00:10:21.770+0000] {logging_mixin.py:190} INFO - [2024-11-06T00:10:21.769+0000] {dagbag.py:588} INFO - Filling up the DagBag from /home/airflow/.local/lib/python3.12/site-packages/airflow/example_dags/example_dataset_alias.py
[2024-11-06T00:10:22.780+0000] {processor.py:925} INFO - DAG(s) 'dataset_s3_bucket_consumer', 'dataset_alias_example_alias_producer', 'dataset_alias_example_alias_consumer', 'dataset_s3_bucket_producer' retrieved from /home/airflow/.local/lib/python3.12/site-packages/airflow/example_dags/example_dataset_alias.py
[2024-11-06T00:10:22.823+0000] {logging_mixin.py:190} INFO - [2024-11-06T00:10:22.823+0000] {dag.py:3239} INFO - Sync 4 DAGs
[2024-11-06T00:10:22.908+0000] {logging_mixin.py:190} INFO - [2024-11-06T00:10:22.908+0000] {dag.py:4180} INFO - Setting next_dagrun for dataset_alias_example_alias_consumer to None, run_after=None
[2024-11-06T00:10:22.922+0000] {logging_mixin.py:190} INFO - [2024-11-06T00:10:22.922+0000] {dag.py:4180} INFO - Setting next_dagrun for dataset_alias_example_alias_producer to None, run_after=None
[2024-11-06T00:10:22.925+0000] {logging_mixin.py:190} INFO - [2024-11-06T00:10:22.925+0000] {dag.py:4180} INFO - Setting next_dagrun for dataset_s3_bucket_consumer to None, run_after=None
[2024-11-06T00:10:22.928+0000] {logging_mixin.py:190} INFO - [2024-11-06T00:10:22.928+0000] {dag.py:4180} INFO - Setting next_dagrun for dataset_s3_bucket_producer to None, run_after=None
[2024-11-06T00:10:23.009+0000] {processor.py:208} INFO - Processing /home/airflow/.local/lib/python3.12/site-packages/airflow/example_dags/example_dataset_alias.py took 1.260 seconds
[2024-11-06T00:10:53.382+0000] {processor.py:186} INFO - Started process (PID=3791) to work on /home/airflow/.local/lib/python3.12/site-packages/airflow/example_dags/example_dataset_alias.py
[2024-11-06T00:10:53.384+0000] {processor.py:914} INFO - Processing file /home/airflow/.local/lib/python3.12/site-packages/airflow/example_dags/example_dataset_alias.py for tasks to queue
[2024-11-06T00:10:53.388+0000] {logging_mixin.py:190} INFO - [2024-11-06T00:10:53.388+0000] {dagbag.py:588} INFO - Filling up the DagBag from /home/airflow/.local/lib/python3.12/site-packages/airflow/example_dags/example_dataset_alias.py
[2024-11-06T00:10:54.464+0000] {processor.py:925} INFO - DAG(s) 'dataset_alias_example_alias_consumer', 'dataset_s3_bucket_producer', 'dataset_s3_bucket_consumer', 'dataset_alias_example_alias_producer' retrieved from /home/airflow/.local/lib/python3.12/site-packages/airflow/example_dags/example_dataset_alias.py
[2024-11-06T00:10:54.500+0000] {logging_mixin.py:190} INFO - [2024-11-06T00:10:54.499+0000] {dag.py:3239} INFO - Sync 4 DAGs
[2024-11-06T00:10:54.545+0000] {logging_mixin.py:190} INFO - [2024-11-06T00:10:54.544+0000] {dag.py:4180} INFO - Setting next_dagrun for dataset_alias_example_alias_consumer to None, run_after=None
[2024-11-06T00:10:54.550+0000] {logging_mixin.py:190} INFO - [2024-11-06T00:10:54.550+0000] {dag.py:4180} INFO - Setting next_dagrun for dataset_alias_example_alias_producer to None, run_after=None
[2024-11-06T00:10:54.553+0000] {logging_mixin.py:190} INFO - [2024-11-06T00:10:54.553+0000] {dag.py:4180} INFO - Setting next_dagrun for dataset_s3_bucket_consumer to None, run_after=None
[2024-11-06T00:10:54.557+0000] {logging_mixin.py:190} INFO - [2024-11-06T00:10:54.556+0000] {dag.py:4180} INFO - Setting next_dagrun for dataset_s3_bucket_producer to None, run_after=None
[2024-11-06T00:10:54.601+0000] {processor.py:208} INFO - Processing /home/airflow/.local/lib/python3.12/site-packages/airflow/example_dags/example_dataset_alias.py took 1.230 seconds
[2024-11-06T00:11:24.706+0000] {processor.py:186} INFO - Started process (PID=3855) to work on /home/airflow/.local/lib/python3.12/site-packages/airflow/example_dags/example_dataset_alias.py
[2024-11-06T00:11:24.708+0000] {processor.py:914} INFO - Processing file /home/airflow/.local/lib/python3.12/site-packages/airflow/example_dags/example_dataset_alias.py for tasks to queue
[2024-11-06T00:11:24.712+0000] {logging_mixin.py:190} INFO - [2024-11-06T00:11:24.712+0000] {dagbag.py:588} INFO - Filling up the DagBag from /home/airflow/.local/lib/python3.12/site-packages/airflow/example_dags/example_dataset_alias.py
[2024-11-06T00:11:25.646+0000] {processor.py:925} INFO - DAG(s) 'dataset_s3_bucket_producer', 'dataset_alias_example_alias_producer', 'dataset_s3_bucket_consumer', 'dataset_alias_example_alias_consumer' retrieved from /home/airflow/.local/lib/python3.12/site-packages/airflow/example_dags/example_dataset_alias.py
[2024-11-06T00:11:25.693+0000] {logging_mixin.py:190} INFO - [2024-11-06T00:11:25.692+0000] {dag.py:3239} INFO - Sync 4 DAGs
[2024-11-06T00:11:25.750+0000] {logging_mixin.py:190} INFO - [2024-11-06T00:11:25.749+0000] {dag.py:4180} INFO - Setting next_dagrun for dataset_alias_example_alias_consumer to None, run_after=None
[2024-11-06T00:11:25.755+0000] {logging_mixin.py:190} INFO - [2024-11-06T00:11:25.755+0000] {dag.py:4180} INFO - Setting next_dagrun for dataset_alias_example_alias_producer to None, run_after=None
[2024-11-06T00:11:25.761+0000] {logging_mixin.py:190} INFO - [2024-11-06T00:11:25.761+0000] {dag.py:4180} INFO - Setting next_dagrun for dataset_s3_bucket_consumer to None, run_after=None
[2024-11-06T00:11:25.765+0000] {logging_mixin.py:190} INFO - [2024-11-06T00:11:25.764+0000] {dag.py:4180} INFO - Setting next_dagrun for dataset_s3_bucket_producer to None, run_after=None
[2024-11-06T00:11:25.810+0000] {processor.py:208} INFO - Processing /home/airflow/.local/lib/python3.12/site-packages/airflow/example_dags/example_dataset_alias.py took 1.114 seconds
[2024-11-06T00:11:56.057+0000] {processor.py:186} INFO - Started process (PID=3919) to work on /home/airflow/.local/lib/python3.12/site-packages/airflow/example_dags/example_dataset_alias.py
[2024-11-06T00:11:56.059+0000] {processor.py:914} INFO - Processing file /home/airflow/.local/lib/python3.12/site-packages/airflow/example_dags/example_dataset_alias.py for tasks to queue
[2024-11-06T00:11:56.065+0000] {logging_mixin.py:190} INFO - [2024-11-06T00:11:56.064+0000] {dagbag.py:588} INFO - Filling up the DagBag from /home/airflow/.local/lib/python3.12/site-packages/airflow/example_dags/example_dataset_alias.py
[2024-11-06T00:11:56.875+0000] {processor.py:925} INFO - DAG(s) 'dataset_alias_example_alias_producer', 'dataset_s3_bucket_producer', 'dataset_s3_bucket_consumer', 'dataset_alias_example_alias_consumer' retrieved from /home/airflow/.local/lib/python3.12/site-packages/airflow/example_dags/example_dataset_alias.py
[2024-11-06T00:11:56.923+0000] {logging_mixin.py:190} INFO - [2024-11-06T00:11:56.922+0000] {dag.py:3239} INFO - Sync 4 DAGs
[2024-11-06T00:11:57.002+0000] {logging_mixin.py:190} INFO - [2024-11-06T00:11:57.001+0000] {dag.py:4180} INFO - Setting next_dagrun for dataset_alias_example_alias_consumer to None, run_after=None
[2024-11-06T00:11:57.009+0000] {logging_mixin.py:190} INFO - [2024-11-06T00:11:57.009+0000] {dag.py:4180} INFO - Setting next_dagrun for dataset_alias_example_alias_producer to None, run_after=None
[2024-11-06T00:11:57.014+0000] {logging_mixin.py:190} INFO - [2024-11-06T00:11:57.014+0000] {dag.py:4180} INFO - Setting next_dagrun for dataset_s3_bucket_consumer to None, run_after=None
[2024-11-06T00:11:57.018+0000] {logging_mixin.py:190} INFO - [2024-11-06T00:11:57.018+0000] {dag.py:4180} INFO - Setting next_dagrun for dataset_s3_bucket_producer to None, run_after=None
[2024-11-06T00:11:57.076+0000] {processor.py:208} INFO - Processing /home/airflow/.local/lib/python3.12/site-packages/airflow/example_dags/example_dataset_alias.py took 1.032 seconds
[2024-11-06T00:12:27.475+0000] {processor.py:186} INFO - Started process (PID=3983) to work on /home/airflow/.local/lib/python3.12/site-packages/airflow/example_dags/example_dataset_alias.py
[2024-11-06T00:12:27.477+0000] {processor.py:914} INFO - Processing file /home/airflow/.local/lib/python3.12/site-packages/airflow/example_dags/example_dataset_alias.py for tasks to queue
[2024-11-06T00:12:27.482+0000] {logging_mixin.py:190} INFO - [2024-11-06T00:12:27.481+0000] {dagbag.py:588} INFO - Filling up the DagBag from /home/airflow/.local/lib/python3.12/site-packages/airflow/example_dags/example_dataset_alias.py
[2024-11-06T00:12:28.252+0000] {processor.py:925} INFO - DAG(s) 'dataset_s3_bucket_producer', 'dataset_s3_bucket_consumer', 'dataset_alias_example_alias_consumer', 'dataset_alias_example_alias_producer' retrieved from /home/airflow/.local/lib/python3.12/site-packages/airflow/example_dags/example_dataset_alias.py
[2024-11-06T00:12:28.288+0000] {logging_mixin.py:190} INFO - [2024-11-06T00:12:28.287+0000] {dag.py:3239} INFO - Sync 4 DAGs
[2024-11-06T00:12:28.331+0000] {logging_mixin.py:190} INFO - [2024-11-06T00:12:28.331+0000] {dag.py:4180} INFO - Setting next_dagrun for dataset_alias_example_alias_consumer to None, run_after=None
[2024-11-06T00:12:28.337+0000] {logging_mixin.py:190} INFO - [2024-11-06T00:12:28.336+0000] {dag.py:4180} INFO - Setting next_dagrun for dataset_alias_example_alias_producer to None, run_after=None
[2024-11-06T00:12:28.342+0000] {logging_mixin.py:190} INFO - [2024-11-06T00:12:28.342+0000] {dag.py:4180} INFO - Setting next_dagrun for dataset_s3_bucket_consumer to None, run_after=None
[2024-11-06T00:12:28.346+0000] {logging_mixin.py:190} INFO - [2024-11-06T00:12:28.346+0000] {dag.py:4180} INFO - Setting next_dagrun for dataset_s3_bucket_producer to None, run_after=None
[2024-11-06T00:12:28.409+0000] {processor.py:208} INFO - Processing /home/airflow/.local/lib/python3.12/site-packages/airflow/example_dags/example_dataset_alias.py took 0.947 seconds
[2024-11-06T00:12:59.600+0000] {processor.py:186} INFO - Started process (PID=4050) to work on /home/airflow/.local/lib/python3.12/site-packages/airflow/example_dags/example_dataset_alias.py
[2024-11-06T00:12:59.602+0000] {processor.py:914} INFO - Processing file /home/airflow/.local/lib/python3.12/site-packages/airflow/example_dags/example_dataset_alias.py for tasks to queue
[2024-11-06T00:12:59.607+0000] {logging_mixin.py:190} INFO - [2024-11-06T00:12:59.606+0000] {dagbag.py:588} INFO - Filling up the DagBag from /home/airflow/.local/lib/python3.12/site-packages/airflow/example_dags/example_dataset_alias.py
[2024-11-06T00:13:00.414+0000] {processor.py:925} INFO - DAG(s) 'dataset_alias_example_alias_consumer', 'dataset_s3_bucket_consumer', 'dataset_alias_example_alias_producer', 'dataset_s3_bucket_producer' retrieved from /home/airflow/.local/lib/python3.12/site-packages/airflow/example_dags/example_dataset_alias.py
[2024-11-06T00:13:00.470+0000] {logging_mixin.py:190} INFO - [2024-11-06T00:13:00.469+0000] {dag.py:3239} INFO - Sync 4 DAGs
[2024-11-06T00:13:00.513+0000] {logging_mixin.py:190} INFO - [2024-11-06T00:13:00.512+0000] {dag.py:4180} INFO - Setting next_dagrun for dataset_alias_example_alias_consumer to None, run_after=None
[2024-11-06T00:13:00.518+0000] {logging_mixin.py:190} INFO - [2024-11-06T00:13:00.518+0000] {dag.py:4180} INFO - Setting next_dagrun for dataset_alias_example_alias_producer to None, run_after=None
[2024-11-06T00:13:00.521+0000] {logging_mixin.py:190} INFO - [2024-11-06T00:13:00.520+0000] {dag.py:4180} INFO - Setting next_dagrun for dataset_s3_bucket_consumer to None, run_after=None
[2024-11-06T00:13:00.523+0000] {logging_mixin.py:190} INFO - [2024-11-06T00:13:00.523+0000] {dag.py:4180} INFO - Setting next_dagrun for dataset_s3_bucket_producer to None, run_after=None
[2024-11-06T00:13:00.563+0000] {processor.py:208} INFO - Processing /home/airflow/.local/lib/python3.12/site-packages/airflow/example_dags/example_dataset_alias.py took 0.975 seconds
[2024-11-06T00:13:31.255+0000] {processor.py:186} INFO - Started process (PID=4117) to work on /home/airflow/.local/lib/python3.12/site-packages/airflow/example_dags/example_dataset_alias.py
[2024-11-06T00:13:31.257+0000] {processor.py:914} INFO - Processing file /home/airflow/.local/lib/python3.12/site-packages/airflow/example_dags/example_dataset_alias.py for tasks to queue
[2024-11-06T00:13:31.262+0000] {logging_mixin.py:190} INFO - [2024-11-06T00:13:31.261+0000] {dagbag.py:588} INFO - Filling up the DagBag from /home/airflow/.local/lib/python3.12/site-packages/airflow/example_dags/example_dataset_alias.py
[2024-11-06T00:13:31.939+0000] {processor.py:925} INFO - DAG(s) 'dataset_alias_example_alias_producer', 'dataset_alias_example_alias_consumer', 'dataset_s3_bucket_consumer', 'dataset_s3_bucket_producer' retrieved from /home/airflow/.local/lib/python3.12/site-packages/airflow/example_dags/example_dataset_alias.py
[2024-11-06T00:13:31.979+0000] {logging_mixin.py:190} INFO - [2024-11-06T00:13:31.978+0000] {dag.py:3239} INFO - Sync 4 DAGs
[2024-11-06T00:13:32.021+0000] {logging_mixin.py:190} INFO - [2024-11-06T00:13:32.020+0000] {dag.py:4180} INFO - Setting next_dagrun for dataset_alias_example_alias_consumer to None, run_after=None
[2024-11-06T00:13:32.026+0000] {logging_mixin.py:190} INFO - [2024-11-06T00:13:32.026+0000] {dag.py:4180} INFO - Setting next_dagrun for dataset_alias_example_alias_producer to None, run_after=None
[2024-11-06T00:13:32.030+0000] {logging_mixin.py:190} INFO - [2024-11-06T00:13:32.029+0000] {dag.py:4180} INFO - Setting next_dagrun for dataset_s3_bucket_consumer to None, run_after=None
[2024-11-06T00:13:32.032+0000] {logging_mixin.py:190} INFO - [2024-11-06T00:13:32.032+0000] {dag.py:4180} INFO - Setting next_dagrun for dataset_s3_bucket_producer to None, run_after=None
[2024-11-06T00:13:32.073+0000] {processor.py:208} INFO - Processing /home/airflow/.local/lib/python3.12/site-packages/airflow/example_dags/example_dataset_alias.py took 0.827 seconds
[2024-11-06T00:14:02.198+0000] {processor.py:186} INFO - Started process (PID=4185) to work on /home/airflow/.local/lib/python3.12/site-packages/airflow/example_dags/example_dataset_alias.py
[2024-11-06T00:14:02.200+0000] {processor.py:914} INFO - Processing file /home/airflow/.local/lib/python3.12/site-packages/airflow/example_dags/example_dataset_alias.py for tasks to queue
[2024-11-06T00:14:02.205+0000] {logging_mixin.py:190} INFO - [2024-11-06T00:14:02.205+0000] {dagbag.py:588} INFO - Filling up the DagBag from /home/airflow/.local/lib/python3.12/site-packages/airflow/example_dags/example_dataset_alias.py
[2024-11-06T00:14:02.897+0000] {processor.py:925} INFO - DAG(s) 'dataset_alias_example_alias_producer', 'dataset_s3_bucket_consumer', 'dataset_alias_example_alias_consumer', 'dataset_s3_bucket_producer' retrieved from /home/airflow/.local/lib/python3.12/site-packages/airflow/example_dags/example_dataset_alias.py
[2024-11-06T00:14:02.935+0000] {logging_mixin.py:190} INFO - [2024-11-06T00:14:02.934+0000] {dag.py:3239} INFO - Sync 4 DAGs
[2024-11-06T00:14:02.979+0000] {logging_mixin.py:190} INFO - [2024-11-06T00:14:02.979+0000] {dag.py:4180} INFO - Setting next_dagrun for dataset_alias_example_alias_consumer to None, run_after=None
[2024-11-06T00:14:02.984+0000] {logging_mixin.py:190} INFO - [2024-11-06T00:14:02.984+0000] {dag.py:4180} INFO - Setting next_dagrun for dataset_alias_example_alias_producer to None, run_after=None
[2024-11-06T00:14:02.987+0000] {logging_mixin.py:190} INFO - [2024-11-06T00:14:02.987+0000] {dag.py:4180} INFO - Setting next_dagrun for dataset_s3_bucket_consumer to None, run_after=None
[2024-11-06T00:14:02.989+0000] {logging_mixin.py:190} INFO - [2024-11-06T00:14:02.989+0000] {dag.py:4180} INFO - Setting next_dagrun for dataset_s3_bucket_producer to None, run_after=None
[2024-11-06T00:14:03.039+0000] {processor.py:208} INFO - Processing /home/airflow/.local/lib/python3.12/site-packages/airflow/example_dags/example_dataset_alias.py took 0.851 seconds
[2024-11-06T00:14:33.737+0000] {processor.py:186} INFO - Started process (PID=4250) to work on /home/airflow/.local/lib/python3.12/site-packages/airflow/example_dags/example_dataset_alias.py
[2024-11-06T00:14:33.738+0000] {processor.py:914} INFO - Processing file /home/airflow/.local/lib/python3.12/site-packages/airflow/example_dags/example_dataset_alias.py for tasks to queue
[2024-11-06T00:14:33.743+0000] {logging_mixin.py:190} INFO - [2024-11-06T00:14:33.743+0000] {dagbag.py:588} INFO - Filling up the DagBag from /home/airflow/.local/lib/python3.12/site-packages/airflow/example_dags/example_dataset_alias.py
[2024-11-06T00:14:34.450+0000] {processor.py:925} INFO - DAG(s) 'dataset_alias_example_alias_consumer', 'dataset_s3_bucket_producer', 'dataset_alias_example_alias_producer', 'dataset_s3_bucket_consumer' retrieved from /home/airflow/.local/lib/python3.12/site-packages/airflow/example_dags/example_dataset_alias.py
[2024-11-06T00:14:34.487+0000] {logging_mixin.py:190} INFO - [2024-11-06T00:14:34.485+0000] {dag.py:3239} INFO - Sync 4 DAGs
[2024-11-06T00:14:34.534+0000] {logging_mixin.py:190} INFO - [2024-11-06T00:14:34.534+0000] {dag.py:4180} INFO - Setting next_dagrun for dataset_alias_example_alias_consumer to None, run_after=None
[2024-11-06T00:14:34.539+0000] {logging_mixin.py:190} INFO - [2024-11-06T00:14:34.539+0000] {dag.py:4180} INFO - Setting next_dagrun for dataset_alias_example_alias_producer to None, run_after=None
[2024-11-06T00:14:34.542+0000] {logging_mixin.py:190} INFO - [2024-11-06T00:14:34.542+0000] {dag.py:4180} INFO - Setting next_dagrun for dataset_s3_bucket_consumer to None, run_after=None
[2024-11-06T00:14:34.545+0000] {logging_mixin.py:190} INFO - [2024-11-06T00:14:34.545+0000] {dag.py:4180} INFO - Setting next_dagrun for dataset_s3_bucket_producer to None, run_after=None
[2024-11-06T00:14:34.579+0000] {processor.py:208} INFO - Processing /home/airflow/.local/lib/python3.12/site-packages/airflow/example_dags/example_dataset_alias.py took 0.854 seconds
[2024-11-06T00:15:04.842+0000] {processor.py:186} INFO - Started process (PID=4315) to work on /home/airflow/.local/lib/python3.12/site-packages/airflow/example_dags/example_dataset_alias.py
[2024-11-06T00:15:04.844+0000] {processor.py:914} INFO - Processing file /home/airflow/.local/lib/python3.12/site-packages/airflow/example_dags/example_dataset_alias.py for tasks to queue
[2024-11-06T00:15:04.849+0000] {logging_mixin.py:190} INFO - [2024-11-06T00:15:04.848+0000] {dagbag.py:588} INFO - Filling up the DagBag from /home/airflow/.local/lib/python3.12/site-packages/airflow/example_dags/example_dataset_alias.py
[2024-11-06T00:15:05.506+0000] {processor.py:925} INFO - DAG(s) 'dataset_s3_bucket_consumer', 'dataset_s3_bucket_producer', 'dataset_alias_example_alias_consumer', 'dataset_alias_example_alias_producer' retrieved from /home/airflow/.local/lib/python3.12/site-packages/airflow/example_dags/example_dataset_alias.py
[2024-11-06T00:15:05.548+0000] {logging_mixin.py:190} INFO - [2024-11-06T00:15:05.547+0000] {dag.py:3239} INFO - Sync 4 DAGs
[2024-11-06T00:15:05.587+0000] {logging_mixin.py:190} INFO - [2024-11-06T00:15:05.587+0000] {dag.py:4180} INFO - Setting next_dagrun for dataset_alias_example_alias_consumer to None, run_after=None
[2024-11-06T00:15:05.592+0000] {logging_mixin.py:190} INFO - [2024-11-06T00:15:05.592+0000] {dag.py:4180} INFO - Setting next_dagrun for dataset_alias_example_alias_producer to None, run_after=None
[2024-11-06T00:15:05.595+0000] {logging_mixin.py:190} INFO - [2024-11-06T00:15:05.595+0000] {dag.py:4180} INFO - Setting next_dagrun for dataset_s3_bucket_consumer to None, run_after=None
[2024-11-06T00:15:05.597+0000] {logging_mixin.py:190} INFO - [2024-11-06T00:15:05.597+0000] {dag.py:4180} INFO - Setting next_dagrun for dataset_s3_bucket_producer to None, run_after=None
[2024-11-06T00:15:05.631+0000] {processor.py:208} INFO - Processing /home/airflow/.local/lib/python3.12/site-packages/airflow/example_dags/example_dataset_alias.py took 0.799 seconds
[2024-11-06T00:15:36.535+0000] {processor.py:186} INFO - Started process (PID=4381) to work on /home/airflow/.local/lib/python3.12/site-packages/airflow/example_dags/example_dataset_alias.py
[2024-11-06T00:15:36.537+0000] {processor.py:914} INFO - Processing file /home/airflow/.local/lib/python3.12/site-packages/airflow/example_dags/example_dataset_alias.py for tasks to queue
[2024-11-06T00:15:36.541+0000] {logging_mixin.py:190} INFO - [2024-11-06T00:15:36.541+0000] {dagbag.py:588} INFO - Filling up the DagBag from /home/airflow/.local/lib/python3.12/site-packages/airflow/example_dags/example_dataset_alias.py
[2024-11-06T00:15:37.413+0000] {processor.py:925} INFO - DAG(s) 'dataset_alias_example_alias_consumer', 'dataset_alias_example_alias_producer', 'dataset_s3_bucket_consumer', 'dataset_s3_bucket_producer' retrieved from /home/airflow/.local/lib/python3.12/site-packages/airflow/example_dags/example_dataset_alias.py
[2024-11-06T00:15:37.450+0000] {logging_mixin.py:190} INFO - [2024-11-06T00:15:37.449+0000] {dag.py:3239} INFO - Sync 4 DAGs
[2024-11-06T00:15:37.487+0000] {logging_mixin.py:190} INFO - [2024-11-06T00:15:37.487+0000] {dag.py:4180} INFO - Setting next_dagrun for dataset_alias_example_alias_consumer to None, run_after=None
[2024-11-06T00:15:37.492+0000] {logging_mixin.py:190} INFO - [2024-11-06T00:15:37.491+0000] {dag.py:4180} INFO - Setting next_dagrun for dataset_alias_example_alias_producer to None, run_after=None
[2024-11-06T00:15:37.494+0000] {logging_mixin.py:190} INFO - [2024-11-06T00:15:37.494+0000] {dag.py:4180} INFO - Setting next_dagrun for dataset_s3_bucket_consumer to None, run_after=None
[2024-11-06T00:15:37.496+0000] {logging_mixin.py:190} INFO - [2024-11-06T00:15:37.495+0000] {dag.py:4180} INFO - Setting next_dagrun for dataset_s3_bucket_producer to None, run_after=None
[2024-11-06T00:15:37.528+0000] {processor.py:208} INFO - Processing /home/airflow/.local/lib/python3.12/site-packages/airflow/example_dags/example_dataset_alias.py took 1.002 seconds
[2024-11-06T00:16:08.316+0000] {processor.py:186} INFO - Started process (PID=4446) to work on /home/airflow/.local/lib/python3.12/site-packages/airflow/example_dags/example_dataset_alias.py
[2024-11-06T00:16:08.320+0000] {processor.py:914} INFO - Processing file /home/airflow/.local/lib/python3.12/site-packages/airflow/example_dags/example_dataset_alias.py for tasks to queue
[2024-11-06T00:16:08.326+0000] {logging_mixin.py:190} INFO - [2024-11-06T00:16:08.325+0000] {dagbag.py:588} INFO - Filling up the DagBag from /home/airflow/.local/lib/python3.12/site-packages/airflow/example_dags/example_dataset_alias.py
[2024-11-06T00:16:09.085+0000] {processor.py:925} INFO - DAG(s) 'dataset_alias_example_alias_consumer', 'dataset_s3_bucket_consumer', 'dataset_s3_bucket_producer', 'dataset_alias_example_alias_producer' retrieved from /home/airflow/.local/lib/python3.12/site-packages/airflow/example_dags/example_dataset_alias.py
[2024-11-06T00:16:09.128+0000] {logging_mixin.py:190} INFO - [2024-11-06T00:16:09.127+0000] {dag.py:3239} INFO - Sync 4 DAGs
[2024-11-06T00:16:09.165+0000] {logging_mixin.py:190} INFO - [2024-11-06T00:16:09.164+0000] {dag.py:4180} INFO - Setting next_dagrun for dataset_alias_example_alias_consumer to None, run_after=None
[2024-11-06T00:16:09.171+0000] {logging_mixin.py:190} INFO - [2024-11-06T00:16:09.170+0000] {dag.py:4180} INFO - Setting next_dagrun for dataset_alias_example_alias_producer to None, run_after=None
[2024-11-06T00:16:09.174+0000] {logging_mixin.py:190} INFO - [2024-11-06T00:16:09.174+0000] {dag.py:4180} INFO - Setting next_dagrun for dataset_s3_bucket_consumer to None, run_after=None
[2024-11-06T00:16:09.176+0000] {logging_mixin.py:190} INFO - [2024-11-06T00:16:09.176+0000] {dag.py:4180} INFO - Setting next_dagrun for dataset_s3_bucket_producer to None, run_after=None
[2024-11-06T00:16:09.228+0000] {processor.py:208} INFO - Processing /home/airflow/.local/lib/python3.12/site-packages/airflow/example_dags/example_dataset_alias.py took 0.921 seconds
[2024-11-06T00:18:28.214+0000] {processor.py:186} INFO - Started process (PID=63) to work on /home/airflow/.local/lib/python3.12/site-packages/airflow/example_dags/example_dataset_alias.py
[2024-11-06T00:18:28.216+0000] {processor.py:914} INFO - Processing file /home/airflow/.local/lib/python3.12/site-packages/airflow/example_dags/example_dataset_alias.py for tasks to queue
[2024-11-06T00:18:28.221+0000] {logging_mixin.py:190} INFO - [2024-11-06T00:18:28.220+0000] {dagbag.py:588} INFO - Filling up the DagBag from /home/airflow/.local/lib/python3.12/site-packages/airflow/example_dags/example_dataset_alias.py
[2024-11-06T00:18:29.269+0000] {processor.py:925} INFO - DAG(s) 'dataset_s3_bucket_consumer', 'dataset_alias_example_alias_producer', 'dataset_s3_bucket_producer', 'dataset_alias_example_alias_consumer' retrieved from /home/airflow/.local/lib/python3.12/site-packages/airflow/example_dags/example_dataset_alias.py
[2024-11-06T00:18:29.311+0000] {logging_mixin.py:190} INFO - [2024-11-06T00:18:29.310+0000] {dag.py:3239} INFO - Sync 4 DAGs
[2024-11-06T00:18:29.348+0000] {logging_mixin.py:190} INFO - [2024-11-06T00:18:29.347+0000] {dag.py:4180} INFO - Setting next_dagrun for dataset_alias_example_alias_consumer to None, run_after=None
[2024-11-06T00:18:29.353+0000] {logging_mixin.py:190} INFO - [2024-11-06T00:18:29.352+0000] {dag.py:4180} INFO - Setting next_dagrun for dataset_alias_example_alias_producer to None, run_after=None
[2024-11-06T00:18:29.357+0000] {logging_mixin.py:190} INFO - [2024-11-06T00:18:29.357+0000] {dag.py:4180} INFO - Setting next_dagrun for dataset_s3_bucket_consumer to None, run_after=None
[2024-11-06T00:18:29.360+0000] {logging_mixin.py:190} INFO - [2024-11-06T00:18:29.360+0000] {dag.py:4180} INFO - Setting next_dagrun for dataset_s3_bucket_producer to None, run_after=None
[2024-11-06T00:18:29.397+0000] {processor.py:208} INFO - Processing /home/airflow/.local/lib/python3.12/site-packages/airflow/example_dags/example_dataset_alias.py took 1.191 seconds
[2024-11-06T00:19:00.435+0000] {processor.py:186} INFO - Started process (PID=127) to work on /home/airflow/.local/lib/python3.12/site-packages/airflow/example_dags/example_dataset_alias.py
[2024-11-06T00:19:00.437+0000] {processor.py:914} INFO - Processing file /home/airflow/.local/lib/python3.12/site-packages/airflow/example_dags/example_dataset_alias.py for tasks to queue
[2024-11-06T00:19:00.444+0000] {logging_mixin.py:190} INFO - [2024-11-06T00:19:00.443+0000] {dagbag.py:588} INFO - Filling up the DagBag from /home/airflow/.local/lib/python3.12/site-packages/airflow/example_dags/example_dataset_alias.py
[2024-11-06T00:19:01.717+0000] {processor.py:925} INFO - DAG(s) 'dataset_s3_bucket_consumer', 'dataset_alias_example_alias_consumer', 'dataset_alias_example_alias_producer', 'dataset_s3_bucket_producer' retrieved from /home/airflow/.local/lib/python3.12/site-packages/airflow/example_dags/example_dataset_alias.py
[2024-11-06T00:19:01.774+0000] {logging_mixin.py:190} INFO - [2024-11-06T00:19:01.773+0000] {dag.py:3239} INFO - Sync 4 DAGs
[2024-11-06T00:19:01.840+0000] {logging_mixin.py:190} INFO - [2024-11-06T00:19:01.840+0000] {dag.py:4180} INFO - Setting next_dagrun for dataset_alias_example_alias_consumer to None, run_after=None
[2024-11-06T00:19:01.846+0000] {logging_mixin.py:190} INFO - [2024-11-06T00:19:01.846+0000] {dag.py:4180} INFO - Setting next_dagrun for dataset_alias_example_alias_producer to None, run_after=None
[2024-11-06T00:19:01.851+0000] {logging_mixin.py:190} INFO - [2024-11-06T00:19:01.850+0000] {dag.py:4180} INFO - Setting next_dagrun for dataset_s3_bucket_consumer to None, run_after=None
[2024-11-06T00:19:01.855+0000] {logging_mixin.py:190} INFO - [2024-11-06T00:19:01.854+0000] {dag.py:4180} INFO - Setting next_dagrun for dataset_s3_bucket_producer to None, run_after=None
[2024-11-06T00:19:01.903+0000] {processor.py:208} INFO - Processing /home/airflow/.local/lib/python3.12/site-packages/airflow/example_dags/example_dataset_alias.py took 1.480 seconds
[2024-11-06T00:19:32.516+0000] {processor.py:186} INFO - Started process (PID=202) to work on /home/airflow/.local/lib/python3.12/site-packages/airflow/example_dags/example_dataset_alias.py
[2024-11-06T00:19:32.518+0000] {processor.py:914} INFO - Processing file /home/airflow/.local/lib/python3.12/site-packages/airflow/example_dags/example_dataset_alias.py for tasks to queue
[2024-11-06T00:19:32.524+0000] {logging_mixin.py:190} INFO - [2024-11-06T00:19:32.523+0000] {dagbag.py:588} INFO - Filling up the DagBag from /home/airflow/.local/lib/python3.12/site-packages/airflow/example_dags/example_dataset_alias.py
[2024-11-06T00:19:33.656+0000] {processor.py:925} INFO - DAG(s) 'dataset_alias_example_alias_consumer', 'dataset_s3_bucket_consumer', 'dataset_s3_bucket_producer', 'dataset_alias_example_alias_producer' retrieved from /home/airflow/.local/lib/python3.12/site-packages/airflow/example_dags/example_dataset_alias.py
[2024-11-06T00:19:33.694+0000] {logging_mixin.py:190} INFO - [2024-11-06T00:19:33.692+0000] {dag.py:3239} INFO - Sync 4 DAGs
[2024-11-06T00:19:33.730+0000] {logging_mixin.py:190} INFO - [2024-11-06T00:19:33.730+0000] {dag.py:4180} INFO - Setting next_dagrun for dataset_alias_example_alias_consumer to None, run_after=None
[2024-11-06T00:19:33.735+0000] {logging_mixin.py:190} INFO - [2024-11-06T00:19:33.735+0000] {dag.py:4180} INFO - Setting next_dagrun for dataset_alias_example_alias_producer to None, run_after=None
[2024-11-06T00:19:33.741+0000] {logging_mixin.py:190} INFO - [2024-11-06T00:19:33.740+0000] {dag.py:4180} INFO - Setting next_dagrun for dataset_s3_bucket_consumer to None, run_after=None
[2024-11-06T00:19:33.744+0000] {logging_mixin.py:190} INFO - [2024-11-06T00:19:33.744+0000] {dag.py:4180} INFO - Setting next_dagrun for dataset_s3_bucket_producer to None, run_after=None
[2024-11-06T00:19:33.786+0000] {processor.py:208} INFO - Processing /home/airflow/.local/lib/python3.12/site-packages/airflow/example_dags/example_dataset_alias.py took 1.289 seconds
[2024-11-06T00:20:04.663+0000] {processor.py:186} INFO - Started process (PID=270) to work on /home/airflow/.local/lib/python3.12/site-packages/airflow/example_dags/example_dataset_alias.py
[2024-11-06T00:20:04.666+0000] {processor.py:914} INFO - Processing file /home/airflow/.local/lib/python3.12/site-packages/airflow/example_dags/example_dataset_alias.py for tasks to queue
[2024-11-06T00:20:04.671+0000] {logging_mixin.py:190} INFO - [2024-11-06T00:20:04.670+0000] {dagbag.py:588} INFO - Filling up the DagBag from /home/airflow/.local/lib/python3.12/site-packages/airflow/example_dags/example_dataset_alias.py
[2024-11-06T00:20:05.845+0000] {processor.py:925} INFO - DAG(s) 'dataset_alias_example_alias_consumer', 'dataset_alias_example_alias_producer', 'dataset_s3_bucket_consumer', 'dataset_s3_bucket_producer' retrieved from /home/airflow/.local/lib/python3.12/site-packages/airflow/example_dags/example_dataset_alias.py
[2024-11-06T00:20:05.891+0000] {logging_mixin.py:190} INFO - [2024-11-06T00:20:05.890+0000] {dag.py:3239} INFO - Sync 4 DAGs
[2024-11-06T00:20:05.948+0000] {logging_mixin.py:190} INFO - [2024-11-06T00:20:05.948+0000] {dag.py:4180} INFO - Setting next_dagrun for dataset_alias_example_alias_consumer to None, run_after=None
[2024-11-06T00:20:05.956+0000] {logging_mixin.py:190} INFO - [2024-11-06T00:20:05.956+0000] {dag.py:4180} INFO - Setting next_dagrun for dataset_alias_example_alias_producer to None, run_after=None
[2024-11-06T00:20:05.961+0000] {logging_mixin.py:190} INFO - [2024-11-06T00:20:05.960+0000] {dag.py:4180} INFO - Setting next_dagrun for dataset_s3_bucket_consumer to None, run_after=None
[2024-11-06T00:20:05.964+0000] {logging_mixin.py:190} INFO - [2024-11-06T00:20:05.964+0000] {dag.py:4180} INFO - Setting next_dagrun for dataset_s3_bucket_producer to None, run_after=None
[2024-11-06T00:20:06.047+0000] {processor.py:208} INFO - Processing /home/airflow/.local/lib/python3.12/site-packages/airflow/example_dags/example_dataset_alias.py took 1.400 seconds
[2024-11-06T00:20:36.427+0000] {processor.py:186} INFO - Started process (PID=338) to work on /home/airflow/.local/lib/python3.12/site-packages/airflow/example_dags/example_dataset_alias.py
[2024-11-06T00:20:36.428+0000] {processor.py:914} INFO - Processing file /home/airflow/.local/lib/python3.12/site-packages/airflow/example_dags/example_dataset_alias.py for tasks to queue
[2024-11-06T00:20:36.432+0000] {logging_mixin.py:190} INFO - [2024-11-06T00:20:36.432+0000] {dagbag.py:588} INFO - Filling up the DagBag from /home/airflow/.local/lib/python3.12/site-packages/airflow/example_dags/example_dataset_alias.py
[2024-11-06T00:20:37.464+0000] {processor.py:925} INFO - DAG(s) 'dataset_s3_bucket_producer', 'dataset_alias_example_alias_consumer', 'dataset_alias_example_alias_producer', 'dataset_s3_bucket_consumer' retrieved from /home/airflow/.local/lib/python3.12/site-packages/airflow/example_dags/example_dataset_alias.py
[2024-11-06T00:20:37.511+0000] {logging_mixin.py:190} INFO - [2024-11-06T00:20:37.510+0000] {dag.py:3239} INFO - Sync 4 DAGs
[2024-11-06T00:20:37.551+0000] {logging_mixin.py:190} INFO - [2024-11-06T00:20:37.551+0000] {dag.py:4180} INFO - Setting next_dagrun for dataset_alias_example_alias_consumer to None, run_after=None
[2024-11-06T00:20:37.557+0000] {logging_mixin.py:190} INFO - [2024-11-06T00:20:37.556+0000] {dag.py:4180} INFO - Setting next_dagrun for dataset_alias_example_alias_producer to None, run_after=None
[2024-11-06T00:20:37.560+0000] {logging_mixin.py:190} INFO - [2024-11-06T00:20:37.560+0000] {dag.py:4180} INFO - Setting next_dagrun for dataset_s3_bucket_consumer to None, run_after=None
[2024-11-06T00:20:37.563+0000] {logging_mixin.py:190} INFO - [2024-11-06T00:20:37.563+0000] {dag.py:4180} INFO - Setting next_dagrun for dataset_s3_bucket_producer to None, run_after=None
[2024-11-06T00:20:37.598+0000] {processor.py:208} INFO - Processing /home/airflow/.local/lib/python3.12/site-packages/airflow/example_dags/example_dataset_alias.py took 1.182 seconds
[2024-11-06T00:21:07.685+0000] {processor.py:186} INFO - Started process (PID=395) to work on /home/airflow/.local/lib/python3.12/site-packages/airflow/example_dags/example_dataset_alias.py
[2024-11-06T00:21:07.687+0000] {processor.py:914} INFO - Processing file /home/airflow/.local/lib/python3.12/site-packages/airflow/example_dags/example_dataset_alias.py for tasks to queue
[2024-11-06T00:21:07.694+0000] {logging_mixin.py:190} INFO - [2024-11-06T00:21:07.693+0000] {dagbag.py:588} INFO - Filling up the DagBag from /home/airflow/.local/lib/python3.12/site-packages/airflow/example_dags/example_dataset_alias.py
[2024-11-06T00:21:08.713+0000] {processor.py:925} INFO - DAG(s) 'dataset_s3_bucket_producer', 'dataset_alias_example_alias_producer', 'dataset_alias_example_alias_consumer', 'dataset_s3_bucket_consumer' retrieved from /home/airflow/.local/lib/python3.12/site-packages/airflow/example_dags/example_dataset_alias.py
[2024-11-06T00:21:08.753+0000] {logging_mixin.py:190} INFO - [2024-11-06T00:21:08.752+0000] {dag.py:3239} INFO - Sync 4 DAGs
[2024-11-06T00:21:08.816+0000] {logging_mixin.py:190} INFO - [2024-11-06T00:21:08.815+0000] {dag.py:4180} INFO - Setting next_dagrun for dataset_alias_example_alias_consumer to None, run_after=None
[2024-11-06T00:21:08.824+0000] {logging_mixin.py:190} INFO - [2024-11-06T00:21:08.824+0000] {dag.py:4180} INFO - Setting next_dagrun for dataset_alias_example_alias_producer to None, run_after=None
[2024-11-06T00:21:08.829+0000] {logging_mixin.py:190} INFO - [2024-11-06T00:21:08.828+0000] {dag.py:4180} INFO - Setting next_dagrun for dataset_s3_bucket_consumer to None, run_after=None
[2024-11-06T00:21:08.832+0000] {logging_mixin.py:190} INFO - [2024-11-06T00:21:08.832+0000] {dag.py:4180} INFO - Setting next_dagrun for dataset_s3_bucket_producer to None, run_after=None
[2024-11-06T00:21:08.891+0000] {processor.py:208} INFO - Processing /home/airflow/.local/lib/python3.12/site-packages/airflow/example_dags/example_dataset_alias.py took 1.216 seconds
[2024-11-06T00:21:39.863+0000] {processor.py:186} INFO - Started process (PID=460) to work on /home/airflow/.local/lib/python3.12/site-packages/airflow/example_dags/example_dataset_alias.py
[2024-11-06T00:21:39.865+0000] {processor.py:914} INFO - Processing file /home/airflow/.local/lib/python3.12/site-packages/airflow/example_dags/example_dataset_alias.py for tasks to queue
[2024-11-06T00:21:39.870+0000] {logging_mixin.py:190} INFO - [2024-11-06T00:21:39.869+0000] {dagbag.py:588} INFO - Filling up the DagBag from /home/airflow/.local/lib/python3.12/site-packages/airflow/example_dags/example_dataset_alias.py
[2024-11-06T00:21:40.983+0000] {processor.py:925} INFO - DAG(s) 'dataset_s3_bucket_producer', 'dataset_s3_bucket_consumer', 'dataset_alias_example_alias_producer', 'dataset_alias_example_alias_consumer' retrieved from /home/airflow/.local/lib/python3.12/site-packages/airflow/example_dags/example_dataset_alias.py
[2024-11-06T00:21:41.023+0000] {logging_mixin.py:190} INFO - [2024-11-06T00:21:41.023+0000] {dag.py:3239} INFO - Sync 4 DAGs
[2024-11-06T00:21:41.072+0000] {logging_mixin.py:190} INFO - [2024-11-06T00:21:41.071+0000] {dag.py:4180} INFO - Setting next_dagrun for dataset_alias_example_alias_consumer to None, run_after=None
[2024-11-06T00:21:41.082+0000] {logging_mixin.py:190} INFO - [2024-11-06T00:21:41.080+0000] {dag.py:4180} INFO - Setting next_dagrun for dataset_alias_example_alias_producer to None, run_after=None
[2024-11-06T00:21:41.090+0000] {logging_mixin.py:190} INFO - [2024-11-06T00:21:41.089+0000] {dag.py:4180} INFO - Setting next_dagrun for dataset_s3_bucket_consumer to None, run_after=None
[2024-11-06T00:21:41.093+0000] {logging_mixin.py:190} INFO - [2024-11-06T00:21:41.092+0000] {dag.py:4180} INFO - Setting next_dagrun for dataset_s3_bucket_producer to None, run_after=None
[2024-11-06T00:21:41.138+0000] {processor.py:208} INFO - Processing /home/airflow/.local/lib/python3.12/site-packages/airflow/example_dags/example_dataset_alias.py took 1.287 seconds
[2024-11-06T00:23:41.228+0000] {processor.py:186} INFO - Started process (PID=62) to work on /home/airflow/.local/lib/python3.12/site-packages/airflow/example_dags/example_dataset_alias.py
[2024-11-06T00:23:41.234+0000] {processor.py:914} INFO - Processing file /home/airflow/.local/lib/python3.12/site-packages/airflow/example_dags/example_dataset_alias.py for tasks to queue
[2024-11-06T00:23:41.238+0000] {logging_mixin.py:190} INFO - [2024-11-06T00:23:41.238+0000] {dagbag.py:588} INFO - Filling up the DagBag from /home/airflow/.local/lib/python3.12/site-packages/airflow/example_dags/example_dataset_alias.py
[2024-11-06T00:23:42.267+0000] {processor.py:925} INFO - DAG(s) 'dataset_alias_example_alias_consumer', 'dataset_s3_bucket_consumer', 'dataset_alias_example_alias_producer', 'dataset_s3_bucket_producer' retrieved from /home/airflow/.local/lib/python3.12/site-packages/airflow/example_dags/example_dataset_alias.py
[2024-11-06T00:23:42.314+0000] {logging_mixin.py:190} INFO - [2024-11-06T00:23:42.313+0000] {dag.py:3239} INFO - Sync 4 DAGs
[2024-11-06T00:23:42.355+0000] {logging_mixin.py:190} INFO - [2024-11-06T00:23:42.355+0000] {dag.py:4180} INFO - Setting next_dagrun for dataset_alias_example_alias_consumer to None, run_after=None
[2024-11-06T00:23:42.360+0000] {logging_mixin.py:190} INFO - [2024-11-06T00:23:42.359+0000] {dag.py:4180} INFO - Setting next_dagrun for dataset_alias_example_alias_producer to None, run_after=None
[2024-11-06T00:23:42.362+0000] {logging_mixin.py:190} INFO - [2024-11-06T00:23:42.362+0000] {dag.py:4180} INFO - Setting next_dagrun for dataset_s3_bucket_consumer to None, run_after=None
[2024-11-06T00:23:42.365+0000] {logging_mixin.py:190} INFO - [2024-11-06T00:23:42.364+0000] {dag.py:4180} INFO - Setting next_dagrun for dataset_s3_bucket_producer to None, run_after=None
[2024-11-06T00:23:42.402+0000] {processor.py:208} INFO - Processing /home/airflow/.local/lib/python3.12/site-packages/airflow/example_dags/example_dataset_alias.py took 1.182 seconds
[2024-11-06T00:24:13.712+0000] {processor.py:186} INFO - Started process (PID=130) to work on /home/airflow/.local/lib/python3.12/site-packages/airflow/example_dags/example_dataset_alias.py
[2024-11-06T00:24:13.714+0000] {processor.py:914} INFO - Processing file /home/airflow/.local/lib/python3.12/site-packages/airflow/example_dags/example_dataset_alias.py for tasks to queue
[2024-11-06T00:24:13.717+0000] {logging_mixin.py:190} INFO - [2024-11-06T00:24:13.717+0000] {dagbag.py:588} INFO - Filling up the DagBag from /home/airflow/.local/lib/python3.12/site-packages/airflow/example_dags/example_dataset_alias.py
[2024-11-06T00:24:14.785+0000] {processor.py:925} INFO - DAG(s) 'dataset_alias_example_alias_producer', 'dataset_s3_bucket_producer', 'dataset_s3_bucket_consumer', 'dataset_alias_example_alias_consumer' retrieved from /home/airflow/.local/lib/python3.12/site-packages/airflow/example_dags/example_dataset_alias.py
[2024-11-06T00:24:14.826+0000] {logging_mixin.py:190} INFO - [2024-11-06T00:24:14.825+0000] {dag.py:3239} INFO - Sync 4 DAGs
[2024-11-06T00:24:14.867+0000] {logging_mixin.py:190} INFO - [2024-11-06T00:24:14.867+0000] {dag.py:4180} INFO - Setting next_dagrun for dataset_alias_example_alias_consumer to None, run_after=None
[2024-11-06T00:24:14.874+0000] {logging_mixin.py:190} INFO - [2024-11-06T00:24:14.873+0000] {dag.py:4180} INFO - Setting next_dagrun for dataset_alias_example_alias_producer to None, run_after=None
[2024-11-06T00:24:14.877+0000] {logging_mixin.py:190} INFO - [2024-11-06T00:24:14.877+0000] {dag.py:4180} INFO - Setting next_dagrun for dataset_s3_bucket_consumer to None, run_after=None
[2024-11-06T00:24:14.880+0000] {logging_mixin.py:190} INFO - [2024-11-06T00:24:14.879+0000] {dag.py:4180} INFO - Setting next_dagrun for dataset_s3_bucket_producer to None, run_after=None
[2024-11-06T00:24:14.919+0000] {processor.py:208} INFO - Processing /home/airflow/.local/lib/python3.12/site-packages/airflow/example_dags/example_dataset_alias.py took 1.215 seconds
[2024-11-06T00:26:18.243+0000] {processor.py:186} INFO - Started process (PID=62) to work on /home/airflow/.local/lib/python3.12/site-packages/airflow/example_dags/example_dataset_alias.py
[2024-11-06T00:26:18.246+0000] {processor.py:914} INFO - Processing file /home/airflow/.local/lib/python3.12/site-packages/airflow/example_dags/example_dataset_alias.py for tasks to queue
[2024-11-06T00:26:18.250+0000] {logging_mixin.py:190} INFO - [2024-11-06T00:26:18.249+0000] {dagbag.py:588} INFO - Filling up the DagBag from /home/airflow/.local/lib/python3.12/site-packages/airflow/example_dags/example_dataset_alias.py
[2024-11-06T00:26:19.245+0000] {processor.py:925} INFO - DAG(s) 'dataset_alias_example_alias_producer', 'dataset_alias_example_alias_consumer', 'dataset_s3_bucket_consumer', 'dataset_s3_bucket_producer' retrieved from /home/airflow/.local/lib/python3.12/site-packages/airflow/example_dags/example_dataset_alias.py
[2024-11-06T00:26:19.301+0000] {logging_mixin.py:190} INFO - [2024-11-06T00:26:19.300+0000] {dag.py:3239} INFO - Sync 4 DAGs
[2024-11-06T00:26:19.340+0000] {logging_mixin.py:190} INFO - [2024-11-06T00:26:19.339+0000] {dag.py:4180} INFO - Setting next_dagrun for dataset_alias_example_alias_consumer to None, run_after=None
[2024-11-06T00:26:19.345+0000] {logging_mixin.py:190} INFO - [2024-11-06T00:26:19.344+0000] {dag.py:4180} INFO - Setting next_dagrun for dataset_alias_example_alias_producer to None, run_after=None
[2024-11-06T00:26:19.348+0000] {logging_mixin.py:190} INFO - [2024-11-06T00:26:19.347+0000] {dag.py:4180} INFO - Setting next_dagrun for dataset_s3_bucket_consumer to None, run_after=None
[2024-11-06T00:26:19.351+0000] {logging_mixin.py:190} INFO - [2024-11-06T00:26:19.351+0000] {dag.py:4180} INFO - Setting next_dagrun for dataset_s3_bucket_producer to None, run_after=None
[2024-11-06T00:26:19.393+0000] {processor.py:208} INFO - Processing /home/airflow/.local/lib/python3.12/site-packages/airflow/example_dags/example_dataset_alias.py took 1.160 seconds
[2024-11-06T00:26:50.673+0000] {processor.py:186} INFO - Started process (PID=128) to work on /home/airflow/.local/lib/python3.12/site-packages/airflow/example_dags/example_dataset_alias.py
[2024-11-06T00:26:50.675+0000] {processor.py:914} INFO - Processing file /home/airflow/.local/lib/python3.12/site-packages/airflow/example_dags/example_dataset_alias.py for tasks to queue
[2024-11-06T00:26:50.678+0000] {logging_mixin.py:190} INFO - [2024-11-06T00:26:50.678+0000] {dagbag.py:588} INFO - Filling up the DagBag from /home/airflow/.local/lib/python3.12/site-packages/airflow/example_dags/example_dataset_alias.py
[2024-11-06T00:26:51.638+0000] {processor.py:925} INFO - DAG(s) 'dataset_alias_example_alias_consumer', 'dataset_s3_bucket_consumer', 'dataset_alias_example_alias_producer', 'dataset_s3_bucket_producer' retrieved from /home/airflow/.local/lib/python3.12/site-packages/airflow/example_dags/example_dataset_alias.py
[2024-11-06T00:26:51.673+0000] {logging_mixin.py:190} INFO - [2024-11-06T00:26:51.672+0000] {dag.py:3239} INFO - Sync 4 DAGs
[2024-11-06T00:26:51.730+0000] {logging_mixin.py:190} INFO - [2024-11-06T00:26:51.729+0000] {dag.py:4180} INFO - Setting next_dagrun for dataset_alias_example_alias_consumer to None, run_after=None
[2024-11-06T00:26:51.739+0000] {logging_mixin.py:190} INFO - [2024-11-06T00:26:51.738+0000] {dag.py:4180} INFO - Setting next_dagrun for dataset_alias_example_alias_producer to None, run_after=None
[2024-11-06T00:26:51.742+0000] {logging_mixin.py:190} INFO - [2024-11-06T00:26:51.742+0000] {dag.py:4180} INFO - Setting next_dagrun for dataset_s3_bucket_consumer to None, run_after=None
[2024-11-06T00:26:51.747+0000] {logging_mixin.py:190} INFO - [2024-11-06T00:26:51.746+0000] {dag.py:4180} INFO - Setting next_dagrun for dataset_s3_bucket_producer to None, run_after=None
[2024-11-06T00:26:51.820+0000] {processor.py:208} INFO - Processing /home/airflow/.local/lib/python3.12/site-packages/airflow/example_dags/example_dataset_alias.py took 1.155 seconds
[2024-11-06T00:27:22.946+0000] {processor.py:186} INFO - Started process (PID=195) to work on /home/airflow/.local/lib/python3.12/site-packages/airflow/example_dags/example_dataset_alias.py
[2024-11-06T00:27:22.949+0000] {processor.py:914} INFO - Processing file /home/airflow/.local/lib/python3.12/site-packages/airflow/example_dags/example_dataset_alias.py for tasks to queue
[2024-11-06T00:27:22.952+0000] {logging_mixin.py:190} INFO - [2024-11-06T00:27:22.952+0000] {dagbag.py:588} INFO - Filling up the DagBag from /home/airflow/.local/lib/python3.12/site-packages/airflow/example_dags/example_dataset_alias.py
[2024-11-06T00:27:24.069+0000] {processor.py:925} INFO - DAG(s) 'dataset_s3_bucket_producer', 'dataset_s3_bucket_consumer', 'dataset_alias_example_alias_producer', 'dataset_alias_example_alias_consumer' retrieved from /home/airflow/.local/lib/python3.12/site-packages/airflow/example_dags/example_dataset_alias.py
[2024-11-06T00:27:24.107+0000] {logging_mixin.py:190} INFO - [2024-11-06T00:27:24.106+0000] {dag.py:3239} INFO - Sync 4 DAGs
[2024-11-06T00:27:24.146+0000] {logging_mixin.py:190} INFO - [2024-11-06T00:27:24.146+0000] {dag.py:4180} INFO - Setting next_dagrun for dataset_alias_example_alias_consumer to None, run_after=None
[2024-11-06T00:27:24.152+0000] {logging_mixin.py:190} INFO - [2024-11-06T00:27:24.151+0000] {dag.py:4180} INFO - Setting next_dagrun for dataset_alias_example_alias_producer to None, run_after=None
[2024-11-06T00:27:24.154+0000] {logging_mixin.py:190} INFO - [2024-11-06T00:27:24.154+0000] {dag.py:4180} INFO - Setting next_dagrun for dataset_s3_bucket_consumer to None, run_after=None
[2024-11-06T00:27:24.156+0000] {logging_mixin.py:190} INFO - [2024-11-06T00:27:24.156+0000] {dag.py:4180} INFO - Setting next_dagrun for dataset_s3_bucket_producer to None, run_after=None
[2024-11-06T00:27:24.208+0000] {processor.py:208} INFO - Processing /home/airflow/.local/lib/python3.12/site-packages/airflow/example_dags/example_dataset_alias.py took 1.272 seconds
