[2024-11-06T00:00:11.168+0000] {processor.py:186} INFO - Started process (PID=2475) to work on /home/airflow/.local/lib/python3.12/site-packages/airflow/example_dags/example_latest_only_with_trigger.py
[2024-11-06T00:00:11.171+0000] {processor.py:914} INFO - Processing file /home/airflow/.local/lib/python3.12/site-packages/airflow/example_dags/example_latest_only_with_trigger.py for tasks to queue
[2024-11-06T00:00:11.175+0000] {logging_mixin.py:190} INFO - [2024-11-06T00:00:11.175+0000] {dagbag.py:588} INFO - Filling up the DagBag from /home/airflow/.local/lib/python3.12/site-packages/airflow/example_dags/example_latest_only_with_trigger.py
[2024-11-06T00:00:11.196+0000] {processor.py:925} INFO - DAG(s) 'latest_only_with_trigger' retrieved from /home/airflow/.local/lib/python3.12/site-packages/airflow/example_dags/example_latest_only_with_trigger.py
[2024-11-06T00:00:11.234+0000] {logging_mixin.py:190} INFO - [2024-11-06T00:00:11.234+0000] {dag.py:3239} INFO - Sync 1 DAGs
[2024-11-06T00:00:11.282+0000] {logging_mixin.py:190} INFO - [2024-11-06T00:00:11.282+0000] {dag.py:4180} INFO - Setting next_dagrun for latest_only_with_trigger to 2024-11-05 20:00:00+00:00, run_after=2024-11-06 00:00:00+00:00
[2024-11-06T00:00:11.319+0000] {processor.py:208} INFO - Processing /home/airflow/.local/lib/python3.12/site-packages/airflow/example_dags/example_latest_only_with_trigger.py took 0.167 seconds
[2024-11-06T00:00:41.465+0000] {processor.py:186} INFO - Started process (PID=2540) to work on /home/airflow/.local/lib/python3.12/site-packages/airflow/example_dags/example_latest_only_with_trigger.py
[2024-11-06T00:00:41.467+0000] {processor.py:914} INFO - Processing file /home/airflow/.local/lib/python3.12/site-packages/airflow/example_dags/example_latest_only_with_trigger.py for tasks to queue
[2024-11-06T00:00:41.471+0000] {logging_mixin.py:190} INFO - [2024-11-06T00:00:41.471+0000] {dagbag.py:588} INFO - Filling up the DagBag from /home/airflow/.local/lib/python3.12/site-packages/airflow/example_dags/example_latest_only_with_trigger.py
[2024-11-06T00:00:41.487+0000] {processor.py:925} INFO - DAG(s) 'latest_only_with_trigger' retrieved from /home/airflow/.local/lib/python3.12/site-packages/airflow/example_dags/example_latest_only_with_trigger.py
[2024-11-06T00:00:41.532+0000] {logging_mixin.py:190} INFO - [2024-11-06T00:00:41.532+0000] {dag.py:3239} INFO - Sync 1 DAGs
[2024-11-06T00:00:41.568+0000] {logging_mixin.py:190} INFO - [2024-11-06T00:00:41.568+0000] {dag.py:4180} INFO - Setting next_dagrun for latest_only_with_trigger to 2024-11-05 20:00:00+00:00, run_after=2024-11-06 00:00:00+00:00
[2024-11-06T00:00:41.603+0000] {processor.py:208} INFO - Processing /home/airflow/.local/lib/python3.12/site-packages/airflow/example_dags/example_latest_only_with_trigger.py took 0.148 seconds
[2024-11-06T00:01:11.960+0000] {processor.py:186} INFO - Started process (PID=2604) to work on /home/airflow/.local/lib/python3.12/site-packages/airflow/example_dags/example_latest_only_with_trigger.py
[2024-11-06T00:01:11.962+0000] {processor.py:914} INFO - Processing file /home/airflow/.local/lib/python3.12/site-packages/airflow/example_dags/example_latest_only_with_trigger.py for tasks to queue
[2024-11-06T00:01:11.966+0000] {logging_mixin.py:190} INFO - [2024-11-06T00:01:11.965+0000] {dagbag.py:588} INFO - Filling up the DagBag from /home/airflow/.local/lib/python3.12/site-packages/airflow/example_dags/example_latest_only_with_trigger.py
[2024-11-06T00:01:11.978+0000] {processor.py:925} INFO - DAG(s) 'latest_only_with_trigger' retrieved from /home/airflow/.local/lib/python3.12/site-packages/airflow/example_dags/example_latest_only_with_trigger.py
[2024-11-06T00:01:12.011+0000] {logging_mixin.py:190} INFO - [2024-11-06T00:01:12.011+0000] {dag.py:3239} INFO - Sync 1 DAGs
[2024-11-06T00:01:12.055+0000] {logging_mixin.py:190} INFO - [2024-11-06T00:01:12.054+0000] {dag.py:4180} INFO - Setting next_dagrun for latest_only_with_trigger to 2024-11-05 20:00:00+00:00, run_after=2024-11-06 00:00:00+00:00
[2024-11-06T00:01:12.085+0000] {processor.py:208} INFO - Processing /home/airflow/.local/lib/python3.12/site-packages/airflow/example_dags/example_latest_only_with_trigger.py took 0.136 seconds
[2024-11-06T00:01:42.835+0000] {processor.py:186} INFO - Started process (PID=2668) to work on /home/airflow/.local/lib/python3.12/site-packages/airflow/example_dags/example_latest_only_with_trigger.py
[2024-11-06T00:01:42.837+0000] {processor.py:914} INFO - Processing file /home/airflow/.local/lib/python3.12/site-packages/airflow/example_dags/example_latest_only_with_trigger.py for tasks to queue
[2024-11-06T00:01:42.841+0000] {logging_mixin.py:190} INFO - [2024-11-06T00:01:42.840+0000] {dagbag.py:588} INFO - Filling up the DagBag from /home/airflow/.local/lib/python3.12/site-packages/airflow/example_dags/example_latest_only_with_trigger.py
[2024-11-06T00:01:42.852+0000] {processor.py:925} INFO - DAG(s) 'latest_only_with_trigger' retrieved from /home/airflow/.local/lib/python3.12/site-packages/airflow/example_dags/example_latest_only_with_trigger.py
[2024-11-06T00:01:42.889+0000] {logging_mixin.py:190} INFO - [2024-11-06T00:01:42.889+0000] {dag.py:3239} INFO - Sync 1 DAGs
[2024-11-06T00:01:42.934+0000] {logging_mixin.py:190} INFO - [2024-11-06T00:01:42.932+0000] {dag.py:4180} INFO - Setting next_dagrun for latest_only_with_trigger to 2024-11-05 20:00:00+00:00, run_after=2024-11-06 00:00:00+00:00
[2024-11-06T00:01:42.982+0000] {processor.py:208} INFO - Processing /home/airflow/.local/lib/python3.12/site-packages/airflow/example_dags/example_latest_only_with_trigger.py took 0.159 seconds
[2024-11-06T00:02:14.715+0000] {processor.py:186} INFO - Started process (PID=2733) to work on /home/airflow/.local/lib/python3.12/site-packages/airflow/example_dags/example_latest_only_with_trigger.py
[2024-11-06T00:02:14.717+0000] {processor.py:914} INFO - Processing file /home/airflow/.local/lib/python3.12/site-packages/airflow/example_dags/example_latest_only_with_trigger.py for tasks to queue
[2024-11-06T00:02:14.722+0000] {logging_mixin.py:190} INFO - [2024-11-06T00:02:14.721+0000] {dagbag.py:588} INFO - Filling up the DagBag from /home/airflow/.local/lib/python3.12/site-packages/airflow/example_dags/example_latest_only_with_trigger.py
[2024-11-06T00:02:14.737+0000] {processor.py:925} INFO - DAG(s) 'latest_only_with_trigger' retrieved from /home/airflow/.local/lib/python3.12/site-packages/airflow/example_dags/example_latest_only_with_trigger.py
[2024-11-06T00:02:14.773+0000] {logging_mixin.py:190} INFO - [2024-11-06T00:02:14.772+0000] {dag.py:3239} INFO - Sync 1 DAGs
[2024-11-06T00:02:14.821+0000] {logging_mixin.py:190} INFO - [2024-11-06T00:02:14.820+0000] {dag.py:4180} INFO - Setting next_dagrun for latest_only_with_trigger to 2024-11-05 20:00:00+00:00, run_after=2024-11-06 00:00:00+00:00
[2024-11-06T00:02:14.854+0000] {processor.py:208} INFO - Processing /home/airflow/.local/lib/python3.12/site-packages/airflow/example_dags/example_latest_only_with_trigger.py took 0.149 seconds
[2024-11-06T00:02:45.341+0000] {processor.py:186} INFO - Started process (PID=2797) to work on /home/airflow/.local/lib/python3.12/site-packages/airflow/example_dags/example_latest_only_with_trigger.py
[2024-11-06T00:02:45.343+0000] {processor.py:914} INFO - Processing file /home/airflow/.local/lib/python3.12/site-packages/airflow/example_dags/example_latest_only_with_trigger.py for tasks to queue
[2024-11-06T00:02:45.348+0000] {logging_mixin.py:190} INFO - [2024-11-06T00:02:45.347+0000] {dagbag.py:588} INFO - Filling up the DagBag from /home/airflow/.local/lib/python3.12/site-packages/airflow/example_dags/example_latest_only_with_trigger.py
[2024-11-06T00:02:45.361+0000] {processor.py:925} INFO - DAG(s) 'latest_only_with_trigger' retrieved from /home/airflow/.local/lib/python3.12/site-packages/airflow/example_dags/example_latest_only_with_trigger.py
[2024-11-06T00:02:45.403+0000] {logging_mixin.py:190} INFO - [2024-11-06T00:02:45.403+0000] {dag.py:3239} INFO - Sync 1 DAGs
[2024-11-06T00:02:45.446+0000] {logging_mixin.py:190} INFO - [2024-11-06T00:02:45.445+0000] {dag.py:4180} INFO - Setting next_dagrun for latest_only_with_trigger to 2024-11-05 20:00:00+00:00, run_after=2024-11-06 00:00:00+00:00
[2024-11-06T00:02:45.480+0000] {processor.py:208} INFO - Processing /home/airflow/.local/lib/python3.12/site-packages/airflow/example_dags/example_latest_only_with_trigger.py took 0.151 seconds
[2024-11-06T00:03:16.929+0000] {processor.py:186} INFO - Started process (PID=2861) to work on /home/airflow/.local/lib/python3.12/site-packages/airflow/example_dags/example_latest_only_with_trigger.py
[2024-11-06T00:03:16.932+0000] {processor.py:914} INFO - Processing file /home/airflow/.local/lib/python3.12/site-packages/airflow/example_dags/example_latest_only_with_trigger.py for tasks to queue
[2024-11-06T00:03:16.937+0000] {logging_mixin.py:190} INFO - [2024-11-06T00:03:16.936+0000] {dagbag.py:588} INFO - Filling up the DagBag from /home/airflow/.local/lib/python3.12/site-packages/airflow/example_dags/example_latest_only_with_trigger.py
[2024-11-06T00:03:16.951+0000] {processor.py:925} INFO - DAG(s) 'latest_only_with_trigger' retrieved from /home/airflow/.local/lib/python3.12/site-packages/airflow/example_dags/example_latest_only_with_trigger.py
[2024-11-06T00:03:16.988+0000] {logging_mixin.py:190} INFO - [2024-11-06T00:03:16.988+0000] {dag.py:3239} INFO - Sync 1 DAGs
[2024-11-06T00:03:17.028+0000] {logging_mixin.py:190} INFO - [2024-11-06T00:03:17.027+0000] {dag.py:4180} INFO - Setting next_dagrun for latest_only_with_trigger to 2024-11-05 20:00:00+00:00, run_after=2024-11-06 00:00:00+00:00
[2024-11-06T00:03:17.059+0000] {processor.py:208} INFO - Processing /home/airflow/.local/lib/python3.12/site-packages/airflow/example_dags/example_latest_only_with_trigger.py took 0.141 seconds
[2024-11-06T00:03:48.311+0000] {processor.py:186} INFO - Started process (PID=2932) to work on /home/airflow/.local/lib/python3.12/site-packages/airflow/example_dags/example_latest_only_with_trigger.py
[2024-11-06T00:03:48.313+0000] {processor.py:914} INFO - Processing file /home/airflow/.local/lib/python3.12/site-packages/airflow/example_dags/example_latest_only_with_trigger.py for tasks to queue
[2024-11-06T00:03:48.318+0000] {logging_mixin.py:190} INFO - [2024-11-06T00:03:48.317+0000] {dagbag.py:588} INFO - Filling up the DagBag from /home/airflow/.local/lib/python3.12/site-packages/airflow/example_dags/example_latest_only_with_trigger.py
[2024-11-06T00:03:48.329+0000] {processor.py:925} INFO - DAG(s) 'latest_only_with_trigger' retrieved from /home/airflow/.local/lib/python3.12/site-packages/airflow/example_dags/example_latest_only_with_trigger.py
[2024-11-06T00:03:48.364+0000] {logging_mixin.py:190} INFO - [2024-11-06T00:03:48.363+0000] {dag.py:3239} INFO - Sync 1 DAGs
[2024-11-06T00:03:48.403+0000] {logging_mixin.py:190} INFO - [2024-11-06T00:03:48.403+0000] {dag.py:4180} INFO - Setting next_dagrun for latest_only_with_trigger to 2024-11-05 20:00:00+00:00, run_after=2024-11-06 00:00:00+00:00
[2024-11-06T00:03:48.430+0000] {processor.py:208} INFO - Processing /home/airflow/.local/lib/python3.12/site-packages/airflow/example_dags/example_latest_only_with_trigger.py took 0.130 seconds
[2024-11-06T00:04:21.087+0000] {processor.py:186} INFO - Started process (PID=2997) to work on /home/airflow/.local/lib/python3.12/site-packages/airflow/example_dags/example_latest_only_with_trigger.py
[2024-11-06T00:04:21.088+0000] {processor.py:914} INFO - Processing file /home/airflow/.local/lib/python3.12/site-packages/airflow/example_dags/example_latest_only_with_trigger.py for tasks to queue
[2024-11-06T00:04:21.093+0000] {logging_mixin.py:190} INFO - [2024-11-06T00:04:21.092+0000] {dagbag.py:588} INFO - Filling up the DagBag from /home/airflow/.local/lib/python3.12/site-packages/airflow/example_dags/example_latest_only_with_trigger.py
[2024-11-06T00:04:21.104+0000] {processor.py:925} INFO - DAG(s) 'latest_only_with_trigger' retrieved from /home/airflow/.local/lib/python3.12/site-packages/airflow/example_dags/example_latest_only_with_trigger.py
[2024-11-06T00:04:21.136+0000] {logging_mixin.py:190} INFO - [2024-11-06T00:04:21.136+0000] {dag.py:3239} INFO - Sync 1 DAGs
[2024-11-06T00:04:21.176+0000] {logging_mixin.py:190} INFO - [2024-11-06T00:04:21.175+0000] {dag.py:4180} INFO - Setting next_dagrun for latest_only_with_trigger to 2024-11-05 20:00:00+00:00, run_after=2024-11-06 00:00:00+00:00
[2024-11-06T00:04:21.208+0000] {processor.py:208} INFO - Processing /home/airflow/.local/lib/python3.12/site-packages/airflow/example_dags/example_latest_only_with_trigger.py took 0.132 seconds
[2024-11-06T00:04:52.743+0000] {processor.py:186} INFO - Started process (PID=3062) to work on /home/airflow/.local/lib/python3.12/site-packages/airflow/example_dags/example_latest_only_with_trigger.py
[2024-11-06T00:04:52.745+0000] {processor.py:914} INFO - Processing file /home/airflow/.local/lib/python3.12/site-packages/airflow/example_dags/example_latest_only_with_trigger.py for tasks to queue
[2024-11-06T00:04:52.750+0000] {logging_mixin.py:190} INFO - [2024-11-06T00:04:52.749+0000] {dagbag.py:588} INFO - Filling up the DagBag from /home/airflow/.local/lib/python3.12/site-packages/airflow/example_dags/example_latest_only_with_trigger.py
[2024-11-06T00:04:52.764+0000] {processor.py:925} INFO - DAG(s) 'latest_only_with_trigger' retrieved from /home/airflow/.local/lib/python3.12/site-packages/airflow/example_dags/example_latest_only_with_trigger.py
[2024-11-06T00:04:52.805+0000] {logging_mixin.py:190} INFO - [2024-11-06T00:04:52.805+0000] {dag.py:3239} INFO - Sync 1 DAGs
[2024-11-06T00:04:52.855+0000] {logging_mixin.py:190} INFO - [2024-11-06T00:04:52.854+0000] {dag.py:4180} INFO - Setting next_dagrun for latest_only_with_trigger to 2024-11-05 20:00:00+00:00, run_after=2024-11-06 00:00:00+00:00
[2024-11-06T00:04:52.890+0000] {processor.py:208} INFO - Processing /home/airflow/.local/lib/python3.12/site-packages/airflow/example_dags/example_latest_only_with_trigger.py took 0.158 seconds
[2024-11-06T00:05:23.192+0000] {processor.py:186} INFO - Started process (PID=3126) to work on /home/airflow/.local/lib/python3.12/site-packages/airflow/example_dags/example_latest_only_with_trigger.py
[2024-11-06T00:05:23.194+0000] {processor.py:914} INFO - Processing file /home/airflow/.local/lib/python3.12/site-packages/airflow/example_dags/example_latest_only_with_trigger.py for tasks to queue
[2024-11-06T00:05:23.198+0000] {logging_mixin.py:190} INFO - [2024-11-06T00:05:23.198+0000] {dagbag.py:588} INFO - Filling up the DagBag from /home/airflow/.local/lib/python3.12/site-packages/airflow/example_dags/example_latest_only_with_trigger.py
[2024-11-06T00:05:23.210+0000] {processor.py:925} INFO - DAG(s) 'latest_only_with_trigger' retrieved from /home/airflow/.local/lib/python3.12/site-packages/airflow/example_dags/example_latest_only_with_trigger.py
[2024-11-06T00:05:23.249+0000] {logging_mixin.py:190} INFO - [2024-11-06T00:05:23.249+0000] {dag.py:3239} INFO - Sync 1 DAGs
[2024-11-06T00:05:23.291+0000] {logging_mixin.py:190} INFO - [2024-11-06T00:05:23.291+0000] {dag.py:4180} INFO - Setting next_dagrun for latest_only_with_trigger to 2024-11-05 20:00:00+00:00, run_after=2024-11-06 00:00:00+00:00
[2024-11-06T00:05:23.325+0000] {processor.py:208} INFO - Processing /home/airflow/.local/lib/python3.12/site-packages/airflow/example_dags/example_latest_only_with_trigger.py took 0.143 seconds
[2024-11-06T00:05:55.468+0000] {processor.py:186} INFO - Started process (PID=3190) to work on /home/airflow/.local/lib/python3.12/site-packages/airflow/example_dags/example_latest_only_with_trigger.py
[2024-11-06T00:05:55.470+0000] {processor.py:914} INFO - Processing file /home/airflow/.local/lib/python3.12/site-packages/airflow/example_dags/example_latest_only_with_trigger.py for tasks to queue
[2024-11-06T00:05:55.474+0000] {logging_mixin.py:190} INFO - [2024-11-06T00:05:55.473+0000] {dagbag.py:588} INFO - Filling up the DagBag from /home/airflow/.local/lib/python3.12/site-packages/airflow/example_dags/example_latest_only_with_trigger.py
[2024-11-06T00:05:55.488+0000] {processor.py:925} INFO - DAG(s) 'latest_only_with_trigger' retrieved from /home/airflow/.local/lib/python3.12/site-packages/airflow/example_dags/example_latest_only_with_trigger.py
[2024-11-06T00:05:55.523+0000] {logging_mixin.py:190} INFO - [2024-11-06T00:05:55.523+0000] {dag.py:3239} INFO - Sync 1 DAGs
[2024-11-06T00:05:55.560+0000] {logging_mixin.py:190} INFO - [2024-11-06T00:05:55.560+0000] {dag.py:4180} INFO - Setting next_dagrun for latest_only_with_trigger to 2024-11-05 20:00:00+00:00, run_after=2024-11-06 00:00:00+00:00
[2024-11-06T00:05:55.602+0000] {processor.py:208} INFO - Processing /home/airflow/.local/lib/python3.12/site-packages/airflow/example_dags/example_latest_only_with_trigger.py took 0.145 seconds
[2024-11-06T00:06:26.956+0000] {processor.py:186} INFO - Started process (PID=3254) to work on /home/airflow/.local/lib/python3.12/site-packages/airflow/example_dags/example_latest_only_with_trigger.py
[2024-11-06T00:06:26.958+0000] {processor.py:914} INFO - Processing file /home/airflow/.local/lib/python3.12/site-packages/airflow/example_dags/example_latest_only_with_trigger.py for tasks to queue
[2024-11-06T00:06:26.963+0000] {logging_mixin.py:190} INFO - [2024-11-06T00:06:26.962+0000] {dagbag.py:588} INFO - Filling up the DagBag from /home/airflow/.local/lib/python3.12/site-packages/airflow/example_dags/example_latest_only_with_trigger.py
[2024-11-06T00:06:26.978+0000] {processor.py:925} INFO - DAG(s) 'latest_only_with_trigger' retrieved from /home/airflow/.local/lib/python3.12/site-packages/airflow/example_dags/example_latest_only_with_trigger.py
[2024-11-06T00:06:27.012+0000] {logging_mixin.py:190} INFO - [2024-11-06T00:06:27.011+0000] {dag.py:3239} INFO - Sync 1 DAGs
[2024-11-06T00:06:27.048+0000] {logging_mixin.py:190} INFO - [2024-11-06T00:06:27.047+0000] {dag.py:4180} INFO - Setting next_dagrun for latest_only_with_trigger to 2024-11-05 20:00:00+00:00, run_after=2024-11-06 00:00:00+00:00
[2024-11-06T00:06:27.082+0000] {processor.py:208} INFO - Processing /home/airflow/.local/lib/python3.12/site-packages/airflow/example_dags/example_latest_only_with_trigger.py took 0.134 seconds
[2024-11-06T00:06:58.232+0000] {processor.py:186} INFO - Started process (PID=3318) to work on /home/airflow/.local/lib/python3.12/site-packages/airflow/example_dags/example_latest_only_with_trigger.py
[2024-11-06T00:06:58.234+0000] {processor.py:914} INFO - Processing file /home/airflow/.local/lib/python3.12/site-packages/airflow/example_dags/example_latest_only_with_trigger.py for tasks to queue
[2024-11-06T00:06:58.240+0000] {logging_mixin.py:190} INFO - [2024-11-06T00:06:58.239+0000] {dagbag.py:588} INFO - Filling up the DagBag from /home/airflow/.local/lib/python3.12/site-packages/airflow/example_dags/example_latest_only_with_trigger.py
[2024-11-06T00:06:58.253+0000] {processor.py:925} INFO - DAG(s) 'latest_only_with_trigger' retrieved from /home/airflow/.local/lib/python3.12/site-packages/airflow/example_dags/example_latest_only_with_trigger.py
[2024-11-06T00:06:58.285+0000] {logging_mixin.py:190} INFO - [2024-11-06T00:06:58.285+0000] {dag.py:3239} INFO - Sync 1 DAGs
[2024-11-06T00:06:58.333+0000] {logging_mixin.py:190} INFO - [2024-11-06T00:06:58.333+0000] {dag.py:4180} INFO - Setting next_dagrun for latest_only_with_trigger to 2024-11-05 20:00:00+00:00, run_after=2024-11-06 00:00:00+00:00
[2024-11-06T00:06:58.377+0000] {processor.py:208} INFO - Processing /home/airflow/.local/lib/python3.12/site-packages/airflow/example_dags/example_latest_only_with_trigger.py took 0.155 seconds
[2024-11-06T00:07:29.150+0000] {processor.py:186} INFO - Started process (PID=3383) to work on /home/airflow/.local/lib/python3.12/site-packages/airflow/example_dags/example_latest_only_with_trigger.py
[2024-11-06T00:07:29.151+0000] {processor.py:914} INFO - Processing file /home/airflow/.local/lib/python3.12/site-packages/airflow/example_dags/example_latest_only_with_trigger.py for tasks to queue
[2024-11-06T00:07:29.156+0000] {logging_mixin.py:190} INFO - [2024-11-06T00:07:29.156+0000] {dagbag.py:588} INFO - Filling up the DagBag from /home/airflow/.local/lib/python3.12/site-packages/airflow/example_dags/example_latest_only_with_trigger.py
[2024-11-06T00:07:29.171+0000] {processor.py:925} INFO - DAG(s) 'latest_only_with_trigger' retrieved from /home/airflow/.local/lib/python3.12/site-packages/airflow/example_dags/example_latest_only_with_trigger.py
[2024-11-06T00:07:29.201+0000] {logging_mixin.py:190} INFO - [2024-11-06T00:07:29.201+0000] {dag.py:3239} INFO - Sync 1 DAGs
[2024-11-06T00:07:29.241+0000] {logging_mixin.py:190} INFO - [2024-11-06T00:07:29.241+0000] {dag.py:4180} INFO - Setting next_dagrun for latest_only_with_trigger to 2024-11-05 20:00:00+00:00, run_after=2024-11-06 00:00:00+00:00
[2024-11-06T00:07:29.286+0000] {processor.py:208} INFO - Processing /home/airflow/.local/lib/python3.12/site-packages/airflow/example_dags/example_latest_only_with_trigger.py took 0.153 seconds
[2024-11-06T00:08:00.240+0000] {processor.py:186} INFO - Started process (PID=3447) to work on /home/airflow/.local/lib/python3.12/site-packages/airflow/example_dags/example_latest_only_with_trigger.py
[2024-11-06T00:08:00.242+0000] {processor.py:914} INFO - Processing file /home/airflow/.local/lib/python3.12/site-packages/airflow/example_dags/example_latest_only_with_trigger.py for tasks to queue
[2024-11-06T00:08:00.246+0000] {logging_mixin.py:190} INFO - [2024-11-06T00:08:00.246+0000] {dagbag.py:588} INFO - Filling up the DagBag from /home/airflow/.local/lib/python3.12/site-packages/airflow/example_dags/example_latest_only_with_trigger.py
[2024-11-06T00:08:00.260+0000] {processor.py:925} INFO - DAG(s) 'latest_only_with_trigger' retrieved from /home/airflow/.local/lib/python3.12/site-packages/airflow/example_dags/example_latest_only_with_trigger.py
[2024-11-06T00:08:00.297+0000] {logging_mixin.py:190} INFO - [2024-11-06T00:08:00.297+0000] {dag.py:3239} INFO - Sync 1 DAGs
[2024-11-06T00:08:00.338+0000] {logging_mixin.py:190} INFO - [2024-11-06T00:08:00.338+0000] {dag.py:4180} INFO - Setting next_dagrun for latest_only_with_trigger to 2024-11-05 20:00:00+00:00, run_after=2024-11-06 00:00:00+00:00
[2024-11-06T00:08:00.617+0000] {processor.py:208} INFO - Processing /home/airflow/.local/lib/python3.12/site-packages/airflow/example_dags/example_latest_only_with_trigger.py took 0.388 seconds
[2024-11-06T00:08:30.910+0000] {processor.py:186} INFO - Started process (PID=3511) to work on /home/airflow/.local/lib/python3.12/site-packages/airflow/example_dags/example_latest_only_with_trigger.py
[2024-11-06T00:08:30.913+0000] {processor.py:914} INFO - Processing file /home/airflow/.local/lib/python3.12/site-packages/airflow/example_dags/example_latest_only_with_trigger.py for tasks to queue
[2024-11-06T00:08:30.916+0000] {logging_mixin.py:190} INFO - [2024-11-06T00:08:30.916+0000] {dagbag.py:588} INFO - Filling up the DagBag from /home/airflow/.local/lib/python3.12/site-packages/airflow/example_dags/example_latest_only_with_trigger.py
[2024-11-06T00:08:30.927+0000] {processor.py:925} INFO - DAG(s) 'latest_only_with_trigger' retrieved from /home/airflow/.local/lib/python3.12/site-packages/airflow/example_dags/example_latest_only_with_trigger.py
[2024-11-06T00:08:30.961+0000] {logging_mixin.py:190} INFO - [2024-11-06T00:08:30.961+0000] {dag.py:3239} INFO - Sync 1 DAGs
[2024-11-06T00:08:31.003+0000] {logging_mixin.py:190} INFO - [2024-11-06T00:08:31.003+0000] {dag.py:4180} INFO - Setting next_dagrun for latest_only_with_trigger to 2024-11-05 20:00:00+00:00, run_after=2024-11-06 00:00:00+00:00
[2024-11-06T00:08:31.035+0000] {processor.py:208} INFO - Processing /home/airflow/.local/lib/python3.12/site-packages/airflow/example_dags/example_latest_only_with_trigger.py took 0.137 seconds
[2024-11-06T00:09:01.200+0000] {processor.py:186} INFO - Started process (PID=3575) to work on /home/airflow/.local/lib/python3.12/site-packages/airflow/example_dags/example_latest_only_with_trigger.py
[2024-11-06T00:09:01.201+0000] {processor.py:914} INFO - Processing file /home/airflow/.local/lib/python3.12/site-packages/airflow/example_dags/example_latest_only_with_trigger.py for tasks to queue
[2024-11-06T00:09:01.205+0000] {logging_mixin.py:190} INFO - [2024-11-06T00:09:01.205+0000] {dagbag.py:588} INFO - Filling up the DagBag from /home/airflow/.local/lib/python3.12/site-packages/airflow/example_dags/example_latest_only_with_trigger.py
[2024-11-06T00:09:01.220+0000] {processor.py:925} INFO - DAG(s) 'latest_only_with_trigger' retrieved from /home/airflow/.local/lib/python3.12/site-packages/airflow/example_dags/example_latest_only_with_trigger.py
[2024-11-06T00:09:01.255+0000] {logging_mixin.py:190} INFO - [2024-11-06T00:09:01.254+0000] {dag.py:3239} INFO - Sync 1 DAGs
[2024-11-06T00:09:01.297+0000] {logging_mixin.py:190} INFO - [2024-11-06T00:09:01.296+0000] {dag.py:4180} INFO - Setting next_dagrun for latest_only_with_trigger to 2024-11-05 20:00:00+00:00, run_after=2024-11-06 00:00:00+00:00
[2024-11-06T00:09:01.322+0000] {processor.py:208} INFO - Processing /home/airflow/.local/lib/python3.12/site-packages/airflow/example_dags/example_latest_only_with_trigger.py took 0.133 seconds
[2024-11-06T00:09:33.966+0000] {processor.py:186} INFO - Started process (PID=3639) to work on /home/airflow/.local/lib/python3.12/site-packages/airflow/example_dags/example_latest_only_with_trigger.py
[2024-11-06T00:09:33.968+0000] {processor.py:914} INFO - Processing file /home/airflow/.local/lib/python3.12/site-packages/airflow/example_dags/example_latest_only_with_trigger.py for tasks to queue
[2024-11-06T00:09:33.971+0000] {logging_mixin.py:190} INFO - [2024-11-06T00:09:33.971+0000] {dagbag.py:588} INFO - Filling up the DagBag from /home/airflow/.local/lib/python3.12/site-packages/airflow/example_dags/example_latest_only_with_trigger.py
[2024-11-06T00:09:33.986+0000] {processor.py:925} INFO - DAG(s) 'latest_only_with_trigger' retrieved from /home/airflow/.local/lib/python3.12/site-packages/airflow/example_dags/example_latest_only_with_trigger.py
[2024-11-06T00:09:34.021+0000] {logging_mixin.py:190} INFO - [2024-11-06T00:09:34.021+0000] {dag.py:3239} INFO - Sync 1 DAGs
[2024-11-06T00:09:34.063+0000] {logging_mixin.py:190} INFO - [2024-11-06T00:09:34.062+0000] {dag.py:4180} INFO - Setting next_dagrun for latest_only_with_trigger to 2024-11-05 20:00:00+00:00, run_after=2024-11-06 00:00:00+00:00
[2024-11-06T00:09:34.107+0000] {processor.py:208} INFO - Processing /home/airflow/.local/lib/python3.12/site-packages/airflow/example_dags/example_latest_only_with_trigger.py took 0.153 seconds
[2024-11-06T00:10:06.997+0000] {processor.py:186} INFO - Started process (PID=3707) to work on /home/airflow/.local/lib/python3.12/site-packages/airflow/example_dags/example_latest_only_with_trigger.py
[2024-11-06T00:10:07.000+0000] {processor.py:914} INFO - Processing file /home/airflow/.local/lib/python3.12/site-packages/airflow/example_dags/example_latest_only_with_trigger.py for tasks to queue
[2024-11-06T00:10:07.003+0000] {logging_mixin.py:190} INFO - [2024-11-06T00:10:07.003+0000] {dagbag.py:588} INFO - Filling up the DagBag from /home/airflow/.local/lib/python3.12/site-packages/airflow/example_dags/example_latest_only_with_trigger.py
[2024-11-06T00:10:07.014+0000] {processor.py:925} INFO - DAG(s) 'latest_only_with_trigger' retrieved from /home/airflow/.local/lib/python3.12/site-packages/airflow/example_dags/example_latest_only_with_trigger.py
[2024-11-06T00:10:07.322+0000] {logging_mixin.py:190} INFO - [2024-11-06T00:10:07.322+0000] {dag.py:3239} INFO - Sync 1 DAGs
[2024-11-06T00:10:07.357+0000] {logging_mixin.py:190} INFO - [2024-11-06T00:10:07.356+0000] {dag.py:4180} INFO - Setting next_dagrun for latest_only_with_trigger to 2024-11-05 20:00:00+00:00, run_after=2024-11-06 00:00:00+00:00
[2024-11-06T00:10:07.406+0000] {processor.py:208} INFO - Processing /home/airflow/.local/lib/python3.12/site-packages/airflow/example_dags/example_latest_only_with_trigger.py took 0.418 seconds
[2024-11-06T00:10:38.287+0000] {processor.py:186} INFO - Started process (PID=3772) to work on /home/airflow/.local/lib/python3.12/site-packages/airflow/example_dags/example_latest_only_with_trigger.py
[2024-11-06T00:10:38.289+0000] {processor.py:914} INFO - Processing file /home/airflow/.local/lib/python3.12/site-packages/airflow/example_dags/example_latest_only_with_trigger.py for tasks to queue
[2024-11-06T00:10:38.294+0000] {logging_mixin.py:190} INFO - [2024-11-06T00:10:38.293+0000] {dagbag.py:588} INFO - Filling up the DagBag from /home/airflow/.local/lib/python3.12/site-packages/airflow/example_dags/example_latest_only_with_trigger.py
[2024-11-06T00:10:38.314+0000] {processor.py:925} INFO - DAG(s) 'latest_only_with_trigger' retrieved from /home/airflow/.local/lib/python3.12/site-packages/airflow/example_dags/example_latest_only_with_trigger.py
[2024-11-06T00:10:38.351+0000] {logging_mixin.py:190} INFO - [2024-11-06T00:10:38.351+0000] {dag.py:3239} INFO - Sync 1 DAGs
[2024-11-06T00:10:38.634+0000] {logging_mixin.py:190} INFO - [2024-11-06T00:10:38.634+0000] {dag.py:4180} INFO - Setting next_dagrun for latest_only_with_trigger to 2024-11-05 20:00:00+00:00, run_after=2024-11-06 00:00:00+00:00
[2024-11-06T00:10:38.669+0000] {processor.py:208} INFO - Processing /home/airflow/.local/lib/python3.12/site-packages/airflow/example_dags/example_latest_only_with_trigger.py took 0.393 seconds
[2024-11-06T00:11:09.082+0000] {processor.py:186} INFO - Started process (PID=3836) to work on /home/airflow/.local/lib/python3.12/site-packages/airflow/example_dags/example_latest_only_with_trigger.py
[2024-11-06T00:11:09.084+0000] {processor.py:914} INFO - Processing file /home/airflow/.local/lib/python3.12/site-packages/airflow/example_dags/example_latest_only_with_trigger.py for tasks to queue
[2024-11-06T00:11:09.089+0000] {logging_mixin.py:190} INFO - [2024-11-06T00:11:09.088+0000] {dagbag.py:588} INFO - Filling up the DagBag from /home/airflow/.local/lib/python3.12/site-packages/airflow/example_dags/example_latest_only_with_trigger.py
[2024-11-06T00:11:09.101+0000] {processor.py:925} INFO - DAG(s) 'latest_only_with_trigger' retrieved from /home/airflow/.local/lib/python3.12/site-packages/airflow/example_dags/example_latest_only_with_trigger.py
[2024-11-06T00:11:09.138+0000] {logging_mixin.py:190} INFO - [2024-11-06T00:11:09.137+0000] {dag.py:3239} INFO - Sync 1 DAGs
[2024-11-06T00:11:09.173+0000] {logging_mixin.py:190} INFO - [2024-11-06T00:11:09.173+0000] {dag.py:4180} INFO - Setting next_dagrun for latest_only_with_trigger to 2024-11-05 20:00:00+00:00, run_after=2024-11-06 00:00:00+00:00
[2024-11-06T00:11:09.208+0000] {processor.py:208} INFO - Processing /home/airflow/.local/lib/python3.12/site-packages/airflow/example_dags/example_latest_only_with_trigger.py took 0.135 seconds
[2024-11-06T00:11:39.944+0000] {processor.py:186} INFO - Started process (PID=3900) to work on /home/airflow/.local/lib/python3.12/site-packages/airflow/example_dags/example_latest_only_with_trigger.py
[2024-11-06T00:11:39.946+0000] {processor.py:914} INFO - Processing file /home/airflow/.local/lib/python3.12/site-packages/airflow/example_dags/example_latest_only_with_trigger.py for tasks to queue
[2024-11-06T00:11:39.952+0000] {logging_mixin.py:190} INFO - [2024-11-06T00:11:39.951+0000] {dagbag.py:588} INFO - Filling up the DagBag from /home/airflow/.local/lib/python3.12/site-packages/airflow/example_dags/example_latest_only_with_trigger.py
[2024-11-06T00:11:39.969+0000] {processor.py:925} INFO - DAG(s) 'latest_only_with_trigger' retrieved from /home/airflow/.local/lib/python3.12/site-packages/airflow/example_dags/example_latest_only_with_trigger.py
[2024-11-06T00:11:40.009+0000] {logging_mixin.py:190} INFO - [2024-11-06T00:11:40.008+0000] {dag.py:3239} INFO - Sync 1 DAGs
[2024-11-06T00:11:40.039+0000] {logging_mixin.py:190} INFO - [2024-11-06T00:11:40.038+0000] {dag.py:4180} INFO - Setting next_dagrun for latest_only_with_trigger to 2024-11-05 20:00:00+00:00, run_after=2024-11-06 00:00:00+00:00
[2024-11-06T00:11:40.077+0000] {processor.py:208} INFO - Processing /home/airflow/.local/lib/python3.12/site-packages/airflow/example_dags/example_latest_only_with_trigger.py took 0.151 seconds
[2024-11-06T00:12:10.222+0000] {processor.py:186} INFO - Started process (PID=3964) to work on /home/airflow/.local/lib/python3.12/site-packages/airflow/example_dags/example_latest_only_with_trigger.py
[2024-11-06T00:12:10.224+0000] {processor.py:914} INFO - Processing file /home/airflow/.local/lib/python3.12/site-packages/airflow/example_dags/example_latest_only_with_trigger.py for tasks to queue
[2024-11-06T00:12:10.236+0000] {logging_mixin.py:190} INFO - [2024-11-06T00:12:10.235+0000] {dagbag.py:588} INFO - Filling up the DagBag from /home/airflow/.local/lib/python3.12/site-packages/airflow/example_dags/example_latest_only_with_trigger.py
[2024-11-06T00:12:10.251+0000] {processor.py:925} INFO - DAG(s) 'latest_only_with_trigger' retrieved from /home/airflow/.local/lib/python3.12/site-packages/airflow/example_dags/example_latest_only_with_trigger.py
[2024-11-06T00:12:10.316+0000] {logging_mixin.py:190} INFO - [2024-11-06T00:12:10.315+0000] {dag.py:3239} INFO - Sync 1 DAGs
[2024-11-06T00:12:10.370+0000] {logging_mixin.py:190} INFO - [2024-11-06T00:12:10.370+0000] {dag.py:4180} INFO - Setting next_dagrun for latest_only_with_trigger to 2024-11-05 20:00:00+00:00, run_after=2024-11-06 00:00:00+00:00
[2024-11-06T00:12:10.398+0000] {processor.py:208} INFO - Processing /home/airflow/.local/lib/python3.12/site-packages/airflow/example_dags/example_latest_only_with_trigger.py took 0.194 seconds
[2024-11-06T00:12:41.123+0000] {processor.py:186} INFO - Started process (PID=4028) to work on /home/airflow/.local/lib/python3.12/site-packages/airflow/example_dags/example_latest_only_with_trigger.py
[2024-11-06T00:12:41.126+0000] {processor.py:914} INFO - Processing file /home/airflow/.local/lib/python3.12/site-packages/airflow/example_dags/example_latest_only_with_trigger.py for tasks to queue
[2024-11-06T00:12:41.136+0000] {logging_mixin.py:190} INFO - [2024-11-06T00:12:41.135+0000] {dagbag.py:588} INFO - Filling up the DagBag from /home/airflow/.local/lib/python3.12/site-packages/airflow/example_dags/example_latest_only_with_trigger.py
[2024-11-06T00:12:41.156+0000] {processor.py:925} INFO - DAG(s) 'latest_only_with_trigger' retrieved from /home/airflow/.local/lib/python3.12/site-packages/airflow/example_dags/example_latest_only_with_trigger.py
[2024-11-06T00:12:41.196+0000] {logging_mixin.py:190} INFO - [2024-11-06T00:12:41.195+0000] {dag.py:3239} INFO - Sync 1 DAGs
[2024-11-06T00:12:41.242+0000] {logging_mixin.py:190} INFO - [2024-11-06T00:12:41.241+0000] {dag.py:4180} INFO - Setting next_dagrun for latest_only_with_trigger to 2024-11-05 20:00:00+00:00, run_after=2024-11-06 00:00:00+00:00
[2024-11-06T00:12:41.279+0000] {processor.py:208} INFO - Processing /home/airflow/.local/lib/python3.12/site-packages/airflow/example_dags/example_latest_only_with_trigger.py took 0.179 seconds
[2024-11-06T00:13:11.849+0000] {processor.py:186} INFO - Started process (PID=4093) to work on /home/airflow/.local/lib/python3.12/site-packages/airflow/example_dags/example_latest_only_with_trigger.py
[2024-11-06T00:13:11.851+0000] {processor.py:914} INFO - Processing file /home/airflow/.local/lib/python3.12/site-packages/airflow/example_dags/example_latest_only_with_trigger.py for tasks to queue
[2024-11-06T00:13:11.857+0000] {logging_mixin.py:190} INFO - [2024-11-06T00:13:11.856+0000] {dagbag.py:588} INFO - Filling up the DagBag from /home/airflow/.local/lib/python3.12/site-packages/airflow/example_dags/example_latest_only_with_trigger.py
[2024-11-06T00:13:11.869+0000] {processor.py:925} INFO - DAG(s) 'latest_only_with_trigger' retrieved from /home/airflow/.local/lib/python3.12/site-packages/airflow/example_dags/example_latest_only_with_trigger.py
[2024-11-06T00:13:11.904+0000] {logging_mixin.py:190} INFO - [2024-11-06T00:13:11.903+0000] {dag.py:3239} INFO - Sync 1 DAGs
[2024-11-06T00:13:11.941+0000] {logging_mixin.py:190} INFO - [2024-11-06T00:13:11.941+0000] {dag.py:4180} INFO - Setting next_dagrun for latest_only_with_trigger to 2024-11-05 20:00:00+00:00, run_after=2024-11-06 00:00:00+00:00
[2024-11-06T00:13:11.971+0000] {processor.py:208} INFO - Processing /home/airflow/.local/lib/python3.12/site-packages/airflow/example_dags/example_latest_only_with_trigger.py took 0.134 seconds
[2024-11-06T00:13:42.941+0000] {processor.py:186} INFO - Started process (PID=4157) to work on /home/airflow/.local/lib/python3.12/site-packages/airflow/example_dags/example_latest_only_with_trigger.py
[2024-11-06T00:13:42.943+0000] {processor.py:914} INFO - Processing file /home/airflow/.local/lib/python3.12/site-packages/airflow/example_dags/example_latest_only_with_trigger.py for tasks to queue
[2024-11-06T00:13:42.947+0000] {logging_mixin.py:190} INFO - [2024-11-06T00:13:42.947+0000] {dagbag.py:588} INFO - Filling up the DagBag from /home/airflow/.local/lib/python3.12/site-packages/airflow/example_dags/example_latest_only_with_trigger.py
[2024-11-06T00:13:42.962+0000] {processor.py:925} INFO - DAG(s) 'latest_only_with_trigger' retrieved from /home/airflow/.local/lib/python3.12/site-packages/airflow/example_dags/example_latest_only_with_trigger.py
[2024-11-06T00:13:42.995+0000] {logging_mixin.py:190} INFO - [2024-11-06T00:13:42.995+0000] {dag.py:3239} INFO - Sync 1 DAGs
[2024-11-06T00:13:43.035+0000] {logging_mixin.py:190} INFO - [2024-11-06T00:13:43.035+0000] {dag.py:4180} INFO - Setting next_dagrun for latest_only_with_trigger to 2024-11-05 20:00:00+00:00, run_after=2024-11-06 00:00:00+00:00
[2024-11-06T00:13:43.066+0000] {processor.py:208} INFO - Processing /home/airflow/.local/lib/python3.12/site-packages/airflow/example_dags/example_latest_only_with_trigger.py took 0.135 seconds
[2024-11-06T00:14:14.194+0000] {processor.py:186} INFO - Started process (PID=4221) to work on /home/airflow/.local/lib/python3.12/site-packages/airflow/example_dags/example_latest_only_with_trigger.py
[2024-11-06T00:14:14.196+0000] {processor.py:914} INFO - Processing file /home/airflow/.local/lib/python3.12/site-packages/airflow/example_dags/example_latest_only_with_trigger.py for tasks to queue
[2024-11-06T00:14:14.201+0000] {logging_mixin.py:190} INFO - [2024-11-06T00:14:14.200+0000] {dagbag.py:588} INFO - Filling up the DagBag from /home/airflow/.local/lib/python3.12/site-packages/airflow/example_dags/example_latest_only_with_trigger.py
[2024-11-06T00:14:14.212+0000] {processor.py:925} INFO - DAG(s) 'latest_only_with_trigger' retrieved from /home/airflow/.local/lib/python3.12/site-packages/airflow/example_dags/example_latest_only_with_trigger.py
[2024-11-06T00:14:14.242+0000] {logging_mixin.py:190} INFO - [2024-11-06T00:14:14.242+0000] {dag.py:3239} INFO - Sync 1 DAGs
[2024-11-06T00:14:14.281+0000] {logging_mixin.py:190} INFO - [2024-11-06T00:14:14.281+0000] {dag.py:4180} INFO - Setting next_dagrun for latest_only_with_trigger to 2024-11-05 20:00:00+00:00, run_after=2024-11-06 00:00:00+00:00
[2024-11-06T00:14:14.314+0000] {processor.py:208} INFO - Processing /home/airflow/.local/lib/python3.12/site-packages/airflow/example_dags/example_latest_only_with_trigger.py took 0.127 seconds
[2024-11-06T00:14:46.263+0000] {processor.py:186} INFO - Started process (PID=4285) to work on /home/airflow/.local/lib/python3.12/site-packages/airflow/example_dags/example_latest_only_with_trigger.py
[2024-11-06T00:14:46.265+0000] {processor.py:914} INFO - Processing file /home/airflow/.local/lib/python3.12/site-packages/airflow/example_dags/example_latest_only_with_trigger.py for tasks to queue
[2024-11-06T00:14:46.270+0000] {logging_mixin.py:190} INFO - [2024-11-06T00:14:46.269+0000] {dagbag.py:588} INFO - Filling up the DagBag from /home/airflow/.local/lib/python3.12/site-packages/airflow/example_dags/example_latest_only_with_trigger.py
[2024-11-06T00:14:46.282+0000] {processor.py:925} INFO - DAG(s) 'latest_only_with_trigger' retrieved from /home/airflow/.local/lib/python3.12/site-packages/airflow/example_dags/example_latest_only_with_trigger.py
[2024-11-06T00:14:46.315+0000] {logging_mixin.py:190} INFO - [2024-11-06T00:14:46.314+0000] {dag.py:3239} INFO - Sync 1 DAGs
[2024-11-06T00:14:46.358+0000] {logging_mixin.py:190} INFO - [2024-11-06T00:14:46.357+0000] {dag.py:4180} INFO - Setting next_dagrun for latest_only_with_trigger to 2024-11-05 20:00:00+00:00, run_after=2024-11-06 00:00:00+00:00
[2024-11-06T00:14:46.389+0000] {processor.py:208} INFO - Processing /home/airflow/.local/lib/python3.12/site-packages/airflow/example_dags/example_latest_only_with_trigger.py took 0.134 seconds
[2024-11-06T00:15:17.612+0000] {processor.py:186} INFO - Started process (PID=4349) to work on /home/airflow/.local/lib/python3.12/site-packages/airflow/example_dags/example_latest_only_with_trigger.py
[2024-11-06T00:15:17.614+0000] {processor.py:914} INFO - Processing file /home/airflow/.local/lib/python3.12/site-packages/airflow/example_dags/example_latest_only_with_trigger.py for tasks to queue
[2024-11-06T00:15:17.621+0000] {logging_mixin.py:190} INFO - [2024-11-06T00:15:17.620+0000] {dagbag.py:588} INFO - Filling up the DagBag from /home/airflow/.local/lib/python3.12/site-packages/airflow/example_dags/example_latest_only_with_trigger.py
[2024-11-06T00:15:17.640+0000] {processor.py:925} INFO - DAG(s) 'latest_only_with_trigger' retrieved from /home/airflow/.local/lib/python3.12/site-packages/airflow/example_dags/example_latest_only_with_trigger.py
[2024-11-06T00:15:17.695+0000] {logging_mixin.py:190} INFO - [2024-11-06T00:15:17.694+0000] {dag.py:3239} INFO - Sync 1 DAGs
[2024-11-06T00:15:17.757+0000] {logging_mixin.py:190} INFO - [2024-11-06T00:15:17.756+0000] {dag.py:4180} INFO - Setting next_dagrun for latest_only_with_trigger to 2024-11-05 20:00:00+00:00, run_after=2024-11-06 00:00:00+00:00
[2024-11-06T00:15:17.808+0000] {processor.py:208} INFO - Processing /home/airflow/.local/lib/python3.12/site-packages/airflow/example_dags/example_latest_only_with_trigger.py took 0.207 seconds
[2024-11-06T00:15:49.103+0000] {processor.py:186} INFO - Started process (PID=4413) to work on /home/airflow/.local/lib/python3.12/site-packages/airflow/example_dags/example_latest_only_with_trigger.py
[2024-11-06T00:15:49.105+0000] {processor.py:914} INFO - Processing file /home/airflow/.local/lib/python3.12/site-packages/airflow/example_dags/example_latest_only_with_trigger.py for tasks to queue
[2024-11-06T00:15:49.113+0000] {logging_mixin.py:190} INFO - [2024-11-06T00:15:49.112+0000] {dagbag.py:588} INFO - Filling up the DagBag from /home/airflow/.local/lib/python3.12/site-packages/airflow/example_dags/example_latest_only_with_trigger.py
[2024-11-06T00:15:49.126+0000] {processor.py:925} INFO - DAG(s) 'latest_only_with_trigger' retrieved from /home/airflow/.local/lib/python3.12/site-packages/airflow/example_dags/example_latest_only_with_trigger.py
[2024-11-06T00:15:49.161+0000] {logging_mixin.py:190} INFO - [2024-11-06T00:15:49.161+0000] {dag.py:3239} INFO - Sync 1 DAGs
[2024-11-06T00:15:49.216+0000] {logging_mixin.py:190} INFO - [2024-11-06T00:15:49.215+0000] {dag.py:4180} INFO - Setting next_dagrun for latest_only_with_trigger to 2024-11-05 20:00:00+00:00, run_after=2024-11-06 00:00:00+00:00
[2024-11-06T00:15:49.250+0000] {processor.py:208} INFO - Processing /home/airflow/.local/lib/python3.12/site-packages/airflow/example_dags/example_latest_only_with_trigger.py took 0.158 seconds
[2024-11-06T00:18:32.156+0000] {processor.py:186} INFO - Started process (PID=95) to work on /home/airflow/.local/lib/python3.12/site-packages/airflow/example_dags/example_latest_only_with_trigger.py
[2024-11-06T00:18:32.158+0000] {processor.py:914} INFO - Processing file /home/airflow/.local/lib/python3.12/site-packages/airflow/example_dags/example_latest_only_with_trigger.py for tasks to queue
[2024-11-06T00:18:32.163+0000] {logging_mixin.py:190} INFO - [2024-11-06T00:18:32.162+0000] {dagbag.py:588} INFO - Filling up the DagBag from /home/airflow/.local/lib/python3.12/site-packages/airflow/example_dags/example_latest_only_with_trigger.py
[2024-11-06T00:18:32.178+0000] {processor.py:925} INFO - DAG(s) 'latest_only_with_trigger' retrieved from /home/airflow/.local/lib/python3.12/site-packages/airflow/example_dags/example_latest_only_with_trigger.py
[2024-11-06T00:18:32.222+0000] {logging_mixin.py:190} INFO - [2024-11-06T00:18:32.221+0000] {dag.py:3239} INFO - Sync 1 DAGs
[2024-11-06T00:18:32.275+0000] {logging_mixin.py:190} INFO - [2024-11-06T00:18:32.274+0000] {dag.py:4180} INFO - Setting next_dagrun for latest_only_with_trigger to 2024-11-05 20:00:00+00:00, run_after=2024-11-06 00:00:00+00:00
[2024-11-06T00:18:32.302+0000] {processor.py:208} INFO - Processing /home/airflow/.local/lib/python3.12/site-packages/airflow/example_dags/example_latest_only_with_trigger.py took 0.157 seconds
[2024-11-06T00:19:04.035+0000] {processor.py:186} INFO - Started process (PID=159) to work on /home/airflow/.local/lib/python3.12/site-packages/airflow/example_dags/example_latest_only_with_trigger.py
[2024-11-06T00:19:04.037+0000] {processor.py:914} INFO - Processing file /home/airflow/.local/lib/python3.12/site-packages/airflow/example_dags/example_latest_only_with_trigger.py for tasks to queue
[2024-11-06T00:19:04.042+0000] {logging_mixin.py:190} INFO - [2024-11-06T00:19:04.041+0000] {dagbag.py:588} INFO - Filling up the DagBag from /home/airflow/.local/lib/python3.12/site-packages/airflow/example_dags/example_latest_only_with_trigger.py
[2024-11-06T00:19:04.055+0000] {processor.py:925} INFO - DAG(s) 'latest_only_with_trigger' retrieved from /home/airflow/.local/lib/python3.12/site-packages/airflow/example_dags/example_latest_only_with_trigger.py
[2024-11-06T00:19:04.091+0000] {logging_mixin.py:190} INFO - [2024-11-06T00:19:04.091+0000] {dag.py:3239} INFO - Sync 1 DAGs
[2024-11-06T00:19:04.129+0000] {logging_mixin.py:190} INFO - [2024-11-06T00:19:04.129+0000] {dag.py:4180} INFO - Setting next_dagrun for latest_only_with_trigger to 2024-11-05 20:00:00+00:00, run_after=2024-11-06 00:00:00+00:00
[2024-11-06T00:19:04.158+0000] {processor.py:208} INFO - Processing /home/airflow/.local/lib/python3.12/site-packages/airflow/example_dags/example_latest_only_with_trigger.py took 0.134 seconds
[2024-11-06T00:19:35.553+0000] {processor.py:186} INFO - Started process (PID=223) to work on /home/airflow/.local/lib/python3.12/site-packages/airflow/example_dags/example_latest_only_with_trigger.py
[2024-11-06T00:19:35.555+0000] {processor.py:914} INFO - Processing file /home/airflow/.local/lib/python3.12/site-packages/airflow/example_dags/example_latest_only_with_trigger.py for tasks to queue
[2024-11-06T00:19:35.560+0000] {logging_mixin.py:190} INFO - [2024-11-06T00:19:35.560+0000] {dagbag.py:588} INFO - Filling up the DagBag from /home/airflow/.local/lib/python3.12/site-packages/airflow/example_dags/example_latest_only_with_trigger.py
[2024-11-06T00:19:35.573+0000] {processor.py:925} INFO - DAG(s) 'latest_only_with_trigger' retrieved from /home/airflow/.local/lib/python3.12/site-packages/airflow/example_dags/example_latest_only_with_trigger.py
[2024-11-06T00:19:35.603+0000] {logging_mixin.py:190} INFO - [2024-11-06T00:19:35.602+0000] {dag.py:3239} INFO - Sync 1 DAGs
[2024-11-06T00:19:35.640+0000] {logging_mixin.py:190} INFO - [2024-11-06T00:19:35.639+0000] {dag.py:4180} INFO - Setting next_dagrun for latest_only_with_trigger to 2024-11-05 20:00:00+00:00, run_after=2024-11-06 00:00:00+00:00
[2024-11-06T00:19:35.684+0000] {processor.py:208} INFO - Processing /home/airflow/.local/lib/python3.12/site-packages/airflow/example_dags/example_latest_only_with_trigger.py took 0.142 seconds
[2024-11-06T00:20:08.097+0000] {processor.py:186} INFO - Started process (PID=287) to work on /home/airflow/.local/lib/python3.12/site-packages/airflow/example_dags/example_latest_only_with_trigger.py
[2024-11-06T00:20:08.099+0000] {processor.py:914} INFO - Processing file /home/airflow/.local/lib/python3.12/site-packages/airflow/example_dags/example_latest_only_with_trigger.py for tasks to queue
[2024-11-06T00:20:08.105+0000] {logging_mixin.py:190} INFO - [2024-11-06T00:20:08.105+0000] {dagbag.py:588} INFO - Filling up the DagBag from /home/airflow/.local/lib/python3.12/site-packages/airflow/example_dags/example_latest_only_with_trigger.py
[2024-11-06T00:20:08.122+0000] {processor.py:925} INFO - DAG(s) 'latest_only_with_trigger' retrieved from /home/airflow/.local/lib/python3.12/site-packages/airflow/example_dags/example_latest_only_with_trigger.py
[2024-11-06T00:20:08.157+0000] {logging_mixin.py:190} INFO - [2024-11-06T00:20:08.157+0000] {dag.py:3239} INFO - Sync 1 DAGs
[2024-11-06T00:20:08.194+0000] {logging_mixin.py:190} INFO - [2024-11-06T00:20:08.193+0000] {dag.py:4180} INFO - Setting next_dagrun for latest_only_with_trigger to 2024-11-05 20:00:00+00:00, run_after=2024-11-06 00:00:00+00:00
[2024-11-06T00:20:08.230+0000] {processor.py:208} INFO - Processing /home/airflow/.local/lib/python3.12/site-packages/airflow/example_dags/example_latest_only_with_trigger.py took 0.145 seconds
[2024-11-06T00:20:38.690+0000] {processor.py:186} INFO - Started process (PID=351) to work on /home/airflow/.local/lib/python3.12/site-packages/airflow/example_dags/example_latest_only_with_trigger.py
[2024-11-06T00:20:38.692+0000] {processor.py:914} INFO - Processing file /home/airflow/.local/lib/python3.12/site-packages/airflow/example_dags/example_latest_only_with_trigger.py for tasks to queue
[2024-11-06T00:20:38.697+0000] {logging_mixin.py:190} INFO - [2024-11-06T00:20:38.696+0000] {dagbag.py:588} INFO - Filling up the DagBag from /home/airflow/.local/lib/python3.12/site-packages/airflow/example_dags/example_latest_only_with_trigger.py
[2024-11-06T00:20:38.708+0000] {processor.py:925} INFO - DAG(s) 'latest_only_with_trigger' retrieved from /home/airflow/.local/lib/python3.12/site-packages/airflow/example_dags/example_latest_only_with_trigger.py
[2024-11-06T00:20:38.742+0000] {logging_mixin.py:190} INFO - [2024-11-06T00:20:38.742+0000] {dag.py:3239} INFO - Sync 1 DAGs
[2024-11-06T00:20:38.783+0000] {logging_mixin.py:190} INFO - [2024-11-06T00:20:38.783+0000] {dag.py:4180} INFO - Setting next_dagrun for latest_only_with_trigger to 2024-11-05 20:00:00+00:00, run_after=2024-11-06 00:00:00+00:00
[2024-11-06T00:20:38.815+0000] {processor.py:208} INFO - Processing /home/airflow/.local/lib/python3.12/site-packages/airflow/example_dags/example_latest_only_with_trigger.py took 0.137 seconds
[2024-11-06T00:21:10.183+0000] {processor.py:186} INFO - Started process (PID=415) to work on /home/airflow/.local/lib/python3.12/site-packages/airflow/example_dags/example_latest_only_with_trigger.py
[2024-11-06T00:21:10.185+0000] {processor.py:914} INFO - Processing file /home/airflow/.local/lib/python3.12/site-packages/airflow/example_dags/example_latest_only_with_trigger.py for tasks to queue
[2024-11-06T00:21:10.189+0000] {logging_mixin.py:190} INFO - [2024-11-06T00:21:10.188+0000] {dagbag.py:588} INFO - Filling up the DagBag from /home/airflow/.local/lib/python3.12/site-packages/airflow/example_dags/example_latest_only_with_trigger.py
[2024-11-06T00:21:10.201+0000] {processor.py:925} INFO - DAG(s) 'latest_only_with_trigger' retrieved from /home/airflow/.local/lib/python3.12/site-packages/airflow/example_dags/example_latest_only_with_trigger.py
[2024-11-06T00:21:10.237+0000] {logging_mixin.py:190} INFO - [2024-11-06T00:21:10.237+0000] {dag.py:3239} INFO - Sync 1 DAGs
[2024-11-06T00:21:10.279+0000] {logging_mixin.py:190} INFO - [2024-11-06T00:21:10.279+0000] {dag.py:4180} INFO - Setting next_dagrun for latest_only_with_trigger to 2024-11-05 20:00:00+00:00, run_after=2024-11-06 00:00:00+00:00
[2024-11-06T00:21:10.308+0000] {processor.py:208} INFO - Processing /home/airflow/.local/lib/python3.12/site-packages/airflow/example_dags/example_latest_only_with_trigger.py took 0.134 seconds
[2024-11-06T00:23:44.981+0000] {processor.py:186} INFO - Started process (PID=88) to work on /home/airflow/.local/lib/python3.12/site-packages/airflow/example_dags/example_latest_only_with_trigger.py
[2024-11-06T00:23:44.983+0000] {processor.py:914} INFO - Processing file /home/airflow/.local/lib/python3.12/site-packages/airflow/example_dags/example_latest_only_with_trigger.py for tasks to queue
[2024-11-06T00:23:44.991+0000] {logging_mixin.py:190} INFO - [2024-11-06T00:23:44.990+0000] {dagbag.py:588} INFO - Filling up the DagBag from /home/airflow/.local/lib/python3.12/site-packages/airflow/example_dags/example_latest_only_with_trigger.py
[2024-11-06T00:23:45.012+0000] {processor.py:925} INFO - DAG(s) 'latest_only_with_trigger' retrieved from /home/airflow/.local/lib/python3.12/site-packages/airflow/example_dags/example_latest_only_with_trigger.py
[2024-11-06T00:23:45.053+0000] {logging_mixin.py:190} INFO - [2024-11-06T00:23:45.052+0000] {dag.py:3239} INFO - Sync 1 DAGs
[2024-11-06T00:23:45.100+0000] {logging_mixin.py:190} INFO - [2024-11-06T00:23:45.098+0000] {dag.py:4180} INFO - Setting next_dagrun for latest_only_with_trigger to 2024-11-05 20:00:00+00:00, run_after=2024-11-06 00:00:00+00:00
[2024-11-06T00:23:45.142+0000] {processor.py:208} INFO - Processing /home/airflow/.local/lib/python3.12/site-packages/airflow/example_dags/example_latest_only_with_trigger.py took 0.176 seconds
[2024-11-06T00:24:16.630+0000] {processor.py:186} INFO - Started process (PID=152) to work on /home/airflow/.local/lib/python3.12/site-packages/airflow/example_dags/example_latest_only_with_trigger.py
[2024-11-06T00:24:16.632+0000] {processor.py:914} INFO - Processing file /home/airflow/.local/lib/python3.12/site-packages/airflow/example_dags/example_latest_only_with_trigger.py for tasks to queue
[2024-11-06T00:24:16.637+0000] {logging_mixin.py:190} INFO - [2024-11-06T00:24:16.636+0000] {dagbag.py:588} INFO - Filling up the DagBag from /home/airflow/.local/lib/python3.12/site-packages/airflow/example_dags/example_latest_only_with_trigger.py
[2024-11-06T00:24:16.653+0000] {processor.py:925} INFO - DAG(s) 'latest_only_with_trigger' retrieved from /home/airflow/.local/lib/python3.12/site-packages/airflow/example_dags/example_latest_only_with_trigger.py
[2024-11-06T00:24:16.686+0000] {logging_mixin.py:190} INFO - [2024-11-06T00:24:16.686+0000] {dag.py:3239} INFO - Sync 1 DAGs
[2024-11-06T00:24:16.750+0000] {logging_mixin.py:190} INFO - [2024-11-06T00:24:16.749+0000] {dag.py:4180} INFO - Setting next_dagrun for latest_only_with_trigger to 2024-11-05 20:00:00+00:00, run_after=2024-11-06 00:00:00+00:00
[2024-11-06T00:24:17.614+0000] {processor.py:208} INFO - Processing /home/airflow/.local/lib/python3.12/site-packages/airflow/example_dags/example_latest_only_with_trigger.py took 0.995 seconds
[2024-11-06T00:26:21.739+0000] {processor.py:186} INFO - Started process (PID=88) to work on /home/airflow/.local/lib/python3.12/site-packages/airflow/example_dags/example_latest_only_with_trigger.py
[2024-11-06T00:26:21.741+0000] {processor.py:914} INFO - Processing file /home/airflow/.local/lib/python3.12/site-packages/airflow/example_dags/example_latest_only_with_trigger.py for tasks to queue
[2024-11-06T00:26:21.746+0000] {logging_mixin.py:190} INFO - [2024-11-06T00:26:21.745+0000] {dagbag.py:588} INFO - Filling up the DagBag from /home/airflow/.local/lib/python3.12/site-packages/airflow/example_dags/example_latest_only_with_trigger.py
[2024-11-06T00:26:21.758+0000] {processor.py:925} INFO - DAG(s) 'latest_only_with_trigger' retrieved from /home/airflow/.local/lib/python3.12/site-packages/airflow/example_dags/example_latest_only_with_trigger.py
[2024-11-06T00:26:21.794+0000] {logging_mixin.py:190} INFO - [2024-11-06T00:26:21.793+0000] {dag.py:3239} INFO - Sync 1 DAGs
[2024-11-06T00:26:21.840+0000] {logging_mixin.py:190} INFO - [2024-11-06T00:26:21.839+0000] {dag.py:4180} INFO - Setting next_dagrun for latest_only_with_trigger to 2024-11-05 20:00:00+00:00, run_after=2024-11-06 00:00:00+00:00
[2024-11-06T00:26:21.873+0000] {processor.py:208} INFO - Processing /home/airflow/.local/lib/python3.12/site-packages/airflow/example_dags/example_latest_only_with_trigger.py took 0.145 seconds
[2024-11-06T00:26:53.608+0000] {processor.py:186} INFO - Started process (PID=152) to work on /home/airflow/.local/lib/python3.12/site-packages/airflow/example_dags/example_latest_only_with_trigger.py
[2024-11-06T00:26:53.609+0000] {processor.py:914} INFO - Processing file /home/airflow/.local/lib/python3.12/site-packages/airflow/example_dags/example_latest_only_with_trigger.py for tasks to queue
[2024-11-06T00:26:53.614+0000] {logging_mixin.py:190} INFO - [2024-11-06T00:26:53.613+0000] {dagbag.py:588} INFO - Filling up the DagBag from /home/airflow/.local/lib/python3.12/site-packages/airflow/example_dags/example_latest_only_with_trigger.py
[2024-11-06T00:26:53.629+0000] {processor.py:925} INFO - DAG(s) 'latest_only_with_trigger' retrieved from /home/airflow/.local/lib/python3.12/site-packages/airflow/example_dags/example_latest_only_with_trigger.py
[2024-11-06T00:26:53.660+0000] {logging_mixin.py:190} INFO - [2024-11-06T00:26:53.660+0000] {dag.py:3239} INFO - Sync 1 DAGs
[2024-11-06T00:26:53.702+0000] {logging_mixin.py:190} INFO - [2024-11-06T00:26:53.701+0000] {dag.py:4180} INFO - Setting next_dagrun for latest_only_with_trigger to 2024-11-05 20:00:00+00:00, run_after=2024-11-06 00:00:00+00:00
[2024-11-06T00:26:53.736+0000] {processor.py:208} INFO - Processing /home/airflow/.local/lib/python3.12/site-packages/airflow/example_dags/example_latest_only_with_trigger.py took 0.140 seconds
[2024-11-06T00:27:25.614+0000] {processor.py:186} INFO - Started process (PID=216) to work on /home/airflow/.local/lib/python3.12/site-packages/airflow/example_dags/example_latest_only_with_trigger.py
[2024-11-06T00:27:25.617+0000] {processor.py:914} INFO - Processing file /home/airflow/.local/lib/python3.12/site-packages/airflow/example_dags/example_latest_only_with_trigger.py for tasks to queue
[2024-11-06T00:27:25.622+0000] {logging_mixin.py:190} INFO - [2024-11-06T00:27:25.622+0000] {dagbag.py:588} INFO - Filling up the DagBag from /home/airflow/.local/lib/python3.12/site-packages/airflow/example_dags/example_latest_only_with_trigger.py
[2024-11-06T00:27:25.638+0000] {processor.py:925} INFO - DAG(s) 'latest_only_with_trigger' retrieved from /home/airflow/.local/lib/python3.12/site-packages/airflow/example_dags/example_latest_only_with_trigger.py
[2024-11-06T00:27:25.677+0000] {logging_mixin.py:190} INFO - [2024-11-06T00:27:25.676+0000] {dag.py:3239} INFO - Sync 1 DAGs
[2024-11-06T00:27:25.735+0000] {logging_mixin.py:190} INFO - [2024-11-06T00:27:25.734+0000] {dag.py:4180} INFO - Setting next_dagrun for latest_only_with_trigger to 2024-11-05 20:00:00+00:00, run_after=2024-11-06 00:00:00+00:00
[2024-11-06T00:27:25.782+0000] {processor.py:208} INFO - Processing /home/airflow/.local/lib/python3.12/site-packages/airflow/example_dags/example_latest_only_with_trigger.py took 0.184 seconds
