[2024-11-06T00:00:04.796+0000] {processor.py:186} INFO - Started process (PID=2453) to work on /home/airflow/.local/lib/python3.12/site-packages/airflow/example_dags/example_short_circuit_decorator.py
[2024-11-06T00:00:04.799+0000] {processor.py:914} INFO - Processing file /home/airflow/.local/lib/python3.12/site-packages/airflow/example_dags/example_short_circuit_decorator.py for tasks to queue
[2024-11-06T00:00:04.805+0000] {logging_mixin.py:190} INFO - [2024-11-06T00:00:04.804+0000] {dagbag.py:588} INFO - Filling up the DagBag from /home/airflow/.local/lib/python3.12/site-packages/airflow/example_dags/example_short_circuit_decorator.py
[2024-11-06T00:00:04.831+0000] {processor.py:925} INFO - DAG(s) 'example_short_circuit_decorator' retrieved from /home/airflow/.local/lib/python3.12/site-packages/airflow/example_dags/example_short_circuit_decorator.py
[2024-11-06T00:00:04.884+0000] {logging_mixin.py:190} INFO - [2024-11-06T00:00:04.884+0000] {dag.py:3239} INFO - Sync 1 DAGs
[2024-11-06T00:00:04.931+0000] {logging_mixin.py:190} INFO - [2024-11-06T00:00:04.931+0000] {dag.py:4180} INFO - Setting next_dagrun for example_short_circuit_decorator to None, run_after=None
[2024-11-06T00:00:04.970+0000] {processor.py:208} INFO - Processing /home/airflow/.local/lib/python3.12/site-packages/airflow/example_dags/example_short_circuit_decorator.py took 0.185 seconds
[2024-11-06T00:00:36.972+0000] {processor.py:186} INFO - Started process (PID=2518) to work on /home/airflow/.local/lib/python3.12/site-packages/airflow/example_dags/example_short_circuit_decorator.py
[2024-11-06T00:00:36.974+0000] {processor.py:914} INFO - Processing file /home/airflow/.local/lib/python3.12/site-packages/airflow/example_dags/example_short_circuit_decorator.py for tasks to queue
[2024-11-06T00:00:36.979+0000] {logging_mixin.py:190} INFO - [2024-11-06T00:00:36.978+0000] {dagbag.py:588} INFO - Filling up the DagBag from /home/airflow/.local/lib/python3.12/site-packages/airflow/example_dags/example_short_circuit_decorator.py
[2024-11-06T00:00:36.995+0000] {processor.py:925} INFO - DAG(s) 'example_short_circuit_decorator' retrieved from /home/airflow/.local/lib/python3.12/site-packages/airflow/example_dags/example_short_circuit_decorator.py
[2024-11-06T00:00:37.034+0000] {logging_mixin.py:190} INFO - [2024-11-06T00:00:37.033+0000] {dag.py:3239} INFO - Sync 1 DAGs
[2024-11-06T00:00:37.057+0000] {logging_mixin.py:190} INFO - [2024-11-06T00:00:37.057+0000] {dag.py:4180} INFO - Setting next_dagrun for example_short_circuit_decorator to None, run_after=None
[2024-11-06T00:00:37.108+0000] {processor.py:208} INFO - Processing /home/airflow/.local/lib/python3.12/site-packages/airflow/example_dags/example_short_circuit_decorator.py took 0.146 seconds
[2024-11-06T00:01:08.689+0000] {processor.py:186} INFO - Started process (PID=2584) to work on /home/airflow/.local/lib/python3.12/site-packages/airflow/example_dags/example_short_circuit_decorator.py
[2024-11-06T00:01:08.691+0000] {processor.py:914} INFO - Processing file /home/airflow/.local/lib/python3.12/site-packages/airflow/example_dags/example_short_circuit_decorator.py for tasks to queue
[2024-11-06T00:01:08.695+0000] {logging_mixin.py:190} INFO - [2024-11-06T00:01:08.695+0000] {dagbag.py:588} INFO - Filling up the DagBag from /home/airflow/.local/lib/python3.12/site-packages/airflow/example_dags/example_short_circuit_decorator.py
[2024-11-06T00:01:08.710+0000] {processor.py:925} INFO - DAG(s) 'example_short_circuit_decorator' retrieved from /home/airflow/.local/lib/python3.12/site-packages/airflow/example_dags/example_short_circuit_decorator.py
[2024-11-06T00:01:08.745+0000] {logging_mixin.py:190} INFO - [2024-11-06T00:01:08.745+0000] {dag.py:3239} INFO - Sync 1 DAGs
[2024-11-06T00:01:08.767+0000] {logging_mixin.py:190} INFO - [2024-11-06T00:01:08.766+0000] {dag.py:4180} INFO - Setting next_dagrun for example_short_circuit_decorator to None, run_after=None
[2024-11-06T00:01:08.815+0000] {processor.py:208} INFO - Processing /home/airflow/.local/lib/python3.12/site-packages/airflow/example_dags/example_short_circuit_decorator.py took 0.137 seconds
[2024-11-06T00:01:39.929+0000] {processor.py:186} INFO - Started process (PID=2648) to work on /home/airflow/.local/lib/python3.12/site-packages/airflow/example_dags/example_short_circuit_decorator.py
[2024-11-06T00:01:39.931+0000] {processor.py:914} INFO - Processing file /home/airflow/.local/lib/python3.12/site-packages/airflow/example_dags/example_short_circuit_decorator.py for tasks to queue
[2024-11-06T00:01:39.934+0000] {logging_mixin.py:190} INFO - [2024-11-06T00:01:39.934+0000] {dagbag.py:588} INFO - Filling up the DagBag from /home/airflow/.local/lib/python3.12/site-packages/airflow/example_dags/example_short_circuit_decorator.py
[2024-11-06T00:01:39.949+0000] {processor.py:925} INFO - DAG(s) 'example_short_circuit_decorator' retrieved from /home/airflow/.local/lib/python3.12/site-packages/airflow/example_dags/example_short_circuit_decorator.py
[2024-11-06T00:01:39.980+0000] {logging_mixin.py:190} INFO - [2024-11-06T00:01:39.980+0000] {dag.py:3239} INFO - Sync 1 DAGs
[2024-11-06T00:01:40.002+0000] {logging_mixin.py:190} INFO - [2024-11-06T00:01:40.002+0000] {dag.py:4180} INFO - Setting next_dagrun for example_short_circuit_decorator to None, run_after=None
[2024-11-06T00:01:40.033+0000] {processor.py:208} INFO - Processing /home/airflow/.local/lib/python3.12/site-packages/airflow/example_dags/example_short_circuit_decorator.py took 0.116 seconds
[2024-11-06T00:02:11.294+0000] {processor.py:186} INFO - Started process (PID=2713) to work on /home/airflow/.local/lib/python3.12/site-packages/airflow/example_dags/example_short_circuit_decorator.py
[2024-11-06T00:02:11.295+0000] {processor.py:914} INFO - Processing file /home/airflow/.local/lib/python3.12/site-packages/airflow/example_dags/example_short_circuit_decorator.py for tasks to queue
[2024-11-06T00:02:11.300+0000] {logging_mixin.py:190} INFO - [2024-11-06T00:02:11.299+0000] {dagbag.py:588} INFO - Filling up the DagBag from /home/airflow/.local/lib/python3.12/site-packages/airflow/example_dags/example_short_circuit_decorator.py
[2024-11-06T00:02:11.318+0000] {processor.py:925} INFO - DAG(s) 'example_short_circuit_decorator' retrieved from /home/airflow/.local/lib/python3.12/site-packages/airflow/example_dags/example_short_circuit_decorator.py
[2024-11-06T00:02:11.358+0000] {logging_mixin.py:190} INFO - [2024-11-06T00:02:11.357+0000] {dag.py:3239} INFO - Sync 1 DAGs
[2024-11-06T00:02:11.383+0000] {logging_mixin.py:190} INFO - [2024-11-06T00:02:11.383+0000] {dag.py:4180} INFO - Setting next_dagrun for example_short_circuit_decorator to None, run_after=None
[2024-11-06T00:02:11.417+0000] {processor.py:208} INFO - Processing /home/airflow/.local/lib/python3.12/site-packages/airflow/example_dags/example_short_circuit_decorator.py took 0.133 seconds
[2024-11-06T00:02:43.291+0000] {processor.py:186} INFO - Started process (PID=2777) to work on /home/airflow/.local/lib/python3.12/site-packages/airflow/example_dags/example_short_circuit_decorator.py
[2024-11-06T00:02:43.294+0000] {processor.py:914} INFO - Processing file /home/airflow/.local/lib/python3.12/site-packages/airflow/example_dags/example_short_circuit_decorator.py for tasks to queue
[2024-11-06T00:02:43.300+0000] {logging_mixin.py:190} INFO - [2024-11-06T00:02:43.298+0000] {dagbag.py:588} INFO - Filling up the DagBag from /home/airflow/.local/lib/python3.12/site-packages/airflow/example_dags/example_short_circuit_decorator.py
[2024-11-06T00:02:43.317+0000] {processor.py:925} INFO - DAG(s) 'example_short_circuit_decorator' retrieved from /home/airflow/.local/lib/python3.12/site-packages/airflow/example_dags/example_short_circuit_decorator.py
[2024-11-06T00:02:43.355+0000] {logging_mixin.py:190} INFO - [2024-11-06T00:02:43.355+0000] {dag.py:3239} INFO - Sync 1 DAGs
[2024-11-06T00:02:43.381+0000] {logging_mixin.py:190} INFO - [2024-11-06T00:02:43.380+0000] {dag.py:4180} INFO - Setting next_dagrun for example_short_circuit_decorator to None, run_after=None
[2024-11-06T00:02:43.418+0000] {processor.py:208} INFO - Processing /home/airflow/.local/lib/python3.12/site-packages/airflow/example_dags/example_short_circuit_decorator.py took 0.136 seconds
[2024-11-06T00:03:14.733+0000] {processor.py:186} INFO - Started process (PID=2841) to work on /home/airflow/.local/lib/python3.12/site-packages/airflow/example_dags/example_short_circuit_decorator.py
[2024-11-06T00:03:14.734+0000] {processor.py:914} INFO - Processing file /home/airflow/.local/lib/python3.12/site-packages/airflow/example_dags/example_short_circuit_decorator.py for tasks to queue
[2024-11-06T00:03:14.738+0000] {logging_mixin.py:190} INFO - [2024-11-06T00:03:14.738+0000] {dagbag.py:588} INFO - Filling up the DagBag from /home/airflow/.local/lib/python3.12/site-packages/airflow/example_dags/example_short_circuit_decorator.py
[2024-11-06T00:03:14.758+0000] {processor.py:925} INFO - DAG(s) 'example_short_circuit_decorator' retrieved from /home/airflow/.local/lib/python3.12/site-packages/airflow/example_dags/example_short_circuit_decorator.py
[2024-11-06T00:03:14.795+0000] {logging_mixin.py:190} INFO - [2024-11-06T00:03:14.795+0000] {dag.py:3239} INFO - Sync 1 DAGs
[2024-11-06T00:03:14.817+0000] {logging_mixin.py:190} INFO - [2024-11-06T00:03:14.816+0000] {dag.py:4180} INFO - Setting next_dagrun for example_short_circuit_decorator to None, run_after=None
[2024-11-06T00:03:14.847+0000] {processor.py:208} INFO - Processing /home/airflow/.local/lib/python3.12/site-packages/airflow/example_dags/example_short_circuit_decorator.py took 0.126 seconds
[2024-11-06T00:03:46.328+0000] {processor.py:186} INFO - Started process (PID=2907) to work on /home/airflow/.local/lib/python3.12/site-packages/airflow/example_dags/example_short_circuit_decorator.py
[2024-11-06T00:03:46.330+0000] {processor.py:914} INFO - Processing file /home/airflow/.local/lib/python3.12/site-packages/airflow/example_dags/example_short_circuit_decorator.py for tasks to queue
[2024-11-06T00:03:46.335+0000] {logging_mixin.py:190} INFO - [2024-11-06T00:03:46.335+0000] {dagbag.py:588} INFO - Filling up the DagBag from /home/airflow/.local/lib/python3.12/site-packages/airflow/example_dags/example_short_circuit_decorator.py
[2024-11-06T00:03:46.354+0000] {processor.py:925} INFO - DAG(s) 'example_short_circuit_decorator' retrieved from /home/airflow/.local/lib/python3.12/site-packages/airflow/example_dags/example_short_circuit_decorator.py
[2024-11-06T00:03:46.391+0000] {logging_mixin.py:190} INFO - [2024-11-06T00:03:46.390+0000] {dag.py:3239} INFO - Sync 1 DAGs
[2024-11-06T00:03:46.416+0000] {logging_mixin.py:190} INFO - [2024-11-06T00:03:46.416+0000] {dag.py:4180} INFO - Setting next_dagrun for example_short_circuit_decorator to None, run_after=None
[2024-11-06T00:03:46.451+0000] {processor.py:208} INFO - Processing /home/airflow/.local/lib/python3.12/site-packages/airflow/example_dags/example_short_circuit_decorator.py took 0.133 seconds
[2024-11-06T00:04:18.163+0000] {processor.py:186} INFO - Started process (PID=2978) to work on /home/airflow/.local/lib/python3.12/site-packages/airflow/example_dags/example_short_circuit_decorator.py
[2024-11-06T00:04:18.165+0000] {processor.py:914} INFO - Processing file /home/airflow/.local/lib/python3.12/site-packages/airflow/example_dags/example_short_circuit_decorator.py for tasks to queue
[2024-11-06T00:04:18.170+0000] {logging_mixin.py:190} INFO - [2024-11-06T00:04:18.169+0000] {dagbag.py:588} INFO - Filling up the DagBag from /home/airflow/.local/lib/python3.12/site-packages/airflow/example_dags/example_short_circuit_decorator.py
[2024-11-06T00:04:18.190+0000] {processor.py:925} INFO - DAG(s) 'example_short_circuit_decorator' retrieved from /home/airflow/.local/lib/python3.12/site-packages/airflow/example_dags/example_short_circuit_decorator.py
[2024-11-06T00:04:18.226+0000] {logging_mixin.py:190} INFO - [2024-11-06T00:04:18.226+0000] {dag.py:3239} INFO - Sync 1 DAGs
[2024-11-06T00:04:18.250+0000] {logging_mixin.py:190} INFO - [2024-11-06T00:04:18.250+0000] {dag.py:4180} INFO - Setting next_dagrun for example_short_circuit_decorator to None, run_after=None
[2024-11-06T00:04:18.281+0000] {processor.py:208} INFO - Processing /home/airflow/.local/lib/python3.12/site-packages/airflow/example_dags/example_short_circuit_decorator.py took 0.127 seconds
[2024-11-06T00:04:50.326+0000] {processor.py:186} INFO - Started process (PID=3044) to work on /home/airflow/.local/lib/python3.12/site-packages/airflow/example_dags/example_short_circuit_decorator.py
[2024-11-06T00:04:50.329+0000] {processor.py:914} INFO - Processing file /home/airflow/.local/lib/python3.12/site-packages/airflow/example_dags/example_short_circuit_decorator.py for tasks to queue
[2024-11-06T00:04:50.335+0000] {logging_mixin.py:190} INFO - [2024-11-06T00:04:50.334+0000] {dagbag.py:588} INFO - Filling up the DagBag from /home/airflow/.local/lib/python3.12/site-packages/airflow/example_dags/example_short_circuit_decorator.py
[2024-11-06T00:04:50.357+0000] {processor.py:925} INFO - DAG(s) 'example_short_circuit_decorator' retrieved from /home/airflow/.local/lib/python3.12/site-packages/airflow/example_dags/example_short_circuit_decorator.py
[2024-11-06T00:04:50.399+0000] {logging_mixin.py:190} INFO - [2024-11-06T00:04:50.398+0000] {dag.py:3239} INFO - Sync 1 DAGs
[2024-11-06T00:04:50.433+0000] {logging_mixin.py:190} INFO - [2024-11-06T00:04:50.432+0000] {dag.py:4180} INFO - Setting next_dagrun for example_short_circuit_decorator to None, run_after=None
[2024-11-06T00:04:50.479+0000] {processor.py:208} INFO - Processing /home/airflow/.local/lib/python3.12/site-packages/airflow/example_dags/example_short_circuit_decorator.py took 0.168 seconds
[2024-11-06T00:05:21.588+0000] {processor.py:186} INFO - Started process (PID=3109) to work on /home/airflow/.local/lib/python3.12/site-packages/airflow/example_dags/example_short_circuit_decorator.py
[2024-11-06T00:05:21.590+0000] {processor.py:914} INFO - Processing file /home/airflow/.local/lib/python3.12/site-packages/airflow/example_dags/example_short_circuit_decorator.py for tasks to queue
[2024-11-06T00:05:21.594+0000] {logging_mixin.py:190} INFO - [2024-11-06T00:05:21.593+0000] {dagbag.py:588} INFO - Filling up the DagBag from /home/airflow/.local/lib/python3.12/site-packages/airflow/example_dags/example_short_circuit_decorator.py
[2024-11-06T00:05:21.614+0000] {processor.py:925} INFO - DAG(s) 'example_short_circuit_decorator' retrieved from /home/airflow/.local/lib/python3.12/site-packages/airflow/example_dags/example_short_circuit_decorator.py
[2024-11-06T00:05:21.665+0000] {logging_mixin.py:190} INFO - [2024-11-06T00:05:21.665+0000] {dag.py:3239} INFO - Sync 1 DAGs
[2024-11-06T00:05:21.693+0000] {logging_mixin.py:190} INFO - [2024-11-06T00:05:21.693+0000] {dag.py:4180} INFO - Setting next_dagrun for example_short_circuit_decorator to None, run_after=None
[2024-11-06T00:05:21.722+0000] {processor.py:208} INFO - Processing /home/airflow/.local/lib/python3.12/site-packages/airflow/example_dags/example_short_circuit_decorator.py took 0.148 seconds
[2024-11-06T00:05:53.575+0000] {processor.py:186} INFO - Started process (PID=3174) to work on /home/airflow/.local/lib/python3.12/site-packages/airflow/example_dags/example_short_circuit_decorator.py
[2024-11-06T00:05:53.577+0000] {processor.py:914} INFO - Processing file /home/airflow/.local/lib/python3.12/site-packages/airflow/example_dags/example_short_circuit_decorator.py for tasks to queue
[2024-11-06T00:05:53.582+0000] {logging_mixin.py:190} INFO - [2024-11-06T00:05:53.581+0000] {dagbag.py:588} INFO - Filling up the DagBag from /home/airflow/.local/lib/python3.12/site-packages/airflow/example_dags/example_short_circuit_decorator.py
[2024-11-06T00:05:53.599+0000] {processor.py:925} INFO - DAG(s) 'example_short_circuit_decorator' retrieved from /home/airflow/.local/lib/python3.12/site-packages/airflow/example_dags/example_short_circuit_decorator.py
[2024-11-06T00:05:53.637+0000] {logging_mixin.py:190} INFO - [2024-11-06T00:05:53.636+0000] {dag.py:3239} INFO - Sync 1 DAGs
[2024-11-06T00:05:53.661+0000] {logging_mixin.py:190} INFO - [2024-11-06T00:05:53.660+0000] {dag.py:4180} INFO - Setting next_dagrun for example_short_circuit_decorator to None, run_after=None
[2024-11-06T00:05:53.698+0000] {processor.py:208} INFO - Processing /home/airflow/.local/lib/python3.12/site-packages/airflow/example_dags/example_short_circuit_decorator.py took 0.133 seconds
[2024-11-06T00:06:24.418+0000] {processor.py:186} INFO - Started process (PID=3238) to work on /home/airflow/.local/lib/python3.12/site-packages/airflow/example_dags/example_short_circuit_decorator.py
[2024-11-06T00:06:24.420+0000] {processor.py:914} INFO - Processing file /home/airflow/.local/lib/python3.12/site-packages/airflow/example_dags/example_short_circuit_decorator.py for tasks to queue
[2024-11-06T00:06:24.424+0000] {logging_mixin.py:190} INFO - [2024-11-06T00:06:24.423+0000] {dagbag.py:588} INFO - Filling up the DagBag from /home/airflow/.local/lib/python3.12/site-packages/airflow/example_dags/example_short_circuit_decorator.py
[2024-11-06T00:06:24.449+0000] {processor.py:925} INFO - DAG(s) 'example_short_circuit_decorator' retrieved from /home/airflow/.local/lib/python3.12/site-packages/airflow/example_dags/example_short_circuit_decorator.py
[2024-11-06T00:06:24.515+0000] {logging_mixin.py:190} INFO - [2024-11-06T00:06:24.514+0000] {dag.py:3239} INFO - Sync 1 DAGs
[2024-11-06T00:06:24.544+0000] {logging_mixin.py:190} INFO - [2024-11-06T00:06:24.543+0000] {dag.py:4180} INFO - Setting next_dagrun for example_short_circuit_decorator to None, run_after=None
[2024-11-06T00:06:24.584+0000] {processor.py:208} INFO - Processing /home/airflow/.local/lib/python3.12/site-packages/airflow/example_dags/example_short_circuit_decorator.py took 0.176 seconds
[2024-11-06T00:06:55.202+0000] {processor.py:186} INFO - Started process (PID=3302) to work on /home/airflow/.local/lib/python3.12/site-packages/airflow/example_dags/example_short_circuit_decorator.py
[2024-11-06T00:06:55.204+0000] {processor.py:914} INFO - Processing file /home/airflow/.local/lib/python3.12/site-packages/airflow/example_dags/example_short_circuit_decorator.py for tasks to queue
[2024-11-06T00:06:55.207+0000] {logging_mixin.py:190} INFO - [2024-11-06T00:06:55.207+0000] {dagbag.py:588} INFO - Filling up the DagBag from /home/airflow/.local/lib/python3.12/site-packages/airflow/example_dags/example_short_circuit_decorator.py
[2024-11-06T00:06:55.232+0000] {processor.py:925} INFO - DAG(s) 'example_short_circuit_decorator' retrieved from /home/airflow/.local/lib/python3.12/site-packages/airflow/example_dags/example_short_circuit_decorator.py
[2024-11-06T00:06:55.275+0000] {logging_mixin.py:190} INFO - [2024-11-06T00:06:55.275+0000] {dag.py:3239} INFO - Sync 1 DAGs
[2024-11-06T00:06:55.305+0000] {logging_mixin.py:190} INFO - [2024-11-06T00:06:55.304+0000] {dag.py:4180} INFO - Setting next_dagrun for example_short_circuit_decorator to None, run_after=None
[2024-11-06T00:06:55.339+0000] {processor.py:208} INFO - Processing /home/airflow/.local/lib/python3.12/site-packages/airflow/example_dags/example_short_circuit_decorator.py took 0.146 seconds
[2024-11-06T00:07:25.894+0000] {processor.py:186} INFO - Started process (PID=3366) to work on /home/airflow/.local/lib/python3.12/site-packages/airflow/example_dags/example_short_circuit_decorator.py
[2024-11-06T00:07:25.896+0000] {processor.py:914} INFO - Processing file /home/airflow/.local/lib/python3.12/site-packages/airflow/example_dags/example_short_circuit_decorator.py for tasks to queue
[2024-11-06T00:07:25.902+0000] {logging_mixin.py:190} INFO - [2024-11-06T00:07:25.902+0000] {dagbag.py:588} INFO - Filling up the DagBag from /home/airflow/.local/lib/python3.12/site-packages/airflow/example_dags/example_short_circuit_decorator.py
[2024-11-06T00:07:25.924+0000] {processor.py:925} INFO - DAG(s) 'example_short_circuit_decorator' retrieved from /home/airflow/.local/lib/python3.12/site-packages/airflow/example_dags/example_short_circuit_decorator.py
[2024-11-06T00:07:25.968+0000] {logging_mixin.py:190} INFO - [2024-11-06T00:07:25.968+0000] {dag.py:3239} INFO - Sync 1 DAGs
[2024-11-06T00:07:26.004+0000] {logging_mixin.py:190} INFO - [2024-11-06T00:07:26.004+0000] {dag.py:4180} INFO - Setting next_dagrun for example_short_circuit_decorator to None, run_after=None
[2024-11-06T00:07:26.038+0000] {processor.py:208} INFO - Processing /home/airflow/.local/lib/python3.12/site-packages/airflow/example_dags/example_short_circuit_decorator.py took 0.155 seconds
[2024-11-06T00:07:56.240+0000] {processor.py:186} INFO - Started process (PID=3429) to work on /home/airflow/.local/lib/python3.12/site-packages/airflow/example_dags/example_short_circuit_decorator.py
[2024-11-06T00:07:56.241+0000] {processor.py:914} INFO - Processing file /home/airflow/.local/lib/python3.12/site-packages/airflow/example_dags/example_short_circuit_decorator.py for tasks to queue
[2024-11-06T00:07:56.245+0000] {logging_mixin.py:190} INFO - [2024-11-06T00:07:56.244+0000] {dagbag.py:588} INFO - Filling up the DagBag from /home/airflow/.local/lib/python3.12/site-packages/airflow/example_dags/example_short_circuit_decorator.py
[2024-11-06T00:07:56.262+0000] {processor.py:925} INFO - DAG(s) 'example_short_circuit_decorator' retrieved from /home/airflow/.local/lib/python3.12/site-packages/airflow/example_dags/example_short_circuit_decorator.py
[2024-11-06T00:07:56.301+0000] {logging_mixin.py:190} INFO - [2024-11-06T00:07:56.301+0000] {dag.py:3239} INFO - Sync 1 DAGs
[2024-11-06T00:07:56.324+0000] {logging_mixin.py:190} INFO - [2024-11-06T00:07:56.324+0000] {dag.py:4180} INFO - Setting next_dagrun for example_short_circuit_decorator to None, run_after=None
[2024-11-06T00:07:56.358+0000] {processor.py:208} INFO - Processing /home/airflow/.local/lib/python3.12/site-packages/airflow/example_dags/example_short_circuit_decorator.py took 0.128 seconds
[2024-11-06T00:08:26.702+0000] {processor.py:186} INFO - Started process (PID=3492) to work on /home/airflow/.local/lib/python3.12/site-packages/airflow/example_dags/example_short_circuit_decorator.py
[2024-11-06T00:08:26.704+0000] {processor.py:914} INFO - Processing file /home/airflow/.local/lib/python3.12/site-packages/airflow/example_dags/example_short_circuit_decorator.py for tasks to queue
[2024-11-06T00:08:26.709+0000] {logging_mixin.py:190} INFO - [2024-11-06T00:08:26.708+0000] {dagbag.py:588} INFO - Filling up the DagBag from /home/airflow/.local/lib/python3.12/site-packages/airflow/example_dags/example_short_circuit_decorator.py
[2024-11-06T00:08:26.726+0000] {processor.py:925} INFO - DAG(s) 'example_short_circuit_decorator' retrieved from /home/airflow/.local/lib/python3.12/site-packages/airflow/example_dags/example_short_circuit_decorator.py
[2024-11-06T00:08:26.768+0000] {logging_mixin.py:190} INFO - [2024-11-06T00:08:26.768+0000] {dag.py:3239} INFO - Sync 1 DAGs
[2024-11-06T00:08:26.792+0000] {logging_mixin.py:190} INFO - [2024-11-06T00:08:26.791+0000] {dag.py:4180} INFO - Setting next_dagrun for example_short_circuit_decorator to None, run_after=None
[2024-11-06T00:08:26.850+0000] {processor.py:208} INFO - Processing /home/airflow/.local/lib/python3.12/site-packages/airflow/example_dags/example_short_circuit_decorator.py took 0.159 seconds
[2024-11-06T00:08:57.122+0000] {processor.py:186} INFO - Started process (PID=3556) to work on /home/airflow/.local/lib/python3.12/site-packages/airflow/example_dags/example_short_circuit_decorator.py
[2024-11-06T00:08:57.125+0000] {processor.py:914} INFO - Processing file /home/airflow/.local/lib/python3.12/site-packages/airflow/example_dags/example_short_circuit_decorator.py for tasks to queue
[2024-11-06T00:08:57.131+0000] {logging_mixin.py:190} INFO - [2024-11-06T00:08:57.131+0000] {dagbag.py:588} INFO - Filling up the DagBag from /home/airflow/.local/lib/python3.12/site-packages/airflow/example_dags/example_short_circuit_decorator.py
[2024-11-06T00:08:57.152+0000] {processor.py:925} INFO - DAG(s) 'example_short_circuit_decorator' retrieved from /home/airflow/.local/lib/python3.12/site-packages/airflow/example_dags/example_short_circuit_decorator.py
[2024-11-06T00:08:57.211+0000] {logging_mixin.py:190} INFO - [2024-11-06T00:08:57.210+0000] {dag.py:3239} INFO - Sync 1 DAGs
[2024-11-06T00:08:57.241+0000] {logging_mixin.py:190} INFO - [2024-11-06T00:08:57.240+0000] {dag.py:4180} INFO - Setting next_dagrun for example_short_circuit_decorator to None, run_after=None
[2024-11-06T00:08:57.282+0000] {processor.py:208} INFO - Processing /home/airflow/.local/lib/python3.12/site-packages/airflow/example_dags/example_short_circuit_decorator.py took 0.173 seconds
[2024-11-06T00:09:28.438+0000] {processor.py:186} INFO - Started process (PID=3620) to work on /home/airflow/.local/lib/python3.12/site-packages/airflow/example_dags/example_short_circuit_decorator.py
[2024-11-06T00:09:28.441+0000] {processor.py:914} INFO - Processing file /home/airflow/.local/lib/python3.12/site-packages/airflow/example_dags/example_short_circuit_decorator.py for tasks to queue
[2024-11-06T00:09:28.450+0000] {logging_mixin.py:190} INFO - [2024-11-06T00:09:28.447+0000] {dagbag.py:588} INFO - Filling up the DagBag from /home/airflow/.local/lib/python3.12/site-packages/airflow/example_dags/example_short_circuit_decorator.py
[2024-11-06T00:09:28.474+0000] {processor.py:925} INFO - DAG(s) 'example_short_circuit_decorator' retrieved from /home/airflow/.local/lib/python3.12/site-packages/airflow/example_dags/example_short_circuit_decorator.py
[2024-11-06T00:09:28.512+0000] {logging_mixin.py:190} INFO - [2024-11-06T00:09:28.511+0000] {dag.py:3239} INFO - Sync 1 DAGs
[2024-11-06T00:09:28.539+0000] {logging_mixin.py:190} INFO - [2024-11-06T00:09:28.538+0000] {dag.py:4180} INFO - Setting next_dagrun for example_short_circuit_decorator to None, run_after=None
[2024-11-06T00:09:28.573+0000] {processor.py:208} INFO - Processing /home/airflow/.local/lib/python3.12/site-packages/airflow/example_dags/example_short_circuit_decorator.py took 0.154 seconds
[2024-11-06T00:10:00.322+0000] {processor.py:186} INFO - Started process (PID=3684) to work on /home/airflow/.local/lib/python3.12/site-packages/airflow/example_dags/example_short_circuit_decorator.py
[2024-11-06T00:10:00.324+0000] {processor.py:914} INFO - Processing file /home/airflow/.local/lib/python3.12/site-packages/airflow/example_dags/example_short_circuit_decorator.py for tasks to queue
[2024-11-06T00:10:00.327+0000] {logging_mixin.py:190} INFO - [2024-11-06T00:10:00.327+0000] {dagbag.py:588} INFO - Filling up the DagBag from /home/airflow/.local/lib/python3.12/site-packages/airflow/example_dags/example_short_circuit_decorator.py
[2024-11-06T00:10:00.348+0000] {processor.py:925} INFO - DAG(s) 'example_short_circuit_decorator' retrieved from /home/airflow/.local/lib/python3.12/site-packages/airflow/example_dags/example_short_circuit_decorator.py
[2024-11-06T00:10:00.391+0000] {logging_mixin.py:190} INFO - [2024-11-06T00:10:00.390+0000] {dag.py:3239} INFO - Sync 1 DAGs
[2024-11-06T00:10:00.655+0000] {logging_mixin.py:190} INFO - [2024-11-06T00:10:00.654+0000] {dag.py:4180} INFO - Setting next_dagrun for example_short_circuit_decorator to None, run_after=None
[2024-11-06T00:10:00.711+0000] {processor.py:208} INFO - Processing /home/airflow/.local/lib/python3.12/site-packages/airflow/example_dags/example_short_circuit_decorator.py took 0.400 seconds
[2024-11-06T00:10:30.956+0000] {processor.py:186} INFO - Started process (PID=3749) to work on /home/airflow/.local/lib/python3.12/site-packages/airflow/example_dags/example_short_circuit_decorator.py
[2024-11-06T00:10:30.957+0000] {processor.py:914} INFO - Processing file /home/airflow/.local/lib/python3.12/site-packages/airflow/example_dags/example_short_circuit_decorator.py for tasks to queue
[2024-11-06T00:10:30.961+0000] {logging_mixin.py:190} INFO - [2024-11-06T00:10:30.960+0000] {dagbag.py:588} INFO - Filling up the DagBag from /home/airflow/.local/lib/python3.12/site-packages/airflow/example_dags/example_short_circuit_decorator.py
[2024-11-06T00:10:30.979+0000] {processor.py:925} INFO - DAG(s) 'example_short_circuit_decorator' retrieved from /home/airflow/.local/lib/python3.12/site-packages/airflow/example_dags/example_short_circuit_decorator.py
[2024-11-06T00:10:31.016+0000] {logging_mixin.py:190} INFO - [2024-11-06T00:10:31.016+0000] {dag.py:3239} INFO - Sync 1 DAGs
[2024-11-06T00:10:31.050+0000] {logging_mixin.py:190} INFO - [2024-11-06T00:10:31.049+0000] {dag.py:4180} INFO - Setting next_dagrun for example_short_circuit_decorator to None, run_after=None
[2024-11-06T00:10:31.427+0000] {processor.py:208} INFO - Processing /home/airflow/.local/lib/python3.12/site-packages/airflow/example_dags/example_short_circuit_decorator.py took 0.482 seconds
[2024-11-06T00:11:02.389+0000] {processor.py:186} INFO - Started process (PID=3814) to work on /home/airflow/.local/lib/python3.12/site-packages/airflow/example_dags/example_short_circuit_decorator.py
[2024-11-06T00:11:02.391+0000] {processor.py:914} INFO - Processing file /home/airflow/.local/lib/python3.12/site-packages/airflow/example_dags/example_short_circuit_decorator.py for tasks to queue
[2024-11-06T00:11:02.395+0000] {logging_mixin.py:190} INFO - [2024-11-06T00:11:02.395+0000] {dagbag.py:588} INFO - Filling up the DagBag from /home/airflow/.local/lib/python3.12/site-packages/airflow/example_dags/example_short_circuit_decorator.py
[2024-11-06T00:11:02.415+0000] {processor.py:925} INFO - DAG(s) 'example_short_circuit_decorator' retrieved from /home/airflow/.local/lib/python3.12/site-packages/airflow/example_dags/example_short_circuit_decorator.py
[2024-11-06T00:11:02.455+0000] {logging_mixin.py:190} INFO - [2024-11-06T00:11:02.454+0000] {dag.py:3239} INFO - Sync 1 DAGs
[2024-11-06T00:11:02.478+0000] {logging_mixin.py:190} INFO - [2024-11-06T00:11:02.477+0000] {dag.py:4180} INFO - Setting next_dagrun for example_short_circuit_decorator to None, run_after=None
[2024-11-06T00:11:02.510+0000] {processor.py:208} INFO - Processing /home/airflow/.local/lib/python3.12/site-packages/airflow/example_dags/example_short_circuit_decorator.py took 0.138 seconds
[2024-11-06T00:11:32.915+0000] {processor.py:186} INFO - Started process (PID=3878) to work on /home/airflow/.local/lib/python3.12/site-packages/airflow/example_dags/example_short_circuit_decorator.py
[2024-11-06T00:11:32.917+0000] {processor.py:914} INFO - Processing file /home/airflow/.local/lib/python3.12/site-packages/airflow/example_dags/example_short_circuit_decorator.py for tasks to queue
[2024-11-06T00:11:32.921+0000] {logging_mixin.py:190} INFO - [2024-11-06T00:11:32.921+0000] {dagbag.py:588} INFO - Filling up the DagBag from /home/airflow/.local/lib/python3.12/site-packages/airflow/example_dags/example_short_circuit_decorator.py
[2024-11-06T00:11:32.935+0000] {processor.py:925} INFO - DAG(s) 'example_short_circuit_decorator' retrieved from /home/airflow/.local/lib/python3.12/site-packages/airflow/example_dags/example_short_circuit_decorator.py
[2024-11-06T00:11:32.970+0000] {logging_mixin.py:190} INFO - [2024-11-06T00:11:32.970+0000] {dag.py:3239} INFO - Sync 1 DAGs
[2024-11-06T00:11:32.992+0000] {logging_mixin.py:190} INFO - [2024-11-06T00:11:32.991+0000] {dag.py:4180} INFO - Setting next_dagrun for example_short_circuit_decorator to None, run_after=None
[2024-11-06T00:11:33.020+0000] {processor.py:208} INFO - Processing /home/airflow/.local/lib/python3.12/site-packages/airflow/example_dags/example_short_circuit_decorator.py took 0.113 seconds
[2024-11-06T00:12:03.443+0000] {processor.py:186} INFO - Started process (PID=3942) to work on /home/airflow/.local/lib/python3.12/site-packages/airflow/example_dags/example_short_circuit_decorator.py
[2024-11-06T00:12:03.446+0000] {processor.py:914} INFO - Processing file /home/airflow/.local/lib/python3.12/site-packages/airflow/example_dags/example_short_circuit_decorator.py for tasks to queue
[2024-11-06T00:12:03.457+0000] {logging_mixin.py:190} INFO - [2024-11-06T00:12:03.455+0000] {dagbag.py:588} INFO - Filling up the DagBag from /home/airflow/.local/lib/python3.12/site-packages/airflow/example_dags/example_short_circuit_decorator.py
[2024-11-06T00:12:03.489+0000] {processor.py:925} INFO - DAG(s) 'example_short_circuit_decorator' retrieved from /home/airflow/.local/lib/python3.12/site-packages/airflow/example_dags/example_short_circuit_decorator.py
[2024-11-06T00:12:03.539+0000] {logging_mixin.py:190} INFO - [2024-11-06T00:12:03.539+0000] {dag.py:3239} INFO - Sync 1 DAGs
[2024-11-06T00:12:03.563+0000] {logging_mixin.py:190} INFO - [2024-11-06T00:12:03.563+0000] {dag.py:4180} INFO - Setting next_dagrun for example_short_circuit_decorator to None, run_after=None
[2024-11-06T00:12:03.920+0000] {processor.py:208} INFO - Processing /home/airflow/.local/lib/python3.12/site-packages/airflow/example_dags/example_short_circuit_decorator.py took 0.495 seconds
[2024-11-06T00:12:34.208+0000] {processor.py:186} INFO - Started process (PID=4006) to work on /home/airflow/.local/lib/python3.12/site-packages/airflow/example_dags/example_short_circuit_decorator.py
[2024-11-06T00:12:34.210+0000] {processor.py:914} INFO - Processing file /home/airflow/.local/lib/python3.12/site-packages/airflow/example_dags/example_short_circuit_decorator.py for tasks to queue
[2024-11-06T00:12:34.215+0000] {logging_mixin.py:190} INFO - [2024-11-06T00:12:34.214+0000] {dagbag.py:588} INFO - Filling up the DagBag from /home/airflow/.local/lib/python3.12/site-packages/airflow/example_dags/example_short_circuit_decorator.py
[2024-11-06T00:12:34.233+0000] {processor.py:925} INFO - DAG(s) 'example_short_circuit_decorator' retrieved from /home/airflow/.local/lib/python3.12/site-packages/airflow/example_dags/example_short_circuit_decorator.py
[2024-11-06T00:12:34.275+0000] {logging_mixin.py:190} INFO - [2024-11-06T00:12:34.274+0000] {dag.py:3239} INFO - Sync 1 DAGs
[2024-11-06T00:12:34.300+0000] {logging_mixin.py:190} INFO - [2024-11-06T00:12:34.300+0000] {dag.py:4180} INFO - Setting next_dagrun for example_short_circuit_decorator to None, run_after=None
[2024-11-06T00:12:34.337+0000] {processor.py:208} INFO - Processing /home/airflow/.local/lib/python3.12/site-packages/airflow/example_dags/example_short_circuit_decorator.py took 0.139 seconds
[2024-11-06T00:13:04.484+0000] {processor.py:186} INFO - Started process (PID=4071) to work on /home/airflow/.local/lib/python3.12/site-packages/airflow/example_dags/example_short_circuit_decorator.py
[2024-11-06T00:13:04.486+0000] {processor.py:914} INFO - Processing file /home/airflow/.local/lib/python3.12/site-packages/airflow/example_dags/example_short_circuit_decorator.py for tasks to queue
[2024-11-06T00:13:04.490+0000] {logging_mixin.py:190} INFO - [2024-11-06T00:13:04.489+0000] {dagbag.py:588} INFO - Filling up the DagBag from /home/airflow/.local/lib/python3.12/site-packages/airflow/example_dags/example_short_circuit_decorator.py
[2024-11-06T00:13:04.505+0000] {processor.py:925} INFO - DAG(s) 'example_short_circuit_decorator' retrieved from /home/airflow/.local/lib/python3.12/site-packages/airflow/example_dags/example_short_circuit_decorator.py
[2024-11-06T00:13:04.550+0000] {logging_mixin.py:190} INFO - [2024-11-06T00:13:04.550+0000] {dag.py:3239} INFO - Sync 1 DAGs
[2024-11-06T00:13:04.573+0000] {logging_mixin.py:190} INFO - [2024-11-06T00:13:04.573+0000] {dag.py:4180} INFO - Setting next_dagrun for example_short_circuit_decorator to None, run_after=None
[2024-11-06T00:13:04.609+0000] {processor.py:208} INFO - Processing /home/airflow/.local/lib/python3.12/site-packages/airflow/example_dags/example_short_circuit_decorator.py took 0.136 seconds
[2024-11-06T00:13:35.974+0000] {processor.py:186} INFO - Started process (PID=4135) to work on /home/airflow/.local/lib/python3.12/site-packages/airflow/example_dags/example_short_circuit_decorator.py
[2024-11-06T00:13:35.976+0000] {processor.py:914} INFO - Processing file /home/airflow/.local/lib/python3.12/site-packages/airflow/example_dags/example_short_circuit_decorator.py for tasks to queue
[2024-11-06T00:13:35.980+0000] {logging_mixin.py:190} INFO - [2024-11-06T00:13:35.979+0000] {dagbag.py:588} INFO - Filling up the DagBag from /home/airflow/.local/lib/python3.12/site-packages/airflow/example_dags/example_short_circuit_decorator.py
[2024-11-06T00:13:35.996+0000] {processor.py:925} INFO - DAG(s) 'example_short_circuit_decorator' retrieved from /home/airflow/.local/lib/python3.12/site-packages/airflow/example_dags/example_short_circuit_decorator.py
[2024-11-06T00:13:36.034+0000] {logging_mixin.py:190} INFO - [2024-11-06T00:13:36.034+0000] {dag.py:3239} INFO - Sync 1 DAGs
[2024-11-06T00:13:36.061+0000] {logging_mixin.py:190} INFO - [2024-11-06T00:13:36.061+0000] {dag.py:4180} INFO - Setting next_dagrun for example_short_circuit_decorator to None, run_after=None
[2024-11-06T00:13:36.095+0000] {processor.py:208} INFO - Processing /home/airflow/.local/lib/python3.12/site-packages/airflow/example_dags/example_short_circuit_decorator.py took 0.131 seconds
[2024-11-06T00:14:07.049+0000] {processor.py:186} INFO - Started process (PID=4199) to work on /home/airflow/.local/lib/python3.12/site-packages/airflow/example_dags/example_short_circuit_decorator.py
[2024-11-06T00:14:07.051+0000] {processor.py:914} INFO - Processing file /home/airflow/.local/lib/python3.12/site-packages/airflow/example_dags/example_short_circuit_decorator.py for tasks to queue
[2024-11-06T00:14:07.056+0000] {logging_mixin.py:190} INFO - [2024-11-06T00:14:07.055+0000] {dagbag.py:588} INFO - Filling up the DagBag from /home/airflow/.local/lib/python3.12/site-packages/airflow/example_dags/example_short_circuit_decorator.py
[2024-11-06T00:14:07.071+0000] {processor.py:925} INFO - DAG(s) 'example_short_circuit_decorator' retrieved from /home/airflow/.local/lib/python3.12/site-packages/airflow/example_dags/example_short_circuit_decorator.py
[2024-11-06T00:14:07.110+0000] {logging_mixin.py:190} INFO - [2024-11-06T00:14:07.109+0000] {dag.py:3239} INFO - Sync 1 DAGs
[2024-11-06T00:14:07.133+0000] {logging_mixin.py:190} INFO - [2024-11-06T00:14:07.133+0000] {dag.py:4180} INFO - Setting next_dagrun for example_short_circuit_decorator to None, run_after=None
[2024-11-06T00:14:07.165+0000] {processor.py:208} INFO - Processing /home/airflow/.local/lib/python3.12/site-packages/airflow/example_dags/example_short_circuit_decorator.py took 0.126 seconds
[2024-11-06T00:14:37.696+0000] {processor.py:186} INFO - Started process (PID=4263) to work on /home/airflow/.local/lib/python3.12/site-packages/airflow/example_dags/example_short_circuit_decorator.py
[2024-11-06T00:14:37.698+0000] {processor.py:914} INFO - Processing file /home/airflow/.local/lib/python3.12/site-packages/airflow/example_dags/example_short_circuit_decorator.py for tasks to queue
[2024-11-06T00:14:37.703+0000] {logging_mixin.py:190} INFO - [2024-11-06T00:14:37.702+0000] {dagbag.py:588} INFO - Filling up the DagBag from /home/airflow/.local/lib/python3.12/site-packages/airflow/example_dags/example_short_circuit_decorator.py
[2024-11-06T00:14:37.723+0000] {processor.py:925} INFO - DAG(s) 'example_short_circuit_decorator' retrieved from /home/airflow/.local/lib/python3.12/site-packages/airflow/example_dags/example_short_circuit_decorator.py
[2024-11-06T00:14:37.783+0000] {logging_mixin.py:190} INFO - [2024-11-06T00:14:37.782+0000] {dag.py:3239} INFO - Sync 1 DAGs
[2024-11-06T00:14:37.822+0000] {logging_mixin.py:190} INFO - [2024-11-06T00:14:37.821+0000] {dag.py:4180} INFO - Setting next_dagrun for example_short_circuit_decorator to None, run_after=None
[2024-11-06T00:14:37.874+0000] {processor.py:208} INFO - Processing /home/airflow/.local/lib/python3.12/site-packages/airflow/example_dags/example_short_circuit_decorator.py took 0.191 seconds
[2024-11-06T00:15:08.054+0000] {processor.py:186} INFO - Started process (PID=4326) to work on /home/airflow/.local/lib/python3.12/site-packages/airflow/example_dags/example_short_circuit_decorator.py
[2024-11-06T00:15:08.056+0000] {processor.py:914} INFO - Processing file /home/airflow/.local/lib/python3.12/site-packages/airflow/example_dags/example_short_circuit_decorator.py for tasks to queue
[2024-11-06T00:15:08.060+0000] {logging_mixin.py:190} INFO - [2024-11-06T00:15:08.059+0000] {dagbag.py:588} INFO - Filling up the DagBag from /home/airflow/.local/lib/python3.12/site-packages/airflow/example_dags/example_short_circuit_decorator.py
[2024-11-06T00:15:08.075+0000] {processor.py:925} INFO - DAG(s) 'example_short_circuit_decorator' retrieved from /home/airflow/.local/lib/python3.12/site-packages/airflow/example_dags/example_short_circuit_decorator.py
[2024-11-06T00:15:08.118+0000] {logging_mixin.py:190} INFO - [2024-11-06T00:15:08.118+0000] {dag.py:3239} INFO - Sync 1 DAGs
[2024-11-06T00:15:08.140+0000] {logging_mixin.py:190} INFO - [2024-11-06T00:15:08.139+0000] {dag.py:4180} INFO - Setting next_dagrun for example_short_circuit_decorator to None, run_after=None
[2024-11-06T00:15:08.174+0000] {processor.py:208} INFO - Processing /home/airflow/.local/lib/python3.12/site-packages/airflow/example_dags/example_short_circuit_decorator.py took 0.131 seconds
[2024-11-06T00:15:38.720+0000] {processor.py:186} INFO - Started process (PID=4390) to work on /home/airflow/.local/lib/python3.12/site-packages/airflow/example_dags/example_short_circuit_decorator.py
[2024-11-06T00:15:38.722+0000] {processor.py:914} INFO - Processing file /home/airflow/.local/lib/python3.12/site-packages/airflow/example_dags/example_short_circuit_decorator.py for tasks to queue
[2024-11-06T00:15:38.726+0000] {logging_mixin.py:190} INFO - [2024-11-06T00:15:38.725+0000] {dagbag.py:588} INFO - Filling up the DagBag from /home/airflow/.local/lib/python3.12/site-packages/airflow/example_dags/example_short_circuit_decorator.py
[2024-11-06T00:15:38.744+0000] {processor.py:925} INFO - DAG(s) 'example_short_circuit_decorator' retrieved from /home/airflow/.local/lib/python3.12/site-packages/airflow/example_dags/example_short_circuit_decorator.py
[2024-11-06T00:15:38.786+0000] {logging_mixin.py:190} INFO - [2024-11-06T00:15:38.785+0000] {dag.py:3239} INFO - Sync 1 DAGs
[2024-11-06T00:15:38.813+0000] {logging_mixin.py:190} INFO - [2024-11-06T00:15:38.813+0000] {dag.py:4180} INFO - Setting next_dagrun for example_short_circuit_decorator to None, run_after=None
[2024-11-06T00:15:38.865+0000] {processor.py:208} INFO - Processing /home/airflow/.local/lib/python3.12/site-packages/airflow/example_dags/example_short_circuit_decorator.py took 0.156 seconds
[2024-11-06T00:16:09.491+0000] {processor.py:186} INFO - Started process (PID=4454) to work on /home/airflow/.local/lib/python3.12/site-packages/airflow/example_dags/example_short_circuit_decorator.py
[2024-11-06T00:16:09.496+0000] {processor.py:914} INFO - Processing file /home/airflow/.local/lib/python3.12/site-packages/airflow/example_dags/example_short_circuit_decorator.py for tasks to queue
[2024-11-06T00:16:09.505+0000] {logging_mixin.py:190} INFO - [2024-11-06T00:16:09.504+0000] {dagbag.py:588} INFO - Filling up the DagBag from /home/airflow/.local/lib/python3.12/site-packages/airflow/example_dags/example_short_circuit_decorator.py
[2024-11-06T00:16:09.532+0000] {processor.py:925} INFO - DAG(s) 'example_short_circuit_decorator' retrieved from /home/airflow/.local/lib/python3.12/site-packages/airflow/example_dags/example_short_circuit_decorator.py
[2024-11-06T00:16:09.576+0000] {logging_mixin.py:190} INFO - [2024-11-06T00:16:09.575+0000] {dag.py:3239} INFO - Sync 1 DAGs
[2024-11-06T00:16:09.602+0000] {logging_mixin.py:190} INFO - [2024-11-06T00:16:09.601+0000] {dag.py:4180} INFO - Setting next_dagrun for example_short_circuit_decorator to None, run_after=None
[2024-11-06T00:16:09.651+0000] {processor.py:208} INFO - Processing /home/airflow/.local/lib/python3.12/site-packages/airflow/example_dags/example_short_circuit_decorator.py took 0.173 seconds
[2024-11-06T00:18:30.287+0000] {processor.py:186} INFO - Started process (PID=73) to work on /home/airflow/.local/lib/python3.12/site-packages/airflow/example_dags/example_short_circuit_decorator.py
[2024-11-06T00:18:30.290+0000] {processor.py:914} INFO - Processing file /home/airflow/.local/lib/python3.12/site-packages/airflow/example_dags/example_short_circuit_decorator.py for tasks to queue
[2024-11-06T00:18:30.295+0000] {logging_mixin.py:190} INFO - [2024-11-06T00:18:30.295+0000] {dagbag.py:588} INFO - Filling up the DagBag from /home/airflow/.local/lib/python3.12/site-packages/airflow/example_dags/example_short_circuit_decorator.py
[2024-11-06T00:18:30.336+0000] {processor.py:925} INFO - DAG(s) 'example_short_circuit_decorator' retrieved from /home/airflow/.local/lib/python3.12/site-packages/airflow/example_dags/example_short_circuit_decorator.py
[2024-11-06T00:18:30.390+0000] {logging_mixin.py:190} INFO - [2024-11-06T00:18:30.390+0000] {dag.py:3239} INFO - Sync 1 DAGs
[2024-11-06T00:18:30.415+0000] {logging_mixin.py:190} INFO - [2024-11-06T00:18:30.414+0000] {dag.py:4180} INFO - Setting next_dagrun for example_short_circuit_decorator to None, run_after=None
[2024-11-06T00:18:30.451+0000] {processor.py:208} INFO - Processing /home/airflow/.local/lib/python3.12/site-packages/airflow/example_dags/example_short_circuit_decorator.py took 0.175 seconds
[2024-11-06T00:19:02.296+0000] {processor.py:186} INFO - Started process (PID=143) to work on /home/airflow/.local/lib/python3.12/site-packages/airflow/example_dags/example_short_circuit_decorator.py
[2024-11-06T00:19:02.298+0000] {processor.py:914} INFO - Processing file /home/airflow/.local/lib/python3.12/site-packages/airflow/example_dags/example_short_circuit_decorator.py for tasks to queue
[2024-11-06T00:19:02.303+0000] {logging_mixin.py:190} INFO - [2024-11-06T00:19:02.302+0000] {dagbag.py:588} INFO - Filling up the DagBag from /home/airflow/.local/lib/python3.12/site-packages/airflow/example_dags/example_short_circuit_decorator.py
[2024-11-06T00:19:02.329+0000] {processor.py:925} INFO - DAG(s) 'example_short_circuit_decorator' retrieved from /home/airflow/.local/lib/python3.12/site-packages/airflow/example_dags/example_short_circuit_decorator.py
[2024-11-06T00:19:02.376+0000] {logging_mixin.py:190} INFO - [2024-11-06T00:19:02.375+0000] {dag.py:3239} INFO - Sync 1 DAGs
[2024-11-06T00:19:02.437+0000] {logging_mixin.py:190} INFO - [2024-11-06T00:19:02.437+0000] {dag.py:4180} INFO - Setting next_dagrun for example_short_circuit_decorator to None, run_after=None
[2024-11-06T00:19:02.478+0000] {processor.py:208} INFO - Processing /home/airflow/.local/lib/python3.12/site-packages/airflow/example_dags/example_short_circuit_decorator.py took 0.193 seconds
[2024-11-06T00:19:33.462+0000] {processor.py:186} INFO - Started process (PID=207) to work on /home/airflow/.local/lib/python3.12/site-packages/airflow/example_dags/example_short_circuit_decorator.py
[2024-11-06T00:19:33.464+0000] {processor.py:914} INFO - Processing file /home/airflow/.local/lib/python3.12/site-packages/airflow/example_dags/example_short_circuit_decorator.py for tasks to queue
[2024-11-06T00:19:33.467+0000] {logging_mixin.py:190} INFO - [2024-11-06T00:19:33.467+0000] {dagbag.py:588} INFO - Filling up the DagBag from /home/airflow/.local/lib/python3.12/site-packages/airflow/example_dags/example_short_circuit_decorator.py
[2024-11-06T00:19:33.481+0000] {processor.py:925} INFO - DAG(s) 'example_short_circuit_decorator' retrieved from /home/airflow/.local/lib/python3.12/site-packages/airflow/example_dags/example_short_circuit_decorator.py
[2024-11-06T00:19:33.528+0000] {logging_mixin.py:190} INFO - [2024-11-06T00:19:33.527+0000] {dag.py:3239} INFO - Sync 1 DAGs
[2024-11-06T00:19:33.555+0000] {logging_mixin.py:190} INFO - [2024-11-06T00:19:33.555+0000] {dag.py:4180} INFO - Setting next_dagrun for example_short_circuit_decorator to None, run_after=None
[2024-11-06T00:19:33.587+0000] {processor.py:208} INFO - Processing /home/airflow/.local/lib/python3.12/site-packages/airflow/example_dags/example_short_circuit_decorator.py took 0.133 seconds
[2024-11-06T00:20:04.663+0000] {processor.py:186} INFO - Started process (PID=271) to work on /home/airflow/.local/lib/python3.12/site-packages/airflow/example_dags/example_short_circuit_decorator.py
[2024-11-06T00:20:04.665+0000] {processor.py:914} INFO - Processing file /home/airflow/.local/lib/python3.12/site-packages/airflow/example_dags/example_short_circuit_decorator.py for tasks to queue
[2024-11-06T00:20:04.672+0000] {logging_mixin.py:190} INFO - [2024-11-06T00:20:04.670+0000] {dagbag.py:588} INFO - Filling up the DagBag from /home/airflow/.local/lib/python3.12/site-packages/airflow/example_dags/example_short_circuit_decorator.py
[2024-11-06T00:20:04.695+0000] {processor.py:925} INFO - DAG(s) 'example_short_circuit_decorator' retrieved from /home/airflow/.local/lib/python3.12/site-packages/airflow/example_dags/example_short_circuit_decorator.py
[2024-11-06T00:20:04.743+0000] {logging_mixin.py:190} INFO - [2024-11-06T00:20:04.743+0000] {dag.py:3239} INFO - Sync 1 DAGs
[2024-11-06T00:20:04.765+0000] {logging_mixin.py:190} INFO - [2024-11-06T00:20:04.764+0000] {dag.py:4180} INFO - Setting next_dagrun for example_short_circuit_decorator to None, run_after=None
[2024-11-06T00:20:04.799+0000] {processor.py:208} INFO - Processing /home/airflow/.local/lib/python3.12/site-packages/airflow/example_dags/example_short_circuit_decorator.py took 0.150 seconds
[2024-11-06T00:20:35.832+0000] {processor.py:186} INFO - Started process (PID=334) to work on /home/airflow/.local/lib/python3.12/site-packages/airflow/example_dags/example_short_circuit_decorator.py
[2024-11-06T00:20:35.834+0000] {processor.py:914} INFO - Processing file /home/airflow/.local/lib/python3.12/site-packages/airflow/example_dags/example_short_circuit_decorator.py for tasks to queue
[2024-11-06T00:20:35.839+0000] {logging_mixin.py:190} INFO - [2024-11-06T00:20:35.838+0000] {dagbag.py:588} INFO - Filling up the DagBag from /home/airflow/.local/lib/python3.12/site-packages/airflow/example_dags/example_short_circuit_decorator.py
[2024-11-06T00:20:35.860+0000] {processor.py:925} INFO - DAG(s) 'example_short_circuit_decorator' retrieved from /home/airflow/.local/lib/python3.12/site-packages/airflow/example_dags/example_short_circuit_decorator.py
[2024-11-06T00:20:35.903+0000] {logging_mixin.py:190} INFO - [2024-11-06T00:20:35.903+0000] {dag.py:3239} INFO - Sync 1 DAGs
[2024-11-06T00:20:35.927+0000] {logging_mixin.py:190} INFO - [2024-11-06T00:20:35.926+0000] {dag.py:4180} INFO - Setting next_dagrun for example_short_circuit_decorator to None, run_after=None
[2024-11-06T00:20:35.960+0000] {processor.py:208} INFO - Processing /home/airflow/.local/lib/python3.12/site-packages/airflow/example_dags/example_short_circuit_decorator.py took 0.142 seconds
[2024-11-06T00:21:08.290+0000] {processor.py:186} INFO - Started process (PID=399) to work on /home/airflow/.local/lib/python3.12/site-packages/airflow/example_dags/example_short_circuit_decorator.py
[2024-11-06T00:21:08.292+0000] {processor.py:914} INFO - Processing file /home/airflow/.local/lib/python3.12/site-packages/airflow/example_dags/example_short_circuit_decorator.py for tasks to queue
[2024-11-06T00:21:08.296+0000] {logging_mixin.py:190} INFO - [2024-11-06T00:21:08.296+0000] {dagbag.py:588} INFO - Filling up the DagBag from /home/airflow/.local/lib/python3.12/site-packages/airflow/example_dags/example_short_circuit_decorator.py
[2024-11-06T00:21:08.312+0000] {processor.py:925} INFO - DAG(s) 'example_short_circuit_decorator' retrieved from /home/airflow/.local/lib/python3.12/site-packages/airflow/example_dags/example_short_circuit_decorator.py
[2024-11-06T00:21:08.350+0000] {logging_mixin.py:190} INFO - [2024-11-06T00:21:08.349+0000] {dag.py:3239} INFO - Sync 1 DAGs
[2024-11-06T00:21:08.376+0000] {logging_mixin.py:190} INFO - [2024-11-06T00:21:08.375+0000] {dag.py:4180} INFO - Setting next_dagrun for example_short_circuit_decorator to None, run_after=None
[2024-11-06T00:21:08.411+0000] {processor.py:208} INFO - Processing /home/airflow/.local/lib/python3.12/site-packages/airflow/example_dags/example_short_circuit_decorator.py took 0.130 seconds
[2024-11-06T00:21:41.031+0000] {processor.py:186} INFO - Started process (PID=463) to work on /home/airflow/.local/lib/python3.12/site-packages/airflow/example_dags/example_short_circuit_decorator.py
[2024-11-06T00:21:41.032+0000] {processor.py:914} INFO - Processing file /home/airflow/.local/lib/python3.12/site-packages/airflow/example_dags/example_short_circuit_decorator.py for tasks to queue
[2024-11-06T00:21:41.037+0000] {logging_mixin.py:190} INFO - [2024-11-06T00:21:41.036+0000] {dagbag.py:588} INFO - Filling up the DagBag from /home/airflow/.local/lib/python3.12/site-packages/airflow/example_dags/example_short_circuit_decorator.py
[2024-11-06T00:21:41.063+0000] {processor.py:925} INFO - DAG(s) 'example_short_circuit_decorator' retrieved from /home/airflow/.local/lib/python3.12/site-packages/airflow/example_dags/example_short_circuit_decorator.py
[2024-11-06T00:21:41.118+0000] {logging_mixin.py:190} INFO - [2024-11-06T00:21:41.117+0000] {dag.py:3239} INFO - Sync 1 DAGs
[2024-11-06T00:21:41.157+0000] {logging_mixin.py:190} INFO - [2024-11-06T00:21:41.157+0000] {dag.py:4180} INFO - Setting next_dagrun for example_short_circuit_decorator to None, run_after=None
[2024-11-06T00:21:41.205+0000] {processor.py:208} INFO - Processing /home/airflow/.local/lib/python3.12/site-packages/airflow/example_dags/example_short_circuit_decorator.py took 0.184 seconds
[2024-11-06T00:23:42.893+0000] {processor.py:186} INFO - Started process (PID=72) to work on /home/airflow/.local/lib/python3.12/site-packages/airflow/example_dags/example_short_circuit_decorator.py
[2024-11-06T00:23:42.895+0000] {processor.py:914} INFO - Processing file /home/airflow/.local/lib/python3.12/site-packages/airflow/example_dags/example_short_circuit_decorator.py for tasks to queue
[2024-11-06T00:23:42.899+0000] {logging_mixin.py:190} INFO - [2024-11-06T00:23:42.898+0000] {dagbag.py:588} INFO - Filling up the DagBag from /home/airflow/.local/lib/python3.12/site-packages/airflow/example_dags/example_short_circuit_decorator.py
[2024-11-06T00:23:42.920+0000] {processor.py:925} INFO - DAG(s) 'example_short_circuit_decorator' retrieved from /home/airflow/.local/lib/python3.12/site-packages/airflow/example_dags/example_short_circuit_decorator.py
[2024-11-06T00:23:42.975+0000] {logging_mixin.py:190} INFO - [2024-11-06T00:23:42.975+0000] {dag.py:3239} INFO - Sync 1 DAGs
[2024-11-06T00:23:43.006+0000] {logging_mixin.py:190} INFO - [2024-11-06T00:23:43.005+0000] {dag.py:4180} INFO - Setting next_dagrun for example_short_circuit_decorator to None, run_after=None
[2024-11-06T00:23:43.044+0000] {processor.py:208} INFO - Processing /home/airflow/.local/lib/python3.12/site-packages/airflow/example_dags/example_short_circuit_decorator.py took 0.161 seconds
[2024-11-06T00:24:14.719+0000] {processor.py:186} INFO - Started process (PID=136) to work on /home/airflow/.local/lib/python3.12/site-packages/airflow/example_dags/example_short_circuit_decorator.py
[2024-11-06T00:24:14.722+0000] {processor.py:914} INFO - Processing file /home/airflow/.local/lib/python3.12/site-packages/airflow/example_dags/example_short_circuit_decorator.py for tasks to queue
[2024-11-06T00:24:14.728+0000] {logging_mixin.py:190} INFO - [2024-11-06T00:24:14.727+0000] {dagbag.py:588} INFO - Filling up the DagBag from /home/airflow/.local/lib/python3.12/site-packages/airflow/example_dags/example_short_circuit_decorator.py
[2024-11-06T00:24:14.745+0000] {processor.py:925} INFO - DAG(s) 'example_short_circuit_decorator' retrieved from /home/airflow/.local/lib/python3.12/site-packages/airflow/example_dags/example_short_circuit_decorator.py
[2024-11-06T00:24:14.776+0000] {logging_mixin.py:190} INFO - [2024-11-06T00:24:14.776+0000] {dag.py:3239} INFO - Sync 1 DAGs
[2024-11-06T00:24:14.801+0000] {logging_mixin.py:190} INFO - [2024-11-06T00:24:14.800+0000] {dag.py:4180} INFO - Setting next_dagrun for example_short_circuit_decorator to None, run_after=None
[2024-11-06T00:24:14.838+0000] {processor.py:208} INFO - Processing /home/airflow/.local/lib/python3.12/site-packages/airflow/example_dags/example_short_circuit_decorator.py took 0.130 seconds
[2024-11-06T00:26:19.832+0000] {processor.py:186} INFO - Started process (PID=72) to work on /home/airflow/.local/lib/python3.12/site-packages/airflow/example_dags/example_short_circuit_decorator.py
[2024-11-06T00:26:19.835+0000] {processor.py:914} INFO - Processing file /home/airflow/.local/lib/python3.12/site-packages/airflow/example_dags/example_short_circuit_decorator.py for tasks to queue
[2024-11-06T00:26:19.839+0000] {logging_mixin.py:190} INFO - [2024-11-06T00:26:19.838+0000] {dagbag.py:588} INFO - Filling up the DagBag from /home/airflow/.local/lib/python3.12/site-packages/airflow/example_dags/example_short_circuit_decorator.py
[2024-11-06T00:26:19.861+0000] {processor.py:925} INFO - DAG(s) 'example_short_circuit_decorator' retrieved from /home/airflow/.local/lib/python3.12/site-packages/airflow/example_dags/example_short_circuit_decorator.py
[2024-11-06T00:26:19.941+0000] {logging_mixin.py:190} INFO - [2024-11-06T00:26:19.941+0000] {dag.py:3239} INFO - Sync 1 DAGs
[2024-11-06T00:26:19.968+0000] {logging_mixin.py:190} INFO - [2024-11-06T00:26:19.967+0000] {dag.py:4180} INFO - Setting next_dagrun for example_short_circuit_decorator to None, run_after=None
[2024-11-06T00:26:20.011+0000] {processor.py:208} INFO - Processing /home/airflow/.local/lib/python3.12/site-packages/airflow/example_dags/example_short_circuit_decorator.py took 0.189 seconds
[2024-11-06T00:26:51.985+0000] {processor.py:186} INFO - Started process (PID=136) to work on /home/airflow/.local/lib/python3.12/site-packages/airflow/example_dags/example_short_circuit_decorator.py
[2024-11-06T00:26:51.987+0000] {processor.py:914} INFO - Processing file /home/airflow/.local/lib/python3.12/site-packages/airflow/example_dags/example_short_circuit_decorator.py for tasks to queue
[2024-11-06T00:26:51.992+0000] {logging_mixin.py:190} INFO - [2024-11-06T00:26:51.992+0000] {dagbag.py:588} INFO - Filling up the DagBag from /home/airflow/.local/lib/python3.12/site-packages/airflow/example_dags/example_short_circuit_decorator.py
[2024-11-06T00:26:52.014+0000] {processor.py:925} INFO - DAG(s) 'example_short_circuit_decorator' retrieved from /home/airflow/.local/lib/python3.12/site-packages/airflow/example_dags/example_short_circuit_decorator.py
[2024-11-06T00:26:52.063+0000] {logging_mixin.py:190} INFO - [2024-11-06T00:26:52.062+0000] {dag.py:3239} INFO - Sync 1 DAGs
[2024-11-06T00:26:52.095+0000] {logging_mixin.py:190} INFO - [2024-11-06T00:26:52.094+0000] {dag.py:4180} INFO - Setting next_dagrun for example_short_circuit_decorator to None, run_after=None
[2024-11-06T00:26:52.125+0000] {processor.py:208} INFO - Processing /home/airflow/.local/lib/python3.12/site-packages/airflow/example_dags/example_short_circuit_decorator.py took 0.150 seconds
[2024-11-06T00:27:23.805+0000] {processor.py:186} INFO - Started process (PID=200) to work on /home/airflow/.local/lib/python3.12/site-packages/airflow/example_dags/example_short_circuit_decorator.py
[2024-11-06T00:27:23.807+0000] {processor.py:914} INFO - Processing file /home/airflow/.local/lib/python3.12/site-packages/airflow/example_dags/example_short_circuit_decorator.py for tasks to queue
[2024-11-06T00:27:23.812+0000] {logging_mixin.py:190} INFO - [2024-11-06T00:27:23.810+0000] {dagbag.py:588} INFO - Filling up the DagBag from /home/airflow/.local/lib/python3.12/site-packages/airflow/example_dags/example_short_circuit_decorator.py
[2024-11-06T00:27:23.825+0000] {processor.py:925} INFO - DAG(s) 'example_short_circuit_decorator' retrieved from /home/airflow/.local/lib/python3.12/site-packages/airflow/example_dags/example_short_circuit_decorator.py
[2024-11-06T00:27:23.860+0000] {logging_mixin.py:190} INFO - [2024-11-06T00:27:23.860+0000] {dag.py:3239} INFO - Sync 1 DAGs
[2024-11-06T00:27:23.884+0000] {logging_mixin.py:190} INFO - [2024-11-06T00:27:23.884+0000] {dag.py:4180} INFO - Setting next_dagrun for example_short_circuit_decorator to None, run_after=None
[2024-11-06T00:27:23.912+0000] {processor.py:208} INFO - Processing /home/airflow/.local/lib/python3.12/site-packages/airflow/example_dags/example_short_circuit_decorator.py took 0.115 seconds
