[2024-11-06T00:00:03.611+0000] {processor.py:186} INFO - Started process (PID=2443) to work on /home/airflow/.local/lib/python3.12/site-packages/airflow/example_dags/example_complex.py
[2024-11-06T00:00:03.612+0000] {processor.py:914} INFO - Processing file /home/airflow/.local/lib/python3.12/site-packages/airflow/example_dags/example_complex.py for tasks to queue
[2024-11-06T00:00:03.616+0000] {logging_mixin.py:190} INFO - [2024-11-06T00:00:03.616+0000] {dagbag.py:588} INFO - Filling up the DagBag from /home/airflow/.local/lib/python3.12/site-packages/airflow/example_dags/example_complex.py
[2024-11-06T00:00:03.637+0000] {processor.py:925} INFO - DAG(s) 'example_complex' retrieved from /home/airflow/.local/lib/python3.12/site-packages/airflow/example_dags/example_complex.py
[2024-11-06T00:00:03.689+0000] {logging_mixin.py:190} INFO - [2024-11-06T00:00:03.689+0000] {dag.py:3239} INFO - Sync 1 DAGs
[2024-11-06T00:00:03.709+0000] {logging_mixin.py:190} INFO - [2024-11-06T00:00:03.709+0000] {dag.py:4180} INFO - Setting next_dagrun for example_complex to None, run_after=None
[2024-11-06T00:00:03.745+0000] {processor.py:208} INFO - Processing /home/airflow/.local/lib/python3.12/site-packages/airflow/example_dags/example_complex.py took 0.143 seconds
[2024-11-06T00:00:35.434+0000] {processor.py:186} INFO - Started process (PID=2508) to work on /home/airflow/.local/lib/python3.12/site-packages/airflow/example_dags/example_complex.py
[2024-11-06T00:00:35.436+0000] {processor.py:914} INFO - Processing file /home/airflow/.local/lib/python3.12/site-packages/airflow/example_dags/example_complex.py for tasks to queue
[2024-11-06T00:00:35.439+0000] {logging_mixin.py:190} INFO - [2024-11-06T00:00:35.439+0000] {dagbag.py:588} INFO - Filling up the DagBag from /home/airflow/.local/lib/python3.12/site-packages/airflow/example_dags/example_complex.py
[2024-11-06T00:00:35.455+0000] {processor.py:925} INFO - DAG(s) 'example_complex' retrieved from /home/airflow/.local/lib/python3.12/site-packages/airflow/example_dags/example_complex.py
[2024-11-06T00:00:35.497+0000] {logging_mixin.py:190} INFO - [2024-11-06T00:00:35.497+0000] {dag.py:3239} INFO - Sync 1 DAGs
[2024-11-06T00:00:35.523+0000] {logging_mixin.py:190} INFO - [2024-11-06T00:00:35.523+0000] {dag.py:4180} INFO - Setting next_dagrun for example_complex to None, run_after=None
[2024-11-06T00:00:35.565+0000] {processor.py:208} INFO - Processing /home/airflow/.local/lib/python3.12/site-packages/airflow/example_dags/example_complex.py took 0.141 seconds
[2024-11-06T00:01:06.958+0000] {processor.py:186} INFO - Started process (PID=2572) to work on /home/airflow/.local/lib/python3.12/site-packages/airflow/example_dags/example_complex.py
[2024-11-06T00:01:06.960+0000] {processor.py:914} INFO - Processing file /home/airflow/.local/lib/python3.12/site-packages/airflow/example_dags/example_complex.py for tasks to queue
[2024-11-06T00:01:06.964+0000] {logging_mixin.py:190} INFO - [2024-11-06T00:01:06.963+0000] {dagbag.py:588} INFO - Filling up the DagBag from /home/airflow/.local/lib/python3.12/site-packages/airflow/example_dags/example_complex.py
[2024-11-06T00:01:06.981+0000] {processor.py:925} INFO - DAG(s) 'example_complex' retrieved from /home/airflow/.local/lib/python3.12/site-packages/airflow/example_dags/example_complex.py
[2024-11-06T00:01:07.030+0000] {logging_mixin.py:190} INFO - [2024-11-06T00:01:07.030+0000] {dag.py:3239} INFO - Sync 1 DAGs
[2024-11-06T00:01:07.056+0000] {logging_mixin.py:190} INFO - [2024-11-06T00:01:07.056+0000] {dag.py:4180} INFO - Setting next_dagrun for example_complex to None, run_after=None
[2024-11-06T00:01:07.120+0000] {processor.py:208} INFO - Processing /home/airflow/.local/lib/python3.12/site-packages/airflow/example_dags/example_complex.py took 0.171 seconds
[2024-11-06T00:01:38.344+0000] {processor.py:186} INFO - Started process (PID=2636) to work on /home/airflow/.local/lib/python3.12/site-packages/airflow/example_dags/example_complex.py
[2024-11-06T00:01:38.346+0000] {processor.py:914} INFO - Processing file /home/airflow/.local/lib/python3.12/site-packages/airflow/example_dags/example_complex.py for tasks to queue
[2024-11-06T00:01:38.350+0000] {logging_mixin.py:190} INFO - [2024-11-06T00:01:38.349+0000] {dagbag.py:588} INFO - Filling up the DagBag from /home/airflow/.local/lib/python3.12/site-packages/airflow/example_dags/example_complex.py
[2024-11-06T00:01:38.369+0000] {processor.py:925} INFO - DAG(s) 'example_complex' retrieved from /home/airflow/.local/lib/python3.12/site-packages/airflow/example_dags/example_complex.py
[2024-11-06T00:01:38.421+0000] {logging_mixin.py:190} INFO - [2024-11-06T00:01:38.421+0000] {dag.py:3239} INFO - Sync 1 DAGs
[2024-11-06T00:01:38.446+0000] {logging_mixin.py:190} INFO - [2024-11-06T00:01:38.445+0000] {dag.py:4180} INFO - Setting next_dagrun for example_complex to None, run_after=None
[2024-11-06T00:01:38.481+0000] {processor.py:208} INFO - Processing /home/airflow/.local/lib/python3.12/site-packages/airflow/example_dags/example_complex.py took 0.147 seconds
[2024-11-06T00:02:09.685+0000] {processor.py:186} INFO - Started process (PID=2701) to work on /home/airflow/.local/lib/python3.12/site-packages/airflow/example_dags/example_complex.py
[2024-11-06T00:02:09.686+0000] {processor.py:914} INFO - Processing file /home/airflow/.local/lib/python3.12/site-packages/airflow/example_dags/example_complex.py for tasks to queue
[2024-11-06T00:02:09.690+0000] {logging_mixin.py:190} INFO - [2024-11-06T00:02:09.690+0000] {dagbag.py:588} INFO - Filling up the DagBag from /home/airflow/.local/lib/python3.12/site-packages/airflow/example_dags/example_complex.py
[2024-11-06T00:02:09.711+0000] {processor.py:925} INFO - DAG(s) 'example_complex' retrieved from /home/airflow/.local/lib/python3.12/site-packages/airflow/example_dags/example_complex.py
[2024-11-06T00:02:09.779+0000] {logging_mixin.py:190} INFO - [2024-11-06T00:02:09.778+0000] {dag.py:3239} INFO - Sync 1 DAGs
[2024-11-06T00:02:09.806+0000] {logging_mixin.py:190} INFO - [2024-11-06T00:02:09.806+0000] {dag.py:4180} INFO - Setting next_dagrun for example_complex to None, run_after=None
[2024-11-06T00:02:09.841+0000] {processor.py:208} INFO - Processing /home/airflow/.local/lib/python3.12/site-packages/airflow/example_dags/example_complex.py took 0.170 seconds
[2024-11-06T00:02:41.718+0000] {processor.py:186} INFO - Started process (PID=2765) to work on /home/airflow/.local/lib/python3.12/site-packages/airflow/example_dags/example_complex.py
[2024-11-06T00:02:41.720+0000] {processor.py:914} INFO - Processing file /home/airflow/.local/lib/python3.12/site-packages/airflow/example_dags/example_complex.py for tasks to queue
[2024-11-06T00:02:41.724+0000] {logging_mixin.py:190} INFO - [2024-11-06T00:02:41.724+0000] {dagbag.py:588} INFO - Filling up the DagBag from /home/airflow/.local/lib/python3.12/site-packages/airflow/example_dags/example_complex.py
[2024-11-06T00:02:41.755+0000] {processor.py:925} INFO - DAG(s) 'example_complex' retrieved from /home/airflow/.local/lib/python3.12/site-packages/airflow/example_dags/example_complex.py
[2024-11-06T00:02:41.820+0000] {logging_mixin.py:190} INFO - [2024-11-06T00:02:41.820+0000] {dag.py:3239} INFO - Sync 1 DAGs
[2024-11-06T00:02:41.846+0000] {logging_mixin.py:190} INFO - [2024-11-06T00:02:41.846+0000] {dag.py:4180} INFO - Setting next_dagrun for example_complex to None, run_after=None
[2024-11-06T00:02:41.878+0000] {processor.py:208} INFO - Processing /home/airflow/.local/lib/python3.12/site-packages/airflow/example_dags/example_complex.py took 0.174 seconds
[2024-11-06T00:03:13.533+0000] {processor.py:186} INFO - Started process (PID=2829) to work on /home/airflow/.local/lib/python3.12/site-packages/airflow/example_dags/example_complex.py
[2024-11-06T00:03:13.534+0000] {processor.py:914} INFO - Processing file /home/airflow/.local/lib/python3.12/site-packages/airflow/example_dags/example_complex.py for tasks to queue
[2024-11-06T00:03:13.538+0000] {logging_mixin.py:190} INFO - [2024-11-06T00:03:13.537+0000] {dagbag.py:588} INFO - Filling up the DagBag from /home/airflow/.local/lib/python3.12/site-packages/airflow/example_dags/example_complex.py
[2024-11-06T00:03:13.560+0000] {processor.py:925} INFO - DAG(s) 'example_complex' retrieved from /home/airflow/.local/lib/python3.12/site-packages/airflow/example_dags/example_complex.py
[2024-11-06T00:03:13.612+0000] {logging_mixin.py:190} INFO - [2024-11-06T00:03:13.611+0000] {dag.py:3239} INFO - Sync 1 DAGs
[2024-11-06T00:03:13.641+0000] {logging_mixin.py:190} INFO - [2024-11-06T00:03:13.640+0000] {dag.py:4180} INFO - Setting next_dagrun for example_complex to None, run_after=None
[2024-11-06T00:03:13.672+0000] {processor.py:208} INFO - Processing /home/airflow/.local/lib/python3.12/site-packages/airflow/example_dags/example_complex.py took 0.151 seconds
[2024-11-06T00:03:44.627+0000] {processor.py:186} INFO - Started process (PID=2893) to work on /home/airflow/.local/lib/python3.12/site-packages/airflow/example_dags/example_complex.py
[2024-11-06T00:03:44.630+0000] {processor.py:914} INFO - Processing file /home/airflow/.local/lib/python3.12/site-packages/airflow/example_dags/example_complex.py for tasks to queue
[2024-11-06T00:03:44.635+0000] {logging_mixin.py:190} INFO - [2024-11-06T00:03:44.634+0000] {dagbag.py:588} INFO - Filling up the DagBag from /home/airflow/.local/lib/python3.12/site-packages/airflow/example_dags/example_complex.py
[2024-11-06T00:03:44.664+0000] {processor.py:925} INFO - DAG(s) 'example_complex' retrieved from /home/airflow/.local/lib/python3.12/site-packages/airflow/example_dags/example_complex.py
[2024-11-06T00:03:44.733+0000] {logging_mixin.py:190} INFO - [2024-11-06T00:03:44.732+0000] {dag.py:3239} INFO - Sync 1 DAGs
[2024-11-06T00:03:44.773+0000] {logging_mixin.py:190} INFO - [2024-11-06T00:03:44.773+0000] {dag.py:4180} INFO - Setting next_dagrun for example_complex to None, run_after=None
[2024-11-06T00:03:44.806+0000] {processor.py:208} INFO - Processing /home/airflow/.local/lib/python3.12/site-packages/airflow/example_dags/example_complex.py took 0.189 seconds
[2024-11-06T00:04:16.508+0000] {processor.py:186} INFO - Started process (PID=2958) to work on /home/airflow/.local/lib/python3.12/site-packages/airflow/example_dags/example_complex.py
[2024-11-06T00:04:16.510+0000] {processor.py:914} INFO - Processing file /home/airflow/.local/lib/python3.12/site-packages/airflow/example_dags/example_complex.py for tasks to queue
[2024-11-06T00:04:16.514+0000] {logging_mixin.py:190} INFO - [2024-11-06T00:04:16.514+0000] {dagbag.py:588} INFO - Filling up the DagBag from /home/airflow/.local/lib/python3.12/site-packages/airflow/example_dags/example_complex.py
[2024-11-06T00:04:16.532+0000] {processor.py:925} INFO - DAG(s) 'example_complex' retrieved from /home/airflow/.local/lib/python3.12/site-packages/airflow/example_dags/example_complex.py
[2024-11-06T00:04:16.586+0000] {logging_mixin.py:190} INFO - [2024-11-06T00:04:16.586+0000] {dag.py:3239} INFO - Sync 1 DAGs
[2024-11-06T00:04:16.609+0000] {logging_mixin.py:190} INFO - [2024-11-06T00:04:16.608+0000] {dag.py:4180} INFO - Setting next_dagrun for example_complex to None, run_after=None
[2024-11-06T00:04:16.642+0000] {processor.py:208} INFO - Processing /home/airflow/.local/lib/python3.12/site-packages/airflow/example_dags/example_complex.py took 0.145 seconds
[2024-11-06T00:04:48.365+0000] {processor.py:186} INFO - Started process (PID=3033) to work on /home/airflow/.local/lib/python3.12/site-packages/airflow/example_dags/example_complex.py
[2024-11-06T00:04:48.367+0000] {processor.py:914} INFO - Processing file /home/airflow/.local/lib/python3.12/site-packages/airflow/example_dags/example_complex.py for tasks to queue
[2024-11-06T00:04:48.371+0000] {logging_mixin.py:190} INFO - [2024-11-06T00:04:48.371+0000] {dagbag.py:588} INFO - Filling up the DagBag from /home/airflow/.local/lib/python3.12/site-packages/airflow/example_dags/example_complex.py
[2024-11-06T00:04:48.393+0000] {processor.py:925} INFO - DAG(s) 'example_complex' retrieved from /home/airflow/.local/lib/python3.12/site-packages/airflow/example_dags/example_complex.py
[2024-11-06T00:04:48.448+0000] {logging_mixin.py:190} INFO - [2024-11-06T00:04:48.448+0000] {dag.py:3239} INFO - Sync 1 DAGs
[2024-11-06T00:04:48.471+0000] {logging_mixin.py:190} INFO - [2024-11-06T00:04:48.471+0000] {dag.py:4180} INFO - Setting next_dagrun for example_complex to None, run_after=None
[2024-11-06T00:04:48.505+0000] {processor.py:208} INFO - Processing /home/airflow/.local/lib/python3.12/site-packages/airflow/example_dags/example_complex.py took 0.149 seconds
[2024-11-06T00:05:20.540+0000] {processor.py:186} INFO - Started process (PID=3098) to work on /home/airflow/.local/lib/python3.12/site-packages/airflow/example_dags/example_complex.py
[2024-11-06T00:05:20.542+0000] {processor.py:914} INFO - Processing file /home/airflow/.local/lib/python3.12/site-packages/airflow/example_dags/example_complex.py for tasks to queue
[2024-11-06T00:05:20.546+0000] {logging_mixin.py:190} INFO - [2024-11-06T00:05:20.546+0000] {dagbag.py:588} INFO - Filling up the DagBag from /home/airflow/.local/lib/python3.12/site-packages/airflow/example_dags/example_complex.py
[2024-11-06T00:05:20.564+0000] {processor.py:925} INFO - DAG(s) 'example_complex' retrieved from /home/airflow/.local/lib/python3.12/site-packages/airflow/example_dags/example_complex.py
[2024-11-06T00:05:20.619+0000] {logging_mixin.py:190} INFO - [2024-11-06T00:05:20.618+0000] {dag.py:3239} INFO - Sync 1 DAGs
[2024-11-06T00:05:20.648+0000] {logging_mixin.py:190} INFO - [2024-11-06T00:05:20.648+0000] {dag.py:4180} INFO - Setting next_dagrun for example_complex to None, run_after=None
[2024-11-06T00:05:20.685+0000] {processor.py:208} INFO - Processing /home/airflow/.local/lib/python3.12/site-packages/airflow/example_dags/example_complex.py took 0.153 seconds
[2024-11-06T00:05:52.091+0000] {processor.py:186} INFO - Started process (PID=3163) to work on /home/airflow/.local/lib/python3.12/site-packages/airflow/example_dags/example_complex.py
[2024-11-06T00:05:52.092+0000] {processor.py:914} INFO - Processing file /home/airflow/.local/lib/python3.12/site-packages/airflow/example_dags/example_complex.py for tasks to queue
[2024-11-06T00:05:52.097+0000] {logging_mixin.py:190} INFO - [2024-11-06T00:05:52.096+0000] {dagbag.py:588} INFO - Filling up the DagBag from /home/airflow/.local/lib/python3.12/site-packages/airflow/example_dags/example_complex.py
[2024-11-06T00:05:52.122+0000] {processor.py:925} INFO - DAG(s) 'example_complex' retrieved from /home/airflow/.local/lib/python3.12/site-packages/airflow/example_dags/example_complex.py
[2024-11-06T00:05:52.173+0000] {logging_mixin.py:190} INFO - [2024-11-06T00:05:52.173+0000] {dag.py:3239} INFO - Sync 1 DAGs
[2024-11-06T00:05:52.194+0000] {logging_mixin.py:190} INFO - [2024-11-06T00:05:52.194+0000] {dag.py:4180} INFO - Setting next_dagrun for example_complex to None, run_after=None
[2024-11-06T00:05:52.225+0000] {processor.py:208} INFO - Processing /home/airflow/.local/lib/python3.12/site-packages/airflow/example_dags/example_complex.py took 0.152 seconds
[2024-11-06T00:06:22.551+0000] {processor.py:186} INFO - Started process (PID=3227) to work on /home/airflow/.local/lib/python3.12/site-packages/airflow/example_dags/example_complex.py
[2024-11-06T00:06:22.553+0000] {processor.py:914} INFO - Processing file /home/airflow/.local/lib/python3.12/site-packages/airflow/example_dags/example_complex.py for tasks to queue
[2024-11-06T00:06:22.557+0000] {logging_mixin.py:190} INFO - [2024-11-06T00:06:22.557+0000] {dagbag.py:588} INFO - Filling up the DagBag from /home/airflow/.local/lib/python3.12/site-packages/airflow/example_dags/example_complex.py
[2024-11-06T00:06:22.590+0000] {processor.py:925} INFO - DAG(s) 'example_complex' retrieved from /home/airflow/.local/lib/python3.12/site-packages/airflow/example_dags/example_complex.py
[2024-11-06T00:06:22.672+0000] {logging_mixin.py:190} INFO - [2024-11-06T00:06:22.672+0000] {dag.py:3239} INFO - Sync 1 DAGs
[2024-11-06T00:06:22.705+0000] {logging_mixin.py:190} INFO - [2024-11-06T00:06:22.705+0000] {dag.py:4180} INFO - Setting next_dagrun for example_complex to None, run_after=None
[2024-11-06T00:06:22.757+0000] {processor.py:208} INFO - Processing /home/airflow/.local/lib/python3.12/site-packages/airflow/example_dags/example_complex.py took 0.218 seconds
[2024-11-06T00:06:52.972+0000] {processor.py:186} INFO - Started process (PID=3290) to work on /home/airflow/.local/lib/python3.12/site-packages/airflow/example_dags/example_complex.py
[2024-11-06T00:06:52.976+0000] {processor.py:914} INFO - Processing file /home/airflow/.local/lib/python3.12/site-packages/airflow/example_dags/example_complex.py for tasks to queue
[2024-11-06T00:06:52.983+0000] {logging_mixin.py:190} INFO - [2024-11-06T00:06:52.982+0000] {dagbag.py:588} INFO - Filling up the DagBag from /home/airflow/.local/lib/python3.12/site-packages/airflow/example_dags/example_complex.py
[2024-11-06T00:06:53.016+0000] {processor.py:925} INFO - DAG(s) 'example_complex' retrieved from /home/airflow/.local/lib/python3.12/site-packages/airflow/example_dags/example_complex.py
[2024-11-06T00:06:53.085+0000] {logging_mixin.py:190} INFO - [2024-11-06T00:06:53.085+0000] {dag.py:3239} INFO - Sync 1 DAGs
[2024-11-06T00:06:53.118+0000] {logging_mixin.py:190} INFO - [2024-11-06T00:06:53.117+0000] {dag.py:4180} INFO - Setting next_dagrun for example_complex to None, run_after=None
[2024-11-06T00:06:53.154+0000] {processor.py:208} INFO - Processing /home/airflow/.local/lib/python3.12/site-packages/airflow/example_dags/example_complex.py took 0.205 seconds
[2024-11-06T00:07:23.681+0000] {processor.py:186} INFO - Started process (PID=3353) to work on /home/airflow/.local/lib/python3.12/site-packages/airflow/example_dags/example_complex.py
[2024-11-06T00:07:23.683+0000] {processor.py:914} INFO - Processing file /home/airflow/.local/lib/python3.12/site-packages/airflow/example_dags/example_complex.py for tasks to queue
[2024-11-06T00:07:23.687+0000] {logging_mixin.py:190} INFO - [2024-11-06T00:07:23.687+0000] {dagbag.py:588} INFO - Filling up the DagBag from /home/airflow/.local/lib/python3.12/site-packages/airflow/example_dags/example_complex.py
[2024-11-06T00:07:23.708+0000] {processor.py:925} INFO - DAG(s) 'example_complex' retrieved from /home/airflow/.local/lib/python3.12/site-packages/airflow/example_dags/example_complex.py
[2024-11-06T00:07:23.760+0000] {logging_mixin.py:190} INFO - [2024-11-06T00:07:23.760+0000] {dag.py:3239} INFO - Sync 1 DAGs
[2024-11-06T00:07:23.785+0000] {logging_mixin.py:190} INFO - [2024-11-06T00:07:23.785+0000] {dag.py:4180} INFO - Setting next_dagrun for example_complex to None, run_after=None
[2024-11-06T00:07:23.819+0000] {processor.py:208} INFO - Processing /home/airflow/.local/lib/python3.12/site-packages/airflow/example_dags/example_complex.py took 0.151 seconds
[2024-11-06T00:07:54.563+0000] {processor.py:186} INFO - Started process (PID=3417) to work on /home/airflow/.local/lib/python3.12/site-packages/airflow/example_dags/example_complex.py
[2024-11-06T00:07:54.565+0000] {processor.py:914} INFO - Processing file /home/airflow/.local/lib/python3.12/site-packages/airflow/example_dags/example_complex.py for tasks to queue
[2024-11-06T00:07:54.571+0000] {logging_mixin.py:190} INFO - [2024-11-06T00:07:54.570+0000] {dagbag.py:588} INFO - Filling up the DagBag from /home/airflow/.local/lib/python3.12/site-packages/airflow/example_dags/example_complex.py
[2024-11-06T00:07:54.601+0000] {processor.py:925} INFO - DAG(s) 'example_complex' retrieved from /home/airflow/.local/lib/python3.12/site-packages/airflow/example_dags/example_complex.py
[2024-11-06T00:07:54.694+0000] {logging_mixin.py:190} INFO - [2024-11-06T00:07:54.693+0000] {dag.py:3239} INFO - Sync 1 DAGs
[2024-11-06T00:07:54.726+0000] {logging_mixin.py:190} INFO - [2024-11-06T00:07:54.725+0000] {dag.py:4180} INFO - Setting next_dagrun for example_complex to None, run_after=None
[2024-11-06T00:07:54.766+0000] {processor.py:208} INFO - Processing /home/airflow/.local/lib/python3.12/site-packages/airflow/example_dags/example_complex.py took 0.215 seconds
[2024-11-06T00:08:24.852+0000] {processor.py:186} INFO - Started process (PID=3481) to work on /home/airflow/.local/lib/python3.12/site-packages/airflow/example_dags/example_complex.py
[2024-11-06T00:08:24.854+0000] {processor.py:914} INFO - Processing file /home/airflow/.local/lib/python3.12/site-packages/airflow/example_dags/example_complex.py for tasks to queue
[2024-11-06T00:08:24.858+0000] {logging_mixin.py:190} INFO - [2024-11-06T00:08:24.857+0000] {dagbag.py:588} INFO - Filling up the DagBag from /home/airflow/.local/lib/python3.12/site-packages/airflow/example_dags/example_complex.py
[2024-11-06T00:08:24.881+0000] {processor.py:925} INFO - DAG(s) 'example_complex' retrieved from /home/airflow/.local/lib/python3.12/site-packages/airflow/example_dags/example_complex.py
[2024-11-06T00:08:24.927+0000] {logging_mixin.py:190} INFO - [2024-11-06T00:08:24.926+0000] {dag.py:3239} INFO - Sync 1 DAGs
[2024-11-06T00:08:24.954+0000] {logging_mixin.py:190} INFO - [2024-11-06T00:08:24.953+0000] {dag.py:4180} INFO - Setting next_dagrun for example_complex to None, run_after=None
[2024-11-06T00:08:25.009+0000] {processor.py:208} INFO - Processing /home/airflow/.local/lib/python3.12/site-packages/airflow/example_dags/example_complex.py took 0.169 seconds
[2024-11-06T00:08:55.191+0000] {processor.py:186} INFO - Started process (PID=3545) to work on /home/airflow/.local/lib/python3.12/site-packages/airflow/example_dags/example_complex.py
[2024-11-06T00:08:55.193+0000] {processor.py:914} INFO - Processing file /home/airflow/.local/lib/python3.12/site-packages/airflow/example_dags/example_complex.py for tasks to queue
[2024-11-06T00:08:55.201+0000] {logging_mixin.py:190} INFO - [2024-11-06T00:08:55.200+0000] {dagbag.py:588} INFO - Filling up the DagBag from /home/airflow/.local/lib/python3.12/site-packages/airflow/example_dags/example_complex.py
[2024-11-06T00:08:55.222+0000] {processor.py:925} INFO - DAG(s) 'example_complex' retrieved from /home/airflow/.local/lib/python3.12/site-packages/airflow/example_dags/example_complex.py
[2024-11-06T00:08:55.268+0000] {logging_mixin.py:190} INFO - [2024-11-06T00:08:55.267+0000] {dag.py:3239} INFO - Sync 1 DAGs
[2024-11-06T00:08:55.290+0000] {logging_mixin.py:190} INFO - [2024-11-06T00:08:55.290+0000] {dag.py:4180} INFO - Setting next_dagrun for example_complex to None, run_after=None
[2024-11-06T00:08:55.324+0000] {processor.py:208} INFO - Processing /home/airflow/.local/lib/python3.12/site-packages/airflow/example_dags/example_complex.py took 0.146 seconds
[2024-11-06T00:09:26.506+0000] {processor.py:186} INFO - Started process (PID=3609) to work on /home/airflow/.local/lib/python3.12/site-packages/airflow/example_dags/example_complex.py
[2024-11-06T00:09:26.507+0000] {processor.py:914} INFO - Processing file /home/airflow/.local/lib/python3.12/site-packages/airflow/example_dags/example_complex.py for tasks to queue
[2024-11-06T00:09:26.512+0000] {logging_mixin.py:190} INFO - [2024-11-06T00:09:26.511+0000] {dagbag.py:588} INFO - Filling up the DagBag from /home/airflow/.local/lib/python3.12/site-packages/airflow/example_dags/example_complex.py
[2024-11-06T00:09:26.540+0000] {processor.py:925} INFO - DAG(s) 'example_complex' retrieved from /home/airflow/.local/lib/python3.12/site-packages/airflow/example_dags/example_complex.py
[2024-11-06T00:09:26.613+0000] {logging_mixin.py:190} INFO - [2024-11-06T00:09:26.612+0000] {dag.py:3239} INFO - Sync 1 DAGs
[2024-11-06T00:09:26.885+0000] {logging_mixin.py:190} INFO - [2024-11-06T00:09:26.885+0000] {dag.py:4180} INFO - Setting next_dagrun for example_complex to None, run_after=None
[2024-11-06T00:09:26.911+0000] {processor.py:208} INFO - Processing /home/airflow/.local/lib/python3.12/site-packages/airflow/example_dags/example_complex.py took 0.419 seconds
[2024-11-06T00:09:57.293+0000] {processor.py:186} INFO - Started process (PID=3673) to work on /home/airflow/.local/lib/python3.12/site-packages/airflow/example_dags/example_complex.py
[2024-11-06T00:09:57.295+0000] {processor.py:914} INFO - Processing file /home/airflow/.local/lib/python3.12/site-packages/airflow/example_dags/example_complex.py for tasks to queue
[2024-11-06T00:09:57.300+0000] {logging_mixin.py:190} INFO - [2024-11-06T00:09:57.299+0000] {dagbag.py:588} INFO - Filling up the DagBag from /home/airflow/.local/lib/python3.12/site-packages/airflow/example_dags/example_complex.py
[2024-11-06T00:09:57.318+0000] {processor.py:925} INFO - DAG(s) 'example_complex' retrieved from /home/airflow/.local/lib/python3.12/site-packages/airflow/example_dags/example_complex.py
[2024-11-06T00:09:57.360+0000] {logging_mixin.py:190} INFO - [2024-11-06T00:09:57.359+0000] {dag.py:3239} INFO - Sync 1 DAGs
[2024-11-06T00:09:57.629+0000] {logging_mixin.py:190} INFO - [2024-11-06T00:09:57.629+0000] {dag.py:4180} INFO - Setting next_dagrun for example_complex to None, run_after=None
[2024-11-06T00:09:57.667+0000] {processor.py:208} INFO - Processing /home/airflow/.local/lib/python3.12/site-packages/airflow/example_dags/example_complex.py took 0.384 seconds
[2024-11-06T00:10:28.763+0000] {processor.py:186} INFO - Started process (PID=3739) to work on /home/airflow/.local/lib/python3.12/site-packages/airflow/example_dags/example_complex.py
[2024-11-06T00:10:28.765+0000] {processor.py:914} INFO - Processing file /home/airflow/.local/lib/python3.12/site-packages/airflow/example_dags/example_complex.py for tasks to queue
[2024-11-06T00:10:28.771+0000] {logging_mixin.py:190} INFO - [2024-11-06T00:10:28.770+0000] {dagbag.py:588} INFO - Filling up the DagBag from /home/airflow/.local/lib/python3.12/site-packages/airflow/example_dags/example_complex.py
[2024-11-06T00:10:28.796+0000] {processor.py:925} INFO - DAG(s) 'example_complex' retrieved from /home/airflow/.local/lib/python3.12/site-packages/airflow/example_dags/example_complex.py
[2024-11-06T00:10:28.850+0000] {logging_mixin.py:190} INFO - [2024-11-06T00:10:28.850+0000] {dag.py:3239} INFO - Sync 1 DAGs
[2024-11-06T00:10:28.872+0000] {logging_mixin.py:190} INFO - [2024-11-06T00:10:28.871+0000] {dag.py:4180} INFO - Setting next_dagrun for example_complex to None, run_after=None
[2024-11-06T00:10:28.905+0000] {processor.py:208} INFO - Processing /home/airflow/.local/lib/python3.12/site-packages/airflow/example_dags/example_complex.py took 0.151 seconds
[2024-11-06T00:10:59.309+0000] {processor.py:186} INFO - Started process (PID=3803) to work on /home/airflow/.local/lib/python3.12/site-packages/airflow/example_dags/example_complex.py
[2024-11-06T00:10:59.311+0000] {processor.py:914} INFO - Processing file /home/airflow/.local/lib/python3.12/site-packages/airflow/example_dags/example_complex.py for tasks to queue
[2024-11-06T00:10:59.316+0000] {logging_mixin.py:190} INFO - [2024-11-06T00:10:59.315+0000] {dagbag.py:588} INFO - Filling up the DagBag from /home/airflow/.local/lib/python3.12/site-packages/airflow/example_dags/example_complex.py
[2024-11-06T00:10:59.346+0000] {processor.py:925} INFO - DAG(s) 'example_complex' retrieved from /home/airflow/.local/lib/python3.12/site-packages/airflow/example_dags/example_complex.py
[2024-11-06T00:10:59.411+0000] {logging_mixin.py:190} INFO - [2024-11-06T00:10:59.410+0000] {dag.py:3239} INFO - Sync 1 DAGs
[2024-11-06T00:10:59.436+0000] {logging_mixin.py:190} INFO - [2024-11-06T00:10:59.436+0000] {dag.py:4180} INFO - Setting next_dagrun for example_complex to None, run_after=None
[2024-11-06T00:10:59.468+0000] {processor.py:208} INFO - Processing /home/airflow/.local/lib/python3.12/site-packages/airflow/example_dags/example_complex.py took 0.172 seconds
[2024-11-06T00:11:30.158+0000] {processor.py:186} INFO - Started process (PID=3867) to work on /home/airflow/.local/lib/python3.12/site-packages/airflow/example_dags/example_complex.py
[2024-11-06T00:11:30.161+0000] {processor.py:914} INFO - Processing file /home/airflow/.local/lib/python3.12/site-packages/airflow/example_dags/example_complex.py for tasks to queue
[2024-11-06T00:11:30.167+0000] {logging_mixin.py:190} INFO - [2024-11-06T00:11:30.166+0000] {dagbag.py:588} INFO - Filling up the DagBag from /home/airflow/.local/lib/python3.12/site-packages/airflow/example_dags/example_complex.py
[2024-11-06T00:11:30.208+0000] {processor.py:925} INFO - DAG(s) 'example_complex' retrieved from /home/airflow/.local/lib/python3.12/site-packages/airflow/example_dags/example_complex.py
[2024-11-06T00:11:30.283+0000] {logging_mixin.py:190} INFO - [2024-11-06T00:11:30.283+0000] {dag.py:3239} INFO - Sync 1 DAGs
[2024-11-06T00:11:30.304+0000] {logging_mixin.py:190} INFO - [2024-11-06T00:11:30.303+0000] {dag.py:4180} INFO - Setting next_dagrun for example_complex to None, run_after=None
[2024-11-06T00:11:30.344+0000] {processor.py:208} INFO - Processing /home/airflow/.local/lib/python3.12/site-packages/airflow/example_dags/example_complex.py took 0.199 seconds
[2024-11-06T00:12:01.158+0000] {processor.py:186} INFO - Started process (PID=3931) to work on /home/airflow/.local/lib/python3.12/site-packages/airflow/example_dags/example_complex.py
[2024-11-06T00:12:01.162+0000] {processor.py:914} INFO - Processing file /home/airflow/.local/lib/python3.12/site-packages/airflow/example_dags/example_complex.py for tasks to queue
[2024-11-06T00:12:01.170+0000] {logging_mixin.py:190} INFO - [2024-11-06T00:12:01.169+0000] {dagbag.py:588} INFO - Filling up the DagBag from /home/airflow/.local/lib/python3.12/site-packages/airflow/example_dags/example_complex.py
[2024-11-06T00:12:01.221+0000] {processor.py:925} INFO - DAG(s) 'example_complex' retrieved from /home/airflow/.local/lib/python3.12/site-packages/airflow/example_dags/example_complex.py
[2024-11-06T00:12:01.353+0000] {logging_mixin.py:190} INFO - [2024-11-06T00:12:01.353+0000] {dag.py:3239} INFO - Sync 1 DAGs
[2024-11-06T00:12:01.380+0000] {logging_mixin.py:190} INFO - [2024-11-06T00:12:01.379+0000] {dag.py:4180} INFO - Setting next_dagrun for example_complex to None, run_after=None
[2024-11-06T00:12:01.645+0000] {processor.py:208} INFO - Processing /home/airflow/.local/lib/python3.12/site-packages/airflow/example_dags/example_complex.py took 0.505 seconds
[2024-11-06T00:12:31.794+0000] {processor.py:186} INFO - Started process (PID=3995) to work on /home/airflow/.local/lib/python3.12/site-packages/airflow/example_dags/example_complex.py
[2024-11-06T00:12:31.795+0000] {processor.py:914} INFO - Processing file /home/airflow/.local/lib/python3.12/site-packages/airflow/example_dags/example_complex.py for tasks to queue
[2024-11-06T00:12:31.799+0000] {logging_mixin.py:190} INFO - [2024-11-06T00:12:31.799+0000] {dagbag.py:588} INFO - Filling up the DagBag from /home/airflow/.local/lib/python3.12/site-packages/airflow/example_dags/example_complex.py
[2024-11-06T00:12:31.821+0000] {processor.py:925} INFO - DAG(s) 'example_complex' retrieved from /home/airflow/.local/lib/python3.12/site-packages/airflow/example_dags/example_complex.py
[2024-11-06T00:12:31.886+0000] {logging_mixin.py:190} INFO - [2024-11-06T00:12:31.885+0000] {dag.py:3239} INFO - Sync 1 DAGs
[2024-11-06T00:12:31.910+0000] {logging_mixin.py:190} INFO - [2024-11-06T00:12:31.909+0000] {dag.py:4180} INFO - Setting next_dagrun for example_complex to None, run_after=None
[2024-11-06T00:12:31.940+0000] {processor.py:208} INFO - Processing /home/airflow/.local/lib/python3.12/site-packages/airflow/example_dags/example_complex.py took 0.159 seconds
[2024-11-06T00:13:02.592+0000] {processor.py:186} INFO - Started process (PID=4060) to work on /home/airflow/.local/lib/python3.12/site-packages/airflow/example_dags/example_complex.py
[2024-11-06T00:13:02.594+0000] {processor.py:914} INFO - Processing file /home/airflow/.local/lib/python3.12/site-packages/airflow/example_dags/example_complex.py for tasks to queue
[2024-11-06T00:13:02.598+0000] {logging_mixin.py:190} INFO - [2024-11-06T00:13:02.598+0000] {dagbag.py:588} INFO - Filling up the DagBag from /home/airflow/.local/lib/python3.12/site-packages/airflow/example_dags/example_complex.py
[2024-11-06T00:13:02.628+0000] {processor.py:925} INFO - DAG(s) 'example_complex' retrieved from /home/airflow/.local/lib/python3.12/site-packages/airflow/example_dags/example_complex.py
[2024-11-06T00:13:02.691+0000] {logging_mixin.py:190} INFO - [2024-11-06T00:13:02.690+0000] {dag.py:3239} INFO - Sync 1 DAGs
[2024-11-06T00:13:02.717+0000] {logging_mixin.py:190} INFO - [2024-11-06T00:13:02.716+0000] {dag.py:4180} INFO - Setting next_dagrun for example_complex to None, run_after=None
[2024-11-06T00:13:02.754+0000] {processor.py:208} INFO - Processing /home/airflow/.local/lib/python3.12/site-packages/airflow/example_dags/example_complex.py took 0.173 seconds
[2024-11-06T00:13:33.178+0000] {processor.py:186} INFO - Started process (PID=4123) to work on /home/airflow/.local/lib/python3.12/site-packages/airflow/example_dags/example_complex.py
[2024-11-06T00:13:33.180+0000] {processor.py:914} INFO - Processing file /home/airflow/.local/lib/python3.12/site-packages/airflow/example_dags/example_complex.py for tasks to queue
[2024-11-06T00:13:33.184+0000] {logging_mixin.py:190} INFO - [2024-11-06T00:13:33.184+0000] {dagbag.py:588} INFO - Filling up the DagBag from /home/airflow/.local/lib/python3.12/site-packages/airflow/example_dags/example_complex.py
[2024-11-06T00:13:33.209+0000] {processor.py:925} INFO - DAG(s) 'example_complex' retrieved from /home/airflow/.local/lib/python3.12/site-packages/airflow/example_dags/example_complex.py
[2024-11-06T00:13:33.255+0000] {logging_mixin.py:190} INFO - [2024-11-06T00:13:33.255+0000] {dag.py:3239} INFO - Sync 1 DAGs
[2024-11-06T00:13:33.281+0000] {logging_mixin.py:190} INFO - [2024-11-06T00:13:33.280+0000] {dag.py:4180} INFO - Setting next_dagrun for example_complex to None, run_after=None
[2024-11-06T00:13:33.315+0000] {processor.py:208} INFO - Processing /home/airflow/.local/lib/python3.12/site-packages/airflow/example_dags/example_complex.py took 0.148 seconds
[2024-11-06T00:14:03.587+0000] {processor.py:186} INFO - Started process (PID=4187) to work on /home/airflow/.local/lib/python3.12/site-packages/airflow/example_dags/example_complex.py
[2024-11-06T00:14:03.589+0000] {processor.py:914} INFO - Processing file /home/airflow/.local/lib/python3.12/site-packages/airflow/example_dags/example_complex.py for tasks to queue
[2024-11-06T00:14:03.594+0000] {logging_mixin.py:190} INFO - [2024-11-06T00:14:03.594+0000] {dagbag.py:588} INFO - Filling up the DagBag from /home/airflow/.local/lib/python3.12/site-packages/airflow/example_dags/example_complex.py
[2024-11-06T00:14:03.612+0000] {processor.py:925} INFO - DAG(s) 'example_complex' retrieved from /home/airflow/.local/lib/python3.12/site-packages/airflow/example_dags/example_complex.py
[2024-11-06T00:14:03.658+0000] {logging_mixin.py:190} INFO - [2024-11-06T00:14:03.658+0000] {dag.py:3239} INFO - Sync 1 DAGs
[2024-11-06T00:14:03.684+0000] {logging_mixin.py:190} INFO - [2024-11-06T00:14:03.683+0000] {dag.py:4180} INFO - Setting next_dagrun for example_complex to None, run_after=None
[2024-11-06T00:14:03.716+0000] {processor.py:208} INFO - Processing /home/airflow/.local/lib/python3.12/site-packages/airflow/example_dags/example_complex.py took 0.142 seconds
[2024-11-06T00:14:33.839+0000] {processor.py:186} INFO - Started process (PID=4251) to work on /home/airflow/.local/lib/python3.12/site-packages/airflow/example_dags/example_complex.py
[2024-11-06T00:14:33.841+0000] {processor.py:914} INFO - Processing file /home/airflow/.local/lib/python3.12/site-packages/airflow/example_dags/example_complex.py for tasks to queue
[2024-11-06T00:14:33.844+0000] {logging_mixin.py:190} INFO - [2024-11-06T00:14:33.844+0000] {dagbag.py:588} INFO - Filling up the DagBag from /home/airflow/.local/lib/python3.12/site-packages/airflow/example_dags/example_complex.py
[2024-11-06T00:14:33.861+0000] {processor.py:925} INFO - DAG(s) 'example_complex' retrieved from /home/airflow/.local/lib/python3.12/site-packages/airflow/example_dags/example_complex.py
[2024-11-06T00:14:33.910+0000] {logging_mixin.py:190} INFO - [2024-11-06T00:14:33.910+0000] {dag.py:3239} INFO - Sync 1 DAGs
[2024-11-06T00:14:33.937+0000] {logging_mixin.py:190} INFO - [2024-11-06T00:14:33.937+0000] {dag.py:4180} INFO - Setting next_dagrun for example_complex to None, run_after=None
[2024-11-06T00:14:33.968+0000] {processor.py:208} INFO - Processing /home/airflow/.local/lib/python3.12/site-packages/airflow/example_dags/example_complex.py took 0.140 seconds
[2024-11-06T00:15:04.843+0000] {processor.py:186} INFO - Started process (PID=4314) to work on /home/airflow/.local/lib/python3.12/site-packages/airflow/example_dags/example_complex.py
[2024-11-06T00:15:04.846+0000] {processor.py:914} INFO - Processing file /home/airflow/.local/lib/python3.12/site-packages/airflow/example_dags/example_complex.py for tasks to queue
[2024-11-06T00:15:04.851+0000] {logging_mixin.py:190} INFO - [2024-11-06T00:15:04.850+0000] {dagbag.py:588} INFO - Filling up the DagBag from /home/airflow/.local/lib/python3.12/site-packages/airflow/example_dags/example_complex.py
[2024-11-06T00:15:04.869+0000] {processor.py:925} INFO - DAG(s) 'example_complex' retrieved from /home/airflow/.local/lib/python3.12/site-packages/airflow/example_dags/example_complex.py
[2024-11-06T00:15:04.916+0000] {logging_mixin.py:190} INFO - [2024-11-06T00:15:04.915+0000] {dag.py:3239} INFO - Sync 1 DAGs
[2024-11-06T00:15:04.943+0000] {logging_mixin.py:190} INFO - [2024-11-06T00:15:04.943+0000] {dag.py:4180} INFO - Setting next_dagrun for example_complex to None, run_after=None
[2024-11-06T00:15:04.975+0000] {processor.py:208} INFO - Processing /home/airflow/.local/lib/python3.12/site-packages/airflow/example_dags/example_complex.py took 0.143 seconds
[2024-11-06T00:15:35.391+0000] {processor.py:186} INFO - Started process (PID=4378) to work on /home/airflow/.local/lib/python3.12/site-packages/airflow/example_dags/example_complex.py
[2024-11-06T00:15:35.392+0000] {processor.py:914} INFO - Processing file /home/airflow/.local/lib/python3.12/site-packages/airflow/example_dags/example_complex.py for tasks to queue
[2024-11-06T00:15:35.397+0000] {logging_mixin.py:190} INFO - [2024-11-06T00:15:35.397+0000] {dagbag.py:588} INFO - Filling up the DagBag from /home/airflow/.local/lib/python3.12/site-packages/airflow/example_dags/example_complex.py
[2024-11-06T00:15:35.415+0000] {processor.py:925} INFO - DAG(s) 'example_complex' retrieved from /home/airflow/.local/lib/python3.12/site-packages/airflow/example_dags/example_complex.py
[2024-11-06T00:15:35.483+0000] {logging_mixin.py:190} INFO - [2024-11-06T00:15:35.482+0000] {dag.py:3239} INFO - Sync 1 DAGs
[2024-11-06T00:15:35.512+0000] {logging_mixin.py:190} INFO - [2024-11-06T00:15:35.511+0000] {dag.py:4180} INFO - Setting next_dagrun for example_complex to None, run_after=None
[2024-11-06T00:15:35.556+0000] {processor.py:208} INFO - Processing /home/airflow/.local/lib/python3.12/site-packages/airflow/example_dags/example_complex.py took 0.175 seconds
[2024-11-06T00:16:06.040+0000] {processor.py:186} INFO - Started process (PID=4442) to work on /home/airflow/.local/lib/python3.12/site-packages/airflow/example_dags/example_complex.py
[2024-11-06T00:16:06.042+0000] {processor.py:914} INFO - Processing file /home/airflow/.local/lib/python3.12/site-packages/airflow/example_dags/example_complex.py for tasks to queue
[2024-11-06T00:16:06.046+0000] {logging_mixin.py:190} INFO - [2024-11-06T00:16:06.046+0000] {dagbag.py:588} INFO - Filling up the DagBag from /home/airflow/.local/lib/python3.12/site-packages/airflow/example_dags/example_complex.py
[2024-11-06T00:16:06.067+0000] {processor.py:925} INFO - DAG(s) 'example_complex' retrieved from /home/airflow/.local/lib/python3.12/site-packages/airflow/example_dags/example_complex.py
[2024-11-06T00:16:06.122+0000] {logging_mixin.py:190} INFO - [2024-11-06T00:16:06.122+0000] {dag.py:3239} INFO - Sync 1 DAGs
[2024-11-06T00:16:06.146+0000] {logging_mixin.py:190} INFO - [2024-11-06T00:16:06.146+0000] {dag.py:4180} INFO - Setting next_dagrun for example_complex to None, run_after=None
[2024-11-06T00:16:06.196+0000] {processor.py:208} INFO - Processing /home/airflow/.local/lib/python3.12/site-packages/airflow/example_dags/example_complex.py took 0.165 seconds
[2024-11-06T00:18:28.110+0000] {processor.py:186} INFO - Started process (PID=62) to work on /home/airflow/.local/lib/python3.12/site-packages/airflow/example_dags/example_complex.py
[2024-11-06T00:18:28.113+0000] {processor.py:914} INFO - Processing file /home/airflow/.local/lib/python3.12/site-packages/airflow/example_dags/example_complex.py for tasks to queue
[2024-11-06T00:18:28.117+0000] {logging_mixin.py:190} INFO - [2024-11-06T00:18:28.116+0000] {dagbag.py:588} INFO - Filling up the DagBag from /home/airflow/.local/lib/python3.12/site-packages/airflow/example_dags/example_complex.py
[2024-11-06T00:18:28.141+0000] {processor.py:925} INFO - DAG(s) 'example_complex' retrieved from /home/airflow/.local/lib/python3.12/site-packages/airflow/example_dags/example_complex.py
[2024-11-06T00:18:28.204+0000] {logging_mixin.py:190} INFO - [2024-11-06T00:18:28.204+0000] {dag.py:3239} INFO - Sync 1 DAGs
[2024-11-06T00:18:28.228+0000] {logging_mixin.py:190} INFO - [2024-11-06T00:18:28.227+0000] {dag.py:4180} INFO - Setting next_dagrun for example_complex to None, run_after=None
[2024-11-06T00:18:28.262+0000] {processor.py:208} INFO - Processing /home/airflow/.local/lib/python3.12/site-packages/airflow/example_dags/example_complex.py took 0.162 seconds
[2024-11-06T00:19:00.337+0000] {processor.py:186} INFO - Started process (PID=126) to work on /home/airflow/.local/lib/python3.12/site-packages/airflow/example_dags/example_complex.py
[2024-11-06T00:19:00.339+0000] {processor.py:914} INFO - Processing file /home/airflow/.local/lib/python3.12/site-packages/airflow/example_dags/example_complex.py for tasks to queue
[2024-11-06T00:19:00.344+0000] {logging_mixin.py:190} INFO - [2024-11-06T00:19:00.344+0000] {dagbag.py:588} INFO - Filling up the DagBag from /home/airflow/.local/lib/python3.12/site-packages/airflow/example_dags/example_complex.py
[2024-11-06T00:19:00.375+0000] {processor.py:925} INFO - DAG(s) 'example_complex' retrieved from /home/airflow/.local/lib/python3.12/site-packages/airflow/example_dags/example_complex.py
[2024-11-06T00:19:00.445+0000] {logging_mixin.py:190} INFO - [2024-11-06T00:19:00.445+0000] {dag.py:3239} INFO - Sync 1 DAGs
[2024-11-06T00:19:00.473+0000] {logging_mixin.py:190} INFO - [2024-11-06T00:19:00.473+0000] {dag.py:4180} INFO - Setting next_dagrun for example_complex to None, run_after=None
[2024-11-06T00:19:00.516+0000] {processor.py:208} INFO - Processing /home/airflow/.local/lib/python3.12/site-packages/airflow/example_dags/example_complex.py took 0.189 seconds
[2024-11-06T00:19:31.838+0000] {processor.py:186} INFO - Started process (PID=190) to work on /home/airflow/.local/lib/python3.12/site-packages/airflow/example_dags/example_complex.py
[2024-11-06T00:19:31.841+0000] {processor.py:914} INFO - Processing file /home/airflow/.local/lib/python3.12/site-packages/airflow/example_dags/example_complex.py for tasks to queue
[2024-11-06T00:19:31.849+0000] {logging_mixin.py:190} INFO - [2024-11-06T00:19:31.848+0000] {dagbag.py:588} INFO - Filling up the DagBag from /home/airflow/.local/lib/python3.12/site-packages/airflow/example_dags/example_complex.py
[2024-11-06T00:19:31.881+0000] {processor.py:925} INFO - DAG(s) 'example_complex' retrieved from /home/airflow/.local/lib/python3.12/site-packages/airflow/example_dags/example_complex.py
[2024-11-06T00:19:31.938+0000] {logging_mixin.py:190} INFO - [2024-11-06T00:19:31.938+0000] {dag.py:3239} INFO - Sync 1 DAGs
[2024-11-06T00:19:31.961+0000] {logging_mixin.py:190} INFO - [2024-11-06T00:19:31.961+0000] {dag.py:4180} INFO - Setting next_dagrun for example_complex to None, run_after=None
[2024-11-06T00:19:32.012+0000] {processor.py:208} INFO - Processing /home/airflow/.local/lib/python3.12/site-packages/airflow/example_dags/example_complex.py took 0.191 seconds
[2024-11-06T00:20:03.432+0000] {processor.py:186} INFO - Started process (PID=260) to work on /home/airflow/.local/lib/python3.12/site-packages/airflow/example_dags/example_complex.py
[2024-11-06T00:20:03.434+0000] {processor.py:914} INFO - Processing file /home/airflow/.local/lib/python3.12/site-packages/airflow/example_dags/example_complex.py for tasks to queue
[2024-11-06T00:20:03.439+0000] {logging_mixin.py:190} INFO - [2024-11-06T00:20:03.438+0000] {dagbag.py:588} INFO - Filling up the DagBag from /home/airflow/.local/lib/python3.12/site-packages/airflow/example_dags/example_complex.py
[2024-11-06T00:20:03.462+0000] {processor.py:925} INFO - DAG(s) 'example_complex' retrieved from /home/airflow/.local/lib/python3.12/site-packages/airflow/example_dags/example_complex.py
[2024-11-06T00:20:03.518+0000] {logging_mixin.py:190} INFO - [2024-11-06T00:20:03.518+0000] {dag.py:3239} INFO - Sync 1 DAGs
[2024-11-06T00:20:03.541+0000] {logging_mixin.py:190} INFO - [2024-11-06T00:20:03.540+0000] {dag.py:4180} INFO - Setting next_dagrun for example_complex to None, run_after=None
[2024-11-06T00:20:03.583+0000] {processor.py:208} INFO - Processing /home/airflow/.local/lib/python3.12/site-packages/airflow/example_dags/example_complex.py took 0.162 seconds
[2024-11-06T00:20:34.780+0000] {processor.py:186} INFO - Started process (PID=324) to work on /home/airflow/.local/lib/python3.12/site-packages/airflow/example_dags/example_complex.py
[2024-11-06T00:20:34.782+0000] {processor.py:914} INFO - Processing file /home/airflow/.local/lib/python3.12/site-packages/airflow/example_dags/example_complex.py for tasks to queue
[2024-11-06T00:20:34.786+0000] {logging_mixin.py:190} INFO - [2024-11-06T00:20:34.785+0000] {dagbag.py:588} INFO - Filling up the DagBag from /home/airflow/.local/lib/python3.12/site-packages/airflow/example_dags/example_complex.py
[2024-11-06T00:20:34.806+0000] {processor.py:925} INFO - DAG(s) 'example_complex' retrieved from /home/airflow/.local/lib/python3.12/site-packages/airflow/example_dags/example_complex.py
[2024-11-06T00:20:34.857+0000] {logging_mixin.py:190} INFO - [2024-11-06T00:20:34.856+0000] {dag.py:3239} INFO - Sync 1 DAGs
[2024-11-06T00:20:34.883+0000] {logging_mixin.py:190} INFO - [2024-11-06T00:20:34.883+0000] {dag.py:4180} INFO - Setting next_dagrun for example_complex to None, run_after=None
[2024-11-06T00:20:34.914+0000] {processor.py:208} INFO - Processing /home/airflow/.local/lib/python3.12/site-packages/airflow/example_dags/example_complex.py took 0.145 seconds
[2024-11-06T00:21:06.798+0000] {processor.py:186} INFO - Started process (PID=388) to work on /home/airflow/.local/lib/python3.12/site-packages/airflow/example_dags/example_complex.py
[2024-11-06T00:21:06.800+0000] {processor.py:914} INFO - Processing file /home/airflow/.local/lib/python3.12/site-packages/airflow/example_dags/example_complex.py for tasks to queue
[2024-11-06T00:21:06.804+0000] {logging_mixin.py:190} INFO - [2024-11-06T00:21:06.803+0000] {dagbag.py:588} INFO - Filling up the DagBag from /home/airflow/.local/lib/python3.12/site-packages/airflow/example_dags/example_complex.py
[2024-11-06T00:21:06.825+0000] {processor.py:925} INFO - DAG(s) 'example_complex' retrieved from /home/airflow/.local/lib/python3.12/site-packages/airflow/example_dags/example_complex.py
[2024-11-06T00:21:06.902+0000] {logging_mixin.py:190} INFO - [2024-11-06T00:21:06.901+0000] {dag.py:3239} INFO - Sync 1 DAGs
[2024-11-06T00:21:06.927+0000] {logging_mixin.py:190} INFO - [2024-11-06T00:21:06.926+0000] {dag.py:4180} INFO - Setting next_dagrun for example_complex to None, run_after=None
[2024-11-06T00:21:06.958+0000] {processor.py:208} INFO - Processing /home/airflow/.local/lib/python3.12/site-packages/airflow/example_dags/example_complex.py took 0.171 seconds
[2024-11-06T00:21:38.514+0000] {processor.py:186} INFO - Started process (PID=452) to work on /home/airflow/.local/lib/python3.12/site-packages/airflow/example_dags/example_complex.py
[2024-11-06T00:21:38.516+0000] {processor.py:914} INFO - Processing file /home/airflow/.local/lib/python3.12/site-packages/airflow/example_dags/example_complex.py for tasks to queue
[2024-11-06T00:21:38.519+0000] {logging_mixin.py:190} INFO - [2024-11-06T00:21:38.519+0000] {dagbag.py:588} INFO - Filling up the DagBag from /home/airflow/.local/lib/python3.12/site-packages/airflow/example_dags/example_complex.py
[2024-11-06T00:21:38.536+0000] {processor.py:925} INFO - DAG(s) 'example_complex' retrieved from /home/airflow/.local/lib/python3.12/site-packages/airflow/example_dags/example_complex.py
[2024-11-06T00:21:38.593+0000] {logging_mixin.py:190} INFO - [2024-11-06T00:21:38.592+0000] {dag.py:3239} INFO - Sync 1 DAGs
[2024-11-06T00:21:38.623+0000] {logging_mixin.py:190} INFO - [2024-11-06T00:21:38.622+0000] {dag.py:4180} INFO - Setting next_dagrun for example_complex to None, run_after=None
[2024-11-06T00:21:38.660+0000] {processor.py:208} INFO - Processing /home/airflow/.local/lib/python3.12/site-packages/airflow/example_dags/example_complex.py took 0.157 seconds
[2024-11-06T00:23:41.173+0000] {processor.py:186} INFO - Started process (PID=61) to work on /home/airflow/.local/lib/python3.12/site-packages/airflow/example_dags/example_complex.py
[2024-11-06T00:23:41.175+0000] {processor.py:914} INFO - Processing file /home/airflow/.local/lib/python3.12/site-packages/airflow/example_dags/example_complex.py for tasks to queue
[2024-11-06T00:23:41.180+0000] {logging_mixin.py:190} INFO - [2024-11-06T00:23:41.179+0000] {dagbag.py:588} INFO - Filling up the DagBag from /home/airflow/.local/lib/python3.12/site-packages/airflow/example_dags/example_complex.py
[2024-11-06T00:23:41.208+0000] {processor.py:925} INFO - DAG(s) 'example_complex' retrieved from /home/airflow/.local/lib/python3.12/site-packages/airflow/example_dags/example_complex.py
[2024-11-06T00:23:41.267+0000] {logging_mixin.py:190} INFO - [2024-11-06T00:23:41.267+0000] {dag.py:3239} INFO - Sync 1 DAGs
[2024-11-06T00:23:41.294+0000] {logging_mixin.py:190} INFO - [2024-11-06T00:23:41.294+0000] {dag.py:4180} INFO - Setting next_dagrun for example_complex to None, run_after=None
[2024-11-06T00:23:41.332+0000] {processor.py:208} INFO - Processing /home/airflow/.local/lib/python3.12/site-packages/airflow/example_dags/example_complex.py took 0.172 seconds
[2024-11-06T00:24:12.689+0000] {processor.py:186} INFO - Started process (PID=125) to work on /home/airflow/.local/lib/python3.12/site-packages/airflow/example_dags/example_complex.py
[2024-11-06T00:24:12.691+0000] {processor.py:914} INFO - Processing file /home/airflow/.local/lib/python3.12/site-packages/airflow/example_dags/example_complex.py for tasks to queue
[2024-11-06T00:24:12.696+0000] {logging_mixin.py:190} INFO - [2024-11-06T00:24:12.695+0000] {dagbag.py:588} INFO - Filling up the DagBag from /home/airflow/.local/lib/python3.12/site-packages/airflow/example_dags/example_complex.py
[2024-11-06T00:24:12.730+0000] {processor.py:925} INFO - DAG(s) 'example_complex' retrieved from /home/airflow/.local/lib/python3.12/site-packages/airflow/example_dags/example_complex.py
[2024-11-06T00:24:12.839+0000] {logging_mixin.py:190} INFO - [2024-11-06T00:24:12.838+0000] {dag.py:3239} INFO - Sync 1 DAGs
[2024-11-06T00:24:12.895+0000] {logging_mixin.py:190} INFO - [2024-11-06T00:24:12.894+0000] {dag.py:4180} INFO - Setting next_dagrun for example_complex to None, run_after=None
[2024-11-06T00:24:12.939+0000] {processor.py:208} INFO - Processing /home/airflow/.local/lib/python3.12/site-packages/airflow/example_dags/example_complex.py took 0.261 seconds
[2024-11-06T00:26:18.193+0000] {processor.py:186} INFO - Started process (PID=61) to work on /home/airflow/.local/lib/python3.12/site-packages/airflow/example_dags/example_complex.py
[2024-11-06T00:26:18.195+0000] {processor.py:914} INFO - Processing file /home/airflow/.local/lib/python3.12/site-packages/airflow/example_dags/example_complex.py for tasks to queue
[2024-11-06T00:26:18.200+0000] {logging_mixin.py:190} INFO - [2024-11-06T00:26:18.199+0000] {dagbag.py:588} INFO - Filling up the DagBag from /home/airflow/.local/lib/python3.12/site-packages/airflow/example_dags/example_complex.py
[2024-11-06T00:26:18.238+0000] {processor.py:925} INFO - DAG(s) 'example_complex' retrieved from /home/airflow/.local/lib/python3.12/site-packages/airflow/example_dags/example_complex.py
[2024-11-06T00:26:18.300+0000] {logging_mixin.py:190} INFO - [2024-11-06T00:26:18.300+0000] {dag.py:3239} INFO - Sync 1 DAGs
[2024-11-06T00:26:18.327+0000] {logging_mixin.py:190} INFO - [2024-11-06T00:26:18.326+0000] {dag.py:4180} INFO - Setting next_dagrun for example_complex to None, run_after=None
[2024-11-06T00:26:18.360+0000] {processor.py:208} INFO - Processing /home/airflow/.local/lib/python3.12/site-packages/airflow/example_dags/example_complex.py took 0.178 seconds
[2024-11-06T00:26:50.383+0000] {processor.py:186} INFO - Started process (PID=125) to work on /home/airflow/.local/lib/python3.12/site-packages/airflow/example_dags/example_complex.py
[2024-11-06T00:26:50.385+0000] {processor.py:914} INFO - Processing file /home/airflow/.local/lib/python3.12/site-packages/airflow/example_dags/example_complex.py for tasks to queue
[2024-11-06T00:26:50.394+0000] {logging_mixin.py:190} INFO - [2024-11-06T00:26:50.393+0000] {dagbag.py:588} INFO - Filling up the DagBag from /home/airflow/.local/lib/python3.12/site-packages/airflow/example_dags/example_complex.py
[2024-11-06T00:26:50.421+0000] {processor.py:925} INFO - DAG(s) 'example_complex' retrieved from /home/airflow/.local/lib/python3.12/site-packages/airflow/example_dags/example_complex.py
[2024-11-06T00:26:50.492+0000] {logging_mixin.py:190} INFO - [2024-11-06T00:26:50.492+0000] {dag.py:3239} INFO - Sync 1 DAGs
[2024-11-06T00:26:50.517+0000] {logging_mixin.py:190} INFO - [2024-11-06T00:26:50.516+0000] {dag.py:4180} INFO - Setting next_dagrun for example_complex to None, run_after=None
[2024-11-06T00:26:50.554+0000] {processor.py:208} INFO - Processing /home/airflow/.local/lib/python3.12/site-packages/airflow/example_dags/example_complex.py took 0.186 seconds
[2024-11-06T00:27:21.649+0000] {processor.py:186} INFO - Started process (PID=189) to work on /home/airflow/.local/lib/python3.12/site-packages/airflow/example_dags/example_complex.py
[2024-11-06T00:27:21.651+0000] {processor.py:914} INFO - Processing file /home/airflow/.local/lib/python3.12/site-packages/airflow/example_dags/example_complex.py for tasks to queue
[2024-11-06T00:27:21.655+0000] {logging_mixin.py:190} INFO - [2024-11-06T00:27:21.655+0000] {dagbag.py:588} INFO - Filling up the DagBag from /home/airflow/.local/lib/python3.12/site-packages/airflow/example_dags/example_complex.py
[2024-11-06T00:27:21.679+0000] {processor.py:925} INFO - DAG(s) 'example_complex' retrieved from /home/airflow/.local/lib/python3.12/site-packages/airflow/example_dags/example_complex.py
[2024-11-06T00:27:21.749+0000] {logging_mixin.py:190} INFO - [2024-11-06T00:27:21.749+0000] {dag.py:3239} INFO - Sync 1 DAGs
[2024-11-06T00:27:21.785+0000] {logging_mixin.py:190} INFO - [2024-11-06T00:27:21.784+0000] {dag.py:4180} INFO - Setting next_dagrun for example_complex to None, run_after=None
[2024-11-06T00:27:21.887+0000] {processor.py:208} INFO - Processing /home/airflow/.local/lib/python3.12/site-packages/airflow/example_dags/example_complex.py took 0.252 seconds
