[2024-11-06T00:00:08.087+0000] {processor.py:186} INFO - Started process (PID=2464) to work on /home/airflow/.local/lib/python3.12/site-packages/airflow/example_dags/example_bash_operator.py
[2024-11-06T00:00:08.089+0000] {processor.py:914} INFO - Processing file /home/airflow/.local/lib/python3.12/site-packages/airflow/example_dags/example_bash_operator.py for tasks to queue
[2024-11-06T00:00:08.093+0000] {logging_mixin.py:190} INFO - [2024-11-06T00:00:08.093+0000] {dagbag.py:588} INFO - Filling up the DagBag from /home/airflow/.local/lib/python3.12/site-packages/airflow/example_dags/example_bash_operator.py
[2024-11-06T00:00:08.126+0000] {processor.py:925} INFO - DAG(s) 'example_bash_operator' retrieved from /home/airflow/.local/lib/python3.12/site-packages/airflow/example_dags/example_bash_operator.py
[2024-11-06T00:00:08.175+0000] {logging_mixin.py:190} INFO - [2024-11-06T00:00:08.174+0000] {dag.py:3239} INFO - Sync 1 DAGs
[2024-11-06T00:00:08.222+0000] {logging_mixin.py:190} INFO - [2024-11-06T00:00:08.221+0000] {dag.py:4180} INFO - Setting next_dagrun for example_bash_operator to 2024-11-05 00:00:00+00:00, run_after=2024-11-06 00:00:00+00:00
[2024-11-06T00:00:08.255+0000] {processor.py:208} INFO - Processing /home/airflow/.local/lib/python3.12/site-packages/airflow/example_dags/example_bash_operator.py took 0.180 seconds
[2024-11-06T00:00:38.454+0000] {processor.py:186} INFO - Started process (PID=2529) to work on /home/airflow/.local/lib/python3.12/site-packages/airflow/example_dags/example_bash_operator.py
[2024-11-06T00:00:38.456+0000] {processor.py:914} INFO - Processing file /home/airflow/.local/lib/python3.12/site-packages/airflow/example_dags/example_bash_operator.py for tasks to queue
[2024-11-06T00:00:38.460+0000] {logging_mixin.py:190} INFO - [2024-11-06T00:00:38.460+0000] {dagbag.py:588} INFO - Filling up the DagBag from /home/airflow/.local/lib/python3.12/site-packages/airflow/example_dags/example_bash_operator.py
[2024-11-06T00:00:38.483+0000] {processor.py:925} INFO - DAG(s) 'example_bash_operator' retrieved from /home/airflow/.local/lib/python3.12/site-packages/airflow/example_dags/example_bash_operator.py
[2024-11-06T00:00:38.525+0000] {logging_mixin.py:190} INFO - [2024-11-06T00:00:38.525+0000] {dag.py:3239} INFO - Sync 1 DAGs
[2024-11-06T00:00:38.563+0000] {logging_mixin.py:190} INFO - [2024-11-06T00:00:38.563+0000] {dag.py:4180} INFO - Setting next_dagrun for example_bash_operator to 2024-11-05 00:00:00+00:00, run_after=2024-11-06 00:00:00+00:00
[2024-11-06T00:00:38.593+0000] {processor.py:208} INFO - Processing /home/airflow/.local/lib/python3.12/site-packages/airflow/example_dags/example_bash_operator.py took 0.150 seconds
[2024-11-06T00:01:09.650+0000] {processor.py:186} INFO - Started process (PID=2593) to work on /home/airflow/.local/lib/python3.12/site-packages/airflow/example_dags/example_bash_operator.py
[2024-11-06T00:01:09.651+0000] {processor.py:914} INFO - Processing file /home/airflow/.local/lib/python3.12/site-packages/airflow/example_dags/example_bash_operator.py for tasks to queue
[2024-11-06T00:01:09.655+0000] {logging_mixin.py:190} INFO - [2024-11-06T00:01:09.655+0000] {dagbag.py:588} INFO - Filling up the DagBag from /home/airflow/.local/lib/python3.12/site-packages/airflow/example_dags/example_bash_operator.py
[2024-11-06T00:01:09.674+0000] {processor.py:925} INFO - DAG(s) 'example_bash_operator' retrieved from /home/airflow/.local/lib/python3.12/site-packages/airflow/example_dags/example_bash_operator.py
[2024-11-06T00:01:09.720+0000] {logging_mixin.py:190} INFO - [2024-11-06T00:01:09.719+0000] {dag.py:3239} INFO - Sync 1 DAGs
[2024-11-06T00:01:09.765+0000] {logging_mixin.py:190} INFO - [2024-11-06T00:01:09.764+0000] {dag.py:4180} INFO - Setting next_dagrun for example_bash_operator to 2024-11-05 00:00:00+00:00, run_after=2024-11-06 00:00:00+00:00
[2024-11-06T00:01:09.809+0000] {processor.py:208} INFO - Processing /home/airflow/.local/lib/python3.12/site-packages/airflow/example_dags/example_bash_operator.py took 0.170 seconds
[2024-11-06T00:01:41.095+0000] {processor.py:186} INFO - Started process (PID=2657) to work on /home/airflow/.local/lib/python3.12/site-packages/airflow/example_dags/example_bash_operator.py
[2024-11-06T00:01:41.097+0000] {processor.py:914} INFO - Processing file /home/airflow/.local/lib/python3.12/site-packages/airflow/example_dags/example_bash_operator.py for tasks to queue
[2024-11-06T00:01:41.101+0000] {logging_mixin.py:190} INFO - [2024-11-06T00:01:41.101+0000] {dagbag.py:588} INFO - Filling up the DagBag from /home/airflow/.local/lib/python3.12/site-packages/airflow/example_dags/example_bash_operator.py
[2024-11-06T00:01:41.127+0000] {processor.py:925} INFO - DAG(s) 'example_bash_operator' retrieved from /home/airflow/.local/lib/python3.12/site-packages/airflow/example_dags/example_bash_operator.py
[2024-11-06T00:01:41.175+0000] {logging_mixin.py:190} INFO - [2024-11-06T00:01:41.174+0000] {dag.py:3239} INFO - Sync 1 DAGs
[2024-11-06T00:01:41.293+0000] {logging_mixin.py:190} INFO - [2024-11-06T00:01:41.284+0000] {dag.py:4180} INFO - Setting next_dagrun for example_bash_operator to 2024-11-05 00:00:00+00:00, run_after=2024-11-06 00:00:00+00:00
[2024-11-06T00:01:41.390+0000] {processor.py:208} INFO - Processing /home/airflow/.local/lib/python3.12/site-packages/airflow/example_dags/example_bash_operator.py took 0.305 seconds
[2024-11-06T00:02:13.225+0000] {processor.py:186} INFO - Started process (PID=2724) to work on /home/airflow/.local/lib/python3.12/site-packages/airflow/example_dags/example_bash_operator.py
[2024-11-06T00:02:13.228+0000] {processor.py:914} INFO - Processing file /home/airflow/.local/lib/python3.12/site-packages/airflow/example_dags/example_bash_operator.py for tasks to queue
[2024-11-06T00:02:13.235+0000] {logging_mixin.py:190} INFO - [2024-11-06T00:02:13.234+0000] {dagbag.py:588} INFO - Filling up the DagBag from /home/airflow/.local/lib/python3.12/site-packages/airflow/example_dags/example_bash_operator.py
[2024-11-06T00:02:13.273+0000] {processor.py:925} INFO - DAG(s) 'example_bash_operator' retrieved from /home/airflow/.local/lib/python3.12/site-packages/airflow/example_dags/example_bash_operator.py
[2024-11-06T00:02:13.332+0000] {logging_mixin.py:190} INFO - [2024-11-06T00:02:13.331+0000] {dag.py:3239} INFO - Sync 1 DAGs
[2024-11-06T00:02:13.389+0000] {logging_mixin.py:190} INFO - [2024-11-06T00:02:13.389+0000] {dag.py:4180} INFO - Setting next_dagrun for example_bash_operator to 2024-11-05 00:00:00+00:00, run_after=2024-11-06 00:00:00+00:00
[2024-11-06T00:02:13.456+0000] {processor.py:208} INFO - Processing /home/airflow/.local/lib/python3.12/site-packages/airflow/example_dags/example_bash_operator.py took 0.247 seconds
[2024-11-06T00:02:44.447+0000] {processor.py:186} INFO - Started process (PID=2788) to work on /home/airflow/.local/lib/python3.12/site-packages/airflow/example_dags/example_bash_operator.py
[2024-11-06T00:02:44.449+0000] {processor.py:914} INFO - Processing file /home/airflow/.local/lib/python3.12/site-packages/airflow/example_dags/example_bash_operator.py for tasks to queue
[2024-11-06T00:02:44.453+0000] {logging_mixin.py:190} INFO - [2024-11-06T00:02:44.453+0000] {dagbag.py:588} INFO - Filling up the DagBag from /home/airflow/.local/lib/python3.12/site-packages/airflow/example_dags/example_bash_operator.py
[2024-11-06T00:02:44.482+0000] {processor.py:925} INFO - DAG(s) 'example_bash_operator' retrieved from /home/airflow/.local/lib/python3.12/site-packages/airflow/example_dags/example_bash_operator.py
[2024-11-06T00:02:44.536+0000] {logging_mixin.py:190} INFO - [2024-11-06T00:02:44.535+0000] {dag.py:3239} INFO - Sync 1 DAGs
[2024-11-06T00:02:44.583+0000] {logging_mixin.py:190} INFO - [2024-11-06T00:02:44.582+0000] {dag.py:4180} INFO - Setting next_dagrun for example_bash_operator to 2024-11-05 00:00:00+00:00, run_after=2024-11-06 00:00:00+00:00
[2024-11-06T00:02:44.617+0000] {processor.py:208} INFO - Processing /home/airflow/.local/lib/python3.12/site-packages/airflow/example_dags/example_bash_operator.py took 0.181 seconds
[2024-11-06T00:03:16.056+0000] {processor.py:186} INFO - Started process (PID=2852) to work on /home/airflow/.local/lib/python3.12/site-packages/airflow/example_dags/example_bash_operator.py
[2024-11-06T00:03:16.058+0000] {processor.py:914} INFO - Processing file /home/airflow/.local/lib/python3.12/site-packages/airflow/example_dags/example_bash_operator.py for tasks to queue
[2024-11-06T00:03:16.064+0000] {logging_mixin.py:190} INFO - [2024-11-06T00:03:16.063+0000] {dagbag.py:588} INFO - Filling up the DagBag from /home/airflow/.local/lib/python3.12/site-packages/airflow/example_dags/example_bash_operator.py
[2024-11-06T00:03:16.085+0000] {processor.py:925} INFO - DAG(s) 'example_bash_operator' retrieved from /home/airflow/.local/lib/python3.12/site-packages/airflow/example_dags/example_bash_operator.py
[2024-11-06T00:03:16.132+0000] {logging_mixin.py:190} INFO - [2024-11-06T00:03:16.132+0000] {dag.py:3239} INFO - Sync 1 DAGs
[2024-11-06T00:03:16.173+0000] {logging_mixin.py:190} INFO - [2024-11-06T00:03:16.173+0000] {dag.py:4180} INFO - Setting next_dagrun for example_bash_operator to 2024-11-05 00:00:00+00:00, run_after=2024-11-06 00:00:00+00:00
[2024-11-06T00:03:16.228+0000] {processor.py:208} INFO - Processing /home/airflow/.local/lib/python3.12/site-packages/airflow/example_dags/example_bash_operator.py took 0.182 seconds
[2024-11-06T00:03:47.435+0000] {processor.py:186} INFO - Started process (PID=2918) to work on /home/airflow/.local/lib/python3.12/site-packages/airflow/example_dags/example_bash_operator.py
[2024-11-06T00:03:47.437+0000] {processor.py:914} INFO - Processing file /home/airflow/.local/lib/python3.12/site-packages/airflow/example_dags/example_bash_operator.py for tasks to queue
[2024-11-06T00:03:47.443+0000] {logging_mixin.py:190} INFO - [2024-11-06T00:03:47.442+0000] {dagbag.py:588} INFO - Filling up the DagBag from /home/airflow/.local/lib/python3.12/site-packages/airflow/example_dags/example_bash_operator.py
[2024-11-06T00:03:47.471+0000] {processor.py:925} INFO - DAG(s) 'example_bash_operator' retrieved from /home/airflow/.local/lib/python3.12/site-packages/airflow/example_dags/example_bash_operator.py
[2024-11-06T00:03:47.516+0000] {logging_mixin.py:190} INFO - [2024-11-06T00:03:47.516+0000] {dag.py:3239} INFO - Sync 1 DAGs
[2024-11-06T00:03:47.554+0000] {logging_mixin.py:190} INFO - [2024-11-06T00:03:47.553+0000] {dag.py:4180} INFO - Setting next_dagrun for example_bash_operator to 2024-11-05 00:00:00+00:00, run_after=2024-11-06 00:00:00+00:00
[2024-11-06T00:03:47.600+0000] {processor.py:208} INFO - Processing /home/airflow/.local/lib/python3.12/site-packages/airflow/example_dags/example_bash_operator.py took 0.179 seconds
[2024-11-06T00:04:20.037+0000] {processor.py:186} INFO - Started process (PID=2989) to work on /home/airflow/.local/lib/python3.12/site-packages/airflow/example_dags/example_bash_operator.py
[2024-11-06T00:04:20.039+0000] {processor.py:914} INFO - Processing file /home/airflow/.local/lib/python3.12/site-packages/airflow/example_dags/example_bash_operator.py for tasks to queue
[2024-11-06T00:04:20.044+0000] {logging_mixin.py:190} INFO - [2024-11-06T00:04:20.043+0000] {dagbag.py:588} INFO - Filling up the DagBag from /home/airflow/.local/lib/python3.12/site-packages/airflow/example_dags/example_bash_operator.py
[2024-11-06T00:04:20.068+0000] {processor.py:925} INFO - DAG(s) 'example_bash_operator' retrieved from /home/airflow/.local/lib/python3.12/site-packages/airflow/example_dags/example_bash_operator.py
[2024-11-06T00:04:20.112+0000] {logging_mixin.py:190} INFO - [2024-11-06T00:04:20.111+0000] {dag.py:3239} INFO - Sync 1 DAGs
[2024-11-06T00:04:20.154+0000] {logging_mixin.py:190} INFO - [2024-11-06T00:04:20.153+0000] {dag.py:4180} INFO - Setting next_dagrun for example_bash_operator to 2024-11-05 00:00:00+00:00, run_after=2024-11-06 00:00:00+00:00
[2024-11-06T00:04:20.182+0000] {processor.py:208} INFO - Processing /home/airflow/.local/lib/python3.12/site-packages/airflow/example_dags/example_bash_operator.py took 0.155 seconds
[2024-11-06T00:04:51.832+0000] {processor.py:186} INFO - Started process (PID=3054) to work on /home/airflow/.local/lib/python3.12/site-packages/airflow/example_dags/example_bash_operator.py
[2024-11-06T00:04:51.834+0000] {processor.py:914} INFO - Processing file /home/airflow/.local/lib/python3.12/site-packages/airflow/example_dags/example_bash_operator.py for tasks to queue
[2024-11-06T00:04:51.837+0000] {logging_mixin.py:190} INFO - [2024-11-06T00:04:51.837+0000] {dagbag.py:588} INFO - Filling up the DagBag from /home/airflow/.local/lib/python3.12/site-packages/airflow/example_dags/example_bash_operator.py
[2024-11-06T00:04:51.858+0000] {processor.py:925} INFO - DAG(s) 'example_bash_operator' retrieved from /home/airflow/.local/lib/python3.12/site-packages/airflow/example_dags/example_bash_operator.py
[2024-11-06T00:04:51.900+0000] {logging_mixin.py:190} INFO - [2024-11-06T00:04:51.900+0000] {dag.py:3239} INFO - Sync 1 DAGs
[2024-11-06T00:04:51.951+0000] {logging_mixin.py:190} INFO - [2024-11-06T00:04:51.951+0000] {dag.py:4180} INFO - Setting next_dagrun for example_bash_operator to 2024-11-05 00:00:00+00:00, run_after=2024-11-06 00:00:00+00:00
[2024-11-06T00:04:51.995+0000] {processor.py:208} INFO - Processing /home/airflow/.local/lib/python3.12/site-packages/airflow/example_dags/example_bash_operator.py took 0.174 seconds
[2024-11-06T00:05:22.422+0000] {processor.py:186} INFO - Started process (PID=3118) to work on /home/airflow/.local/lib/python3.12/site-packages/airflow/example_dags/example_bash_operator.py
[2024-11-06T00:05:22.424+0000] {processor.py:914} INFO - Processing file /home/airflow/.local/lib/python3.12/site-packages/airflow/example_dags/example_bash_operator.py for tasks to queue
[2024-11-06T00:05:22.429+0000] {logging_mixin.py:190} INFO - [2024-11-06T00:05:22.429+0000] {dagbag.py:588} INFO - Filling up the DagBag from /home/airflow/.local/lib/python3.12/site-packages/airflow/example_dags/example_bash_operator.py
[2024-11-06T00:05:22.448+0000] {processor.py:925} INFO - DAG(s) 'example_bash_operator' retrieved from /home/airflow/.local/lib/python3.12/site-packages/airflow/example_dags/example_bash_operator.py
[2024-11-06T00:05:22.495+0000] {logging_mixin.py:190} INFO - [2024-11-06T00:05:22.494+0000] {dag.py:3239} INFO - Sync 1 DAGs
[2024-11-06T00:05:22.534+0000] {logging_mixin.py:190} INFO - [2024-11-06T00:05:22.533+0000] {dag.py:4180} INFO - Setting next_dagrun for example_bash_operator to 2024-11-05 00:00:00+00:00, run_after=2024-11-06 00:00:00+00:00
[2024-11-06T00:05:22.566+0000] {processor.py:208} INFO - Processing /home/airflow/.local/lib/python3.12/site-packages/airflow/example_dags/example_bash_operator.py took 0.155 seconds
[2024-11-06T00:05:54.574+0000] {processor.py:186} INFO - Started process (PID=3183) to work on /home/airflow/.local/lib/python3.12/site-packages/airflow/example_dags/example_bash_operator.py
[2024-11-06T00:05:54.575+0000] {processor.py:914} INFO - Processing file /home/airflow/.local/lib/python3.12/site-packages/airflow/example_dags/example_bash_operator.py for tasks to queue
[2024-11-06T00:05:54.580+0000] {logging_mixin.py:190} INFO - [2024-11-06T00:05:54.579+0000] {dagbag.py:588} INFO - Filling up the DagBag from /home/airflow/.local/lib/python3.12/site-packages/airflow/example_dags/example_bash_operator.py
[2024-11-06T00:05:54.605+0000] {processor.py:925} INFO - DAG(s) 'example_bash_operator' retrieved from /home/airflow/.local/lib/python3.12/site-packages/airflow/example_dags/example_bash_operator.py
[2024-11-06T00:05:54.649+0000] {logging_mixin.py:190} INFO - [2024-11-06T00:05:54.648+0000] {dag.py:3239} INFO - Sync 1 DAGs
[2024-11-06T00:05:54.689+0000] {logging_mixin.py:190} INFO - [2024-11-06T00:05:54.688+0000] {dag.py:4180} INFO - Setting next_dagrun for example_bash_operator to 2024-11-05 00:00:00+00:00, run_after=2024-11-06 00:00:00+00:00
[2024-11-06T00:05:54.722+0000] {processor.py:208} INFO - Processing /home/airflow/.local/lib/python3.12/site-packages/airflow/example_dags/example_bash_operator.py took 0.159 seconds
[2024-11-06T00:06:25.993+0000] {processor.py:186} INFO - Started process (PID=3247) to work on /home/airflow/.local/lib/python3.12/site-packages/airflow/example_dags/example_bash_operator.py
[2024-11-06T00:06:25.996+0000] {processor.py:914} INFO - Processing file /home/airflow/.local/lib/python3.12/site-packages/airflow/example_dags/example_bash_operator.py for tasks to queue
[2024-11-06T00:06:26.004+0000] {logging_mixin.py:190} INFO - [2024-11-06T00:06:26.003+0000] {dagbag.py:588} INFO - Filling up the DagBag from /home/airflow/.local/lib/python3.12/site-packages/airflow/example_dags/example_bash_operator.py
[2024-11-06T00:06:26.040+0000] {processor.py:925} INFO - DAG(s) 'example_bash_operator' retrieved from /home/airflow/.local/lib/python3.12/site-packages/airflow/example_dags/example_bash_operator.py
[2024-11-06T00:06:26.140+0000] {logging_mixin.py:190} INFO - [2024-11-06T00:06:26.139+0000] {dag.py:3239} INFO - Sync 1 DAGs
[2024-11-06T00:06:26.193+0000] {logging_mixin.py:190} INFO - [2024-11-06T00:06:26.192+0000] {dag.py:4180} INFO - Setting next_dagrun for example_bash_operator to 2024-11-05 00:00:00+00:00, run_after=2024-11-06 00:00:00+00:00
[2024-11-06T00:06:26.270+0000] {processor.py:208} INFO - Processing /home/airflow/.local/lib/python3.12/site-packages/airflow/example_dags/example_bash_operator.py took 0.293 seconds
[2024-11-06T00:06:57.225+0000] {processor.py:186} INFO - Started process (PID=3311) to work on /home/airflow/.local/lib/python3.12/site-packages/airflow/example_dags/example_bash_operator.py
[2024-11-06T00:06:57.227+0000] {processor.py:914} INFO - Processing file /home/airflow/.local/lib/python3.12/site-packages/airflow/example_dags/example_bash_operator.py for tasks to queue
[2024-11-06T00:06:57.232+0000] {logging_mixin.py:190} INFO - [2024-11-06T00:06:57.232+0000] {dagbag.py:588} INFO - Filling up the DagBag from /home/airflow/.local/lib/python3.12/site-packages/airflow/example_dags/example_bash_operator.py
[2024-11-06T00:06:57.256+0000] {processor.py:925} INFO - DAG(s) 'example_bash_operator' retrieved from /home/airflow/.local/lib/python3.12/site-packages/airflow/example_dags/example_bash_operator.py
[2024-11-06T00:06:57.307+0000] {logging_mixin.py:190} INFO - [2024-11-06T00:06:57.307+0000] {dag.py:3239} INFO - Sync 1 DAGs
[2024-11-06T00:06:57.349+0000] {logging_mixin.py:190} INFO - [2024-11-06T00:06:57.349+0000] {dag.py:4180} INFO - Setting next_dagrun for example_bash_operator to 2024-11-05 00:00:00+00:00, run_after=2024-11-06 00:00:00+00:00
[2024-11-06T00:06:57.384+0000] {processor.py:208} INFO - Processing /home/airflow/.local/lib/python3.12/site-packages/airflow/example_dags/example_bash_operator.py took 0.168 seconds
[2024-11-06T00:07:28.005+0000] {processor.py:186} INFO - Started process (PID=3375) to work on /home/airflow/.local/lib/python3.12/site-packages/airflow/example_dags/example_bash_operator.py
[2024-11-06T00:07:28.007+0000] {processor.py:914} INFO - Processing file /home/airflow/.local/lib/python3.12/site-packages/airflow/example_dags/example_bash_operator.py for tasks to queue
[2024-11-06T00:07:28.010+0000] {logging_mixin.py:190} INFO - [2024-11-06T00:07:28.010+0000] {dagbag.py:588} INFO - Filling up the DagBag from /home/airflow/.local/lib/python3.12/site-packages/airflow/example_dags/example_bash_operator.py
[2024-11-06T00:07:28.043+0000] {processor.py:925} INFO - DAG(s) 'example_bash_operator' retrieved from /home/airflow/.local/lib/python3.12/site-packages/airflow/example_dags/example_bash_operator.py
[2024-11-06T00:07:28.085+0000] {logging_mixin.py:190} INFO - [2024-11-06T00:07:28.084+0000] {dag.py:3239} INFO - Sync 1 DAGs
[2024-11-06T00:07:28.121+0000] {logging_mixin.py:190} INFO - [2024-11-06T00:07:28.121+0000] {dag.py:4180} INFO - Setting next_dagrun for example_bash_operator to 2024-11-05 00:00:00+00:00, run_after=2024-11-06 00:00:00+00:00
[2024-11-06T00:07:28.160+0000] {processor.py:208} INFO - Processing /home/airflow/.local/lib/python3.12/site-packages/airflow/example_dags/example_bash_operator.py took 0.165 seconds
[2024-11-06T00:07:58.365+0000] {processor.py:186} INFO - Started process (PID=3439) to work on /home/airflow/.local/lib/python3.12/site-packages/airflow/example_dags/example_bash_operator.py
[2024-11-06T00:07:58.367+0000] {processor.py:914} INFO - Processing file /home/airflow/.local/lib/python3.12/site-packages/airflow/example_dags/example_bash_operator.py for tasks to queue
[2024-11-06T00:07:58.372+0000] {logging_mixin.py:190} INFO - [2024-11-06T00:07:58.371+0000] {dagbag.py:588} INFO - Filling up the DagBag from /home/airflow/.local/lib/python3.12/site-packages/airflow/example_dags/example_bash_operator.py
[2024-11-06T00:07:58.393+0000] {processor.py:925} INFO - DAG(s) 'example_bash_operator' retrieved from /home/airflow/.local/lib/python3.12/site-packages/airflow/example_dags/example_bash_operator.py
[2024-11-06T00:07:58.438+0000] {logging_mixin.py:190} INFO - [2024-11-06T00:07:58.437+0000] {dag.py:3239} INFO - Sync 1 DAGs
[2024-11-06T00:07:58.504+0000] {logging_mixin.py:190} INFO - [2024-11-06T00:07:58.503+0000] {dag.py:4180} INFO - Setting next_dagrun for example_bash_operator to 2024-11-05 00:00:00+00:00, run_after=2024-11-06 00:00:00+00:00
[2024-11-06T00:07:58.855+0000] {processor.py:208} INFO - Processing /home/airflow/.local/lib/python3.12/site-packages/airflow/example_dags/example_bash_operator.py took 0.502 seconds
[2024-11-06T00:08:29.563+0000] {processor.py:186} INFO - Started process (PID=3504) to work on /home/airflow/.local/lib/python3.12/site-packages/airflow/example_dags/example_bash_operator.py
[2024-11-06T00:08:29.565+0000] {processor.py:914} INFO - Processing file /home/airflow/.local/lib/python3.12/site-packages/airflow/example_dags/example_bash_operator.py for tasks to queue
[2024-11-06T00:08:29.568+0000] {logging_mixin.py:190} INFO - [2024-11-06T00:08:29.568+0000] {dagbag.py:588} INFO - Filling up the DagBag from /home/airflow/.local/lib/python3.12/site-packages/airflow/example_dags/example_bash_operator.py
[2024-11-06T00:08:29.592+0000] {processor.py:925} INFO - DAG(s) 'example_bash_operator' retrieved from /home/airflow/.local/lib/python3.12/site-packages/airflow/example_dags/example_bash_operator.py
[2024-11-06T00:08:29.633+0000] {logging_mixin.py:190} INFO - [2024-11-06T00:08:29.632+0000] {dag.py:3239} INFO - Sync 1 DAGs
[2024-11-06T00:08:29.681+0000] {logging_mixin.py:190} INFO - [2024-11-06T00:08:29.680+0000] {dag.py:4180} INFO - Setting next_dagrun for example_bash_operator to 2024-11-05 00:00:00+00:00, run_after=2024-11-06 00:00:00+00:00
[2024-11-06T00:08:29.731+0000] {processor.py:208} INFO - Processing /home/airflow/.local/lib/python3.12/site-packages/airflow/example_dags/example_bash_operator.py took 0.178 seconds
[2024-11-06T00:09:00.479+0000] {processor.py:186} INFO - Started process (PID=3568) to work on /home/airflow/.local/lib/python3.12/site-packages/airflow/example_dags/example_bash_operator.py
[2024-11-06T00:09:00.481+0000] {processor.py:914} INFO - Processing file /home/airflow/.local/lib/python3.12/site-packages/airflow/example_dags/example_bash_operator.py for tasks to queue
[2024-11-06T00:09:00.485+0000] {logging_mixin.py:190} INFO - [2024-11-06T00:09:00.484+0000] {dagbag.py:588} INFO - Filling up the DagBag from /home/airflow/.local/lib/python3.12/site-packages/airflow/example_dags/example_bash_operator.py
[2024-11-06T00:09:00.505+0000] {processor.py:925} INFO - DAG(s) 'example_bash_operator' retrieved from /home/airflow/.local/lib/python3.12/site-packages/airflow/example_dags/example_bash_operator.py
[2024-11-06T00:09:00.552+0000] {logging_mixin.py:190} INFO - [2024-11-06T00:09:00.552+0000] {dag.py:3239} INFO - Sync 1 DAGs
[2024-11-06T00:09:00.596+0000] {logging_mixin.py:190} INFO - [2024-11-06T00:09:00.595+0000] {dag.py:4180} INFO - Setting next_dagrun for example_bash_operator to 2024-11-05 00:00:00+00:00, run_after=2024-11-06 00:00:00+00:00
[2024-11-06T00:09:00.624+0000] {processor.py:208} INFO - Processing /home/airflow/.local/lib/python3.12/site-packages/airflow/example_dags/example_bash_operator.py took 0.157 seconds
[2024-11-06T00:09:32.524+0000] {processor.py:186} INFO - Started process (PID=3632) to work on /home/airflow/.local/lib/python3.12/site-packages/airflow/example_dags/example_bash_operator.py
[2024-11-06T00:09:32.526+0000] {processor.py:914} INFO - Processing file /home/airflow/.local/lib/python3.12/site-packages/airflow/example_dags/example_bash_operator.py for tasks to queue
[2024-11-06T00:09:32.531+0000] {logging_mixin.py:190} INFO - [2024-11-06T00:09:32.530+0000] {dagbag.py:588} INFO - Filling up the DagBag from /home/airflow/.local/lib/python3.12/site-packages/airflow/example_dags/example_bash_operator.py
[2024-11-06T00:09:32.552+0000] {processor.py:925} INFO - DAG(s) 'example_bash_operator' retrieved from /home/airflow/.local/lib/python3.12/site-packages/airflow/example_dags/example_bash_operator.py
[2024-11-06T00:09:32.602+0000] {logging_mixin.py:190} INFO - [2024-11-06T00:09:32.602+0000] {dag.py:3239} INFO - Sync 1 DAGs
[2024-11-06T00:09:32.644+0000] {logging_mixin.py:190} INFO - [2024-11-06T00:09:32.644+0000] {dag.py:4180} INFO - Setting next_dagrun for example_bash_operator to 2024-11-05 00:00:00+00:00, run_after=2024-11-06 00:00:00+00:00
[2024-11-06T00:09:32.676+0000] {processor.py:208} INFO - Processing /home/airflow/.local/lib/python3.12/site-packages/airflow/example_dags/example_bash_operator.py took 0.166 seconds
[2024-11-06T00:10:04.236+0000] {processor.py:186} INFO - Started process (PID=3696) to work on /home/airflow/.local/lib/python3.12/site-packages/airflow/example_dags/example_bash_operator.py
[2024-11-06T00:10:04.238+0000] {processor.py:914} INFO - Processing file /home/airflow/.local/lib/python3.12/site-packages/airflow/example_dags/example_bash_operator.py for tasks to queue
[2024-11-06T00:10:04.244+0000] {logging_mixin.py:190} INFO - [2024-11-06T00:10:04.243+0000] {dagbag.py:588} INFO - Filling up the DagBag from /home/airflow/.local/lib/python3.12/site-packages/airflow/example_dags/example_bash_operator.py
[2024-11-06T00:10:04.268+0000] {processor.py:925} INFO - DAG(s) 'example_bash_operator' retrieved from /home/airflow/.local/lib/python3.12/site-packages/airflow/example_dags/example_bash_operator.py
[2024-11-06T00:10:04.310+0000] {logging_mixin.py:190} INFO - [2024-11-06T00:10:04.309+0000] {dag.py:3239} INFO - Sync 1 DAGs
[2024-11-06T00:10:04.606+0000] {logging_mixin.py:190} INFO - [2024-11-06T00:10:04.606+0000] {dag.py:4180} INFO - Setting next_dagrun for example_bash_operator to 2024-11-05 00:00:00+00:00, run_after=2024-11-06 00:00:00+00:00
[2024-11-06T00:10:04.632+0000] {processor.py:208} INFO - Processing /home/airflow/.local/lib/python3.12/site-packages/airflow/example_dags/example_bash_operator.py took 0.407 seconds
[2024-11-06T00:10:35.805+0000] {processor.py:186} INFO - Started process (PID=3763) to work on /home/airflow/.local/lib/python3.12/site-packages/airflow/example_dags/example_bash_operator.py
[2024-11-06T00:10:35.806+0000] {processor.py:914} INFO - Processing file /home/airflow/.local/lib/python3.12/site-packages/airflow/example_dags/example_bash_operator.py for tasks to queue
[2024-11-06T00:10:35.810+0000] {logging_mixin.py:190} INFO - [2024-11-06T00:10:35.810+0000] {dagbag.py:588} INFO - Filling up the DagBag from /home/airflow/.local/lib/python3.12/site-packages/airflow/example_dags/example_bash_operator.py
[2024-11-06T00:10:35.836+0000] {processor.py:925} INFO - DAG(s) 'example_bash_operator' retrieved from /home/airflow/.local/lib/python3.12/site-packages/airflow/example_dags/example_bash_operator.py
[2024-11-06T00:10:35.906+0000] {logging_mixin.py:190} INFO - [2024-11-06T00:10:35.906+0000] {dag.py:3239} INFO - Sync 1 DAGs
[2024-11-06T00:10:36.294+0000] {logging_mixin.py:190} INFO - [2024-11-06T00:10:36.293+0000] {dag.py:4180} INFO - Setting next_dagrun for example_bash_operator to 2024-11-05 00:00:00+00:00, run_after=2024-11-06 00:00:00+00:00
[2024-11-06T00:10:36.321+0000] {processor.py:208} INFO - Processing /home/airflow/.local/lib/python3.12/site-packages/airflow/example_dags/example_bash_operator.py took 0.525 seconds
[2024-11-06T00:11:07.043+0000] {processor.py:186} INFO - Started process (PID=3827) to work on /home/airflow/.local/lib/python3.12/site-packages/airflow/example_dags/example_bash_operator.py
[2024-11-06T00:11:07.046+0000] {processor.py:914} INFO - Processing file /home/airflow/.local/lib/python3.12/site-packages/airflow/example_dags/example_bash_operator.py for tasks to queue
[2024-11-06T00:11:07.055+0000] {logging_mixin.py:190} INFO - [2024-11-06T00:11:07.054+0000] {dagbag.py:588} INFO - Filling up the DagBag from /home/airflow/.local/lib/python3.12/site-packages/airflow/example_dags/example_bash_operator.py
[2024-11-06T00:11:07.088+0000] {processor.py:925} INFO - DAG(s) 'example_bash_operator' retrieved from /home/airflow/.local/lib/python3.12/site-packages/airflow/example_dags/example_bash_operator.py
[2024-11-06T00:11:07.144+0000] {logging_mixin.py:190} INFO - [2024-11-06T00:11:07.144+0000] {dag.py:3239} INFO - Sync 1 DAGs
[2024-11-06T00:11:07.204+0000] {logging_mixin.py:190} INFO - [2024-11-06T00:11:07.204+0000] {dag.py:4180} INFO - Setting next_dagrun for example_bash_operator to 2024-11-05 00:00:00+00:00, run_after=2024-11-06 00:00:00+00:00
[2024-11-06T00:11:07.240+0000] {processor.py:208} INFO - Processing /home/airflow/.local/lib/python3.12/site-packages/airflow/example_dags/example_bash_operator.py took 0.221 seconds
[2024-11-06T00:11:37.631+0000] {processor.py:186} INFO - Started process (PID=3891) to work on /home/airflow/.local/lib/python3.12/site-packages/airflow/example_dags/example_bash_operator.py
[2024-11-06T00:11:37.634+0000] {processor.py:914} INFO - Processing file /home/airflow/.local/lib/python3.12/site-packages/airflow/example_dags/example_bash_operator.py for tasks to queue
[2024-11-06T00:11:37.639+0000] {logging_mixin.py:190} INFO - [2024-11-06T00:11:37.638+0000] {dagbag.py:588} INFO - Filling up the DagBag from /home/airflow/.local/lib/python3.12/site-packages/airflow/example_dags/example_bash_operator.py
[2024-11-06T00:11:37.659+0000] {processor.py:925} INFO - DAG(s) 'example_bash_operator' retrieved from /home/airflow/.local/lib/python3.12/site-packages/airflow/example_dags/example_bash_operator.py
[2024-11-06T00:11:37.705+0000] {logging_mixin.py:190} INFO - [2024-11-06T00:11:37.705+0000] {dag.py:3239} INFO - Sync 1 DAGs
[2024-11-06T00:11:37.748+0000] {logging_mixin.py:190} INFO - [2024-11-06T00:11:37.748+0000] {dag.py:4180} INFO - Setting next_dagrun for example_bash_operator to 2024-11-05 00:00:00+00:00, run_after=2024-11-06 00:00:00+00:00
[2024-11-06T00:11:37.797+0000] {processor.py:208} INFO - Processing /home/airflow/.local/lib/python3.12/site-packages/airflow/example_dags/example_bash_operator.py took 0.177 seconds
[2024-11-06T00:12:08.403+0000] {processor.py:186} INFO - Started process (PID=3955) to work on /home/airflow/.local/lib/python3.12/site-packages/airflow/example_dags/example_bash_operator.py
[2024-11-06T00:12:08.404+0000] {processor.py:914} INFO - Processing file /home/airflow/.local/lib/python3.12/site-packages/airflow/example_dags/example_bash_operator.py for tasks to queue
[2024-11-06T00:12:08.417+0000] {logging_mixin.py:190} INFO - [2024-11-06T00:12:08.416+0000] {dagbag.py:588} INFO - Filling up the DagBag from /home/airflow/.local/lib/python3.12/site-packages/airflow/example_dags/example_bash_operator.py
[2024-11-06T00:12:08.458+0000] {processor.py:925} INFO - DAG(s) 'example_bash_operator' retrieved from /home/airflow/.local/lib/python3.12/site-packages/airflow/example_dags/example_bash_operator.py
[2024-11-06T00:12:08.520+0000] {logging_mixin.py:190} INFO - [2024-11-06T00:12:08.519+0000] {dag.py:3239} INFO - Sync 1 DAGs
[2024-11-06T00:12:08.568+0000] {logging_mixin.py:190} INFO - [2024-11-06T00:12:08.568+0000] {dag.py:4180} INFO - Setting next_dagrun for example_bash_operator to 2024-11-05 00:00:00+00:00, run_after=2024-11-06 00:00:00+00:00
[2024-11-06T00:12:08.604+0000] {processor.py:208} INFO - Processing /home/airflow/.local/lib/python3.12/site-packages/airflow/example_dags/example_bash_operator.py took 0.214 seconds
[2024-11-06T00:12:38.781+0000] {processor.py:186} INFO - Started process (PID=4018) to work on /home/airflow/.local/lib/python3.12/site-packages/airflow/example_dags/example_bash_operator.py
[2024-11-06T00:12:38.782+0000] {processor.py:914} INFO - Processing file /home/airflow/.local/lib/python3.12/site-packages/airflow/example_dags/example_bash_operator.py for tasks to queue
[2024-11-06T00:12:38.788+0000] {logging_mixin.py:190} INFO - [2024-11-06T00:12:38.788+0000] {dagbag.py:588} INFO - Filling up the DagBag from /home/airflow/.local/lib/python3.12/site-packages/airflow/example_dags/example_bash_operator.py
[2024-11-06T00:12:38.812+0000] {processor.py:925} INFO - DAG(s) 'example_bash_operator' retrieved from /home/airflow/.local/lib/python3.12/site-packages/airflow/example_dags/example_bash_operator.py
[2024-11-06T00:12:38.855+0000] {logging_mixin.py:190} INFO - [2024-11-06T00:12:38.855+0000] {dag.py:3239} INFO - Sync 1 DAGs
[2024-11-06T00:12:38.906+0000] {logging_mixin.py:190} INFO - [2024-11-06T00:12:38.906+0000] {dag.py:4180} INFO - Setting next_dagrun for example_bash_operator to 2024-11-05 00:00:00+00:00, run_after=2024-11-06 00:00:00+00:00
[2024-11-06T00:12:38.953+0000] {processor.py:208} INFO - Processing /home/airflow/.local/lib/python3.12/site-packages/airflow/example_dags/example_bash_operator.py took 0.181 seconds
[2024-11-06T00:13:09.114+0000] {processor.py:186} INFO - Started process (PID=4082) to work on /home/airflow/.local/lib/python3.12/site-packages/airflow/example_dags/example_bash_operator.py
[2024-11-06T00:13:09.116+0000] {processor.py:914} INFO - Processing file /home/airflow/.local/lib/python3.12/site-packages/airflow/example_dags/example_bash_operator.py for tasks to queue
[2024-11-06T00:13:09.123+0000] {logging_mixin.py:190} INFO - [2024-11-06T00:13:09.122+0000] {dagbag.py:588} INFO - Filling up the DagBag from /home/airflow/.local/lib/python3.12/site-packages/airflow/example_dags/example_bash_operator.py
[2024-11-06T00:13:09.147+0000] {processor.py:925} INFO - DAG(s) 'example_bash_operator' retrieved from /home/airflow/.local/lib/python3.12/site-packages/airflow/example_dags/example_bash_operator.py
[2024-11-06T00:13:09.196+0000] {logging_mixin.py:190} INFO - [2024-11-06T00:13:09.195+0000] {dag.py:3239} INFO - Sync 1 DAGs
[2024-11-06T00:13:09.236+0000] {logging_mixin.py:190} INFO - [2024-11-06T00:13:09.235+0000] {dag.py:4180} INFO - Setting next_dagrun for example_bash_operator to 2024-11-05 00:00:00+00:00, run_after=2024-11-06 00:00:00+00:00
[2024-11-06T00:13:09.272+0000] {processor.py:208} INFO - Processing /home/airflow/.local/lib/python3.12/site-packages/airflow/example_dags/example_bash_operator.py took 0.175 seconds
[2024-11-06T00:13:40.299+0000] {processor.py:186} INFO - Started process (PID=4148) to work on /home/airflow/.local/lib/python3.12/site-packages/airflow/example_dags/example_bash_operator.py
[2024-11-06T00:13:40.301+0000] {processor.py:914} INFO - Processing file /home/airflow/.local/lib/python3.12/site-packages/airflow/example_dags/example_bash_operator.py for tasks to queue
[2024-11-06T00:13:40.306+0000] {logging_mixin.py:190} INFO - [2024-11-06T00:13:40.305+0000] {dagbag.py:588} INFO - Filling up the DagBag from /home/airflow/.local/lib/python3.12/site-packages/airflow/example_dags/example_bash_operator.py
[2024-11-06T00:13:40.327+0000] {processor.py:925} INFO - DAG(s) 'example_bash_operator' retrieved from /home/airflow/.local/lib/python3.12/site-packages/airflow/example_dags/example_bash_operator.py
[2024-11-06T00:13:40.369+0000] {logging_mixin.py:190} INFO - [2024-11-06T00:13:40.368+0000] {dag.py:3239} INFO - Sync 1 DAGs
[2024-11-06T00:13:40.417+0000] {logging_mixin.py:190} INFO - [2024-11-06T00:13:40.416+0000] {dag.py:4180} INFO - Setting next_dagrun for example_bash_operator to 2024-11-05 00:00:00+00:00, run_after=2024-11-06 00:00:00+00:00
[2024-11-06T00:13:40.487+0000] {processor.py:208} INFO - Processing /home/airflow/.local/lib/python3.12/site-packages/airflow/example_dags/example_bash_operator.py took 0.197 seconds
[2024-11-06T00:14:11.329+0000] {processor.py:186} INFO - Started process (PID=4212) to work on /home/airflow/.local/lib/python3.12/site-packages/airflow/example_dags/example_bash_operator.py
[2024-11-06T00:14:11.331+0000] {processor.py:914} INFO - Processing file /home/airflow/.local/lib/python3.12/site-packages/airflow/example_dags/example_bash_operator.py for tasks to queue
[2024-11-06T00:14:11.335+0000] {logging_mixin.py:190} INFO - [2024-11-06T00:14:11.335+0000] {dagbag.py:588} INFO - Filling up the DagBag from /home/airflow/.local/lib/python3.12/site-packages/airflow/example_dags/example_bash_operator.py
[2024-11-06T00:14:11.359+0000] {processor.py:925} INFO - DAG(s) 'example_bash_operator' retrieved from /home/airflow/.local/lib/python3.12/site-packages/airflow/example_dags/example_bash_operator.py
[2024-11-06T00:14:11.406+0000] {logging_mixin.py:190} INFO - [2024-11-06T00:14:11.406+0000] {dag.py:3239} INFO - Sync 1 DAGs
[2024-11-06T00:14:11.455+0000] {logging_mixin.py:190} INFO - [2024-11-06T00:14:11.454+0000] {dag.py:4180} INFO - Setting next_dagrun for example_bash_operator to 2024-11-05 00:00:00+00:00, run_after=2024-11-06 00:00:00+00:00
[2024-11-06T00:14:11.483+0000] {processor.py:208} INFO - Processing /home/airflow/.local/lib/python3.12/site-packages/airflow/example_dags/example_bash_operator.py took 0.163 seconds
[2024-11-06T00:14:42.194+0000] {processor.py:186} INFO - Started process (PID=4276) to work on /home/airflow/.local/lib/python3.12/site-packages/airflow/example_dags/example_bash_operator.py
[2024-11-06T00:14:42.196+0000] {processor.py:914} INFO - Processing file /home/airflow/.local/lib/python3.12/site-packages/airflow/example_dags/example_bash_operator.py for tasks to queue
[2024-11-06T00:14:42.201+0000] {logging_mixin.py:190} INFO - [2024-11-06T00:14:42.200+0000] {dagbag.py:588} INFO - Filling up the DagBag from /home/airflow/.local/lib/python3.12/site-packages/airflow/example_dags/example_bash_operator.py
[2024-11-06T00:14:42.232+0000] {processor.py:925} INFO - DAG(s) 'example_bash_operator' retrieved from /home/airflow/.local/lib/python3.12/site-packages/airflow/example_dags/example_bash_operator.py
[2024-11-06T00:14:42.285+0000] {logging_mixin.py:190} INFO - [2024-11-06T00:14:42.283+0000] {dag.py:3239} INFO - Sync 1 DAGs
[2024-11-06T00:14:42.336+0000] {logging_mixin.py:190} INFO - [2024-11-06T00:14:42.336+0000] {dag.py:4180} INFO - Setting next_dagrun for example_bash_operator to 2024-11-05 00:00:00+00:00, run_after=2024-11-06 00:00:00+00:00
[2024-11-06T00:14:42.372+0000] {processor.py:208} INFO - Processing /home/airflow/.local/lib/python3.12/site-packages/airflow/example_dags/example_bash_operator.py took 0.191 seconds
[2024-11-06T00:15:12.741+0000] {processor.py:186} INFO - Started process (PID=4340) to work on /home/airflow/.local/lib/python3.12/site-packages/airflow/example_dags/example_bash_operator.py
[2024-11-06T00:15:12.742+0000] {processor.py:914} INFO - Processing file /home/airflow/.local/lib/python3.12/site-packages/airflow/example_dags/example_bash_operator.py for tasks to queue
[2024-11-06T00:15:12.746+0000] {logging_mixin.py:190} INFO - [2024-11-06T00:15:12.746+0000] {dagbag.py:588} INFO - Filling up the DagBag from /home/airflow/.local/lib/python3.12/site-packages/airflow/example_dags/example_bash_operator.py
[2024-11-06T00:15:12.765+0000] {processor.py:925} INFO - DAG(s) 'example_bash_operator' retrieved from /home/airflow/.local/lib/python3.12/site-packages/airflow/example_dags/example_bash_operator.py
[2024-11-06T00:15:12.806+0000] {logging_mixin.py:190} INFO - [2024-11-06T00:15:12.805+0000] {dag.py:3239} INFO - Sync 1 DAGs
[2024-11-06T00:15:12.846+0000] {logging_mixin.py:190} INFO - [2024-11-06T00:15:12.846+0000] {dag.py:4180} INFO - Setting next_dagrun for example_bash_operator to 2024-11-05 00:00:00+00:00, run_after=2024-11-06 00:00:00+00:00
[2024-11-06T00:15:12.877+0000] {processor.py:208} INFO - Processing /home/airflow/.local/lib/python3.12/site-packages/airflow/example_dags/example_bash_operator.py took 0.145 seconds
[2024-11-06T00:15:43.259+0000] {processor.py:186} INFO - Started process (PID=4404) to work on /home/airflow/.local/lib/python3.12/site-packages/airflow/example_dags/example_bash_operator.py
[2024-11-06T00:15:43.261+0000] {processor.py:914} INFO - Processing file /home/airflow/.local/lib/python3.12/site-packages/airflow/example_dags/example_bash_operator.py for tasks to queue
[2024-11-06T00:15:43.265+0000] {logging_mixin.py:190} INFO - [2024-11-06T00:15:43.264+0000] {dagbag.py:588} INFO - Filling up the DagBag from /home/airflow/.local/lib/python3.12/site-packages/airflow/example_dags/example_bash_operator.py
[2024-11-06T00:15:43.287+0000] {processor.py:925} INFO - DAG(s) 'example_bash_operator' retrieved from /home/airflow/.local/lib/python3.12/site-packages/airflow/example_dags/example_bash_operator.py
[2024-11-06T00:15:43.332+0000] {logging_mixin.py:190} INFO - [2024-11-06T00:15:43.332+0000] {dag.py:3239} INFO - Sync 1 DAGs
[2024-11-06T00:15:43.366+0000] {logging_mixin.py:190} INFO - [2024-11-06T00:15:43.366+0000] {dag.py:4180} INFO - Setting next_dagrun for example_bash_operator to 2024-11-05 00:00:00+00:00, run_after=2024-11-06 00:00:00+00:00
[2024-11-06T00:15:43.400+0000] {processor.py:208} INFO - Processing /home/airflow/.local/lib/python3.12/site-packages/airflow/example_dags/example_bash_operator.py took 0.152 seconds
[2024-11-06T00:16:13.812+0000] {processor.py:186} INFO - Started process (PID=4468) to work on /home/airflow/.local/lib/python3.12/site-packages/airflow/example_dags/example_bash_operator.py
[2024-11-06T00:16:13.814+0000] {processor.py:914} INFO - Processing file /home/airflow/.local/lib/python3.12/site-packages/airflow/example_dags/example_bash_operator.py for tasks to queue
[2024-11-06T00:16:13.819+0000] {logging_mixin.py:190} INFO - [2024-11-06T00:16:13.819+0000] {dagbag.py:588} INFO - Filling up the DagBag from /home/airflow/.local/lib/python3.12/site-packages/airflow/example_dags/example_bash_operator.py
[2024-11-06T00:16:13.846+0000] {processor.py:925} INFO - DAG(s) 'example_bash_operator' retrieved from /home/airflow/.local/lib/python3.12/site-packages/airflow/example_dags/example_bash_operator.py
[2024-11-06T00:16:13.894+0000] {logging_mixin.py:190} INFO - [2024-11-06T00:16:13.894+0000] {dag.py:3239} INFO - Sync 1 DAGs
[2024-11-06T00:16:13.937+0000] {logging_mixin.py:190} INFO - [2024-11-06T00:16:13.936+0000] {dag.py:4180} INFO - Setting next_dagrun for example_bash_operator to 2024-11-05 00:00:00+00:00, run_after=2024-11-06 00:00:00+00:00
[2024-11-06T00:16:13.967+0000] {processor.py:208} INFO - Processing /home/airflow/.local/lib/python3.12/site-packages/airflow/example_dags/example_bash_operator.py took 0.170 seconds
[2024-11-06T00:18:31.389+0000] {processor.py:186} INFO - Started process (PID=82) to work on /home/airflow/.local/lib/python3.12/site-packages/airflow/example_dags/example_bash_operator.py
[2024-11-06T00:18:31.391+0000] {processor.py:914} INFO - Processing file /home/airflow/.local/lib/python3.12/site-packages/airflow/example_dags/example_bash_operator.py for tasks to queue
[2024-11-06T00:18:31.396+0000] {logging_mixin.py:190} INFO - [2024-11-06T00:18:31.395+0000] {dagbag.py:588} INFO - Filling up the DagBag from /home/airflow/.local/lib/python3.12/site-packages/airflow/example_dags/example_bash_operator.py
[2024-11-06T00:18:31.418+0000] {processor.py:925} INFO - DAG(s) 'example_bash_operator' retrieved from /home/airflow/.local/lib/python3.12/site-packages/airflow/example_dags/example_bash_operator.py
[2024-11-06T00:18:31.487+0000] {logging_mixin.py:190} INFO - [2024-11-06T00:18:31.486+0000] {dag.py:3239} INFO - Sync 1 DAGs
[2024-11-06T00:18:31.537+0000] {logging_mixin.py:190} INFO - [2024-11-06T00:18:31.537+0000] {dag.py:4180} INFO - Setting next_dagrun for example_bash_operator to 2024-11-05 00:00:00+00:00, run_after=2024-11-06 00:00:00+00:00
[2024-11-06T00:18:31.580+0000] {processor.py:208} INFO - Processing /home/airflow/.local/lib/python3.12/site-packages/airflow/example_dags/example_bash_operator.py took 0.203 seconds
[2024-11-06T00:19:03.288+0000] {processor.py:186} INFO - Started process (PID=152) to work on /home/airflow/.local/lib/python3.12/site-packages/airflow/example_dags/example_bash_operator.py
[2024-11-06T00:19:03.291+0000] {processor.py:914} INFO - Processing file /home/airflow/.local/lib/python3.12/site-packages/airflow/example_dags/example_bash_operator.py for tasks to queue
[2024-11-06T00:19:03.297+0000] {logging_mixin.py:190} INFO - [2024-11-06T00:19:03.296+0000] {dagbag.py:588} INFO - Filling up the DagBag from /home/airflow/.local/lib/python3.12/site-packages/airflow/example_dags/example_bash_operator.py
[2024-11-06T00:19:03.334+0000] {processor.py:925} INFO - DAG(s) 'example_bash_operator' retrieved from /home/airflow/.local/lib/python3.12/site-packages/airflow/example_dags/example_bash_operator.py
[2024-11-06T00:19:03.385+0000] {logging_mixin.py:190} INFO - [2024-11-06T00:19:03.384+0000] {dag.py:3239} INFO - Sync 1 DAGs
[2024-11-06T00:19:03.427+0000] {logging_mixin.py:190} INFO - [2024-11-06T00:19:03.426+0000] {dag.py:4180} INFO - Setting next_dagrun for example_bash_operator to 2024-11-05 00:00:00+00:00, run_after=2024-11-06 00:00:00+00:00
[2024-11-06T00:19:03.466+0000] {processor.py:208} INFO - Processing /home/airflow/.local/lib/python3.12/site-packages/airflow/example_dags/example_bash_operator.py took 0.191 seconds
[2024-11-06T00:19:34.760+0000] {processor.py:186} INFO - Started process (PID=216) to work on /home/airflow/.local/lib/python3.12/site-packages/airflow/example_dags/example_bash_operator.py
[2024-11-06T00:19:34.762+0000] {processor.py:914} INFO - Processing file /home/airflow/.local/lib/python3.12/site-packages/airflow/example_dags/example_bash_operator.py for tasks to queue
[2024-11-06T00:19:34.765+0000] {logging_mixin.py:190} INFO - [2024-11-06T00:19:34.765+0000] {dagbag.py:588} INFO - Filling up the DagBag from /home/airflow/.local/lib/python3.12/site-packages/airflow/example_dags/example_bash_operator.py
[2024-11-06T00:19:34.785+0000] {processor.py:925} INFO - DAG(s) 'example_bash_operator' retrieved from /home/airflow/.local/lib/python3.12/site-packages/airflow/example_dags/example_bash_operator.py
[2024-11-06T00:19:34.832+0000] {logging_mixin.py:190} INFO - [2024-11-06T00:19:34.832+0000] {dag.py:3239} INFO - Sync 1 DAGs
[2024-11-06T00:19:34.880+0000] {logging_mixin.py:190} INFO - [2024-11-06T00:19:34.879+0000] {dag.py:4180} INFO - Setting next_dagrun for example_bash_operator to 2024-11-05 00:00:00+00:00, run_after=2024-11-06 00:00:00+00:00
[2024-11-06T00:19:34.915+0000] {processor.py:208} INFO - Processing /home/airflow/.local/lib/python3.12/site-packages/airflow/example_dags/example_bash_operator.py took 0.165 seconds
[2024-11-06T00:20:06.392+0000] {processor.py:186} INFO - Started process (PID=280) to work on /home/airflow/.local/lib/python3.12/site-packages/airflow/example_dags/example_bash_operator.py
[2024-11-06T00:20:06.394+0000] {processor.py:914} INFO - Processing file /home/airflow/.local/lib/python3.12/site-packages/airflow/example_dags/example_bash_operator.py for tasks to queue
[2024-11-06T00:20:06.399+0000] {logging_mixin.py:190} INFO - [2024-11-06T00:20:06.398+0000] {dagbag.py:588} INFO - Filling up the DagBag from /home/airflow/.local/lib/python3.12/site-packages/airflow/example_dags/example_bash_operator.py
[2024-11-06T00:20:06.423+0000] {processor.py:925} INFO - DAG(s) 'example_bash_operator' retrieved from /home/airflow/.local/lib/python3.12/site-packages/airflow/example_dags/example_bash_operator.py
[2024-11-06T00:20:06.469+0000] {logging_mixin.py:190} INFO - [2024-11-06T00:20:06.469+0000] {dag.py:3239} INFO - Sync 1 DAGs
[2024-11-06T00:20:06.506+0000] {logging_mixin.py:190} INFO - [2024-11-06T00:20:06.505+0000] {dag.py:4180} INFO - Setting next_dagrun for example_bash_operator to 2024-11-05 00:00:00+00:00, run_after=2024-11-06 00:00:00+00:00
[2024-11-06T00:20:06.562+0000] {processor.py:208} INFO - Processing /home/airflow/.local/lib/python3.12/site-packages/airflow/example_dags/example_bash_operator.py took 0.187 seconds
[2024-11-06T00:20:37.460+0000] {processor.py:186} INFO - Started process (PID=344) to work on /home/airflow/.local/lib/python3.12/site-packages/airflow/example_dags/example_bash_operator.py
[2024-11-06T00:20:37.462+0000] {processor.py:914} INFO - Processing file /home/airflow/.local/lib/python3.12/site-packages/airflow/example_dags/example_bash_operator.py for tasks to queue
[2024-11-06T00:20:37.467+0000] {logging_mixin.py:190} INFO - [2024-11-06T00:20:37.466+0000] {dagbag.py:588} INFO - Filling up the DagBag from /home/airflow/.local/lib/python3.12/site-packages/airflow/example_dags/example_bash_operator.py
[2024-11-06T00:20:37.493+0000] {processor.py:925} INFO - DAG(s) 'example_bash_operator' retrieved from /home/airflow/.local/lib/python3.12/site-packages/airflow/example_dags/example_bash_operator.py
[2024-11-06T00:20:37.540+0000] {logging_mixin.py:190} INFO - [2024-11-06T00:20:37.539+0000] {dag.py:3239} INFO - Sync 1 DAGs
[2024-11-06T00:20:37.581+0000] {logging_mixin.py:190} INFO - [2024-11-06T00:20:37.581+0000] {dag.py:4180} INFO - Setting next_dagrun for example_bash_operator to 2024-11-05 00:00:00+00:00, run_after=2024-11-06 00:00:00+00:00
[2024-11-06T00:20:37.613+0000] {processor.py:208} INFO - Processing /home/airflow/.local/lib/python3.12/site-packages/airflow/example_dags/example_bash_operator.py took 0.164 seconds
[2024-11-06T00:21:09.468+0000] {processor.py:186} INFO - Started process (PID=408) to work on /home/airflow/.local/lib/python3.12/site-packages/airflow/example_dags/example_bash_operator.py
[2024-11-06T00:21:09.470+0000] {processor.py:914} INFO - Processing file /home/airflow/.local/lib/python3.12/site-packages/airflow/example_dags/example_bash_operator.py for tasks to queue
[2024-11-06T00:21:09.474+0000] {logging_mixin.py:190} INFO - [2024-11-06T00:21:09.473+0000] {dagbag.py:588} INFO - Filling up the DagBag from /home/airflow/.local/lib/python3.12/site-packages/airflow/example_dags/example_bash_operator.py
[2024-11-06T00:21:09.498+0000] {processor.py:925} INFO - DAG(s) 'example_bash_operator' retrieved from /home/airflow/.local/lib/python3.12/site-packages/airflow/example_dags/example_bash_operator.py
[2024-11-06T00:21:09.575+0000] {logging_mixin.py:190} INFO - [2024-11-06T00:21:09.574+0000] {dag.py:3239} INFO - Sync 1 DAGs
[2024-11-06T00:21:09.629+0000] {logging_mixin.py:190} INFO - [2024-11-06T00:21:09.629+0000] {dag.py:4180} INFO - Setting next_dagrun for example_bash_operator to 2024-11-05 00:00:00+00:00, run_after=2024-11-06 00:00:00+00:00
[2024-11-06T00:21:09.677+0000] {processor.py:208} INFO - Processing /home/airflow/.local/lib/python3.12/site-packages/airflow/example_dags/example_bash_operator.py took 0.219 seconds
[2024-11-06T00:21:42.592+0000] {processor.py:186} INFO - Started process (PID=472) to work on /home/airflow/.local/lib/python3.12/site-packages/airflow/example_dags/example_bash_operator.py
[2024-11-06T00:21:42.597+0000] {processor.py:914} INFO - Processing file /home/airflow/.local/lib/python3.12/site-packages/airflow/example_dags/example_bash_operator.py for tasks to queue
[2024-11-06T00:21:42.603+0000] {logging_mixin.py:190} INFO - [2024-11-06T00:21:42.602+0000] {dagbag.py:588} INFO - Filling up the DagBag from /home/airflow/.local/lib/python3.12/site-packages/airflow/example_dags/example_bash_operator.py
[2024-11-06T00:21:42.665+0000] {processor.py:925} INFO - DAG(s) 'example_bash_operator' retrieved from /home/airflow/.local/lib/python3.12/site-packages/airflow/example_dags/example_bash_operator.py
[2024-11-06T00:21:42.859+0000] {logging_mixin.py:190} INFO - [2024-11-06T00:21:42.858+0000] {dag.py:3239} INFO - Sync 1 DAGs
[2024-11-06T00:21:43.004+0000] {logging_mixin.py:190} INFO - [2024-11-06T00:21:43.003+0000] {dag.py:4180} INFO - Setting next_dagrun for example_bash_operator to 2024-11-05 00:00:00+00:00, run_after=2024-11-06 00:00:00+00:00
[2024-11-06T00:21:43.094+0000] {processor.py:208} INFO - Processing /home/airflow/.local/lib/python3.12/site-packages/airflow/example_dags/example_bash_operator.py took 0.581 seconds
[2024-11-06T00:23:44.114+0000] {processor.py:186} INFO - Started process (PID=81) to work on /home/airflow/.local/lib/python3.12/site-packages/airflow/example_dags/example_bash_operator.py
[2024-11-06T00:23:44.120+0000] {processor.py:914} INFO - Processing file /home/airflow/.local/lib/python3.12/site-packages/airflow/example_dags/example_bash_operator.py for tasks to queue
[2024-11-06T00:23:44.125+0000] {logging_mixin.py:190} INFO - [2024-11-06T00:23:44.124+0000] {dagbag.py:588} INFO - Filling up the DagBag from /home/airflow/.local/lib/python3.12/site-packages/airflow/example_dags/example_bash_operator.py
[2024-11-06T00:23:44.147+0000] {processor.py:925} INFO - DAG(s) 'example_bash_operator' retrieved from /home/airflow/.local/lib/python3.12/site-packages/airflow/example_dags/example_bash_operator.py
[2024-11-06T00:23:44.201+0000] {logging_mixin.py:190} INFO - [2024-11-06T00:23:44.201+0000] {dag.py:3239} INFO - Sync 1 DAGs
[2024-11-06T00:23:44.263+0000] {logging_mixin.py:190} INFO - [2024-11-06T00:23:44.262+0000] {dag.py:4180} INFO - Setting next_dagrun for example_bash_operator to 2024-11-05 00:00:00+00:00, run_after=2024-11-06 00:00:00+00:00
[2024-11-06T00:23:44.312+0000] {processor.py:208} INFO - Processing /home/airflow/.local/lib/python3.12/site-packages/airflow/example_dags/example_bash_operator.py took 0.209 seconds
[2024-11-06T00:24:15.721+0000] {processor.py:186} INFO - Started process (PID=145) to work on /home/airflow/.local/lib/python3.12/site-packages/airflow/example_dags/example_bash_operator.py
[2024-11-06T00:24:15.723+0000] {processor.py:914} INFO - Processing file /home/airflow/.local/lib/python3.12/site-packages/airflow/example_dags/example_bash_operator.py for tasks to queue
[2024-11-06T00:24:15.727+0000] {logging_mixin.py:190} INFO - [2024-11-06T00:24:15.727+0000] {dagbag.py:588} INFO - Filling up the DagBag from /home/airflow/.local/lib/python3.12/site-packages/airflow/example_dags/example_bash_operator.py
[2024-11-06T00:24:15.749+0000] {processor.py:925} INFO - DAG(s) 'example_bash_operator' retrieved from /home/airflow/.local/lib/python3.12/site-packages/airflow/example_dags/example_bash_operator.py
[2024-11-06T00:24:15.788+0000] {logging_mixin.py:190} INFO - [2024-11-06T00:24:15.788+0000] {dag.py:3239} INFO - Sync 1 DAGs
[2024-11-06T00:24:15.828+0000] {logging_mixin.py:190} INFO - [2024-11-06T00:24:15.827+0000] {dag.py:4180} INFO - Setting next_dagrun for example_bash_operator to 2024-11-05 00:00:00+00:00, run_after=2024-11-06 00:00:00+00:00
[2024-11-06T00:24:15.908+0000] {processor.py:208} INFO - Processing /home/airflow/.local/lib/python3.12/site-packages/airflow/example_dags/example_bash_operator.py took 0.195 seconds
[2024-11-06T00:26:20.976+0000] {processor.py:186} INFO - Started process (PID=81) to work on /home/airflow/.local/lib/python3.12/site-packages/airflow/example_dags/example_bash_operator.py
[2024-11-06T00:26:20.979+0000] {processor.py:914} INFO - Processing file /home/airflow/.local/lib/python3.12/site-packages/airflow/example_dags/example_bash_operator.py for tasks to queue
[2024-11-06T00:26:20.983+0000] {logging_mixin.py:190} INFO - [2024-11-06T00:26:20.982+0000] {dagbag.py:588} INFO - Filling up the DagBag from /home/airflow/.local/lib/python3.12/site-packages/airflow/example_dags/example_bash_operator.py
[2024-11-06T00:26:21.011+0000] {processor.py:925} INFO - DAG(s) 'example_bash_operator' retrieved from /home/airflow/.local/lib/python3.12/site-packages/airflow/example_dags/example_bash_operator.py
[2024-11-06T00:26:21.073+0000] {logging_mixin.py:190} INFO - [2024-11-06T00:26:21.073+0000] {dag.py:3239} INFO - Sync 1 DAGs
[2024-11-06T00:26:21.121+0000] {logging_mixin.py:190} INFO - [2024-11-06T00:26:21.120+0000] {dag.py:4180} INFO - Setting next_dagrun for example_bash_operator to 2024-11-05 00:00:00+00:00, run_after=2024-11-06 00:00:00+00:00
[2024-11-06T00:26:21.155+0000] {processor.py:208} INFO - Processing /home/airflow/.local/lib/python3.12/site-packages/airflow/example_dags/example_bash_operator.py took 0.192 seconds
[2024-11-06T00:26:52.928+0000] {processor.py:186} INFO - Started process (PID=145) to work on /home/airflow/.local/lib/python3.12/site-packages/airflow/example_dags/example_bash_operator.py
[2024-11-06T00:26:52.930+0000] {processor.py:914} INFO - Processing file /home/airflow/.local/lib/python3.12/site-packages/airflow/example_dags/example_bash_operator.py for tasks to queue
[2024-11-06T00:26:52.935+0000] {logging_mixin.py:190} INFO - [2024-11-06T00:26:52.934+0000] {dagbag.py:588} INFO - Filling up the DagBag from /home/airflow/.local/lib/python3.12/site-packages/airflow/example_dags/example_bash_operator.py
[2024-11-06T00:26:52.958+0000] {processor.py:925} INFO - DAG(s) 'example_bash_operator' retrieved from /home/airflow/.local/lib/python3.12/site-packages/airflow/example_dags/example_bash_operator.py
[2024-11-06T00:26:52.997+0000] {logging_mixin.py:190} INFO - [2024-11-06T00:26:52.996+0000] {dag.py:3239} INFO - Sync 1 DAGs
[2024-11-06T00:26:53.031+0000] {logging_mixin.py:190} INFO - [2024-11-06T00:26:53.031+0000] {dag.py:4180} INFO - Setting next_dagrun for example_bash_operator to 2024-11-05 00:00:00+00:00, run_after=2024-11-06 00:00:00+00:00
[2024-11-06T00:26:53.055+0000] {processor.py:208} INFO - Processing /home/airflow/.local/lib/python3.12/site-packages/airflow/example_dags/example_bash_operator.py took 0.137 seconds
[2024-11-06T00:27:24.891+0000] {processor.py:186} INFO - Started process (PID=209) to work on /home/airflow/.local/lib/python3.12/site-packages/airflow/example_dags/example_bash_operator.py
[2024-11-06T00:27:24.894+0000] {processor.py:914} INFO - Processing file /home/airflow/.local/lib/python3.12/site-packages/airflow/example_dags/example_bash_operator.py for tasks to queue
[2024-11-06T00:27:24.898+0000] {logging_mixin.py:190} INFO - [2024-11-06T00:27:24.898+0000] {dagbag.py:588} INFO - Filling up the DagBag from /home/airflow/.local/lib/python3.12/site-packages/airflow/example_dags/example_bash_operator.py
[2024-11-06T00:27:24.930+0000] {processor.py:925} INFO - DAG(s) 'example_bash_operator' retrieved from /home/airflow/.local/lib/python3.12/site-packages/airflow/example_dags/example_bash_operator.py
[2024-11-06T00:27:24.985+0000] {logging_mixin.py:190} INFO - [2024-11-06T00:27:24.984+0000] {dag.py:3239} INFO - Sync 1 DAGs
[2024-11-06T00:27:25.027+0000] {logging_mixin.py:190} INFO - [2024-11-06T00:27:25.026+0000] {dag.py:4180} INFO - Setting next_dagrun for example_bash_operator to 2024-11-05 00:00:00+00:00, run_after=2024-11-06 00:00:00+00:00
[2024-11-06T00:27:25.063+0000] {processor.py:208} INFO - Processing /home/airflow/.local/lib/python3.12/site-packages/airflow/example_dags/example_bash_operator.py took 0.185 seconds
