[2024-11-06T00:00:07.898+0000] {processor.py:186} INFO - Started process (PID=2462) to work on /home/airflow/.local/lib/python3.12/site-packages/airflow/example_dags/example_nested_branch_dag.py
[2024-11-06T00:00:07.900+0000] {processor.py:914} INFO - Processing file /home/airflow/.local/lib/python3.12/site-packages/airflow/example_dags/example_nested_branch_dag.py for tasks to queue
[2024-11-06T00:00:07.905+0000] {logging_mixin.py:190} INFO - [2024-11-06T00:00:07.904+0000] {dagbag.py:588} INFO - Filling up the DagBag from /home/airflow/.local/lib/python3.12/site-packages/airflow/example_dags/example_nested_branch_dag.py
[2024-11-06T00:00:07.929+0000] {processor.py:925} INFO - DAG(s) 'example_nested_branch_dag' retrieved from /home/airflow/.local/lib/python3.12/site-packages/airflow/example_dags/example_nested_branch_dag.py
[2024-11-06T00:00:07.968+0000] {logging_mixin.py:190} INFO - [2024-11-06T00:00:07.968+0000] {dag.py:3239} INFO - Sync 1 DAGs
[2024-11-06T00:00:08.012+0000] {logging_mixin.py:190} INFO - [2024-11-06T00:00:08.011+0000] {dag.py:4180} INFO - Setting next_dagrun for example_nested_branch_dag to 2024-11-05 00:00:00+00:00, run_after=2024-11-06 00:00:00+00:00
[2024-11-06T00:00:08.045+0000] {processor.py:208} INFO - Processing /home/airflow/.local/lib/python3.12/site-packages/airflow/example_dags/example_nested_branch_dag.py took 0.159 seconds
[2024-11-06T00:00:38.276+0000] {processor.py:186} INFO - Started process (PID=2527) to work on /home/airflow/.local/lib/python3.12/site-packages/airflow/example_dags/example_nested_branch_dag.py
[2024-11-06T00:00:38.279+0000] {processor.py:914} INFO - Processing file /home/airflow/.local/lib/python3.12/site-packages/airflow/example_dags/example_nested_branch_dag.py for tasks to queue
[2024-11-06T00:00:38.286+0000] {logging_mixin.py:190} INFO - [2024-11-06T00:00:38.285+0000] {dagbag.py:588} INFO - Filling up the DagBag from /home/airflow/.local/lib/python3.12/site-packages/airflow/example_dags/example_nested_branch_dag.py
[2024-11-06T00:00:38.312+0000] {processor.py:925} INFO - DAG(s) 'example_nested_branch_dag' retrieved from /home/airflow/.local/lib/python3.12/site-packages/airflow/example_dags/example_nested_branch_dag.py
[2024-11-06T00:00:38.352+0000] {logging_mixin.py:190} INFO - [2024-11-06T00:00:38.351+0000] {dag.py:3239} INFO - Sync 1 DAGs
[2024-11-06T00:00:38.392+0000] {logging_mixin.py:190} INFO - [2024-11-06T00:00:38.392+0000] {dag.py:4180} INFO - Setting next_dagrun for example_nested_branch_dag to 2024-11-05 00:00:00+00:00, run_after=2024-11-06 00:00:00+00:00
[2024-11-06T00:00:38.430+0000] {processor.py:208} INFO - Processing /home/airflow/.local/lib/python3.12/site-packages/airflow/example_dags/example_nested_branch_dag.py took 0.172 seconds
[2024-11-06T00:01:09.427+0000] {processor.py:186} INFO - Started process (PID=2591) to work on /home/airflow/.local/lib/python3.12/site-packages/airflow/example_dags/example_nested_branch_dag.py
[2024-11-06T00:01:09.428+0000] {processor.py:914} INFO - Processing file /home/airflow/.local/lib/python3.12/site-packages/airflow/example_dags/example_nested_branch_dag.py for tasks to queue
[2024-11-06T00:01:09.433+0000] {logging_mixin.py:190} INFO - [2024-11-06T00:01:09.433+0000] {dagbag.py:588} INFO - Filling up the DagBag from /home/airflow/.local/lib/python3.12/site-packages/airflow/example_dags/example_nested_branch_dag.py
[2024-11-06T00:01:09.460+0000] {processor.py:925} INFO - DAG(s) 'example_nested_branch_dag' retrieved from /home/airflow/.local/lib/python3.12/site-packages/airflow/example_dags/example_nested_branch_dag.py
[2024-11-06T00:01:09.497+0000] {logging_mixin.py:190} INFO - [2024-11-06T00:01:09.497+0000] {dag.py:3239} INFO - Sync 1 DAGs
[2024-11-06T00:01:09.541+0000] {logging_mixin.py:190} INFO - [2024-11-06T00:01:09.540+0000] {dag.py:4180} INFO - Setting next_dagrun for example_nested_branch_dag to 2024-11-05 00:00:00+00:00, run_after=2024-11-06 00:00:00+00:00
[2024-11-06T00:01:09.578+0000] {processor.py:208} INFO - Processing /home/airflow/.local/lib/python3.12/site-packages/airflow/example_dags/example_nested_branch_dag.py took 0.162 seconds
[2024-11-06T00:01:40.803+0000] {processor.py:186} INFO - Started process (PID=2655) to work on /home/airflow/.local/lib/python3.12/site-packages/airflow/example_dags/example_nested_branch_dag.py
[2024-11-06T00:01:40.806+0000] {processor.py:914} INFO - Processing file /home/airflow/.local/lib/python3.12/site-packages/airflow/example_dags/example_nested_branch_dag.py for tasks to queue
[2024-11-06T00:01:40.812+0000] {logging_mixin.py:190} INFO - [2024-11-06T00:01:40.811+0000] {dagbag.py:588} INFO - Filling up the DagBag from /home/airflow/.local/lib/python3.12/site-packages/airflow/example_dags/example_nested_branch_dag.py
[2024-11-06T00:01:40.842+0000] {processor.py:925} INFO - DAG(s) 'example_nested_branch_dag' retrieved from /home/airflow/.local/lib/python3.12/site-packages/airflow/example_dags/example_nested_branch_dag.py
[2024-11-06T00:01:40.913+0000] {logging_mixin.py:190} INFO - [2024-11-06T00:01:40.912+0000] {dag.py:3239} INFO - Sync 1 DAGs
[2024-11-06T00:01:40.965+0000] {logging_mixin.py:190} INFO - [2024-11-06T00:01:40.965+0000] {dag.py:4180} INFO - Setting next_dagrun for example_nested_branch_dag to 2024-11-05 00:00:00+00:00, run_after=2024-11-06 00:00:00+00:00
[2024-11-06T00:01:41.000+0000] {processor.py:208} INFO - Processing /home/airflow/.local/lib/python3.12/site-packages/airflow/example_dags/example_nested_branch_dag.py took 0.213 seconds
[2024-11-06T00:02:12.795+0000] {processor.py:186} INFO - Started process (PID=2722) to work on /home/airflow/.local/lib/python3.12/site-packages/airflow/example_dags/example_nested_branch_dag.py
[2024-11-06T00:02:12.797+0000] {processor.py:914} INFO - Processing file /home/airflow/.local/lib/python3.12/site-packages/airflow/example_dags/example_nested_branch_dag.py for tasks to queue
[2024-11-06T00:02:12.801+0000] {logging_mixin.py:190} INFO - [2024-11-06T00:02:12.800+0000] {dagbag.py:588} INFO - Filling up the DagBag from /home/airflow/.local/lib/python3.12/site-packages/airflow/example_dags/example_nested_branch_dag.py
[2024-11-06T00:02:12.822+0000] {processor.py:925} INFO - DAG(s) 'example_nested_branch_dag' retrieved from /home/airflow/.local/lib/python3.12/site-packages/airflow/example_dags/example_nested_branch_dag.py
[2024-11-06T00:02:12.855+0000] {logging_mixin.py:190} INFO - [2024-11-06T00:02:12.854+0000] {dag.py:3239} INFO - Sync 1 DAGs
[2024-11-06T00:02:12.906+0000] {logging_mixin.py:190} INFO - [2024-11-06T00:02:12.906+0000] {dag.py:4180} INFO - Setting next_dagrun for example_nested_branch_dag to 2024-11-05 00:00:00+00:00, run_after=2024-11-06 00:00:00+00:00
[2024-11-06T00:02:12.940+0000] {processor.py:208} INFO - Processing /home/airflow/.local/lib/python3.12/site-packages/airflow/example_dags/example_nested_branch_dag.py took 0.156 seconds
[2024-11-06T00:02:44.224+0000] {processor.py:186} INFO - Started process (PID=2786) to work on /home/airflow/.local/lib/python3.12/site-packages/airflow/example_dags/example_nested_branch_dag.py
[2024-11-06T00:02:44.225+0000] {processor.py:914} INFO - Processing file /home/airflow/.local/lib/python3.12/site-packages/airflow/example_dags/example_nested_branch_dag.py for tasks to queue
[2024-11-06T00:02:44.230+0000] {logging_mixin.py:190} INFO - [2024-11-06T00:02:44.229+0000] {dagbag.py:588} INFO - Filling up the DagBag from /home/airflow/.local/lib/python3.12/site-packages/airflow/example_dags/example_nested_branch_dag.py
[2024-11-06T00:02:44.249+0000] {processor.py:925} INFO - DAG(s) 'example_nested_branch_dag' retrieved from /home/airflow/.local/lib/python3.12/site-packages/airflow/example_dags/example_nested_branch_dag.py
[2024-11-06T00:02:44.297+0000] {logging_mixin.py:190} INFO - [2024-11-06T00:02:44.296+0000] {dag.py:3239} INFO - Sync 1 DAGs
[2024-11-06T00:02:44.350+0000] {logging_mixin.py:190} INFO - [2024-11-06T00:02:44.349+0000] {dag.py:4180} INFO - Setting next_dagrun for example_nested_branch_dag to 2024-11-05 00:00:00+00:00, run_after=2024-11-06 00:00:00+00:00
[2024-11-06T00:02:44.382+0000] {processor.py:208} INFO - Processing /home/airflow/.local/lib/python3.12/site-packages/airflow/example_dags/example_nested_branch_dag.py took 0.168 seconds
[2024-11-06T00:03:15.833+0000] {processor.py:186} INFO - Started process (PID=2850) to work on /home/airflow/.local/lib/python3.12/site-packages/airflow/example_dags/example_nested_branch_dag.py
[2024-11-06T00:03:15.835+0000] {processor.py:914} INFO - Processing file /home/airflow/.local/lib/python3.12/site-packages/airflow/example_dags/example_nested_branch_dag.py for tasks to queue
[2024-11-06T00:03:15.838+0000] {logging_mixin.py:190} INFO - [2024-11-06T00:03:15.838+0000] {dagbag.py:588} INFO - Filling up the DagBag from /home/airflow/.local/lib/python3.12/site-packages/airflow/example_dags/example_nested_branch_dag.py
[2024-11-06T00:03:15.864+0000] {processor.py:925} INFO - DAG(s) 'example_nested_branch_dag' retrieved from /home/airflow/.local/lib/python3.12/site-packages/airflow/example_dags/example_nested_branch_dag.py
[2024-11-06T00:03:15.906+0000] {logging_mixin.py:190} INFO - [2024-11-06T00:03:15.906+0000] {dag.py:3239} INFO - Sync 1 DAGs
[2024-11-06T00:03:15.958+0000] {logging_mixin.py:190} INFO - [2024-11-06T00:03:15.958+0000] {dag.py:4180} INFO - Setting next_dagrun for example_nested_branch_dag to 2024-11-05 00:00:00+00:00, run_after=2024-11-06 00:00:00+00:00
[2024-11-06T00:03:15.991+0000] {processor.py:208} INFO - Processing /home/airflow/.local/lib/python3.12/site-packages/airflow/example_dags/example_nested_branch_dag.py took 0.169 seconds
[2024-11-06T00:03:47.229+0000] {processor.py:186} INFO - Started process (PID=2916) to work on /home/airflow/.local/lib/python3.12/site-packages/airflow/example_dags/example_nested_branch_dag.py
[2024-11-06T00:03:47.230+0000] {processor.py:914} INFO - Processing file /home/airflow/.local/lib/python3.12/site-packages/airflow/example_dags/example_nested_branch_dag.py for tasks to queue
[2024-11-06T00:03:47.233+0000] {logging_mixin.py:190} INFO - [2024-11-06T00:03:47.233+0000] {dagbag.py:588} INFO - Filling up the DagBag from /home/airflow/.local/lib/python3.12/site-packages/airflow/example_dags/example_nested_branch_dag.py
[2024-11-06T00:03:47.257+0000] {processor.py:925} INFO - DAG(s) 'example_nested_branch_dag' retrieved from /home/airflow/.local/lib/python3.12/site-packages/airflow/example_dags/example_nested_branch_dag.py
[2024-11-06T00:03:47.287+0000] {logging_mixin.py:190} INFO - [2024-11-06T00:03:47.287+0000] {dag.py:3239} INFO - Sync 1 DAGs
[2024-11-06T00:03:47.323+0000] {logging_mixin.py:190} INFO - [2024-11-06T00:03:47.323+0000] {dag.py:4180} INFO - Setting next_dagrun for example_nested_branch_dag to 2024-11-05 00:00:00+00:00, run_after=2024-11-06 00:00:00+00:00
[2024-11-06T00:03:47.357+0000] {processor.py:208} INFO - Processing /home/airflow/.local/lib/python3.12/site-packages/airflow/example_dags/example_nested_branch_dag.py took 0.137 seconds
[2024-11-06T00:04:19.642+0000] {processor.py:186} INFO - Started process (PID=2987) to work on /home/airflow/.local/lib/python3.12/site-packages/airflow/example_dags/example_nested_branch_dag.py
[2024-11-06T00:04:19.644+0000] {processor.py:914} INFO - Processing file /home/airflow/.local/lib/python3.12/site-packages/airflow/example_dags/example_nested_branch_dag.py for tasks to queue
[2024-11-06T00:04:19.649+0000] {logging_mixin.py:190} INFO - [2024-11-06T00:04:19.649+0000] {dagbag.py:588} INFO - Filling up the DagBag from /home/airflow/.local/lib/python3.12/site-packages/airflow/example_dags/example_nested_branch_dag.py
[2024-11-06T00:04:19.668+0000] {processor.py:925} INFO - DAG(s) 'example_nested_branch_dag' retrieved from /home/airflow/.local/lib/python3.12/site-packages/airflow/example_dags/example_nested_branch_dag.py
[2024-11-06T00:04:19.706+0000] {logging_mixin.py:190} INFO - [2024-11-06T00:04:19.706+0000] {dag.py:3239} INFO - Sync 1 DAGs
[2024-11-06T00:04:19.751+0000] {logging_mixin.py:190} INFO - [2024-11-06T00:04:19.750+0000] {dag.py:4180} INFO - Setting next_dagrun for example_nested_branch_dag to 2024-11-05 00:00:00+00:00, run_after=2024-11-06 00:00:00+00:00
[2024-11-06T00:04:19.785+0000] {processor.py:208} INFO - Processing /home/airflow/.local/lib/python3.12/site-packages/airflow/example_dags/example_nested_branch_dag.py took 0.153 seconds
[2024-11-06T00:04:51.582+0000] {processor.py:186} INFO - Started process (PID=3052) to work on /home/airflow/.local/lib/python3.12/site-packages/airflow/example_dags/example_nested_branch_dag.py
[2024-11-06T00:04:51.584+0000] {processor.py:914} INFO - Processing file /home/airflow/.local/lib/python3.12/site-packages/airflow/example_dags/example_nested_branch_dag.py for tasks to queue
[2024-11-06T00:04:51.589+0000] {logging_mixin.py:190} INFO - [2024-11-06T00:04:51.589+0000] {dagbag.py:588} INFO - Filling up the DagBag from /home/airflow/.local/lib/python3.12/site-packages/airflow/example_dags/example_nested_branch_dag.py
[2024-11-06T00:04:51.610+0000] {processor.py:925} INFO - DAG(s) 'example_nested_branch_dag' retrieved from /home/airflow/.local/lib/python3.12/site-packages/airflow/example_dags/example_nested_branch_dag.py
[2024-11-06T00:04:51.647+0000] {logging_mixin.py:190} INFO - [2024-11-06T00:04:51.647+0000] {dag.py:3239} INFO - Sync 1 DAGs
[2024-11-06T00:04:51.701+0000] {logging_mixin.py:190} INFO - [2024-11-06T00:04:51.700+0000] {dag.py:4180} INFO - Setting next_dagrun for example_nested_branch_dag to 2024-11-05 00:00:00+00:00, run_after=2024-11-06 00:00:00+00:00
[2024-11-06T00:04:51.738+0000] {processor.py:208} INFO - Processing /home/airflow/.local/lib/python3.12/site-packages/airflow/example_dags/example_nested_branch_dag.py took 0.168 seconds
[2024-11-06T00:05:22.225+0000] {processor.py:186} INFO - Started process (PID=3116) to work on /home/airflow/.local/lib/python3.12/site-packages/airflow/example_dags/example_nested_branch_dag.py
[2024-11-06T00:05:22.227+0000] {processor.py:914} INFO - Processing file /home/airflow/.local/lib/python3.12/site-packages/airflow/example_dags/example_nested_branch_dag.py for tasks to queue
[2024-11-06T00:05:22.232+0000] {logging_mixin.py:190} INFO - [2024-11-06T00:05:22.231+0000] {dagbag.py:588} INFO - Filling up the DagBag from /home/airflow/.local/lib/python3.12/site-packages/airflow/example_dags/example_nested_branch_dag.py
[2024-11-06T00:05:22.252+0000] {processor.py:925} INFO - DAG(s) 'example_nested_branch_dag' retrieved from /home/airflow/.local/lib/python3.12/site-packages/airflow/example_dags/example_nested_branch_dag.py
[2024-11-06T00:05:22.286+0000] {logging_mixin.py:190} INFO - [2024-11-06T00:05:22.286+0000] {dag.py:3239} INFO - Sync 1 DAGs
[2024-11-06T00:05:22.332+0000] {logging_mixin.py:190} INFO - [2024-11-06T00:05:22.332+0000] {dag.py:4180} INFO - Setting next_dagrun for example_nested_branch_dag to 2024-11-05 00:00:00+00:00, run_after=2024-11-06 00:00:00+00:00
[2024-11-06T00:05:22.366+0000] {processor.py:208} INFO - Processing /home/airflow/.local/lib/python3.12/site-packages/airflow/example_dags/example_nested_branch_dag.py took 0.149 seconds
[2024-11-06T00:05:54.170+0000] {processor.py:186} INFO - Started process (PID=3181) to work on /home/airflow/.local/lib/python3.12/site-packages/airflow/example_dags/example_nested_branch_dag.py
[2024-11-06T00:05:54.172+0000] {processor.py:914} INFO - Processing file /home/airflow/.local/lib/python3.12/site-packages/airflow/example_dags/example_nested_branch_dag.py for tasks to queue
[2024-11-06T00:05:54.176+0000] {logging_mixin.py:190} INFO - [2024-11-06T00:05:54.175+0000] {dagbag.py:588} INFO - Filling up the DagBag from /home/airflow/.local/lib/python3.12/site-packages/airflow/example_dags/example_nested_branch_dag.py
[2024-11-06T00:05:54.195+0000] {processor.py:925} INFO - DAG(s) 'example_nested_branch_dag' retrieved from /home/airflow/.local/lib/python3.12/site-packages/airflow/example_dags/example_nested_branch_dag.py
[2024-11-06T00:05:54.237+0000] {logging_mixin.py:190} INFO - [2024-11-06T00:05:54.237+0000] {dag.py:3239} INFO - Sync 1 DAGs
[2024-11-06T00:05:54.283+0000] {logging_mixin.py:190} INFO - [2024-11-06T00:05:54.282+0000] {dag.py:4180} INFO - Setting next_dagrun for example_nested_branch_dag to 2024-11-05 00:00:00+00:00, run_after=2024-11-06 00:00:00+00:00
[2024-11-06T00:05:54.320+0000] {processor.py:208} INFO - Processing /home/airflow/.local/lib/python3.12/site-packages/airflow/example_dags/example_nested_branch_dag.py took 0.160 seconds
[2024-11-06T00:06:25.751+0000] {processor.py:186} INFO - Started process (PID=3245) to work on /home/airflow/.local/lib/python3.12/site-packages/airflow/example_dags/example_nested_branch_dag.py
[2024-11-06T00:06:25.754+0000] {processor.py:914} INFO - Processing file /home/airflow/.local/lib/python3.12/site-packages/airflow/example_dags/example_nested_branch_dag.py for tasks to queue
[2024-11-06T00:06:25.759+0000] {logging_mixin.py:190} INFO - [2024-11-06T00:06:25.758+0000] {dagbag.py:588} INFO - Filling up the DagBag from /home/airflow/.local/lib/python3.12/site-packages/airflow/example_dags/example_nested_branch_dag.py
[2024-11-06T00:06:25.788+0000] {processor.py:925} INFO - DAG(s) 'example_nested_branch_dag' retrieved from /home/airflow/.local/lib/python3.12/site-packages/airflow/example_dags/example_nested_branch_dag.py
[2024-11-06T00:06:25.824+0000] {logging_mixin.py:190} INFO - [2024-11-06T00:06:25.823+0000] {dag.py:3239} INFO - Sync 1 DAGs
[2024-11-06T00:06:25.864+0000] {logging_mixin.py:190} INFO - [2024-11-06T00:06:25.864+0000] {dag.py:4180} INFO - Setting next_dagrun for example_nested_branch_dag to 2024-11-05 00:00:00+00:00, run_after=2024-11-06 00:00:00+00:00
[2024-11-06T00:06:25.902+0000] {processor.py:208} INFO - Processing /home/airflow/.local/lib/python3.12/site-packages/airflow/example_dags/example_nested_branch_dag.py took 0.164 seconds
[2024-11-06T00:06:55.979+0000] {processor.py:186} INFO - Started process (PID=3309) to work on /home/airflow/.local/lib/python3.12/site-packages/airflow/example_dags/example_nested_branch_dag.py
[2024-11-06T00:06:55.981+0000] {processor.py:914} INFO - Processing file /home/airflow/.local/lib/python3.12/site-packages/airflow/example_dags/example_nested_branch_dag.py for tasks to queue
[2024-11-06T00:06:55.994+0000] {logging_mixin.py:190} INFO - [2024-11-06T00:06:55.985+0000] {dagbag.py:588} INFO - Filling up the DagBag from /home/airflow/.local/lib/python3.12/site-packages/airflow/example_dags/example_nested_branch_dag.py
[2024-11-06T00:06:56.023+0000] {processor.py:925} INFO - DAG(s) 'example_nested_branch_dag' retrieved from /home/airflow/.local/lib/python3.12/site-packages/airflow/example_dags/example_nested_branch_dag.py
[2024-11-06T00:06:56.064+0000] {logging_mixin.py:190} INFO - [2024-11-06T00:06:56.064+0000] {dag.py:3239} INFO - Sync 1 DAGs
[2024-11-06T00:06:56.107+0000] {logging_mixin.py:190} INFO - [2024-11-06T00:06:56.107+0000] {dag.py:4180} INFO - Setting next_dagrun for example_nested_branch_dag to 2024-11-05 00:00:00+00:00, run_after=2024-11-06 00:00:00+00:00
[2024-11-06T00:06:56.140+0000] {processor.py:208} INFO - Processing /home/airflow/.local/lib/python3.12/site-packages/airflow/example_dags/example_nested_branch_dag.py took 0.171 seconds
[2024-11-06T00:07:26.741+0000] {processor.py:186} INFO - Started process (PID=3373) to work on /home/airflow/.local/lib/python3.12/site-packages/airflow/example_dags/example_nested_branch_dag.py
[2024-11-06T00:07:26.743+0000] {processor.py:914} INFO - Processing file /home/airflow/.local/lib/python3.12/site-packages/airflow/example_dags/example_nested_branch_dag.py for tasks to queue
[2024-11-06T00:07:26.748+0000] {logging_mixin.py:190} INFO - [2024-11-06T00:07:26.747+0000] {dagbag.py:588} INFO - Filling up the DagBag from /home/airflow/.local/lib/python3.12/site-packages/airflow/example_dags/example_nested_branch_dag.py
[2024-11-06T00:07:26.775+0000] {processor.py:925} INFO - DAG(s) 'example_nested_branch_dag' retrieved from /home/airflow/.local/lib/python3.12/site-packages/airflow/example_dags/example_nested_branch_dag.py
[2024-11-06T00:07:26.807+0000] {logging_mixin.py:190} INFO - [2024-11-06T00:07:26.806+0000] {dag.py:3239} INFO - Sync 1 DAGs
[2024-11-06T00:07:26.854+0000] {logging_mixin.py:190} INFO - [2024-11-06T00:07:26.853+0000] {dag.py:4180} INFO - Setting next_dagrun for example_nested_branch_dag to 2024-11-05 00:00:00+00:00, run_after=2024-11-06 00:00:00+00:00
[2024-11-06T00:07:26.896+0000] {processor.py:208} INFO - Processing /home/airflow/.local/lib/python3.12/site-packages/airflow/example_dags/example_nested_branch_dag.py took 0.166 seconds
[2024-11-06T00:07:58.102+0000] {processor.py:186} INFO - Started process (PID=3437) to work on /home/airflow/.local/lib/python3.12/site-packages/airflow/example_dags/example_nested_branch_dag.py
[2024-11-06T00:07:58.104+0000] {processor.py:914} INFO - Processing file /home/airflow/.local/lib/python3.12/site-packages/airflow/example_dags/example_nested_branch_dag.py for tasks to queue
[2024-11-06T00:07:58.109+0000] {logging_mixin.py:190} INFO - [2024-11-06T00:07:58.108+0000] {dagbag.py:588} INFO - Filling up the DagBag from /home/airflow/.local/lib/python3.12/site-packages/airflow/example_dags/example_nested_branch_dag.py
[2024-11-06T00:07:58.128+0000] {processor.py:925} INFO - DAG(s) 'example_nested_branch_dag' retrieved from /home/airflow/.local/lib/python3.12/site-packages/airflow/example_dags/example_nested_branch_dag.py
[2024-11-06T00:07:58.166+0000] {logging_mixin.py:190} INFO - [2024-11-06T00:07:58.165+0000] {dag.py:3239} INFO - Sync 1 DAGs
[2024-11-06T00:07:58.208+0000] {logging_mixin.py:190} INFO - [2024-11-06T00:07:58.207+0000] {dag.py:4180} INFO - Setting next_dagrun for example_nested_branch_dag to 2024-11-05 00:00:00+00:00, run_after=2024-11-06 00:00:00+00:00
[2024-11-06T00:07:58.515+0000] {processor.py:208} INFO - Processing /home/airflow/.local/lib/python3.12/site-packages/airflow/example_dags/example_nested_branch_dag.py took 0.434 seconds
[2024-11-06T00:08:29.136+0000] {processor.py:186} INFO - Started process (PID=3501) to work on /home/airflow/.local/lib/python3.12/site-packages/airflow/example_dags/example_nested_branch_dag.py
[2024-11-06T00:08:29.139+0000] {processor.py:914} INFO - Processing file /home/airflow/.local/lib/python3.12/site-packages/airflow/example_dags/example_nested_branch_dag.py for tasks to queue
[2024-11-06T00:08:29.145+0000] {logging_mixin.py:190} INFO - [2024-11-06T00:08:29.144+0000] {dagbag.py:588} INFO - Filling up the DagBag from /home/airflow/.local/lib/python3.12/site-packages/airflow/example_dags/example_nested_branch_dag.py
[2024-11-06T00:08:29.167+0000] {processor.py:925} INFO - DAG(s) 'example_nested_branch_dag' retrieved from /home/airflow/.local/lib/python3.12/site-packages/airflow/example_dags/example_nested_branch_dag.py
[2024-11-06T00:08:29.206+0000] {logging_mixin.py:190} INFO - [2024-11-06T00:08:29.206+0000] {dag.py:3239} INFO - Sync 1 DAGs
[2024-11-06T00:08:29.250+0000] {logging_mixin.py:190} INFO - [2024-11-06T00:08:29.250+0000] {dag.py:4180} INFO - Setting next_dagrun for example_nested_branch_dag to 2024-11-05 00:00:00+00:00, run_after=2024-11-06 00:00:00+00:00
[2024-11-06T00:08:29.287+0000] {processor.py:208} INFO - Processing /home/airflow/.local/lib/python3.12/site-packages/airflow/example_dags/example_nested_branch_dag.py took 0.161 seconds
[2024-11-06T00:09:00.285+0000] {processor.py:186} INFO - Started process (PID=3566) to work on /home/airflow/.local/lib/python3.12/site-packages/airflow/example_dags/example_nested_branch_dag.py
[2024-11-06T00:09:00.287+0000] {processor.py:914} INFO - Processing file /home/airflow/.local/lib/python3.12/site-packages/airflow/example_dags/example_nested_branch_dag.py for tasks to queue
[2024-11-06T00:09:00.290+0000] {logging_mixin.py:190} INFO - [2024-11-06T00:09:00.290+0000] {dagbag.py:588} INFO - Filling up the DagBag from /home/airflow/.local/lib/python3.12/site-packages/airflow/example_dags/example_nested_branch_dag.py
[2024-11-06T00:09:00.308+0000] {processor.py:925} INFO - DAG(s) 'example_nested_branch_dag' retrieved from /home/airflow/.local/lib/python3.12/site-packages/airflow/example_dags/example_nested_branch_dag.py
[2024-11-06T00:09:00.346+0000] {logging_mixin.py:190} INFO - [2024-11-06T00:09:00.345+0000] {dag.py:3239} INFO - Sync 1 DAGs
[2024-11-06T00:09:00.384+0000] {logging_mixin.py:190} INFO - [2024-11-06T00:09:00.384+0000] {dag.py:4180} INFO - Setting next_dagrun for example_nested_branch_dag to 2024-11-05 00:00:00+00:00, run_after=2024-11-06 00:00:00+00:00
[2024-11-06T00:09:00.422+0000] {processor.py:208} INFO - Processing /home/airflow/.local/lib/python3.12/site-packages/airflow/example_dags/example_nested_branch_dag.py took 0.147 seconds
[2024-11-06T00:09:32.109+0000] {processor.py:186} INFO - Started process (PID=3630) to work on /home/airflow/.local/lib/python3.12/site-packages/airflow/example_dags/example_nested_branch_dag.py
[2024-11-06T00:09:32.112+0000] {processor.py:914} INFO - Processing file /home/airflow/.local/lib/python3.12/site-packages/airflow/example_dags/example_nested_branch_dag.py for tasks to queue
[2024-11-06T00:09:32.117+0000] {logging_mixin.py:190} INFO - [2024-11-06T00:09:32.116+0000] {dagbag.py:588} INFO - Filling up the DagBag from /home/airflow/.local/lib/python3.12/site-packages/airflow/example_dags/example_nested_branch_dag.py
[2024-11-06T00:09:32.138+0000] {processor.py:925} INFO - DAG(s) 'example_nested_branch_dag' retrieved from /home/airflow/.local/lib/python3.12/site-packages/airflow/example_dags/example_nested_branch_dag.py
[2024-11-06T00:09:32.190+0000] {logging_mixin.py:190} INFO - [2024-11-06T00:09:32.189+0000] {dag.py:3239} INFO - Sync 1 DAGs
[2024-11-06T00:09:32.231+0000] {logging_mixin.py:190} INFO - [2024-11-06T00:09:32.231+0000] {dag.py:4180} INFO - Setting next_dagrun for example_nested_branch_dag to 2024-11-05 00:00:00+00:00, run_after=2024-11-06 00:00:00+00:00
[2024-11-06T00:09:32.268+0000] {processor.py:208} INFO - Processing /home/airflow/.local/lib/python3.12/site-packages/airflow/example_dags/example_nested_branch_dag.py took 0.177 seconds
[2024-11-06T00:10:03.294+0000] {processor.py:186} INFO - Started process (PID=3694) to work on /home/airflow/.local/lib/python3.12/site-packages/airflow/example_dags/example_nested_branch_dag.py
[2024-11-06T00:10:03.296+0000] {processor.py:914} INFO - Processing file /home/airflow/.local/lib/python3.12/site-packages/airflow/example_dags/example_nested_branch_dag.py for tasks to queue
[2024-11-06T00:10:03.301+0000] {logging_mixin.py:190} INFO - [2024-11-06T00:10:03.301+0000] {dagbag.py:588} INFO - Filling up the DagBag from /home/airflow/.local/lib/python3.12/site-packages/airflow/example_dags/example_nested_branch_dag.py
[2024-11-06T00:10:03.318+0000] {processor.py:925} INFO - DAG(s) 'example_nested_branch_dag' retrieved from /home/airflow/.local/lib/python3.12/site-packages/airflow/example_dags/example_nested_branch_dag.py
[2024-11-06T00:10:03.350+0000] {logging_mixin.py:190} INFO - [2024-11-06T00:10:03.350+0000] {dag.py:3239} INFO - Sync 1 DAGs
[2024-11-06T00:10:03.656+0000] {logging_mixin.py:190} INFO - [2024-11-06T00:10:03.655+0000] {dag.py:4180} INFO - Setting next_dagrun for example_nested_branch_dag to 2024-11-05 00:00:00+00:00, run_after=2024-11-06 00:00:00+00:00
[2024-11-06T00:10:03.707+0000] {processor.py:208} INFO - Processing /home/airflow/.local/lib/python3.12/site-packages/airflow/example_dags/example_nested_branch_dag.py took 0.422 seconds
[2024-11-06T00:10:33.999+0000] {processor.py:186} INFO - Started process (PID=3758) to work on /home/airflow/.local/lib/python3.12/site-packages/airflow/example_dags/example_nested_branch_dag.py
[2024-11-06T00:10:34.001+0000] {processor.py:914} INFO - Processing file /home/airflow/.local/lib/python3.12/site-packages/airflow/example_dags/example_nested_branch_dag.py for tasks to queue
[2024-11-06T00:10:34.005+0000] {logging_mixin.py:190} INFO - [2024-11-06T00:10:34.004+0000] {dagbag.py:588} INFO - Filling up the DagBag from /home/airflow/.local/lib/python3.12/site-packages/airflow/example_dags/example_nested_branch_dag.py
[2024-11-06T00:10:34.026+0000] {processor.py:925} INFO - DAG(s) 'example_nested_branch_dag' retrieved from /home/airflow/.local/lib/python3.12/site-packages/airflow/example_dags/example_nested_branch_dag.py
[2024-11-06T00:10:34.061+0000] {logging_mixin.py:190} INFO - [2024-11-06T00:10:34.060+0000] {dag.py:3239} INFO - Sync 1 DAGs
[2024-11-06T00:10:34.359+0000] {logging_mixin.py:190} INFO - [2024-11-06T00:10:34.359+0000] {dag.py:4180} INFO - Setting next_dagrun for example_nested_branch_dag to 2024-11-05 00:00:00+00:00, run_after=2024-11-06 00:00:00+00:00
[2024-11-06T00:10:34.411+0000] {processor.py:208} INFO - Processing /home/airflow/.local/lib/python3.12/site-packages/airflow/example_dags/example_nested_branch_dag.py took 0.421 seconds
[2024-11-06T00:11:04.636+0000] {processor.py:186} INFO - Started process (PID=3821) to work on /home/airflow/.local/lib/python3.12/site-packages/airflow/example_dags/example_nested_branch_dag.py
[2024-11-06T00:11:04.639+0000] {processor.py:914} INFO - Processing file /home/airflow/.local/lib/python3.12/site-packages/airflow/example_dags/example_nested_branch_dag.py for tasks to queue
[2024-11-06T00:11:04.645+0000] {logging_mixin.py:190} INFO - [2024-11-06T00:11:04.645+0000] {dagbag.py:588} INFO - Filling up the DagBag from /home/airflow/.local/lib/python3.12/site-packages/airflow/example_dags/example_nested_branch_dag.py
[2024-11-06T00:11:04.673+0000] {processor.py:925} INFO - DAG(s) 'example_nested_branch_dag' retrieved from /home/airflow/.local/lib/python3.12/site-packages/airflow/example_dags/example_nested_branch_dag.py
[2024-11-06T00:11:04.714+0000] {logging_mixin.py:190} INFO - [2024-11-06T00:11:04.714+0000] {dag.py:3239} INFO - Sync 1 DAGs
[2024-11-06T00:11:04.756+0000] {logging_mixin.py:190} INFO - [2024-11-06T00:11:04.756+0000] {dag.py:4180} INFO - Setting next_dagrun for example_nested_branch_dag to 2024-11-05 00:00:00+00:00, run_after=2024-11-06 00:00:00+00:00
[2024-11-06T00:11:04.794+0000] {processor.py:208} INFO - Processing /home/airflow/.local/lib/python3.12/site-packages/airflow/example_dags/example_nested_branch_dag.py took 0.174 seconds
[2024-11-06T00:11:35.045+0000] {processor.py:186} INFO - Started process (PID=3885) to work on /home/airflow/.local/lib/python3.12/site-packages/airflow/example_dags/example_nested_branch_dag.py
[2024-11-06T00:11:35.047+0000] {processor.py:914} INFO - Processing file /home/airflow/.local/lib/python3.12/site-packages/airflow/example_dags/example_nested_branch_dag.py for tasks to queue
[2024-11-06T00:11:35.053+0000] {logging_mixin.py:190} INFO - [2024-11-06T00:11:35.052+0000] {dagbag.py:588} INFO - Filling up the DagBag from /home/airflow/.local/lib/python3.12/site-packages/airflow/example_dags/example_nested_branch_dag.py
[2024-11-06T00:11:35.082+0000] {processor.py:925} INFO - DAG(s) 'example_nested_branch_dag' retrieved from /home/airflow/.local/lib/python3.12/site-packages/airflow/example_dags/example_nested_branch_dag.py
[2024-11-06T00:11:35.123+0000] {logging_mixin.py:190} INFO - [2024-11-06T00:11:35.122+0000] {dag.py:3239} INFO - Sync 1 DAGs
[2024-11-06T00:11:35.163+0000] {logging_mixin.py:190} INFO - [2024-11-06T00:11:35.162+0000] {dag.py:4180} INFO - Setting next_dagrun for example_nested_branch_dag to 2024-11-05 00:00:00+00:00, run_after=2024-11-06 00:00:00+00:00
[2024-11-06T00:11:35.201+0000] {processor.py:208} INFO - Processing /home/airflow/.local/lib/python3.12/site-packages/airflow/example_dags/example_nested_branch_dag.py took 0.170 seconds
[2024-11-06T00:12:05.907+0000] {processor.py:186} INFO - Started process (PID=3949) to work on /home/airflow/.local/lib/python3.12/site-packages/airflow/example_dags/example_nested_branch_dag.py
[2024-11-06T00:12:05.908+0000] {processor.py:914} INFO - Processing file /home/airflow/.local/lib/python3.12/site-packages/airflow/example_dags/example_nested_branch_dag.py for tasks to queue
[2024-11-06T00:12:05.913+0000] {logging_mixin.py:190} INFO - [2024-11-06T00:12:05.913+0000] {dagbag.py:588} INFO - Filling up the DagBag from /home/airflow/.local/lib/python3.12/site-packages/airflow/example_dags/example_nested_branch_dag.py
[2024-11-06T00:12:05.932+0000] {processor.py:925} INFO - DAG(s) 'example_nested_branch_dag' retrieved from /home/airflow/.local/lib/python3.12/site-packages/airflow/example_dags/example_nested_branch_dag.py
[2024-11-06T00:12:05.970+0000] {logging_mixin.py:190} INFO - [2024-11-06T00:12:05.970+0000] {dag.py:3239} INFO - Sync 1 DAGs
[2024-11-06T00:12:06.005+0000] {logging_mixin.py:190} INFO - [2024-11-06T00:12:06.004+0000] {dag.py:4180} INFO - Setting next_dagrun for example_nested_branch_dag to 2024-11-05 00:00:00+00:00, run_after=2024-11-06 00:00:00+00:00
[2024-11-06T00:12:06.032+0000] {processor.py:208} INFO - Processing /home/airflow/.local/lib/python3.12/site-packages/airflow/example_dags/example_nested_branch_dag.py took 0.135 seconds
[2024-11-06T00:12:36.143+0000] {processor.py:186} INFO - Started process (PID=4013) to work on /home/airflow/.local/lib/python3.12/site-packages/airflow/example_dags/example_nested_branch_dag.py
[2024-11-06T00:12:36.145+0000] {processor.py:914} INFO - Processing file /home/airflow/.local/lib/python3.12/site-packages/airflow/example_dags/example_nested_branch_dag.py for tasks to queue
[2024-11-06T00:12:36.151+0000] {logging_mixin.py:190} INFO - [2024-11-06T00:12:36.150+0000] {dagbag.py:588} INFO - Filling up the DagBag from /home/airflow/.local/lib/python3.12/site-packages/airflow/example_dags/example_nested_branch_dag.py
[2024-11-06T00:12:36.171+0000] {processor.py:925} INFO - DAG(s) 'example_nested_branch_dag' retrieved from /home/airflow/.local/lib/python3.12/site-packages/airflow/example_dags/example_nested_branch_dag.py
[2024-11-06T00:12:36.206+0000] {logging_mixin.py:190} INFO - [2024-11-06T00:12:36.205+0000] {dag.py:3239} INFO - Sync 1 DAGs
[2024-11-06T00:12:36.242+0000] {logging_mixin.py:190} INFO - [2024-11-06T00:12:36.241+0000] {dag.py:4180} INFO - Setting next_dagrun for example_nested_branch_dag to 2024-11-05 00:00:00+00:00, run_after=2024-11-06 00:00:00+00:00
[2024-11-06T00:12:36.295+0000] {processor.py:208} INFO - Processing /home/airflow/.local/lib/python3.12/site-packages/airflow/example_dags/example_nested_branch_dag.py took 0.164 seconds
[2024-11-06T00:13:06.500+0000] {processor.py:186} INFO - Started process (PID=4078) to work on /home/airflow/.local/lib/python3.12/site-packages/airflow/example_dags/example_nested_branch_dag.py
[2024-11-06T00:13:06.503+0000] {processor.py:914} INFO - Processing file /home/airflow/.local/lib/python3.12/site-packages/airflow/example_dags/example_nested_branch_dag.py for tasks to queue
[2024-11-06T00:13:06.508+0000] {logging_mixin.py:190} INFO - [2024-11-06T00:13:06.508+0000] {dagbag.py:588} INFO - Filling up the DagBag from /home/airflow/.local/lib/python3.12/site-packages/airflow/example_dags/example_nested_branch_dag.py
[2024-11-06T00:13:06.540+0000] {processor.py:925} INFO - DAG(s) 'example_nested_branch_dag' retrieved from /home/airflow/.local/lib/python3.12/site-packages/airflow/example_dags/example_nested_branch_dag.py
[2024-11-06T00:13:06.573+0000] {logging_mixin.py:190} INFO - [2024-11-06T00:13:06.573+0000] {dag.py:3239} INFO - Sync 1 DAGs
[2024-11-06T00:13:06.609+0000] {logging_mixin.py:190} INFO - [2024-11-06T00:13:06.608+0000] {dag.py:4180} INFO - Setting next_dagrun for example_nested_branch_dag to 2024-11-05 00:00:00+00:00, run_after=2024-11-06 00:00:00+00:00
[2024-11-06T00:13:06.645+0000] {processor.py:208} INFO - Processing /home/airflow/.local/lib/python3.12/site-packages/airflow/example_dags/example_nested_branch_dag.py took 0.157 seconds
[2024-11-06T00:13:37.561+0000] {processor.py:186} INFO - Started process (PID=4142) to work on /home/airflow/.local/lib/python3.12/site-packages/airflow/example_dags/example_nested_branch_dag.py
[2024-11-06T00:13:37.563+0000] {processor.py:914} INFO - Processing file /home/airflow/.local/lib/python3.12/site-packages/airflow/example_dags/example_nested_branch_dag.py for tasks to queue
[2024-11-06T00:13:37.568+0000] {logging_mixin.py:190} INFO - [2024-11-06T00:13:37.567+0000] {dagbag.py:588} INFO - Filling up the DagBag from /home/airflow/.local/lib/python3.12/site-packages/airflow/example_dags/example_nested_branch_dag.py
[2024-11-06T00:13:37.589+0000] {processor.py:925} INFO - DAG(s) 'example_nested_branch_dag' retrieved from /home/airflow/.local/lib/python3.12/site-packages/airflow/example_dags/example_nested_branch_dag.py
[2024-11-06T00:13:37.628+0000] {logging_mixin.py:190} INFO - [2024-11-06T00:13:37.628+0000] {dag.py:3239} INFO - Sync 1 DAGs
[2024-11-06T00:13:37.673+0000] {logging_mixin.py:190} INFO - [2024-11-06T00:13:37.672+0000] {dag.py:4180} INFO - Setting next_dagrun for example_nested_branch_dag to 2024-11-05 00:00:00+00:00, run_after=2024-11-06 00:00:00+00:00
[2024-11-06T00:13:37.705+0000] {processor.py:208} INFO - Processing /home/airflow/.local/lib/python3.12/site-packages/airflow/example_dags/example_nested_branch_dag.py took 0.155 seconds
[2024-11-06T00:14:08.690+0000] {processor.py:186} INFO - Started process (PID=4206) to work on /home/airflow/.local/lib/python3.12/site-packages/airflow/example_dags/example_nested_branch_dag.py
[2024-11-06T00:14:08.692+0000] {processor.py:914} INFO - Processing file /home/airflow/.local/lib/python3.12/site-packages/airflow/example_dags/example_nested_branch_dag.py for tasks to queue
[2024-11-06T00:14:08.696+0000] {logging_mixin.py:190} INFO - [2024-11-06T00:14:08.695+0000] {dagbag.py:588} INFO - Filling up the DagBag from /home/airflow/.local/lib/python3.12/site-packages/airflow/example_dags/example_nested_branch_dag.py
[2024-11-06T00:14:08.713+0000] {processor.py:925} INFO - DAG(s) 'example_nested_branch_dag' retrieved from /home/airflow/.local/lib/python3.12/site-packages/airflow/example_dags/example_nested_branch_dag.py
[2024-11-06T00:14:08.746+0000] {logging_mixin.py:190} INFO - [2024-11-06T00:14:08.746+0000] {dag.py:3239} INFO - Sync 1 DAGs
[2024-11-06T00:14:08.783+0000] {logging_mixin.py:190} INFO - [2024-11-06T00:14:08.782+0000] {dag.py:4180} INFO - Setting next_dagrun for example_nested_branch_dag to 2024-11-05 00:00:00+00:00, run_after=2024-11-06 00:00:00+00:00
[2024-11-06T00:14:08.812+0000] {processor.py:208} INFO - Processing /home/airflow/.local/lib/python3.12/site-packages/airflow/example_dags/example_nested_branch_dag.py took 0.131 seconds
[2024-11-06T00:14:39.590+0000] {processor.py:186} INFO - Started process (PID=4270) to work on /home/airflow/.local/lib/python3.12/site-packages/airflow/example_dags/example_nested_branch_dag.py
[2024-11-06T00:14:39.592+0000] {processor.py:914} INFO - Processing file /home/airflow/.local/lib/python3.12/site-packages/airflow/example_dags/example_nested_branch_dag.py for tasks to queue
[2024-11-06T00:14:39.597+0000] {logging_mixin.py:190} INFO - [2024-11-06T00:14:39.596+0000] {dagbag.py:588} INFO - Filling up the DagBag from /home/airflow/.local/lib/python3.12/site-packages/airflow/example_dags/example_nested_branch_dag.py
[2024-11-06T00:14:39.618+0000] {processor.py:925} INFO - DAG(s) 'example_nested_branch_dag' retrieved from /home/airflow/.local/lib/python3.12/site-packages/airflow/example_dags/example_nested_branch_dag.py
[2024-11-06T00:14:39.654+0000] {logging_mixin.py:190} INFO - [2024-11-06T00:14:39.654+0000] {dag.py:3239} INFO - Sync 1 DAGs
[2024-11-06T00:14:39.696+0000] {logging_mixin.py:190} INFO - [2024-11-06T00:14:39.695+0000] {dag.py:4180} INFO - Setting next_dagrun for example_nested_branch_dag to 2024-11-05 00:00:00+00:00, run_after=2024-11-06 00:00:00+00:00
[2024-11-06T00:14:39.745+0000] {processor.py:208} INFO - Processing /home/airflow/.local/lib/python3.12/site-packages/airflow/example_dags/example_nested_branch_dag.py took 0.168 seconds
[2024-11-06T00:15:10.289+0000] {processor.py:186} INFO - Started process (PID=4334) to work on /home/airflow/.local/lib/python3.12/site-packages/airflow/example_dags/example_nested_branch_dag.py
[2024-11-06T00:15:10.290+0000] {processor.py:914} INFO - Processing file /home/airflow/.local/lib/python3.12/site-packages/airflow/example_dags/example_nested_branch_dag.py for tasks to queue
[2024-11-06T00:15:10.294+0000] {logging_mixin.py:190} INFO - [2024-11-06T00:15:10.294+0000] {dagbag.py:588} INFO - Filling up the DagBag from /home/airflow/.local/lib/python3.12/site-packages/airflow/example_dags/example_nested_branch_dag.py
[2024-11-06T00:15:10.312+0000] {processor.py:925} INFO - DAG(s) 'example_nested_branch_dag' retrieved from /home/airflow/.local/lib/python3.12/site-packages/airflow/example_dags/example_nested_branch_dag.py
[2024-11-06T00:15:10.348+0000] {logging_mixin.py:190} INFO - [2024-11-06T00:15:10.347+0000] {dag.py:3239} INFO - Sync 1 DAGs
[2024-11-06T00:15:10.384+0000] {logging_mixin.py:190} INFO - [2024-11-06T00:15:10.383+0000] {dag.py:4180} INFO - Setting next_dagrun for example_nested_branch_dag to 2024-11-05 00:00:00+00:00, run_after=2024-11-06 00:00:00+00:00
[2024-11-06T00:15:10.431+0000] {processor.py:208} INFO - Processing /home/airflow/.local/lib/python3.12/site-packages/airflow/example_dags/example_nested_branch_dag.py took 0.153 seconds
[2024-11-06T00:15:40.731+0000] {processor.py:186} INFO - Started process (PID=4398) to work on /home/airflow/.local/lib/python3.12/site-packages/airflow/example_dags/example_nested_branch_dag.py
[2024-11-06T00:15:40.732+0000] {processor.py:914} INFO - Processing file /home/airflow/.local/lib/python3.12/site-packages/airflow/example_dags/example_nested_branch_dag.py for tasks to queue
[2024-11-06T00:15:40.737+0000] {logging_mixin.py:190} INFO - [2024-11-06T00:15:40.736+0000] {dagbag.py:588} INFO - Filling up the DagBag from /home/airflow/.local/lib/python3.12/site-packages/airflow/example_dags/example_nested_branch_dag.py
[2024-11-06T00:15:40.756+0000] {processor.py:925} INFO - DAG(s) 'example_nested_branch_dag' retrieved from /home/airflow/.local/lib/python3.12/site-packages/airflow/example_dags/example_nested_branch_dag.py
[2024-11-06T00:15:40.790+0000] {logging_mixin.py:190} INFO - [2024-11-06T00:15:40.789+0000] {dag.py:3239} INFO - Sync 1 DAGs
[2024-11-06T00:15:40.830+0000] {logging_mixin.py:190} INFO - [2024-11-06T00:15:40.829+0000] {dag.py:4180} INFO - Setting next_dagrun for example_nested_branch_dag to 2024-11-05 00:00:00+00:00, run_after=2024-11-06 00:00:00+00:00
[2024-11-06T00:15:40.870+0000] {processor.py:208} INFO - Processing /home/airflow/.local/lib/python3.12/site-packages/airflow/example_dags/example_nested_branch_dag.py took 0.151 seconds
[2024-11-06T00:16:11.427+0000] {processor.py:186} INFO - Started process (PID=4462) to work on /home/airflow/.local/lib/python3.12/site-packages/airflow/example_dags/example_nested_branch_dag.py
[2024-11-06T00:16:11.428+0000] {processor.py:914} INFO - Processing file /home/airflow/.local/lib/python3.12/site-packages/airflow/example_dags/example_nested_branch_dag.py for tasks to queue
[2024-11-06T00:16:11.432+0000] {logging_mixin.py:190} INFO - [2024-11-06T00:16:11.432+0000] {dagbag.py:588} INFO - Filling up the DagBag from /home/airflow/.local/lib/python3.12/site-packages/airflow/example_dags/example_nested_branch_dag.py
[2024-11-06T00:16:11.450+0000] {processor.py:925} INFO - DAG(s) 'example_nested_branch_dag' retrieved from /home/airflow/.local/lib/python3.12/site-packages/airflow/example_dags/example_nested_branch_dag.py
[2024-11-06T00:16:11.495+0000] {logging_mixin.py:190} INFO - [2024-11-06T00:16:11.495+0000] {dag.py:3239} INFO - Sync 1 DAGs
[2024-11-06T00:16:11.535+0000] {logging_mixin.py:190} INFO - [2024-11-06T00:16:11.534+0000] {dag.py:4180} INFO - Setting next_dagrun for example_nested_branch_dag to 2024-11-05 00:00:00+00:00, run_after=2024-11-06 00:00:00+00:00
[2024-11-06T00:16:11.567+0000] {processor.py:208} INFO - Processing /home/airflow/.local/lib/python3.12/site-packages/airflow/example_dags/example_nested_branch_dag.py took 0.151 seconds
[2024-11-06T00:18:31.076+0000] {processor.py:186} INFO - Started process (PID=80) to work on /home/airflow/.local/lib/python3.12/site-packages/airflow/example_dags/example_nested_branch_dag.py
[2024-11-06T00:18:31.078+0000] {processor.py:914} INFO - Processing file /home/airflow/.local/lib/python3.12/site-packages/airflow/example_dags/example_nested_branch_dag.py for tasks to queue
[2024-11-06T00:18:31.083+0000] {logging_mixin.py:190} INFO - [2024-11-06T00:18:31.082+0000] {dagbag.py:588} INFO - Filling up the DagBag from /home/airflow/.local/lib/python3.12/site-packages/airflow/example_dags/example_nested_branch_dag.py
[2024-11-06T00:18:31.106+0000] {processor.py:925} INFO - DAG(s) 'example_nested_branch_dag' retrieved from /home/airflow/.local/lib/python3.12/site-packages/airflow/example_dags/example_nested_branch_dag.py
[2024-11-06T00:18:31.162+0000] {logging_mixin.py:190} INFO - [2024-11-06T00:18:31.162+0000] {dag.py:3239} INFO - Sync 1 DAGs
[2024-11-06T00:18:31.216+0000] {logging_mixin.py:190} INFO - [2024-11-06T00:18:31.216+0000] {dag.py:4180} INFO - Setting next_dagrun for example_nested_branch_dag to 2024-11-05 00:00:00+00:00, run_after=2024-11-06 00:00:00+00:00
[2024-11-06T00:18:31.249+0000] {processor.py:208} INFO - Processing /home/airflow/.local/lib/python3.12/site-packages/airflow/example_dags/example_nested_branch_dag.py took 0.184 seconds
[2024-11-06T00:19:03.060+0000] {processor.py:186} INFO - Started process (PID=150) to work on /home/airflow/.local/lib/python3.12/site-packages/airflow/example_dags/example_nested_branch_dag.py
[2024-11-06T00:19:03.063+0000] {processor.py:914} INFO - Processing file /home/airflow/.local/lib/python3.12/site-packages/airflow/example_dags/example_nested_branch_dag.py for tasks to queue
[2024-11-06T00:19:03.068+0000] {logging_mixin.py:190} INFO - [2024-11-06T00:19:03.068+0000] {dagbag.py:588} INFO - Filling up the DagBag from /home/airflow/.local/lib/python3.12/site-packages/airflow/example_dags/example_nested_branch_dag.py
[2024-11-06T00:19:03.091+0000] {processor.py:925} INFO - DAG(s) 'example_nested_branch_dag' retrieved from /home/airflow/.local/lib/python3.12/site-packages/airflow/example_dags/example_nested_branch_dag.py
[2024-11-06T00:19:03.129+0000] {logging_mixin.py:190} INFO - [2024-11-06T00:19:03.128+0000] {dag.py:3239} INFO - Sync 1 DAGs
[2024-11-06T00:19:03.174+0000] {logging_mixin.py:190} INFO - [2024-11-06T00:19:03.174+0000] {dag.py:4180} INFO - Setting next_dagrun for example_nested_branch_dag to 2024-11-05 00:00:00+00:00, run_after=2024-11-06 00:00:00+00:00
[2024-11-06T00:19:03.217+0000] {processor.py:208} INFO - Processing /home/airflow/.local/lib/python3.12/site-packages/airflow/example_dags/example_nested_branch_dag.py took 0.167 seconds
[2024-11-06T00:19:34.533+0000] {processor.py:186} INFO - Started process (PID=214) to work on /home/airflow/.local/lib/python3.12/site-packages/airflow/example_dags/example_nested_branch_dag.py
[2024-11-06T00:19:34.534+0000] {processor.py:914} INFO - Processing file /home/airflow/.local/lib/python3.12/site-packages/airflow/example_dags/example_nested_branch_dag.py for tasks to queue
[2024-11-06T00:19:34.538+0000] {logging_mixin.py:190} INFO - [2024-11-06T00:19:34.538+0000] {dagbag.py:588} INFO - Filling up the DagBag from /home/airflow/.local/lib/python3.12/site-packages/airflow/example_dags/example_nested_branch_dag.py
[2024-11-06T00:19:34.555+0000] {processor.py:925} INFO - DAG(s) 'example_nested_branch_dag' retrieved from /home/airflow/.local/lib/python3.12/site-packages/airflow/example_dags/example_nested_branch_dag.py
[2024-11-06T00:19:34.588+0000] {logging_mixin.py:190} INFO - [2024-11-06T00:19:34.588+0000] {dag.py:3239} INFO - Sync 1 DAGs
[2024-11-06T00:19:34.634+0000] {logging_mixin.py:190} INFO - [2024-11-06T00:19:34.633+0000] {dag.py:4180} INFO - Setting next_dagrun for example_nested_branch_dag to 2024-11-05 00:00:00+00:00, run_after=2024-11-06 00:00:00+00:00
[2024-11-06T00:19:34.675+0000] {processor.py:208} INFO - Processing /home/airflow/.local/lib/python3.12/site-packages/airflow/example_dags/example_nested_branch_dag.py took 0.152 seconds
[2024-11-06T00:20:06.123+0000] {processor.py:186} INFO - Started process (PID=278) to work on /home/airflow/.local/lib/python3.12/site-packages/airflow/example_dags/example_nested_branch_dag.py
[2024-11-06T00:20:06.125+0000] {processor.py:914} INFO - Processing file /home/airflow/.local/lib/python3.12/site-packages/airflow/example_dags/example_nested_branch_dag.py for tasks to queue
[2024-11-06T00:20:06.130+0000] {logging_mixin.py:190} INFO - [2024-11-06T00:20:06.129+0000] {dagbag.py:588} INFO - Filling up the DagBag from /home/airflow/.local/lib/python3.12/site-packages/airflow/example_dags/example_nested_branch_dag.py
[2024-11-06T00:20:06.150+0000] {processor.py:925} INFO - DAG(s) 'example_nested_branch_dag' retrieved from /home/airflow/.local/lib/python3.12/site-packages/airflow/example_dags/example_nested_branch_dag.py
[2024-11-06T00:20:06.183+0000] {logging_mixin.py:190} INFO - [2024-11-06T00:20:06.183+0000] {dag.py:3239} INFO - Sync 1 DAGs
[2024-11-06T00:20:06.243+0000] {logging_mixin.py:190} INFO - [2024-11-06T00:20:06.243+0000] {dag.py:4180} INFO - Setting next_dagrun for example_nested_branch_dag to 2024-11-05 00:00:00+00:00, run_after=2024-11-06 00:00:00+00:00
[2024-11-06T00:20:06.316+0000] {processor.py:208} INFO - Processing /home/airflow/.local/lib/python3.12/site-packages/airflow/example_dags/example_nested_branch_dag.py took 0.207 seconds
[2024-11-06T00:20:37.056+0000] {processor.py:186} INFO - Started process (PID=342) to work on /home/airflow/.local/lib/python3.12/site-packages/airflow/example_dags/example_nested_branch_dag.py
[2024-11-06T00:20:37.058+0000] {processor.py:914} INFO - Processing file /home/airflow/.local/lib/python3.12/site-packages/airflow/example_dags/example_nested_branch_dag.py for tasks to queue
[2024-11-06T00:20:37.062+0000] {logging_mixin.py:190} INFO - [2024-11-06T00:20:37.062+0000] {dagbag.py:588} INFO - Filling up the DagBag from /home/airflow/.local/lib/python3.12/site-packages/airflow/example_dags/example_nested_branch_dag.py
[2024-11-06T00:20:37.085+0000] {processor.py:925} INFO - DAG(s) 'example_nested_branch_dag' retrieved from /home/airflow/.local/lib/python3.12/site-packages/airflow/example_dags/example_nested_branch_dag.py
[2024-11-06T00:20:37.128+0000] {logging_mixin.py:190} INFO - [2024-11-06T00:20:37.128+0000] {dag.py:3239} INFO - Sync 1 DAGs
[2024-11-06T00:20:37.177+0000] {logging_mixin.py:190} INFO - [2024-11-06T00:20:37.176+0000] {dag.py:4180} INFO - Setting next_dagrun for example_nested_branch_dag to 2024-11-05 00:00:00+00:00, run_after=2024-11-06 00:00:00+00:00
[2024-11-06T00:20:37.215+0000] {processor.py:208} INFO - Processing /home/airflow/.local/lib/python3.12/site-packages/airflow/example_dags/example_nested_branch_dag.py took 0.173 seconds
[2024-11-06T00:21:09.255+0000] {processor.py:186} INFO - Started process (PID=406) to work on /home/airflow/.local/lib/python3.12/site-packages/airflow/example_dags/example_nested_branch_dag.py
[2024-11-06T00:21:09.256+0000] {processor.py:914} INFO - Processing file /home/airflow/.local/lib/python3.12/site-packages/airflow/example_dags/example_nested_branch_dag.py for tasks to queue
[2024-11-06T00:21:09.261+0000] {logging_mixin.py:190} INFO - [2024-11-06T00:21:09.260+0000] {dagbag.py:588} INFO - Filling up the DagBag from /home/airflow/.local/lib/python3.12/site-packages/airflow/example_dags/example_nested_branch_dag.py
[2024-11-06T00:21:09.281+0000] {processor.py:925} INFO - DAG(s) 'example_nested_branch_dag' retrieved from /home/airflow/.local/lib/python3.12/site-packages/airflow/example_dags/example_nested_branch_dag.py
[2024-11-06T00:21:09.322+0000] {logging_mixin.py:190} INFO - [2024-11-06T00:21:09.321+0000] {dag.py:3239} INFO - Sync 1 DAGs
[2024-11-06T00:21:09.375+0000] {logging_mixin.py:190} INFO - [2024-11-06T00:21:09.375+0000] {dag.py:4180} INFO - Setting next_dagrun for example_nested_branch_dag to 2024-11-05 00:00:00+00:00, run_after=2024-11-06 00:00:00+00:00
[2024-11-06T00:21:09.411+0000] {processor.py:208} INFO - Processing /home/airflow/.local/lib/python3.12/site-packages/airflow/example_dags/example_nested_branch_dag.py took 0.165 seconds
[2024-11-06T00:21:41.931+0000] {processor.py:186} INFO - Started process (PID=470) to work on /home/airflow/.local/lib/python3.12/site-packages/airflow/example_dags/example_nested_branch_dag.py
[2024-11-06T00:21:41.940+0000] {processor.py:914} INFO - Processing file /home/airflow/.local/lib/python3.12/site-packages/airflow/example_dags/example_nested_branch_dag.py for tasks to queue
[2024-11-06T00:21:41.955+0000] {logging_mixin.py:190} INFO - [2024-11-06T00:21:41.954+0000] {dagbag.py:588} INFO - Filling up the DagBag from /home/airflow/.local/lib/python3.12/site-packages/airflow/example_dags/example_nested_branch_dag.py
[2024-11-06T00:21:41.998+0000] {processor.py:925} INFO - DAG(s) 'example_nested_branch_dag' retrieved from /home/airflow/.local/lib/python3.12/site-packages/airflow/example_dags/example_nested_branch_dag.py
[2024-11-06T00:21:42.092+0000] {logging_mixin.py:190} INFO - [2024-11-06T00:21:42.091+0000] {dag.py:3239} INFO - Sync 1 DAGs
[2024-11-06T00:21:42.177+0000] {logging_mixin.py:190} INFO - [2024-11-06T00:21:42.176+0000] {dag.py:4180} INFO - Setting next_dagrun for example_nested_branch_dag to 2024-11-05 00:00:00+00:00, run_after=2024-11-06 00:00:00+00:00
[2024-11-06T00:21:42.302+0000] {processor.py:208} INFO - Processing /home/airflow/.local/lib/python3.12/site-packages/airflow/example_dags/example_nested_branch_dag.py took 0.384 seconds
[2024-11-06T00:23:43.863+0000] {processor.py:186} INFO - Started process (PID=79) to work on /home/airflow/.local/lib/python3.12/site-packages/airflow/example_dags/example_nested_branch_dag.py
[2024-11-06T00:23:43.869+0000] {processor.py:914} INFO - Processing file /home/airflow/.local/lib/python3.12/site-packages/airflow/example_dags/example_nested_branch_dag.py for tasks to queue
[2024-11-06T00:23:43.874+0000] {logging_mixin.py:190} INFO - [2024-11-06T00:23:43.873+0000] {dagbag.py:588} INFO - Filling up the DagBag from /home/airflow/.local/lib/python3.12/site-packages/airflow/example_dags/example_nested_branch_dag.py
[2024-11-06T00:23:43.894+0000] {processor.py:925} INFO - DAG(s) 'example_nested_branch_dag' retrieved from /home/airflow/.local/lib/python3.12/site-packages/airflow/example_dags/example_nested_branch_dag.py
[2024-11-06T00:23:43.936+0000] {logging_mixin.py:190} INFO - [2024-11-06T00:23:43.935+0000] {dag.py:3239} INFO - Sync 1 DAGs
[2024-11-06T00:23:43.986+0000] {logging_mixin.py:190} INFO - [2024-11-06T00:23:43.986+0000] {dag.py:4180} INFO - Setting next_dagrun for example_nested_branch_dag to 2024-11-05 00:00:00+00:00, run_after=2024-11-06 00:00:00+00:00
[2024-11-06T00:23:44.020+0000] {processor.py:208} INFO - Processing /home/airflow/.local/lib/python3.12/site-packages/airflow/example_dags/example_nested_branch_dag.py took 0.167 seconds
[2024-11-06T00:24:15.515+0000] {processor.py:186} INFO - Started process (PID=143) to work on /home/airflow/.local/lib/python3.12/site-packages/airflow/example_dags/example_nested_branch_dag.py
[2024-11-06T00:24:15.517+0000] {processor.py:914} INFO - Processing file /home/airflow/.local/lib/python3.12/site-packages/airflow/example_dags/example_nested_branch_dag.py for tasks to queue
[2024-11-06T00:24:15.522+0000] {logging_mixin.py:190} INFO - [2024-11-06T00:24:15.521+0000] {dagbag.py:588} INFO - Filling up the DagBag from /home/airflow/.local/lib/python3.12/site-packages/airflow/example_dags/example_nested_branch_dag.py
[2024-11-06T00:24:15.540+0000] {processor.py:925} INFO - DAG(s) 'example_nested_branch_dag' retrieved from /home/airflow/.local/lib/python3.12/site-packages/airflow/example_dags/example_nested_branch_dag.py
[2024-11-06T00:24:15.581+0000] {logging_mixin.py:190} INFO - [2024-11-06T00:24:15.581+0000] {dag.py:3239} INFO - Sync 1 DAGs
[2024-11-06T00:24:15.628+0000] {logging_mixin.py:190} INFO - [2024-11-06T00:24:15.628+0000] {dag.py:4180} INFO - Setting next_dagrun for example_nested_branch_dag to 2024-11-05 00:00:00+00:00, run_after=2024-11-06 00:00:00+00:00
[2024-11-06T00:24:15.667+0000] {processor.py:208} INFO - Processing /home/airflow/.local/lib/python3.12/site-packages/airflow/example_dags/example_nested_branch_dag.py took 0.165 seconds
[2024-11-06T00:26:20.614+0000] {processor.py:186} INFO - Started process (PID=79) to work on /home/airflow/.local/lib/python3.12/site-packages/airflow/example_dags/example_nested_branch_dag.py
[2024-11-06T00:26:20.616+0000] {processor.py:914} INFO - Processing file /home/airflow/.local/lib/python3.12/site-packages/airflow/example_dags/example_nested_branch_dag.py for tasks to queue
[2024-11-06T00:26:20.620+0000] {logging_mixin.py:190} INFO - [2024-11-06T00:26:20.620+0000] {dagbag.py:588} INFO - Filling up the DagBag from /home/airflow/.local/lib/python3.12/site-packages/airflow/example_dags/example_nested_branch_dag.py
[2024-11-06T00:26:20.642+0000] {processor.py:925} INFO - DAG(s) 'example_nested_branch_dag' retrieved from /home/airflow/.local/lib/python3.12/site-packages/airflow/example_dags/example_nested_branch_dag.py
[2024-11-06T00:26:20.700+0000] {logging_mixin.py:190} INFO - [2024-11-06T00:26:20.699+0000] {dag.py:3239} INFO - Sync 1 DAGs
[2024-11-06T00:26:20.751+0000] {logging_mixin.py:190} INFO - [2024-11-06T00:26:20.751+0000] {dag.py:4180} INFO - Setting next_dagrun for example_nested_branch_dag to 2024-11-05 00:00:00+00:00, run_after=2024-11-06 00:00:00+00:00
[2024-11-06T00:26:20.782+0000] {processor.py:208} INFO - Processing /home/airflow/.local/lib/python3.12/site-packages/airflow/example_dags/example_nested_branch_dag.py took 0.177 seconds
[2024-11-06T00:26:52.702+0000] {processor.py:186} INFO - Started process (PID=143) to work on /home/airflow/.local/lib/python3.12/site-packages/airflow/example_dags/example_nested_branch_dag.py
[2024-11-06T00:26:52.704+0000] {processor.py:914} INFO - Processing file /home/airflow/.local/lib/python3.12/site-packages/airflow/example_dags/example_nested_branch_dag.py for tasks to queue
[2024-11-06T00:26:52.709+0000] {logging_mixin.py:190} INFO - [2024-11-06T00:26:52.709+0000] {dagbag.py:588} INFO - Filling up the DagBag from /home/airflow/.local/lib/python3.12/site-packages/airflow/example_dags/example_nested_branch_dag.py
[2024-11-06T00:26:52.732+0000] {processor.py:925} INFO - DAG(s) 'example_nested_branch_dag' retrieved from /home/airflow/.local/lib/python3.12/site-packages/airflow/example_dags/example_nested_branch_dag.py
[2024-11-06T00:26:52.780+0000] {logging_mixin.py:190} INFO - [2024-11-06T00:26:52.779+0000] {dag.py:3239} INFO - Sync 1 DAGs
[2024-11-06T00:26:52.834+0000] {logging_mixin.py:190} INFO - [2024-11-06T00:26:52.833+0000] {dag.py:4180} INFO - Setting next_dagrun for example_nested_branch_dag to 2024-11-05 00:00:00+00:00, run_after=2024-11-06 00:00:00+00:00
[2024-11-06T00:26:52.866+0000] {processor.py:208} INFO - Processing /home/airflow/.local/lib/python3.12/site-packages/airflow/example_dags/example_nested_branch_dag.py took 0.178 seconds
[2024-11-06T00:27:24.682+0000] {processor.py:186} INFO - Started process (PID=207) to work on /home/airflow/.local/lib/python3.12/site-packages/airflow/example_dags/example_nested_branch_dag.py
[2024-11-06T00:27:24.684+0000] {processor.py:914} INFO - Processing file /home/airflow/.local/lib/python3.12/site-packages/airflow/example_dags/example_nested_branch_dag.py for tasks to queue
[2024-11-06T00:27:24.689+0000] {logging_mixin.py:190} INFO - [2024-11-06T00:27:24.689+0000] {dagbag.py:588} INFO - Filling up the DagBag from /home/airflow/.local/lib/python3.12/site-packages/airflow/example_dags/example_nested_branch_dag.py
[2024-11-06T00:27:24.709+0000] {processor.py:925} INFO - DAG(s) 'example_nested_branch_dag' retrieved from /home/airflow/.local/lib/python3.12/site-packages/airflow/example_dags/example_nested_branch_dag.py
[2024-11-06T00:27:24.747+0000] {logging_mixin.py:190} INFO - [2024-11-06T00:27:24.746+0000] {dag.py:3239} INFO - Sync 1 DAGs
[2024-11-06T00:27:24.799+0000] {logging_mixin.py:190} INFO - [2024-11-06T00:27:24.798+0000] {dag.py:4180} INFO - Setting next_dagrun for example_nested_branch_dag to 2024-11-05 00:00:00+00:00, run_after=2024-11-06 00:00:00+00:00
[2024-11-06T00:27:24.826+0000] {processor.py:208} INFO - Processing /home/airflow/.local/lib/python3.12/site-packages/airflow/example_dags/example_nested_branch_dag.py took 0.155 seconds
