[2024-11-06T00:00:09.438+0000] {processor.py:186} INFO - Started process (PID=2468) to work on /home/airflow/.local/lib/python3.12/site-packages/airflow/example_dags/example_branch_python_dop_operator_3.py
[2024-11-06T00:00:09.440+0000] {processor.py:914} INFO - Processing file /home/airflow/.local/lib/python3.12/site-packages/airflow/example_dags/example_branch_python_dop_operator_3.py for tasks to queue
[2024-11-06T00:00:09.444+0000] {logging_mixin.py:190} INFO - [2024-11-06T00:00:09.444+0000] {dagbag.py:588} INFO - Filling up the DagBag from /home/airflow/.local/lib/python3.12/site-packages/airflow/example_dags/example_branch_python_dop_operator_3.py
[2024-11-06T00:00:09.460+0000] {processor.py:925} INFO - DAG(s) 'example_branch_dop_operator_v3' retrieved from /home/airflow/.local/lib/python3.12/site-packages/airflow/example_dags/example_branch_python_dop_operator_3.py
[2024-11-06T00:00:09.505+0000] {logging_mixin.py:190} INFO - [2024-11-06T00:00:09.504+0000] {dag.py:3239} INFO - Sync 1 DAGs
[2024-11-06T00:00:09.552+0000] {logging_mixin.py:190} INFO - [2024-11-06T00:00:09.552+0000] {dag.py:4180} INFO - Setting next_dagrun for example_branch_dop_operator_v3 to 2024-11-05 23:59:00+00:00, run_after=2024-11-06 00:00:00+00:00
[2024-11-06T00:00:09.592+0000] {processor.py:208} INFO - Processing /home/airflow/.local/lib/python3.12/site-packages/airflow/example_dags/example_branch_python_dop_operator_3.py took 0.163 seconds
[2024-11-06T00:00:39.734+0000] {processor.py:186} INFO - Started process (PID=2532) to work on /home/airflow/.local/lib/python3.12/site-packages/airflow/example_dags/example_branch_python_dop_operator_3.py
[2024-11-06T00:00:39.735+0000] {processor.py:914} INFO - Processing file /home/airflow/.local/lib/python3.12/site-packages/airflow/example_dags/example_branch_python_dop_operator_3.py for tasks to queue
[2024-11-06T00:00:39.742+0000] {logging_mixin.py:190} INFO - [2024-11-06T00:00:39.739+0000] {dagbag.py:588} INFO - Filling up the DagBag from /home/airflow/.local/lib/python3.12/site-packages/airflow/example_dags/example_branch_python_dop_operator_3.py
[2024-11-06T00:00:39.762+0000] {processor.py:925} INFO - DAG(s) 'example_branch_dop_operator_v3' retrieved from /home/airflow/.local/lib/python3.12/site-packages/airflow/example_dags/example_branch_python_dop_operator_3.py
[2024-11-06T00:00:39.796+0000] {logging_mixin.py:190} INFO - [2024-11-06T00:00:39.795+0000] {dag.py:3239} INFO - Sync 1 DAGs
[2024-11-06T00:00:39.830+0000] {logging_mixin.py:190} INFO - [2024-11-06T00:00:39.829+0000] {dag.py:4180} INFO - Setting next_dagrun for example_branch_dop_operator_v3 to 2024-11-05 23:59:00+00:00, run_after=2024-11-06 00:00:00+00:00
[2024-11-06T00:00:39.885+0000] {processor.py:208} INFO - Processing /home/airflow/.local/lib/python3.12/site-packages/airflow/example_dags/example_branch_python_dop_operator_3.py took 0.162 seconds
[2024-11-06T00:01:10.070+0000] {processor.py:186} INFO - Started process (PID=2596) to work on /home/airflow/.local/lib/python3.12/site-packages/airflow/example_dags/example_branch_python_dop_operator_3.py
[2024-11-06T00:01:10.072+0000] {processor.py:914} INFO - Processing file /home/airflow/.local/lib/python3.12/site-packages/airflow/example_dags/example_branch_python_dop_operator_3.py for tasks to queue
[2024-11-06T00:01:10.076+0000] {logging_mixin.py:190} INFO - [2024-11-06T00:01:10.075+0000] {dagbag.py:588} INFO - Filling up the DagBag from /home/airflow/.local/lib/python3.12/site-packages/airflow/example_dags/example_branch_python_dop_operator_3.py
[2024-11-06T00:01:10.093+0000] {processor.py:925} INFO - DAG(s) 'example_branch_dop_operator_v3' retrieved from /home/airflow/.local/lib/python3.12/site-packages/airflow/example_dags/example_branch_python_dop_operator_3.py
[2024-11-06T00:01:10.155+0000] {logging_mixin.py:190} INFO - [2024-11-06T00:01:10.154+0000] {dag.py:3239} INFO - Sync 1 DAGs
[2024-11-06T00:01:10.213+0000] {logging_mixin.py:190} INFO - [2024-11-06T00:01:10.212+0000] {dag.py:4180} INFO - Setting next_dagrun for example_branch_dop_operator_v3 to 2024-11-06 00:00:00+00:00, run_after=2024-11-06 00:01:00+00:00
[2024-11-06T00:01:10.247+0000] {processor.py:208} INFO - Processing /home/airflow/.local/lib/python3.12/site-packages/airflow/example_dags/example_branch_python_dop_operator_3.py took 0.187 seconds
[2024-11-06T00:01:41.946+0000] {processor.py:186} INFO - Started process (PID=2661) to work on /home/airflow/.local/lib/python3.12/site-packages/airflow/example_dags/example_branch_python_dop_operator_3.py
[2024-11-06T00:01:41.948+0000] {processor.py:914} INFO - Processing file /home/airflow/.local/lib/python3.12/site-packages/airflow/example_dags/example_branch_python_dop_operator_3.py for tasks to queue
[2024-11-06T00:01:41.953+0000] {logging_mixin.py:190} INFO - [2024-11-06T00:01:41.952+0000] {dagbag.py:588} INFO - Filling up the DagBag from /home/airflow/.local/lib/python3.12/site-packages/airflow/example_dags/example_branch_python_dop_operator_3.py
[2024-11-06T00:01:41.971+0000] {processor.py:925} INFO - DAG(s) 'example_branch_dop_operator_v3' retrieved from /home/airflow/.local/lib/python3.12/site-packages/airflow/example_dags/example_branch_python_dop_operator_3.py
[2024-11-06T00:01:42.008+0000] {logging_mixin.py:190} INFO - [2024-11-06T00:01:42.007+0000] {dag.py:3239} INFO - Sync 1 DAGs
[2024-11-06T00:01:42.054+0000] {logging_mixin.py:190} INFO - [2024-11-06T00:01:42.053+0000] {dag.py:4180} INFO - Setting next_dagrun for example_branch_dop_operator_v3 to 2024-11-06 00:00:00+00:00, run_after=2024-11-06 00:01:00+00:00
[2024-11-06T00:01:42.089+0000] {processor.py:208} INFO - Processing /home/airflow/.local/lib/python3.12/site-packages/airflow/example_dags/example_branch_python_dop_operator_3.py took 0.157 seconds
[2024-11-06T00:02:13.562+0000] {processor.py:186} INFO - Started process (PID=2727) to work on /home/airflow/.local/lib/python3.12/site-packages/airflow/example_dags/example_branch_python_dop_operator_3.py
[2024-11-06T00:02:13.565+0000] {processor.py:914} INFO - Processing file /home/airflow/.local/lib/python3.12/site-packages/airflow/example_dags/example_branch_python_dop_operator_3.py for tasks to queue
[2024-11-06T00:02:13.572+0000] {logging_mixin.py:190} INFO - [2024-11-06T00:02:13.571+0000] {dagbag.py:588} INFO - Filling up the DagBag from /home/airflow/.local/lib/python3.12/site-packages/airflow/example_dags/example_branch_python_dop_operator_3.py
[2024-11-06T00:02:13.602+0000] {processor.py:925} INFO - DAG(s) 'example_branch_dop_operator_v3' retrieved from /home/airflow/.local/lib/python3.12/site-packages/airflow/example_dags/example_branch_python_dop_operator_3.py
[2024-11-06T00:02:13.658+0000] {logging_mixin.py:190} INFO - [2024-11-06T00:02:13.657+0000] {dag.py:3239} INFO - Sync 1 DAGs
[2024-11-06T00:02:13.734+0000] {logging_mixin.py:190} INFO - [2024-11-06T00:02:13.733+0000] {dag.py:4180} INFO - Setting next_dagrun for example_branch_dop_operator_v3 to 2024-11-06 00:01:00+00:00, run_after=2024-11-06 00:02:00+00:00
[2024-11-06T00:02:13.793+0000] {processor.py:208} INFO - Processing /home/airflow/.local/lib/python3.12/site-packages/airflow/example_dags/example_branch_python_dop_operator_3.py took 0.249 seconds
[2024-11-06T00:02:44.756+0000] {processor.py:186} INFO - Started process (PID=2791) to work on /home/airflow/.local/lib/python3.12/site-packages/airflow/example_dags/example_branch_python_dop_operator_3.py
[2024-11-06T00:02:44.758+0000] {processor.py:914} INFO - Processing file /home/airflow/.local/lib/python3.12/site-packages/airflow/example_dags/example_branch_python_dop_operator_3.py for tasks to queue
[2024-11-06T00:02:44.763+0000] {logging_mixin.py:190} INFO - [2024-11-06T00:02:44.762+0000] {dagbag.py:588} INFO - Filling up the DagBag from /home/airflow/.local/lib/python3.12/site-packages/airflow/example_dags/example_branch_python_dop_operator_3.py
[2024-11-06T00:02:44.784+0000] {processor.py:925} INFO - DAG(s) 'example_branch_dop_operator_v3' retrieved from /home/airflow/.local/lib/python3.12/site-packages/airflow/example_dags/example_branch_python_dop_operator_3.py
[2024-11-06T00:02:44.820+0000] {logging_mixin.py:190} INFO - [2024-11-06T00:02:44.819+0000] {dag.py:3239} INFO - Sync 1 DAGs
[2024-11-06T00:02:44.872+0000] {logging_mixin.py:190} INFO - [2024-11-06T00:02:44.871+0000] {dag.py:4180} INFO - Setting next_dagrun for example_branch_dop_operator_v3 to 2024-11-06 00:01:00+00:00, run_after=2024-11-06 00:02:00+00:00
[2024-11-06T00:02:44.905+0000] {processor.py:208} INFO - Processing /home/airflow/.local/lib/python3.12/site-packages/airflow/example_dags/example_branch_python_dop_operator_3.py took 0.164 seconds
[2024-11-06T00:03:16.547+0000] {processor.py:186} INFO - Started process (PID=2857) to work on /home/airflow/.local/lib/python3.12/site-packages/airflow/example_dags/example_branch_python_dop_operator_3.py
[2024-11-06T00:03:16.549+0000] {processor.py:914} INFO - Processing file /home/airflow/.local/lib/python3.12/site-packages/airflow/example_dags/example_branch_python_dop_operator_3.py for tasks to queue
[2024-11-06T00:03:16.553+0000] {logging_mixin.py:190} INFO - [2024-11-06T00:03:16.553+0000] {dagbag.py:588} INFO - Filling up the DagBag from /home/airflow/.local/lib/python3.12/site-packages/airflow/example_dags/example_branch_python_dop_operator_3.py
[2024-11-06T00:03:16.574+0000] {processor.py:925} INFO - DAG(s) 'example_branch_dop_operator_v3' retrieved from /home/airflow/.local/lib/python3.12/site-packages/airflow/example_dags/example_branch_python_dop_operator_3.py
[2024-11-06T00:03:16.611+0000] {logging_mixin.py:190} INFO - [2024-11-06T00:03:16.611+0000] {dag.py:3239} INFO - Sync 1 DAGs
[2024-11-06T00:03:16.656+0000] {logging_mixin.py:190} INFO - [2024-11-06T00:03:16.655+0000] {dag.py:4180} INFO - Setting next_dagrun for example_branch_dop_operator_v3 to 2024-11-06 00:02:00+00:00, run_after=2024-11-06 00:03:00+00:00
[2024-11-06T00:03:16.690+0000] {processor.py:208} INFO - Processing /home/airflow/.local/lib/python3.12/site-packages/airflow/example_dags/example_branch_python_dop_operator_3.py took 0.153 seconds
[2024-11-06T00:03:47.916+0000] {processor.py:186} INFO - Started process (PID=2921) to work on /home/airflow/.local/lib/python3.12/site-packages/airflow/example_dags/example_branch_python_dop_operator_3.py
[2024-11-06T00:03:47.919+0000] {processor.py:914} INFO - Processing file /home/airflow/.local/lib/python3.12/site-packages/airflow/example_dags/example_branch_python_dop_operator_3.py for tasks to queue
[2024-11-06T00:03:47.926+0000] {logging_mixin.py:190} INFO - [2024-11-06T00:03:47.925+0000] {dagbag.py:588} INFO - Filling up the DagBag from /home/airflow/.local/lib/python3.12/site-packages/airflow/example_dags/example_branch_python_dop_operator_3.py
[2024-11-06T00:03:47.950+0000] {processor.py:925} INFO - DAG(s) 'example_branch_dop_operator_v3' retrieved from /home/airflow/.local/lib/python3.12/site-packages/airflow/example_dags/example_branch_python_dop_operator_3.py
[2024-11-06T00:03:47.993+0000] {logging_mixin.py:190} INFO - [2024-11-06T00:03:47.993+0000] {dag.py:3239} INFO - Sync 1 DAGs
[2024-11-06T00:03:48.051+0000] {logging_mixin.py:190} INFO - [2024-11-06T00:03:48.050+0000] {dag.py:4180} INFO - Setting next_dagrun for example_branch_dop_operator_v3 to 2024-11-06 00:02:00+00:00, run_after=2024-11-06 00:03:00+00:00
[2024-11-06T00:03:48.086+0000] {processor.py:208} INFO - Processing /home/airflow/.local/lib/python3.12/site-packages/airflow/example_dags/example_branch_python_dop_operator_3.py took 0.190 seconds
[2024-11-06T00:04:20.468+0000] {processor.py:186} INFO - Started process (PID=2992) to work on /home/airflow/.local/lib/python3.12/site-packages/airflow/example_dags/example_branch_python_dop_operator_3.py
[2024-11-06T00:04:20.470+0000] {processor.py:914} INFO - Processing file /home/airflow/.local/lib/python3.12/site-packages/airflow/example_dags/example_branch_python_dop_operator_3.py for tasks to queue
[2024-11-06T00:04:20.475+0000] {logging_mixin.py:190} INFO - [2024-11-06T00:04:20.474+0000] {dagbag.py:588} INFO - Filling up the DagBag from /home/airflow/.local/lib/python3.12/site-packages/airflow/example_dags/example_branch_python_dop_operator_3.py
[2024-11-06T00:04:20.494+0000] {processor.py:925} INFO - DAG(s) 'example_branch_dop_operator_v3' retrieved from /home/airflow/.local/lib/python3.12/site-packages/airflow/example_dags/example_branch_python_dop_operator_3.py
[2024-11-06T00:04:20.524+0000] {logging_mixin.py:190} INFO - [2024-11-06T00:04:20.523+0000] {dag.py:3239} INFO - Sync 1 DAGs
[2024-11-06T00:04:20.566+0000] {logging_mixin.py:190} INFO - [2024-11-06T00:04:20.566+0000] {dag.py:4180} INFO - Setting next_dagrun for example_branch_dop_operator_v3 to 2024-11-06 00:03:00+00:00, run_after=2024-11-06 00:04:00+00:00
[2024-11-06T00:04:20.598+0000] {processor.py:208} INFO - Processing /home/airflow/.local/lib/python3.12/site-packages/airflow/example_dags/example_branch_python_dop_operator_3.py took 0.143 seconds
[2024-11-06T00:04:52.314+0000] {processor.py:186} INFO - Started process (PID=3058) to work on /home/airflow/.local/lib/python3.12/site-packages/airflow/example_dags/example_branch_python_dop_operator_3.py
[2024-11-06T00:04:52.316+0000] {processor.py:914} INFO - Processing file /home/airflow/.local/lib/python3.12/site-packages/airflow/example_dags/example_branch_python_dop_operator_3.py for tasks to queue
[2024-11-06T00:04:52.320+0000] {logging_mixin.py:190} INFO - [2024-11-06T00:04:52.320+0000] {dagbag.py:588} INFO - Filling up the DagBag from /home/airflow/.local/lib/python3.12/site-packages/airflow/example_dags/example_branch_python_dop_operator_3.py
[2024-11-06T00:04:52.338+0000] {processor.py:925} INFO - DAG(s) 'example_branch_dop_operator_v3' retrieved from /home/airflow/.local/lib/python3.12/site-packages/airflow/example_dags/example_branch_python_dop_operator_3.py
[2024-11-06T00:04:52.368+0000] {logging_mixin.py:190} INFO - [2024-11-06T00:04:52.368+0000] {dag.py:3239} INFO - Sync 1 DAGs
[2024-11-06T00:04:52.417+0000] {logging_mixin.py:190} INFO - [2024-11-06T00:04:52.417+0000] {dag.py:4180} INFO - Setting next_dagrun for example_branch_dop_operator_v3 to 2024-11-06 00:03:00+00:00, run_after=2024-11-06 00:04:00+00:00
[2024-11-06T00:04:52.466+0000] {processor.py:208} INFO - Processing /home/airflow/.local/lib/python3.12/site-packages/airflow/example_dags/example_branch_python_dop_operator_3.py took 0.162 seconds
[2024-11-06T00:05:22.814+0000] {processor.py:186} INFO - Started process (PID=3122) to work on /home/airflow/.local/lib/python3.12/site-packages/airflow/example_dags/example_branch_python_dop_operator_3.py
[2024-11-06T00:05:22.815+0000] {processor.py:914} INFO - Processing file /home/airflow/.local/lib/python3.12/site-packages/airflow/example_dags/example_branch_python_dop_operator_3.py for tasks to queue
[2024-11-06T00:05:22.819+0000] {logging_mixin.py:190} INFO - [2024-11-06T00:05:22.819+0000] {dagbag.py:588} INFO - Filling up the DagBag from /home/airflow/.local/lib/python3.12/site-packages/airflow/example_dags/example_branch_python_dop_operator_3.py
[2024-11-06T00:05:22.839+0000] {processor.py:925} INFO - DAG(s) 'example_branch_dop_operator_v3' retrieved from /home/airflow/.local/lib/python3.12/site-packages/airflow/example_dags/example_branch_python_dop_operator_3.py
[2024-11-06T00:05:22.875+0000] {logging_mixin.py:190} INFO - [2024-11-06T00:05:22.875+0000] {dag.py:3239} INFO - Sync 1 DAGs
[2024-11-06T00:05:22.920+0000] {logging_mixin.py:190} INFO - [2024-11-06T00:05:22.920+0000] {dag.py:4180} INFO - Setting next_dagrun for example_branch_dop_operator_v3 to 2024-11-06 00:04:00+00:00, run_after=2024-11-06 00:05:00+00:00
[2024-11-06T00:05:22.954+0000] {processor.py:208} INFO - Processing /home/airflow/.local/lib/python3.12/site-packages/airflow/example_dags/example_branch_python_dop_operator_3.py took 0.155 seconds
[2024-11-06T00:05:55.004+0000] {processor.py:186} INFO - Started process (PID=3186) to work on /home/airflow/.local/lib/python3.12/site-packages/airflow/example_dags/example_branch_python_dop_operator_3.py
[2024-11-06T00:05:55.006+0000] {processor.py:914} INFO - Processing file /home/airflow/.local/lib/python3.12/site-packages/airflow/example_dags/example_branch_python_dop_operator_3.py for tasks to queue
[2024-11-06T00:05:55.011+0000] {logging_mixin.py:190} INFO - [2024-11-06T00:05:55.010+0000] {dagbag.py:588} INFO - Filling up the DagBag from /home/airflow/.local/lib/python3.12/site-packages/airflow/example_dags/example_branch_python_dop_operator_3.py
[2024-11-06T00:05:55.027+0000] {processor.py:925} INFO - DAG(s) 'example_branch_dop_operator_v3' retrieved from /home/airflow/.local/lib/python3.12/site-packages/airflow/example_dags/example_branch_python_dop_operator_3.py
[2024-11-06T00:05:55.061+0000] {logging_mixin.py:190} INFO - [2024-11-06T00:05:55.061+0000] {dag.py:3239} INFO - Sync 1 DAGs
[2024-11-06T00:05:55.107+0000] {logging_mixin.py:190} INFO - [2024-11-06T00:05:55.107+0000] {dag.py:4180} INFO - Setting next_dagrun for example_branch_dop_operator_v3 to 2024-11-06 00:04:00+00:00, run_after=2024-11-06 00:05:00+00:00
[2024-11-06T00:05:55.141+0000] {processor.py:208} INFO - Processing /home/airflow/.local/lib/python3.12/site-packages/airflow/example_dags/example_branch_python_dop_operator_3.py took 0.149 seconds
[2024-11-06T00:06:26.533+0000] {processor.py:186} INFO - Started process (PID=3250) to work on /home/airflow/.local/lib/python3.12/site-packages/airflow/example_dags/example_branch_python_dop_operator_3.py
[2024-11-06T00:06:26.535+0000] {processor.py:914} INFO - Processing file /home/airflow/.local/lib/python3.12/site-packages/airflow/example_dags/example_branch_python_dop_operator_3.py for tasks to queue
[2024-11-06T00:06:26.538+0000] {logging_mixin.py:190} INFO - [2024-11-06T00:06:26.538+0000] {dagbag.py:588} INFO - Filling up the DagBag from /home/airflow/.local/lib/python3.12/site-packages/airflow/example_dags/example_branch_python_dop_operator_3.py
[2024-11-06T00:06:26.555+0000] {processor.py:925} INFO - DAG(s) 'example_branch_dop_operator_v3' retrieved from /home/airflow/.local/lib/python3.12/site-packages/airflow/example_dags/example_branch_python_dop_operator_3.py
[2024-11-06T00:06:26.588+0000] {logging_mixin.py:190} INFO - [2024-11-06T00:06:26.588+0000] {dag.py:3239} INFO - Sync 1 DAGs
[2024-11-06T00:06:26.633+0000] {logging_mixin.py:190} INFO - [2024-11-06T00:06:26.633+0000] {dag.py:4180} INFO - Setting next_dagrun for example_branch_dop_operator_v3 to 2024-11-06 00:05:00+00:00, run_after=2024-11-06 00:06:00+00:00
[2024-11-06T00:06:26.680+0000] {processor.py:208} INFO - Processing /home/airflow/.local/lib/python3.12/site-packages/airflow/example_dags/example_branch_python_dop_operator_3.py took 0.157 seconds
[2024-11-06T00:06:57.471+0000] {processor.py:186} INFO - Started process (PID=3314) to work on /home/airflow/.local/lib/python3.12/site-packages/airflow/example_dags/example_branch_python_dop_operator_3.py
[2024-11-06T00:06:57.473+0000] {processor.py:914} INFO - Processing file /home/airflow/.local/lib/python3.12/site-packages/airflow/example_dags/example_branch_python_dop_operator_3.py for tasks to queue
[2024-11-06T00:06:57.477+0000] {logging_mixin.py:190} INFO - [2024-11-06T00:06:57.477+0000] {dagbag.py:588} INFO - Filling up the DagBag from /home/airflow/.local/lib/python3.12/site-packages/airflow/example_dags/example_branch_python_dop_operator_3.py
[2024-11-06T00:06:57.500+0000] {processor.py:925} INFO - DAG(s) 'example_branch_dop_operator_v3' retrieved from /home/airflow/.local/lib/python3.12/site-packages/airflow/example_dags/example_branch_python_dop_operator_3.py
[2024-11-06T00:06:57.537+0000] {logging_mixin.py:190} INFO - [2024-11-06T00:06:57.536+0000] {dag.py:3239} INFO - Sync 1 DAGs
[2024-11-06T00:06:57.592+0000] {logging_mixin.py:190} INFO - [2024-11-06T00:06:57.592+0000] {dag.py:4180} INFO - Setting next_dagrun for example_branch_dop_operator_v3 to 2024-11-06 00:05:00+00:00, run_after=2024-11-06 00:06:00+00:00
[2024-11-06T00:06:57.634+0000] {processor.py:208} INFO - Processing /home/airflow/.local/lib/python3.12/site-packages/airflow/example_dags/example_branch_python_dop_operator_3.py took 0.174 seconds
[2024-11-06T00:07:28.555+0000] {processor.py:186} INFO - Started process (PID=3378) to work on /home/airflow/.local/lib/python3.12/site-packages/airflow/example_dags/example_branch_python_dop_operator_3.py
[2024-11-06T00:07:28.557+0000] {processor.py:914} INFO - Processing file /home/airflow/.local/lib/python3.12/site-packages/airflow/example_dags/example_branch_python_dop_operator_3.py for tasks to queue
[2024-11-06T00:07:28.561+0000] {logging_mixin.py:190} INFO - [2024-11-06T00:07:28.561+0000] {dagbag.py:588} INFO - Filling up the DagBag from /home/airflow/.local/lib/python3.12/site-packages/airflow/example_dags/example_branch_python_dop_operator_3.py
[2024-11-06T00:07:28.579+0000] {processor.py:925} INFO - DAG(s) 'example_branch_dop_operator_v3' retrieved from /home/airflow/.local/lib/python3.12/site-packages/airflow/example_dags/example_branch_python_dop_operator_3.py
[2024-11-06T00:07:28.611+0000] {logging_mixin.py:190} INFO - [2024-11-06T00:07:28.610+0000] {dag.py:3239} INFO - Sync 1 DAGs
[2024-11-06T00:07:28.656+0000] {logging_mixin.py:190} INFO - [2024-11-06T00:07:28.655+0000] {dag.py:4180} INFO - Setting next_dagrun for example_branch_dop_operator_v3 to 2024-11-06 00:06:00+00:00, run_after=2024-11-06 00:07:00+00:00
[2024-11-06T00:07:28.685+0000] {processor.py:208} INFO - Processing /home/airflow/.local/lib/python3.12/site-packages/airflow/example_dags/example_branch_python_dop_operator_3.py took 0.147 seconds
[2024-11-06T00:07:59.377+0000] {processor.py:186} INFO - Started process (PID=3443) to work on /home/airflow/.local/lib/python3.12/site-packages/airflow/example_dags/example_branch_python_dop_operator_3.py
[2024-11-06T00:07:59.379+0000] {processor.py:914} INFO - Processing file /home/airflow/.local/lib/python3.12/site-packages/airflow/example_dags/example_branch_python_dop_operator_3.py for tasks to queue
[2024-11-06T00:07:59.384+0000] {logging_mixin.py:190} INFO - [2024-11-06T00:07:59.384+0000] {dagbag.py:588} INFO - Filling up the DagBag from /home/airflow/.local/lib/python3.12/site-packages/airflow/example_dags/example_branch_python_dop_operator_3.py
[2024-11-06T00:07:59.404+0000] {processor.py:925} INFO - DAG(s) 'example_branch_dop_operator_v3' retrieved from /home/airflow/.local/lib/python3.12/site-packages/airflow/example_dags/example_branch_python_dop_operator_3.py
[2024-11-06T00:07:59.442+0000] {logging_mixin.py:190} INFO - [2024-11-06T00:07:59.441+0000] {dag.py:3239} INFO - Sync 1 DAGs
[2024-11-06T00:07:59.492+0000] {logging_mixin.py:190} INFO - [2024-11-06T00:07:59.491+0000] {dag.py:4180} INFO - Setting next_dagrun for example_branch_dop_operator_v3 to 2024-11-06 00:06:00+00:00, run_after=2024-11-06 00:07:00+00:00
[2024-11-06T00:07:59.762+0000] {processor.py:208} INFO - Processing /home/airflow/.local/lib/python3.12/site-packages/airflow/example_dags/example_branch_python_dop_operator_3.py took 0.395 seconds
[2024-11-06T00:08:30.151+0000] {processor.py:186} INFO - Started process (PID=3507) to work on /home/airflow/.local/lib/python3.12/site-packages/airflow/example_dags/example_branch_python_dop_operator_3.py
[2024-11-06T00:08:30.153+0000] {processor.py:914} INFO - Processing file /home/airflow/.local/lib/python3.12/site-packages/airflow/example_dags/example_branch_python_dop_operator_3.py for tasks to queue
[2024-11-06T00:08:30.157+0000] {logging_mixin.py:190} INFO - [2024-11-06T00:08:30.157+0000] {dagbag.py:588} INFO - Filling up the DagBag from /home/airflow/.local/lib/python3.12/site-packages/airflow/example_dags/example_branch_python_dop_operator_3.py
[2024-11-06T00:08:30.179+0000] {processor.py:925} INFO - DAG(s) 'example_branch_dop_operator_v3' retrieved from /home/airflow/.local/lib/python3.12/site-packages/airflow/example_dags/example_branch_python_dop_operator_3.py
[2024-11-06T00:08:30.215+0000] {logging_mixin.py:190} INFO - [2024-11-06T00:08:30.215+0000] {dag.py:3239} INFO - Sync 1 DAGs
[2024-11-06T00:08:30.270+0000] {logging_mixin.py:190} INFO - [2024-11-06T00:08:30.270+0000] {dag.py:4180} INFO - Setting next_dagrun for example_branch_dop_operator_v3 to 2024-11-06 00:07:00+00:00, run_after=2024-11-06 00:08:00+00:00
[2024-11-06T00:08:30.309+0000] {processor.py:208} INFO - Processing /home/airflow/.local/lib/python3.12/site-packages/airflow/example_dags/example_branch_python_dop_operator_3.py took 0.172 seconds
[2024-11-06T00:09:00.782+0000] {processor.py:186} INFO - Started process (PID=3571) to work on /home/airflow/.local/lib/python3.12/site-packages/airflow/example_dags/example_branch_python_dop_operator_3.py
[2024-11-06T00:09:00.783+0000] {processor.py:914} INFO - Processing file /home/airflow/.local/lib/python3.12/site-packages/airflow/example_dags/example_branch_python_dop_operator_3.py for tasks to queue
[2024-11-06T00:09:00.787+0000] {logging_mixin.py:190} INFO - [2024-11-06T00:09:00.787+0000] {dagbag.py:588} INFO - Filling up the DagBag from /home/airflow/.local/lib/python3.12/site-packages/airflow/example_dags/example_branch_python_dop_operator_3.py
[2024-11-06T00:09:00.806+0000] {processor.py:925} INFO - DAG(s) 'example_branch_dop_operator_v3' retrieved from /home/airflow/.local/lib/python3.12/site-packages/airflow/example_dags/example_branch_python_dop_operator_3.py
[2024-11-06T00:09:00.846+0000] {logging_mixin.py:190} INFO - [2024-11-06T00:09:00.845+0000] {dag.py:3239} INFO - Sync 1 DAGs
[2024-11-06T00:09:00.897+0000] {logging_mixin.py:190} INFO - [2024-11-06T00:09:00.896+0000] {dag.py:4180} INFO - Setting next_dagrun for example_branch_dop_operator_v3 to 2024-11-06 00:08:00+00:00, run_after=2024-11-06 00:09:00+00:00
[2024-11-06T00:09:00.946+0000] {processor.py:208} INFO - Processing /home/airflow/.local/lib/python3.12/site-packages/airflow/example_dags/example_branch_python_dop_operator_3.py took 0.174 seconds
[2024-11-06T00:09:33.143+0000] {processor.py:186} INFO - Started process (PID=3635) to work on /home/airflow/.local/lib/python3.12/site-packages/airflow/example_dags/example_branch_python_dop_operator_3.py
[2024-11-06T00:09:33.146+0000] {processor.py:914} INFO - Processing file /home/airflow/.local/lib/python3.12/site-packages/airflow/example_dags/example_branch_python_dop_operator_3.py for tasks to queue
[2024-11-06T00:09:33.154+0000] {logging_mixin.py:190} INFO - [2024-11-06T00:09:33.153+0000] {dagbag.py:588} INFO - Filling up the DagBag from /home/airflow/.local/lib/python3.12/site-packages/airflow/example_dags/example_branch_python_dop_operator_3.py
[2024-11-06T00:09:33.182+0000] {processor.py:925} INFO - DAG(s) 'example_branch_dop_operator_v3' retrieved from /home/airflow/.local/lib/python3.12/site-packages/airflow/example_dags/example_branch_python_dop_operator_3.py
[2024-11-06T00:09:33.221+0000] {logging_mixin.py:190} INFO - [2024-11-06T00:09:33.220+0000] {dag.py:3239} INFO - Sync 1 DAGs
[2024-11-06T00:09:33.274+0000] {logging_mixin.py:190} INFO - [2024-11-06T00:09:33.274+0000] {dag.py:4180} INFO - Setting next_dagrun for example_branch_dop_operator_v3 to 2024-11-06 00:08:00+00:00, run_after=2024-11-06 00:09:00+00:00
[2024-11-06T00:09:33.306+0000] {processor.py:208} INFO - Processing /home/airflow/.local/lib/python3.12/site-packages/airflow/example_dags/example_branch_python_dop_operator_3.py took 0.178 seconds
[2024-11-06T00:10:05.662+0000] {processor.py:186} INFO - Started process (PID=3703) to work on /home/airflow/.local/lib/python3.12/site-packages/airflow/example_dags/example_branch_python_dop_operator_3.py
[2024-11-06T00:10:05.664+0000] {processor.py:914} INFO - Processing file /home/airflow/.local/lib/python3.12/site-packages/airflow/example_dags/example_branch_python_dop_operator_3.py for tasks to queue
[2024-11-06T00:10:05.668+0000] {logging_mixin.py:190} INFO - [2024-11-06T00:10:05.667+0000] {dagbag.py:588} INFO - Filling up the DagBag from /home/airflow/.local/lib/python3.12/site-packages/airflow/example_dags/example_branch_python_dop_operator_3.py
[2024-11-06T00:10:05.685+0000] {processor.py:925} INFO - DAG(s) 'example_branch_dop_operator_v3' retrieved from /home/airflow/.local/lib/python3.12/site-packages/airflow/example_dags/example_branch_python_dop_operator_3.py
[2024-11-06T00:10:05.716+0000] {logging_mixin.py:190} INFO - [2024-11-06T00:10:05.716+0000] {dag.py:3239} INFO - Sync 1 DAGs
[2024-11-06T00:10:05.990+0000] {logging_mixin.py:190} INFO - [2024-11-06T00:10:05.990+0000] {dag.py:4180} INFO - Setting next_dagrun for example_branch_dop_operator_v3 to 2024-11-06 00:09:00+00:00, run_after=2024-11-06 00:10:00+00:00
[2024-11-06T00:10:06.022+0000] {processor.py:208} INFO - Processing /home/airflow/.local/lib/python3.12/site-packages/airflow/example_dags/example_branch_python_dop_operator_3.py took 0.369 seconds
[2024-11-06T00:10:37.260+0000] {processor.py:186} INFO - Started process (PID=3768) to work on /home/airflow/.local/lib/python3.12/site-packages/airflow/example_dags/example_branch_python_dop_operator_3.py
[2024-11-06T00:10:37.262+0000] {processor.py:914} INFO - Processing file /home/airflow/.local/lib/python3.12/site-packages/airflow/example_dags/example_branch_python_dop_operator_3.py for tasks to queue
[2024-11-06T00:10:37.270+0000] {logging_mixin.py:190} INFO - [2024-11-06T00:10:37.270+0000] {dagbag.py:588} INFO - Filling up the DagBag from /home/airflow/.local/lib/python3.12/site-packages/airflow/example_dags/example_branch_python_dop_operator_3.py
[2024-11-06T00:10:37.307+0000] {processor.py:925} INFO - DAG(s) 'example_branch_dop_operator_v3' retrieved from /home/airflow/.local/lib/python3.12/site-packages/airflow/example_dags/example_branch_python_dop_operator_3.py
[2024-11-06T00:10:37.337+0000] {logging_mixin.py:190} INFO - [2024-11-06T00:10:37.336+0000] {dag.py:3239} INFO - Sync 1 DAGs
[2024-11-06T00:10:37.638+0000] {logging_mixin.py:190} INFO - [2024-11-06T00:10:37.637+0000] {dag.py:4180} INFO - Setting next_dagrun for example_branch_dop_operator_v3 to 2024-11-06 00:09:00+00:00, run_after=2024-11-06 00:10:00+00:00
[2024-11-06T00:10:37.685+0000] {processor.py:208} INFO - Processing /home/airflow/.local/lib/python3.12/site-packages/airflow/example_dags/example_branch_python_dop_operator_3.py took 0.436 seconds
[2024-11-06T00:11:07.766+0000] {processor.py:186} INFO - Started process (PID=3832) to work on /home/airflow/.local/lib/python3.12/site-packages/airflow/example_dags/example_branch_python_dop_operator_3.py
[2024-11-06T00:11:07.767+0000] {processor.py:914} INFO - Processing file /home/airflow/.local/lib/python3.12/site-packages/airflow/example_dags/example_branch_python_dop_operator_3.py for tasks to queue
[2024-11-06T00:11:07.772+0000] {logging_mixin.py:190} INFO - [2024-11-06T00:11:07.771+0000] {dagbag.py:588} INFO - Filling up the DagBag from /home/airflow/.local/lib/python3.12/site-packages/airflow/example_dags/example_branch_python_dop_operator_3.py
[2024-11-06T00:11:07.787+0000] {processor.py:925} INFO - DAG(s) 'example_branch_dop_operator_v3' retrieved from /home/airflow/.local/lib/python3.12/site-packages/airflow/example_dags/example_branch_python_dop_operator_3.py
[2024-11-06T00:11:07.821+0000] {logging_mixin.py:190} INFO - [2024-11-06T00:11:07.821+0000] {dag.py:3239} INFO - Sync 1 DAGs
[2024-11-06T00:11:07.861+0000] {logging_mixin.py:190} INFO - [2024-11-06T00:11:07.861+0000] {dag.py:4180} INFO - Setting next_dagrun for example_branch_dop_operator_v3 to 2024-11-06 00:10:00+00:00, run_after=2024-11-06 00:11:00+00:00
[2024-11-06T00:11:07.896+0000] {processor.py:208} INFO - Processing /home/airflow/.local/lib/python3.12/site-packages/airflow/example_dags/example_branch_python_dop_operator_3.py took 0.140 seconds
[2024-11-06T00:11:38.422+0000] {processor.py:186} INFO - Started process (PID=3896) to work on /home/airflow/.local/lib/python3.12/site-packages/airflow/example_dags/example_branch_python_dop_operator_3.py
[2024-11-06T00:11:38.425+0000] {processor.py:914} INFO - Processing file /home/airflow/.local/lib/python3.12/site-packages/airflow/example_dags/example_branch_python_dop_operator_3.py for tasks to queue
[2024-11-06T00:11:38.432+0000] {logging_mixin.py:190} INFO - [2024-11-06T00:11:38.431+0000] {dagbag.py:588} INFO - Filling up the DagBag from /home/airflow/.local/lib/python3.12/site-packages/airflow/example_dags/example_branch_python_dop_operator_3.py
[2024-11-06T00:11:38.458+0000] {processor.py:925} INFO - DAG(s) 'example_branch_dop_operator_v3' retrieved from /home/airflow/.local/lib/python3.12/site-packages/airflow/example_dags/example_branch_python_dop_operator_3.py
[2024-11-06T00:11:38.508+0000] {logging_mixin.py:190} INFO - [2024-11-06T00:11:38.507+0000] {dag.py:3239} INFO - Sync 1 DAGs
[2024-11-06T00:11:38.577+0000] {logging_mixin.py:190} INFO - [2024-11-06T00:11:38.576+0000] {dag.py:4180} INFO - Setting next_dagrun for example_branch_dop_operator_v3 to 2024-11-06 00:10:00+00:00, run_after=2024-11-06 00:11:00+00:00
[2024-11-06T00:11:38.624+0000] {processor.py:208} INFO - Processing /home/airflow/.local/lib/python3.12/site-packages/airflow/example_dags/example_branch_python_dop_operator_3.py took 0.215 seconds
[2024-11-06T00:12:09.598+0000] {processor.py:186} INFO - Started process (PID=3960) to work on /home/airflow/.local/lib/python3.12/site-packages/airflow/example_dags/example_branch_python_dop_operator_3.py
[2024-11-06T00:12:09.601+0000] {processor.py:914} INFO - Processing file /home/airflow/.local/lib/python3.12/site-packages/airflow/example_dags/example_branch_python_dop_operator_3.py for tasks to queue
[2024-11-06T00:12:09.610+0000] {logging_mixin.py:190} INFO - [2024-11-06T00:12:09.606+0000] {dagbag.py:588} INFO - Filling up the DagBag from /home/airflow/.local/lib/python3.12/site-packages/airflow/example_dags/example_branch_python_dop_operator_3.py
[2024-11-06T00:12:09.633+0000] {processor.py:925} INFO - DAG(s) 'example_branch_dop_operator_v3' retrieved from /home/airflow/.local/lib/python3.12/site-packages/airflow/example_dags/example_branch_python_dop_operator_3.py
[2024-11-06T00:12:09.675+0000] {logging_mixin.py:190} INFO - [2024-11-06T00:12:09.674+0000] {dag.py:3239} INFO - Sync 1 DAGs
[2024-11-06T00:12:09.742+0000] {logging_mixin.py:190} INFO - [2024-11-06T00:12:09.742+0000] {dag.py:4180} INFO - Setting next_dagrun for example_branch_dop_operator_v3 to 2024-11-06 00:11:00+00:00, run_after=2024-11-06 00:12:00+00:00
[2024-11-06T00:12:09.789+0000] {processor.py:208} INFO - Processing /home/airflow/.local/lib/python3.12/site-packages/airflow/example_dags/example_branch_python_dop_operator_3.py took 0.212 seconds
[2024-11-06T00:12:40.700+0000] {processor.py:186} INFO - Started process (PID=4024) to work on /home/airflow/.local/lib/python3.12/site-packages/airflow/example_dags/example_branch_python_dop_operator_3.py
[2024-11-06T00:12:40.702+0000] {processor.py:914} INFO - Processing file /home/airflow/.local/lib/python3.12/site-packages/airflow/example_dags/example_branch_python_dop_operator_3.py for tasks to queue
[2024-11-06T00:12:40.706+0000] {logging_mixin.py:190} INFO - [2024-11-06T00:12:40.705+0000] {dagbag.py:588} INFO - Filling up the DagBag from /home/airflow/.local/lib/python3.12/site-packages/airflow/example_dags/example_branch_python_dop_operator_3.py
[2024-11-06T00:12:40.727+0000] {processor.py:925} INFO - DAG(s) 'example_branch_dop_operator_v3' retrieved from /home/airflow/.local/lib/python3.12/site-packages/airflow/example_dags/example_branch_python_dop_operator_3.py
[2024-11-06T00:12:40.761+0000] {logging_mixin.py:190} INFO - [2024-11-06T00:12:40.761+0000] {dag.py:3239} INFO - Sync 1 DAGs
[2024-11-06T00:12:40.807+0000] {logging_mixin.py:190} INFO - [2024-11-06T00:12:40.807+0000] {dag.py:4180} INFO - Setting next_dagrun for example_branch_dop_operator_v3 to 2024-11-06 00:11:00+00:00, run_after=2024-11-06 00:12:00+00:00
[2024-11-06T00:12:40.843+0000] {processor.py:208} INFO - Processing /home/airflow/.local/lib/python3.12/site-packages/airflow/example_dags/example_branch_python_dop_operator_3.py took 0.153 seconds
[2024-11-06T00:13:11.277+0000] {processor.py:186} INFO - Started process (PID=4089) to work on /home/airflow/.local/lib/python3.12/site-packages/airflow/example_dags/example_branch_python_dop_operator_3.py
[2024-11-06T00:13:11.279+0000] {processor.py:914} INFO - Processing file /home/airflow/.local/lib/python3.12/site-packages/airflow/example_dags/example_branch_python_dop_operator_3.py for tasks to queue
[2024-11-06T00:13:11.285+0000] {logging_mixin.py:190} INFO - [2024-11-06T00:13:11.284+0000] {dagbag.py:588} INFO - Filling up the DagBag from /home/airflow/.local/lib/python3.12/site-packages/airflow/example_dags/example_branch_python_dop_operator_3.py
[2024-11-06T00:13:11.307+0000] {processor.py:925} INFO - DAG(s) 'example_branch_dop_operator_v3' retrieved from /home/airflow/.local/lib/python3.12/site-packages/airflow/example_dags/example_branch_python_dop_operator_3.py
[2024-11-06T00:13:11.341+0000] {logging_mixin.py:190} INFO - [2024-11-06T00:13:11.341+0000] {dag.py:3239} INFO - Sync 1 DAGs
[2024-11-06T00:13:11.384+0000] {logging_mixin.py:190} INFO - [2024-11-06T00:13:11.384+0000] {dag.py:4180} INFO - Setting next_dagrun for example_branch_dop_operator_v3 to 2024-11-06 00:12:00+00:00, run_after=2024-11-06 00:13:00+00:00
[2024-11-06T00:13:11.412+0000] {processor.py:208} INFO - Processing /home/airflow/.local/lib/python3.12/site-packages/airflow/example_dags/example_branch_python_dop_operator_3.py took 0.147 seconds
[2024-11-06T00:13:41.939+0000] {processor.py:186} INFO - Started process (PID=4152) to work on /home/airflow/.local/lib/python3.12/site-packages/airflow/example_dags/example_branch_python_dop_operator_3.py
[2024-11-06T00:13:41.942+0000] {processor.py:914} INFO - Processing file /home/airflow/.local/lib/python3.12/site-packages/airflow/example_dags/example_branch_python_dop_operator_3.py for tasks to queue
[2024-11-06T00:13:41.946+0000] {logging_mixin.py:190} INFO - [2024-11-06T00:13:41.945+0000] {dagbag.py:588} INFO - Filling up the DagBag from /home/airflow/.local/lib/python3.12/site-packages/airflow/example_dags/example_branch_python_dop_operator_3.py
[2024-11-06T00:13:41.962+0000] {processor.py:925} INFO - DAG(s) 'example_branch_dop_operator_v3' retrieved from /home/airflow/.local/lib/python3.12/site-packages/airflow/example_dags/example_branch_python_dop_operator_3.py
[2024-11-06T00:13:42.006+0000] {logging_mixin.py:190} INFO - [2024-11-06T00:13:42.005+0000] {dag.py:3239} INFO - Sync 1 DAGs
[2024-11-06T00:13:42.070+0000] {logging_mixin.py:190} INFO - [2024-11-06T00:13:42.070+0000] {dag.py:4180} INFO - Setting next_dagrun for example_branch_dop_operator_v3 to 2024-11-06 00:12:00+00:00, run_after=2024-11-06 00:13:00+00:00
[2024-11-06T00:13:42.103+0000] {processor.py:208} INFO - Processing /home/airflow/.local/lib/python3.12/site-packages/airflow/example_dags/example_branch_python_dop_operator_3.py took 0.181 seconds
[2024-11-06T00:14:12.786+0000] {processor.py:186} INFO - Started process (PID=4215) to work on /home/airflow/.local/lib/python3.12/site-packages/airflow/example_dags/example_branch_python_dop_operator_3.py
[2024-11-06T00:14:12.788+0000] {processor.py:914} INFO - Processing file /home/airflow/.local/lib/python3.12/site-packages/airflow/example_dags/example_branch_python_dop_operator_3.py for tasks to queue
[2024-11-06T00:14:12.794+0000] {logging_mixin.py:190} INFO - [2024-11-06T00:14:12.793+0000] {dagbag.py:588} INFO - Filling up the DagBag from /home/airflow/.local/lib/python3.12/site-packages/airflow/example_dags/example_branch_python_dop_operator_3.py
[2024-11-06T00:14:12.814+0000] {processor.py:925} INFO - DAG(s) 'example_branch_dop_operator_v3' retrieved from /home/airflow/.local/lib/python3.12/site-packages/airflow/example_dags/example_branch_python_dop_operator_3.py
[2024-11-06T00:14:12.852+0000] {logging_mixin.py:190} INFO - [2024-11-06T00:14:12.851+0000] {dag.py:3239} INFO - Sync 1 DAGs
[2024-11-06T00:14:12.890+0000] {logging_mixin.py:190} INFO - [2024-11-06T00:14:12.890+0000] {dag.py:4180} INFO - Setting next_dagrun for example_branch_dop_operator_v3 to 2024-11-06 00:13:00+00:00, run_after=2024-11-06 00:14:00+00:00
[2024-11-06T00:14:12.919+0000] {processor.py:208} INFO - Processing /home/airflow/.local/lib/python3.12/site-packages/airflow/example_dags/example_branch_python_dop_operator_3.py took 0.145 seconds
[2024-11-06T00:14:43.637+0000] {processor.py:186} INFO - Started process (PID=4279) to work on /home/airflow/.local/lib/python3.12/site-packages/airflow/example_dags/example_branch_python_dop_operator_3.py
[2024-11-06T00:14:43.639+0000] {processor.py:914} INFO - Processing file /home/airflow/.local/lib/python3.12/site-packages/airflow/example_dags/example_branch_python_dop_operator_3.py for tasks to queue
[2024-11-06T00:14:43.643+0000] {logging_mixin.py:190} INFO - [2024-11-06T00:14:43.643+0000] {dagbag.py:588} INFO - Filling up the DagBag from /home/airflow/.local/lib/python3.12/site-packages/airflow/example_dags/example_branch_python_dop_operator_3.py
[2024-11-06T00:14:43.663+0000] {processor.py:925} INFO - DAG(s) 'example_branch_dop_operator_v3' retrieved from /home/airflow/.local/lib/python3.12/site-packages/airflow/example_dags/example_branch_python_dop_operator_3.py
[2024-11-06T00:14:43.694+0000] {logging_mixin.py:190} INFO - [2024-11-06T00:14:43.693+0000] {dag.py:3239} INFO - Sync 1 DAGs
[2024-11-06T00:14:43.739+0000] {logging_mixin.py:190} INFO - [2024-11-06T00:14:43.738+0000] {dag.py:4180} INFO - Setting next_dagrun for example_branch_dop_operator_v3 to 2024-11-06 00:13:00+00:00, run_after=2024-11-06 00:14:00+00:00
[2024-11-06T00:14:43.799+0000] {processor.py:208} INFO - Processing /home/airflow/.local/lib/python3.12/site-packages/airflow/example_dags/example_branch_python_dop_operator_3.py took 0.175 seconds
[2024-11-06T00:15:14.119+0000] {processor.py:186} INFO - Started process (PID=4343) to work on /home/airflow/.local/lib/python3.12/site-packages/airflow/example_dags/example_branch_python_dop_operator_3.py
[2024-11-06T00:15:14.121+0000] {processor.py:914} INFO - Processing file /home/airflow/.local/lib/python3.12/site-packages/airflow/example_dags/example_branch_python_dop_operator_3.py for tasks to queue
[2024-11-06T00:15:14.126+0000] {logging_mixin.py:190} INFO - [2024-11-06T00:15:14.126+0000] {dagbag.py:588} INFO - Filling up the DagBag from /home/airflow/.local/lib/python3.12/site-packages/airflow/example_dags/example_branch_python_dop_operator_3.py
[2024-11-06T00:15:14.144+0000] {processor.py:925} INFO - DAG(s) 'example_branch_dop_operator_v3' retrieved from /home/airflow/.local/lib/python3.12/site-packages/airflow/example_dags/example_branch_python_dop_operator_3.py
[2024-11-06T00:15:14.183+0000] {logging_mixin.py:190} INFO - [2024-11-06T00:15:14.183+0000] {dag.py:3239} INFO - Sync 1 DAGs
[2024-11-06T00:15:14.262+0000] {logging_mixin.py:190} INFO - [2024-11-06T00:15:14.261+0000] {dag.py:4180} INFO - Setting next_dagrun for example_branch_dop_operator_v3 to 2024-11-06 00:14:00+00:00, run_after=2024-11-06 00:15:00+00:00
[2024-11-06T00:15:14.340+0000] {processor.py:208} INFO - Processing /home/airflow/.local/lib/python3.12/site-packages/airflow/example_dags/example_branch_python_dop_operator_3.py took 0.234 seconds
[2024-11-06T00:15:44.635+0000] {processor.py:186} INFO - Started process (PID=4407) to work on /home/airflow/.local/lib/python3.12/site-packages/airflow/example_dags/example_branch_python_dop_operator_3.py
[2024-11-06T00:15:44.638+0000] {processor.py:914} INFO - Processing file /home/airflow/.local/lib/python3.12/site-packages/airflow/example_dags/example_branch_python_dop_operator_3.py for tasks to queue
[2024-11-06T00:15:44.647+0000] {logging_mixin.py:190} INFO - [2024-11-06T00:15:44.646+0000] {dagbag.py:588} INFO - Filling up the DagBag from /home/airflow/.local/lib/python3.12/site-packages/airflow/example_dags/example_branch_python_dop_operator_3.py
[2024-11-06T00:15:44.678+0000] {processor.py:925} INFO - DAG(s) 'example_branch_dop_operator_v3' retrieved from /home/airflow/.local/lib/python3.12/site-packages/airflow/example_dags/example_branch_python_dop_operator_3.py
[2024-11-06T00:15:44.733+0000] {logging_mixin.py:190} INFO - [2024-11-06T00:15:44.732+0000] {dag.py:3239} INFO - Sync 1 DAGs
[2024-11-06T00:15:44.773+0000] {logging_mixin.py:190} INFO - [2024-11-06T00:15:44.773+0000] {dag.py:4180} INFO - Setting next_dagrun for example_branch_dop_operator_v3 to 2024-11-06 00:14:00+00:00, run_after=2024-11-06 00:15:00+00:00
[2024-11-06T00:15:44.821+0000] {processor.py:208} INFO - Processing /home/airflow/.local/lib/python3.12/site-packages/airflow/example_dags/example_branch_python_dop_operator_3.py took 0.202 seconds
[2024-11-06T00:18:31.757+0000] {processor.py:186} INFO - Started process (PID=85) to work on /home/airflow/.local/lib/python3.12/site-packages/airflow/example_dags/example_branch_python_dop_operator_3.py
[2024-11-06T00:18:31.759+0000] {processor.py:914} INFO - Processing file /home/airflow/.local/lib/python3.12/site-packages/airflow/example_dags/example_branch_python_dop_operator_3.py for tasks to queue
[2024-11-06T00:18:31.765+0000] {logging_mixin.py:190} INFO - [2024-11-06T00:18:31.764+0000] {dagbag.py:588} INFO - Filling up the DagBag from /home/airflow/.local/lib/python3.12/site-packages/airflow/example_dags/example_branch_python_dop_operator_3.py
[2024-11-06T00:18:31.793+0000] {processor.py:925} INFO - DAG(s) 'example_branch_dop_operator_v3' retrieved from /home/airflow/.local/lib/python3.12/site-packages/airflow/example_dags/example_branch_python_dop_operator_3.py
[2024-11-06T00:18:31.845+0000] {logging_mixin.py:190} INFO - [2024-11-06T00:18:31.845+0000] {dag.py:3239} INFO - Sync 1 DAGs
[2024-11-06T00:18:31.889+0000] {logging_mixin.py:190} INFO - [2024-11-06T00:18:31.889+0000] {dag.py:4180} INFO - Setting next_dagrun for example_branch_dop_operator_v3 to 2024-11-06 00:17:00+00:00, run_after=2024-11-06 00:18:00+00:00
[2024-11-06T00:18:31.921+0000] {processor.py:208} INFO - Processing /home/airflow/.local/lib/python3.12/site-packages/airflow/example_dags/example_branch_python_dop_operator_3.py took 0.176 seconds
[2024-11-06T00:19:03.591+0000] {processor.py:186} INFO - Started process (PID=155) to work on /home/airflow/.local/lib/python3.12/site-packages/airflow/example_dags/example_branch_python_dop_operator_3.py
[2024-11-06T00:19:03.594+0000] {processor.py:914} INFO - Processing file /home/airflow/.local/lib/python3.12/site-packages/airflow/example_dags/example_branch_python_dop_operator_3.py for tasks to queue
[2024-11-06T00:19:03.598+0000] {logging_mixin.py:190} INFO - [2024-11-06T00:19:03.597+0000] {dagbag.py:588} INFO - Filling up the DagBag from /home/airflow/.local/lib/python3.12/site-packages/airflow/example_dags/example_branch_python_dop_operator_3.py
[2024-11-06T00:19:03.616+0000] {processor.py:925} INFO - DAG(s) 'example_branch_dop_operator_v3' retrieved from /home/airflow/.local/lib/python3.12/site-packages/airflow/example_dags/example_branch_python_dop_operator_3.py
[2024-11-06T00:19:03.659+0000] {logging_mixin.py:190} INFO - [2024-11-06T00:19:03.658+0000] {dag.py:3239} INFO - Sync 1 DAGs
[2024-11-06T00:19:03.723+0000] {logging_mixin.py:190} INFO - [2024-11-06T00:19:03.722+0000] {dag.py:4180} INFO - Setting next_dagrun for example_branch_dop_operator_v3 to 2024-11-06 00:18:00+00:00, run_after=2024-11-06 00:19:00+00:00
[2024-11-06T00:19:03.755+0000] {processor.py:208} INFO - Processing /home/airflow/.local/lib/python3.12/site-packages/airflow/example_dags/example_branch_python_dop_operator_3.py took 0.175 seconds
[2024-11-06T00:19:35.140+0000] {processor.py:186} INFO - Started process (PID=219) to work on /home/airflow/.local/lib/python3.12/site-packages/airflow/example_dags/example_branch_python_dop_operator_3.py
[2024-11-06T00:19:35.141+0000] {processor.py:914} INFO - Processing file /home/airflow/.local/lib/python3.12/site-packages/airflow/example_dags/example_branch_python_dop_operator_3.py for tasks to queue
[2024-11-06T00:19:35.145+0000] {logging_mixin.py:190} INFO - [2024-11-06T00:19:35.144+0000] {dagbag.py:588} INFO - Filling up the DagBag from /home/airflow/.local/lib/python3.12/site-packages/airflow/example_dags/example_branch_python_dop_operator_3.py
[2024-11-06T00:19:35.160+0000] {processor.py:925} INFO - DAG(s) 'example_branch_dop_operator_v3' retrieved from /home/airflow/.local/lib/python3.12/site-packages/airflow/example_dags/example_branch_python_dop_operator_3.py
[2024-11-06T00:19:35.190+0000] {logging_mixin.py:190} INFO - [2024-11-06T00:19:35.190+0000] {dag.py:3239} INFO - Sync 1 DAGs
[2024-11-06T00:19:35.259+0000] {logging_mixin.py:190} INFO - [2024-11-06T00:19:35.259+0000] {dag.py:4180} INFO - Setting next_dagrun for example_branch_dop_operator_v3 to 2024-11-06 00:18:00+00:00, run_after=2024-11-06 00:19:00+00:00
[2024-11-06T00:19:35.295+0000] {processor.py:208} INFO - Processing /home/airflow/.local/lib/python3.12/site-packages/airflow/example_dags/example_branch_python_dop_operator_3.py took 0.167 seconds
[2024-11-06T00:20:06.988+0000] {processor.py:186} INFO - Started process (PID=283) to work on /home/airflow/.local/lib/python3.12/site-packages/airflow/example_dags/example_branch_python_dop_operator_3.py
[2024-11-06T00:20:06.990+0000] {processor.py:914} INFO - Processing file /home/airflow/.local/lib/python3.12/site-packages/airflow/example_dags/example_branch_python_dop_operator_3.py for tasks to queue
[2024-11-06T00:20:06.994+0000] {logging_mixin.py:190} INFO - [2024-11-06T00:20:06.994+0000] {dagbag.py:588} INFO - Filling up the DagBag from /home/airflow/.local/lib/python3.12/site-packages/airflow/example_dags/example_branch_python_dop_operator_3.py
[2024-11-06T00:20:07.010+0000] {processor.py:925} INFO - DAG(s) 'example_branch_dop_operator_v3' retrieved from /home/airflow/.local/lib/python3.12/site-packages/airflow/example_dags/example_branch_python_dop_operator_3.py
[2024-11-06T00:20:07.061+0000] {logging_mixin.py:190} INFO - [2024-11-06T00:20:07.060+0000] {dag.py:3239} INFO - Sync 1 DAGs
[2024-11-06T00:20:07.109+0000] {logging_mixin.py:190} INFO - [2024-11-06T00:20:07.109+0000] {dag.py:4180} INFO - Setting next_dagrun for example_branch_dop_operator_v3 to 2024-11-06 00:19:00+00:00, run_after=2024-11-06 00:20:00+00:00
[2024-11-06T00:20:07.733+0000] {processor.py:208} INFO - Processing /home/airflow/.local/lib/python3.12/site-packages/airflow/example_dags/example_branch_python_dop_operator_3.py took 0.753 seconds
[2024-11-06T00:20:38.187+0000] {processor.py:186} INFO - Started process (PID=347) to work on /home/airflow/.local/lib/python3.12/site-packages/airflow/example_dags/example_branch_python_dop_operator_3.py
[2024-11-06T00:20:38.189+0000] {processor.py:914} INFO - Processing file /home/airflow/.local/lib/python3.12/site-packages/airflow/example_dags/example_branch_python_dop_operator_3.py for tasks to queue
[2024-11-06T00:20:38.193+0000] {logging_mixin.py:190} INFO - [2024-11-06T00:20:38.193+0000] {dagbag.py:588} INFO - Filling up the DagBag from /home/airflow/.local/lib/python3.12/site-packages/airflow/example_dags/example_branch_python_dop_operator_3.py
[2024-11-06T00:20:38.207+0000] {processor.py:925} INFO - DAG(s) 'example_branch_dop_operator_v3' retrieved from /home/airflow/.local/lib/python3.12/site-packages/airflow/example_dags/example_branch_python_dop_operator_3.py
[2024-11-06T00:20:38.237+0000] {logging_mixin.py:190} INFO - [2024-11-06T00:20:38.237+0000] {dag.py:3239} INFO - Sync 1 DAGs
[2024-11-06T00:20:38.303+0000] {logging_mixin.py:190} INFO - [2024-11-06T00:20:38.302+0000] {dag.py:4180} INFO - Setting next_dagrun for example_branch_dop_operator_v3 to 2024-11-06 00:19:00+00:00, run_after=2024-11-06 00:20:00+00:00
[2024-11-06T00:20:38.356+0000] {processor.py:208} INFO - Processing /home/airflow/.local/lib/python3.12/site-packages/airflow/example_dags/example_branch_python_dop_operator_3.py took 0.180 seconds
[2024-11-06T00:21:09.820+0000] {processor.py:186} INFO - Started process (PID=411) to work on /home/airflow/.local/lib/python3.12/site-packages/airflow/example_dags/example_branch_python_dop_operator_3.py
[2024-11-06T00:21:09.823+0000] {processor.py:914} INFO - Processing file /home/airflow/.local/lib/python3.12/site-packages/airflow/example_dags/example_branch_python_dop_operator_3.py for tasks to queue
[2024-11-06T00:21:09.827+0000] {logging_mixin.py:190} INFO - [2024-11-06T00:21:09.826+0000] {dagbag.py:588} INFO - Filling up the DagBag from /home/airflow/.local/lib/python3.12/site-packages/airflow/example_dags/example_branch_python_dop_operator_3.py
[2024-11-06T00:21:09.847+0000] {processor.py:925} INFO - DAG(s) 'example_branch_dop_operator_v3' retrieved from /home/airflow/.local/lib/python3.12/site-packages/airflow/example_dags/example_branch_python_dop_operator_3.py
[2024-11-06T00:21:09.879+0000] {logging_mixin.py:190} INFO - [2024-11-06T00:21:09.878+0000] {dag.py:3239} INFO - Sync 1 DAGs
[2024-11-06T00:21:09.928+0000] {logging_mixin.py:190} INFO - [2024-11-06T00:21:09.928+0000] {dag.py:4180} INFO - Setting next_dagrun for example_branch_dop_operator_v3 to 2024-11-06 00:20:00+00:00, run_after=2024-11-06 00:21:00+00:00
[2024-11-06T00:21:09.960+0000] {processor.py:208} INFO - Processing /home/airflow/.local/lib/python3.12/site-packages/airflow/example_dags/example_branch_python_dop_operator_3.py took 0.151 seconds
[2024-11-06T00:23:44.523+0000] {processor.py:186} INFO - Started process (PID=84) to work on /home/airflow/.local/lib/python3.12/site-packages/airflow/example_dags/example_branch_python_dop_operator_3.py
[2024-11-06T00:23:44.525+0000] {processor.py:914} INFO - Processing file /home/airflow/.local/lib/python3.12/site-packages/airflow/example_dags/example_branch_python_dop_operator_3.py for tasks to queue
[2024-11-06T00:23:44.530+0000] {logging_mixin.py:190} INFO - [2024-11-06T00:23:44.529+0000] {dagbag.py:588} INFO - Filling up the DagBag from /home/airflow/.local/lib/python3.12/site-packages/airflow/example_dags/example_branch_python_dop_operator_3.py
[2024-11-06T00:23:44.550+0000] {processor.py:925} INFO - DAG(s) 'example_branch_dop_operator_v3' retrieved from /home/airflow/.local/lib/python3.12/site-packages/airflow/example_dags/example_branch_python_dop_operator_3.py
[2024-11-06T00:23:44.592+0000] {logging_mixin.py:190} INFO - [2024-11-06T00:23:44.592+0000] {dag.py:3239} INFO - Sync 1 DAGs
[2024-11-06T00:23:44.640+0000] {logging_mixin.py:190} INFO - [2024-11-06T00:23:44.639+0000] {dag.py:4180} INFO - Setting next_dagrun for example_branch_dop_operator_v3 to 2024-11-06 00:22:00+00:00, run_after=2024-11-06 00:23:00+00:00
[2024-11-06T00:23:44.678+0000] {processor.py:208} INFO - Processing /home/airflow/.local/lib/python3.12/site-packages/airflow/example_dags/example_branch_python_dop_operator_3.py took 0.168 seconds
[2024-11-06T00:24:16.074+0000] {processor.py:186} INFO - Started process (PID=148) to work on /home/airflow/.local/lib/python3.12/site-packages/airflow/example_dags/example_branch_python_dop_operator_3.py
[2024-11-06T00:24:16.084+0000] {processor.py:914} INFO - Processing file /home/airflow/.local/lib/python3.12/site-packages/airflow/example_dags/example_branch_python_dop_operator_3.py for tasks to queue
[2024-11-06T00:24:16.089+0000] {logging_mixin.py:190} INFO - [2024-11-06T00:24:16.088+0000] {dagbag.py:588} INFO - Filling up the DagBag from /home/airflow/.local/lib/python3.12/site-packages/airflow/example_dags/example_branch_python_dop_operator_3.py
[2024-11-06T00:24:16.108+0000] {processor.py:925} INFO - DAG(s) 'example_branch_dop_operator_v3' retrieved from /home/airflow/.local/lib/python3.12/site-packages/airflow/example_dags/example_branch_python_dop_operator_3.py
[2024-11-06T00:24:16.146+0000] {logging_mixin.py:190} INFO - [2024-11-06T00:24:16.146+0000] {dag.py:3239} INFO - Sync 1 DAGs
[2024-11-06T00:24:16.194+0000] {logging_mixin.py:190} INFO - [2024-11-06T00:24:16.193+0000] {dag.py:4180} INFO - Setting next_dagrun for example_branch_dop_operator_v3 to 2024-11-06 00:23:00+00:00, run_after=2024-11-06 00:24:00+00:00
[2024-11-06T00:24:16.349+0000] {processor.py:208} INFO - Processing /home/airflow/.local/lib/python3.12/site-packages/airflow/example_dags/example_branch_python_dop_operator_3.py took 0.284 seconds
[2024-11-06T00:26:21.259+0000] {processor.py:186} INFO - Started process (PID=84) to work on /home/airflow/.local/lib/python3.12/site-packages/airflow/example_dags/example_branch_python_dop_operator_3.py
[2024-11-06T00:26:21.261+0000] {processor.py:914} INFO - Processing file /home/airflow/.local/lib/python3.12/site-packages/airflow/example_dags/example_branch_python_dop_operator_3.py for tasks to queue
[2024-11-06T00:26:21.271+0000] {logging_mixin.py:190} INFO - [2024-11-06T00:26:21.270+0000] {dagbag.py:588} INFO - Filling up the DagBag from /home/airflow/.local/lib/python3.12/site-packages/airflow/example_dags/example_branch_python_dop_operator_3.py
[2024-11-06T00:26:21.308+0000] {processor.py:925} INFO - DAG(s) 'example_branch_dop_operator_v3' retrieved from /home/airflow/.local/lib/python3.12/site-packages/airflow/example_dags/example_branch_python_dop_operator_3.py
[2024-11-06T00:26:21.376+0000] {logging_mixin.py:190} INFO - [2024-11-06T00:26:21.375+0000] {dag.py:3239} INFO - Sync 1 DAGs
[2024-11-06T00:26:21.444+0000] {logging_mixin.py:190} INFO - [2024-11-06T00:26:21.443+0000] {dag.py:4180} INFO - Setting next_dagrun for example_branch_dop_operator_v3 to 2024-11-06 00:25:00+00:00, run_after=2024-11-06 00:26:00+00:00
[2024-11-06T00:26:21.474+0000] {processor.py:208} INFO - Processing /home/airflow/.local/lib/python3.12/site-packages/airflow/example_dags/example_branch_python_dop_operator_3.py took 0.224 seconds
[2024-11-06T00:26:53.180+0000] {processor.py:186} INFO - Started process (PID=148) to work on /home/airflow/.local/lib/python3.12/site-packages/airflow/example_dags/example_branch_python_dop_operator_3.py
[2024-11-06T00:26:53.182+0000] {processor.py:914} INFO - Processing file /home/airflow/.local/lib/python3.12/site-packages/airflow/example_dags/example_branch_python_dop_operator_3.py for tasks to queue
[2024-11-06T00:26:53.186+0000] {logging_mixin.py:190} INFO - [2024-11-06T00:26:53.186+0000] {dagbag.py:588} INFO - Filling up the DagBag from /home/airflow/.local/lib/python3.12/site-packages/airflow/example_dags/example_branch_python_dop_operator_3.py
[2024-11-06T00:26:53.204+0000] {processor.py:925} INFO - DAG(s) 'example_branch_dop_operator_v3' retrieved from /home/airflow/.local/lib/python3.12/site-packages/airflow/example_dags/example_branch_python_dop_operator_3.py
[2024-11-06T00:26:53.235+0000] {logging_mixin.py:190} INFO - [2024-11-06T00:26:53.234+0000] {dag.py:3239} INFO - Sync 1 DAGs
[2024-11-06T00:26:53.299+0000] {logging_mixin.py:190} INFO - [2024-11-06T00:26:53.298+0000] {dag.py:4180} INFO - Setting next_dagrun for example_branch_dop_operator_v3 to 2024-11-06 00:25:00+00:00, run_after=2024-11-06 00:26:00+00:00
[2024-11-06T00:26:53.340+0000] {processor.py:208} INFO - Processing /home/airflow/.local/lib/python3.12/site-packages/airflow/example_dags/example_branch_python_dop_operator_3.py took 0.170 seconds
[2024-11-06T00:27:25.218+0000] {processor.py:186} INFO - Started process (PID=212) to work on /home/airflow/.local/lib/python3.12/site-packages/airflow/example_dags/example_branch_python_dop_operator_3.py
[2024-11-06T00:27:25.220+0000] {processor.py:914} INFO - Processing file /home/airflow/.local/lib/python3.12/site-packages/airflow/example_dags/example_branch_python_dop_operator_3.py for tasks to queue
[2024-11-06T00:27:25.224+0000] {logging_mixin.py:190} INFO - [2024-11-06T00:27:25.223+0000] {dagbag.py:588} INFO - Filling up the DagBag from /home/airflow/.local/lib/python3.12/site-packages/airflow/example_dags/example_branch_python_dop_operator_3.py
[2024-11-06T00:27:25.239+0000] {processor.py:925} INFO - DAG(s) 'example_branch_dop_operator_v3' retrieved from /home/airflow/.local/lib/python3.12/site-packages/airflow/example_dags/example_branch_python_dop_operator_3.py
[2024-11-06T00:27:25.273+0000] {logging_mixin.py:190} INFO - [2024-11-06T00:27:25.273+0000] {dag.py:3239} INFO - Sync 1 DAGs
[2024-11-06T00:27:25.322+0000] {logging_mixin.py:190} INFO - [2024-11-06T00:27:25.321+0000] {dag.py:4180} INFO - Setting next_dagrun for example_branch_dop_operator_v3 to 2024-11-06 00:26:00+00:00, run_after=2024-11-06 00:27:00+00:00
[2024-11-06T00:27:25.359+0000] {processor.py:208} INFO - Processing /home/airflow/.local/lib/python3.12/site-packages/airflow/example_dags/example_branch_python_dop_operator_3.py took 0.151 seconds
