[2024-11-06T00:00:03.202+0000] {processor.py:186} INFO - Started process (PID=2440) to work on /home/airflow/.local/lib/python3.12/site-packages/airflow/example_dags/example_display_name.py
[2024-11-06T00:00:03.206+0000] {processor.py:914} INFO - Processing file /home/airflow/.local/lib/python3.12/site-packages/airflow/example_dags/example_display_name.py for tasks to queue
[2024-11-06T00:00:03.213+0000] {logging_mixin.py:190} INFO - [2024-11-06T00:00:03.212+0000] {dagbag.py:588} INFO - Filling up the DagBag from /home/airflow/.local/lib/python3.12/site-packages/airflow/example_dags/example_display_name.py
[2024-11-06T00:00:03.231+0000] {processor.py:925} INFO - DAG(s) 'example_display_name' retrieved from /home/airflow/.local/lib/python3.12/site-packages/airflow/example_dags/example_display_name.py
[2024-11-06T00:00:03.266+0000] {logging_mixin.py:190} INFO - [2024-11-06T00:00:03.265+0000] {dag.py:3239} INFO - Sync 1 DAGs
[2024-11-06T00:00:03.299+0000] {logging_mixin.py:190} INFO - [2024-11-06T00:00:03.298+0000] {dag.py:4180} INFO - Setting next_dagrun for example_display_name to None, run_after=None
[2024-11-06T00:00:03.334+0000] {processor.py:208} INFO - Processing /home/airflow/.local/lib/python3.12/site-packages/airflow/example_dags/example_display_name.py took 0.147 seconds
[2024-11-06T00:00:35.024+0000] {processor.py:186} INFO - Started process (PID=2505) to work on /home/airflow/.local/lib/python3.12/site-packages/airflow/example_dags/example_display_name.py
[2024-11-06T00:00:35.026+0000] {processor.py:914} INFO - Processing file /home/airflow/.local/lib/python3.12/site-packages/airflow/example_dags/example_display_name.py for tasks to queue
[2024-11-06T00:00:35.030+0000] {logging_mixin.py:190} INFO - [2024-11-06T00:00:35.030+0000] {dagbag.py:588} INFO - Filling up the DagBag from /home/airflow/.local/lib/python3.12/site-packages/airflow/example_dags/example_display_name.py
[2024-11-06T00:00:35.042+0000] {processor.py:925} INFO - DAG(s) 'example_display_name' retrieved from /home/airflow/.local/lib/python3.12/site-packages/airflow/example_dags/example_display_name.py
[2024-11-06T00:00:35.074+0000] {logging_mixin.py:190} INFO - [2024-11-06T00:00:35.073+0000] {dag.py:3239} INFO - Sync 1 DAGs
[2024-11-06T00:00:35.111+0000] {logging_mixin.py:190} INFO - [2024-11-06T00:00:35.111+0000] {dag.py:4180} INFO - Setting next_dagrun for example_display_name to None, run_after=None
[2024-11-06T00:00:35.156+0000] {processor.py:208} INFO - Processing /home/airflow/.local/lib/python3.12/site-packages/airflow/example_dags/example_display_name.py took 0.143 seconds
[2024-11-06T00:01:06.607+0000] {processor.py:186} INFO - Started process (PID=2569) to work on /home/airflow/.local/lib/python3.12/site-packages/airflow/example_dags/example_display_name.py
[2024-11-06T00:01:06.609+0000] {processor.py:914} INFO - Processing file /home/airflow/.local/lib/python3.12/site-packages/airflow/example_dags/example_display_name.py for tasks to queue
[2024-11-06T00:01:06.613+0000] {logging_mixin.py:190} INFO - [2024-11-06T00:01:06.613+0000] {dagbag.py:588} INFO - Filling up the DagBag from /home/airflow/.local/lib/python3.12/site-packages/airflow/example_dags/example_display_name.py
[2024-11-06T00:01:06.624+0000] {processor.py:925} INFO - DAG(s) 'example_display_name' retrieved from /home/airflow/.local/lib/python3.12/site-packages/airflow/example_dags/example_display_name.py
[2024-11-06T00:01:06.653+0000] {logging_mixin.py:190} INFO - [2024-11-06T00:01:06.653+0000] {dag.py:3239} INFO - Sync 1 DAGs
[2024-11-06T00:01:06.680+0000] {logging_mixin.py:190} INFO - [2024-11-06T00:01:06.680+0000] {dag.py:4180} INFO - Setting next_dagrun for example_display_name to None, run_after=None
[2024-11-06T00:01:06.711+0000] {processor.py:208} INFO - Processing /home/airflow/.local/lib/python3.12/site-packages/airflow/example_dags/example_display_name.py took 0.113 seconds
[2024-11-06T00:01:38.082+0000] {processor.py:186} INFO - Started process (PID=2633) to work on /home/airflow/.local/lib/python3.12/site-packages/airflow/example_dags/example_display_name.py
[2024-11-06T00:01:38.083+0000] {processor.py:914} INFO - Processing file /home/airflow/.local/lib/python3.12/site-packages/airflow/example_dags/example_display_name.py for tasks to queue
[2024-11-06T00:01:38.089+0000] {logging_mixin.py:190} INFO - [2024-11-06T00:01:38.088+0000] {dagbag.py:588} INFO - Filling up the DagBag from /home/airflow/.local/lib/python3.12/site-packages/airflow/example_dags/example_display_name.py
[2024-11-06T00:01:38.104+0000] {processor.py:925} INFO - DAG(s) 'example_display_name' retrieved from /home/airflow/.local/lib/python3.12/site-packages/airflow/example_dags/example_display_name.py
[2024-11-06T00:01:38.137+0000] {logging_mixin.py:190} INFO - [2024-11-06T00:01:38.137+0000] {dag.py:3239} INFO - Sync 1 DAGs
[2024-11-06T00:01:38.165+0000] {logging_mixin.py:190} INFO - [2024-11-06T00:01:38.164+0000] {dag.py:4180} INFO - Setting next_dagrun for example_display_name to None, run_after=None
[2024-11-06T00:01:38.203+0000] {processor.py:208} INFO - Processing /home/airflow/.local/lib/python3.12/site-packages/airflow/example_dags/example_display_name.py took 0.133 seconds
[2024-11-06T00:02:09.449+0000] {processor.py:186} INFO - Started process (PID=2698) to work on /home/airflow/.local/lib/python3.12/site-packages/airflow/example_dags/example_display_name.py
[2024-11-06T00:02:09.451+0000] {processor.py:914} INFO - Processing file /home/airflow/.local/lib/python3.12/site-packages/airflow/example_dags/example_display_name.py for tasks to queue
[2024-11-06T00:02:09.455+0000] {logging_mixin.py:190} INFO - [2024-11-06T00:02:09.454+0000] {dagbag.py:588} INFO - Filling up the DagBag from /home/airflow/.local/lib/python3.12/site-packages/airflow/example_dags/example_display_name.py
[2024-11-06T00:02:09.471+0000] {processor.py:925} INFO - DAG(s) 'example_display_name' retrieved from /home/airflow/.local/lib/python3.12/site-packages/airflow/example_dags/example_display_name.py
[2024-11-06T00:02:09.509+0000] {logging_mixin.py:190} INFO - [2024-11-06T00:02:09.508+0000] {dag.py:3239} INFO - Sync 1 DAGs
[2024-11-06T00:02:09.535+0000] {logging_mixin.py:190} INFO - [2024-11-06T00:02:09.534+0000] {dag.py:4180} INFO - Setting next_dagrun for example_display_name to None, run_after=None
[2024-11-06T00:02:09.587+0000] {processor.py:208} INFO - Processing /home/airflow/.local/lib/python3.12/site-packages/airflow/example_dags/example_display_name.py took 0.149 seconds
[2024-11-06T00:02:41.258+0000] {processor.py:186} INFO - Started process (PID=2762) to work on /home/airflow/.local/lib/python3.12/site-packages/airflow/example_dags/example_display_name.py
[2024-11-06T00:02:41.262+0000] {processor.py:914} INFO - Processing file /home/airflow/.local/lib/python3.12/site-packages/airflow/example_dags/example_display_name.py for tasks to queue
[2024-11-06T00:02:41.269+0000] {logging_mixin.py:190} INFO - [2024-11-06T00:02:41.268+0000] {dagbag.py:588} INFO - Filling up the DagBag from /home/airflow/.local/lib/python3.12/site-packages/airflow/example_dags/example_display_name.py
[2024-11-06T00:02:41.295+0000] {processor.py:925} INFO - DAG(s) 'example_display_name' retrieved from /home/airflow/.local/lib/python3.12/site-packages/airflow/example_dags/example_display_name.py
[2024-11-06T00:02:41.347+0000] {logging_mixin.py:190} INFO - [2024-11-06T00:02:41.346+0000] {dag.py:3239} INFO - Sync 1 DAGs
[2024-11-06T00:02:41.382+0000] {logging_mixin.py:190} INFO - [2024-11-06T00:02:41.381+0000] {dag.py:4180} INFO - Setting next_dagrun for example_display_name to None, run_after=None
[2024-11-06T00:02:41.418+0000] {processor.py:208} INFO - Processing /home/airflow/.local/lib/python3.12/site-packages/airflow/example_dags/example_display_name.py took 0.176 seconds
[2024-11-06T00:03:13.309+0000] {processor.py:186} INFO - Started process (PID=2826) to work on /home/airflow/.local/lib/python3.12/site-packages/airflow/example_dags/example_display_name.py
[2024-11-06T00:03:13.310+0000] {processor.py:914} INFO - Processing file /home/airflow/.local/lib/python3.12/site-packages/airflow/example_dags/example_display_name.py for tasks to queue
[2024-11-06T00:03:13.315+0000] {logging_mixin.py:190} INFO - [2024-11-06T00:03:13.314+0000] {dagbag.py:588} INFO - Filling up the DagBag from /home/airflow/.local/lib/python3.12/site-packages/airflow/example_dags/example_display_name.py
[2024-11-06T00:03:13.327+0000] {processor.py:925} INFO - DAG(s) 'example_display_name' retrieved from /home/airflow/.local/lib/python3.12/site-packages/airflow/example_dags/example_display_name.py
[2024-11-06T00:03:13.354+0000] {logging_mixin.py:190} INFO - [2024-11-06T00:03:13.354+0000] {dag.py:3239} INFO - Sync 1 DAGs
[2024-11-06T00:03:13.378+0000] {logging_mixin.py:190} INFO - [2024-11-06T00:03:13.378+0000] {dag.py:4180} INFO - Setting next_dagrun for example_display_name to None, run_after=None
[2024-11-06T00:03:13.414+0000] {processor.py:208} INFO - Processing /home/airflow/.local/lib/python3.12/site-packages/airflow/example_dags/example_display_name.py took 0.116 seconds
[2024-11-06T00:03:44.430+0000] {processor.py:186} INFO - Started process (PID=2890) to work on /home/airflow/.local/lib/python3.12/site-packages/airflow/example_dags/example_display_name.py
[2024-11-06T00:03:44.432+0000] {processor.py:914} INFO - Processing file /home/airflow/.local/lib/python3.12/site-packages/airflow/example_dags/example_display_name.py for tasks to queue
[2024-11-06T00:03:44.436+0000] {logging_mixin.py:190} INFO - [2024-11-06T00:03:44.436+0000] {dagbag.py:588} INFO - Filling up the DagBag from /home/airflow/.local/lib/python3.12/site-packages/airflow/example_dags/example_display_name.py
[2024-11-06T00:03:44.448+0000] {processor.py:925} INFO - DAG(s) 'example_display_name' retrieved from /home/airflow/.local/lib/python3.12/site-packages/airflow/example_dags/example_display_name.py
[2024-11-06T00:03:44.479+0000] {logging_mixin.py:190} INFO - [2024-11-06T00:03:44.478+0000] {dag.py:3239} INFO - Sync 1 DAGs
[2024-11-06T00:03:44.503+0000] {logging_mixin.py:190} INFO - [2024-11-06T00:03:44.502+0000] {dag.py:4180} INFO - Setting next_dagrun for example_display_name to None, run_after=None
[2024-11-06T00:03:44.531+0000] {processor.py:208} INFO - Processing /home/airflow/.local/lib/python3.12/site-packages/airflow/example_dags/example_display_name.py took 0.113 seconds
[2024-11-06T00:04:16.216+0000] {processor.py:186} INFO - Started process (PID=2955) to work on /home/airflow/.local/lib/python3.12/site-packages/airflow/example_dags/example_display_name.py
[2024-11-06T00:04:16.218+0000] {processor.py:914} INFO - Processing file /home/airflow/.local/lib/python3.12/site-packages/airflow/example_dags/example_display_name.py for tasks to queue
[2024-11-06T00:04:16.222+0000] {logging_mixin.py:190} INFO - [2024-11-06T00:04:16.222+0000] {dagbag.py:588} INFO - Filling up the DagBag from /home/airflow/.local/lib/python3.12/site-packages/airflow/example_dags/example_display_name.py
[2024-11-06T00:04:16.238+0000] {processor.py:925} INFO - DAG(s) 'example_display_name' retrieved from /home/airflow/.local/lib/python3.12/site-packages/airflow/example_dags/example_display_name.py
[2024-11-06T00:04:16.270+0000] {logging_mixin.py:190} INFO - [2024-11-06T00:04:16.270+0000] {dag.py:3239} INFO - Sync 1 DAGs
[2024-11-06T00:04:16.297+0000] {logging_mixin.py:190} INFO - [2024-11-06T00:04:16.296+0000] {dag.py:4180} INFO - Setting next_dagrun for example_display_name to None, run_after=None
[2024-11-06T00:04:16.339+0000] {processor.py:208} INFO - Processing /home/airflow/.local/lib/python3.12/site-packages/airflow/example_dags/example_display_name.py took 0.135 seconds
[2024-11-06T00:04:47.660+0000] {processor.py:186} INFO - Started process (PID=3019) to work on /home/airflow/.local/lib/python3.12/site-packages/airflow/example_dags/example_display_name.py
[2024-11-06T00:04:47.662+0000] {processor.py:914} INFO - Processing file /home/airflow/.local/lib/python3.12/site-packages/airflow/example_dags/example_display_name.py for tasks to queue
[2024-11-06T00:04:47.668+0000] {logging_mixin.py:190} INFO - [2024-11-06T00:04:47.667+0000] {dagbag.py:588} INFO - Filling up the DagBag from /home/airflow/.local/lib/python3.12/site-packages/airflow/example_dags/example_display_name.py
[2024-11-06T00:04:47.680+0000] {processor.py:925} INFO - DAG(s) 'example_display_name' retrieved from /home/airflow/.local/lib/python3.12/site-packages/airflow/example_dags/example_display_name.py
[2024-11-06T00:04:47.711+0000] {logging_mixin.py:190} INFO - [2024-11-06T00:04:47.711+0000] {dag.py:3239} INFO - Sync 1 DAGs
[2024-11-06T00:04:47.737+0000] {logging_mixin.py:190} INFO - [2024-11-06T00:04:47.737+0000] {dag.py:4180} INFO - Setting next_dagrun for example_display_name to None, run_after=None
[2024-11-06T00:04:47.767+0000] {processor.py:208} INFO - Processing /home/airflow/.local/lib/python3.12/site-packages/airflow/example_dags/example_display_name.py took 0.118 seconds
[2024-11-06T00:05:19.640+0000] {processor.py:186} INFO - Started process (PID=3092) to work on /home/airflow/.local/lib/python3.12/site-packages/airflow/example_dags/example_display_name.py
[2024-11-06T00:05:19.641+0000] {processor.py:914} INFO - Processing file /home/airflow/.local/lib/python3.12/site-packages/airflow/example_dags/example_display_name.py for tasks to queue
[2024-11-06T00:05:19.645+0000] {logging_mixin.py:190} INFO - [2024-11-06T00:05:19.645+0000] {dagbag.py:588} INFO - Filling up the DagBag from /home/airflow/.local/lib/python3.12/site-packages/airflow/example_dags/example_display_name.py
[2024-11-06T00:05:19.659+0000] {processor.py:925} INFO - DAG(s) 'example_display_name' retrieved from /home/airflow/.local/lib/python3.12/site-packages/airflow/example_dags/example_display_name.py
[2024-11-06T00:05:19.692+0000] {logging_mixin.py:190} INFO - [2024-11-06T00:05:19.691+0000] {dag.py:3239} INFO - Sync 1 DAGs
[2024-11-06T00:05:19.724+0000] {logging_mixin.py:190} INFO - [2024-11-06T00:05:19.723+0000] {dag.py:4180} INFO - Setting next_dagrun for example_display_name to None, run_after=None
[2024-11-06T00:05:19.760+0000] {processor.py:208} INFO - Processing /home/airflow/.local/lib/python3.12/site-packages/airflow/example_dags/example_display_name.py took 0.131 seconds
[2024-11-06T00:05:51.238+0000] {processor.py:186} INFO - Started process (PID=3159) to work on /home/airflow/.local/lib/python3.12/site-packages/airflow/example_dags/example_display_name.py
[2024-11-06T00:05:51.239+0000] {processor.py:914} INFO - Processing file /home/airflow/.local/lib/python3.12/site-packages/airflow/example_dags/example_display_name.py for tasks to queue
[2024-11-06T00:05:51.243+0000] {logging_mixin.py:190} INFO - [2024-11-06T00:05:51.243+0000] {dagbag.py:588} INFO - Filling up the DagBag from /home/airflow/.local/lib/python3.12/site-packages/airflow/example_dags/example_display_name.py
[2024-11-06T00:05:51.256+0000] {processor.py:925} INFO - DAG(s) 'example_display_name' retrieved from /home/airflow/.local/lib/python3.12/site-packages/airflow/example_dags/example_display_name.py
[2024-11-06T00:05:51.301+0000] {logging_mixin.py:190} INFO - [2024-11-06T00:05:51.301+0000] {dag.py:3239} INFO - Sync 1 DAGs
[2024-11-06T00:05:51.335+0000] {logging_mixin.py:190} INFO - [2024-11-06T00:05:51.335+0000] {dag.py:4180} INFO - Setting next_dagrun for example_display_name to None, run_after=None
[2024-11-06T00:05:51.378+0000] {processor.py:208} INFO - Processing /home/airflow/.local/lib/python3.12/site-packages/airflow/example_dags/example_display_name.py took 0.150 seconds
[2024-11-06T00:06:21.675+0000] {processor.py:186} INFO - Started process (PID=3222) to work on /home/airflow/.local/lib/python3.12/site-packages/airflow/example_dags/example_display_name.py
[2024-11-06T00:06:21.678+0000] {processor.py:914} INFO - Processing file /home/airflow/.local/lib/python3.12/site-packages/airflow/example_dags/example_display_name.py for tasks to queue
[2024-11-06T00:06:21.684+0000] {logging_mixin.py:190} INFO - [2024-11-06T00:06:21.683+0000] {dagbag.py:588} INFO - Filling up the DagBag from /home/airflow/.local/lib/python3.12/site-packages/airflow/example_dags/example_display_name.py
[2024-11-06T00:06:21.700+0000] {processor.py:925} INFO - DAG(s) 'example_display_name' retrieved from /home/airflow/.local/lib/python3.12/site-packages/airflow/example_dags/example_display_name.py
[2024-11-06T00:06:21.736+0000] {logging_mixin.py:190} INFO - [2024-11-06T00:06:21.735+0000] {dag.py:3239} INFO - Sync 1 DAGs
[2024-11-06T00:06:21.763+0000] {logging_mixin.py:190} INFO - [2024-11-06T00:06:21.763+0000] {dag.py:4180} INFO - Setting next_dagrun for example_display_name to None, run_after=None
[2024-11-06T00:06:21.796+0000] {processor.py:208} INFO - Processing /home/airflow/.local/lib/python3.12/site-packages/airflow/example_dags/example_display_name.py took 0.133 seconds
[2024-11-06T00:06:51.924+0000] {processor.py:186} INFO - Started process (PID=3285) to work on /home/airflow/.local/lib/python3.12/site-packages/airflow/example_dags/example_display_name.py
[2024-11-06T00:06:51.925+0000] {processor.py:914} INFO - Processing file /home/airflow/.local/lib/python3.12/site-packages/airflow/example_dags/example_display_name.py for tasks to queue
[2024-11-06T00:06:51.933+0000] {logging_mixin.py:190} INFO - [2024-11-06T00:06:51.932+0000] {dagbag.py:588} INFO - Filling up the DagBag from /home/airflow/.local/lib/python3.12/site-packages/airflow/example_dags/example_display_name.py
[2024-11-06T00:06:51.946+0000] {processor.py:925} INFO - DAG(s) 'example_display_name' retrieved from /home/airflow/.local/lib/python3.12/site-packages/airflow/example_dags/example_display_name.py
[2024-11-06T00:06:51.978+0000] {logging_mixin.py:190} INFO - [2024-11-06T00:06:51.978+0000] {dag.py:3239} INFO - Sync 1 DAGs
[2024-11-06T00:06:52.002+0000] {logging_mixin.py:190} INFO - [2024-11-06T00:06:52.002+0000] {dag.py:4180} INFO - Setting next_dagrun for example_display_name to None, run_after=None
[2024-11-06T00:06:52.041+0000] {processor.py:208} INFO - Processing /home/airflow/.local/lib/python3.12/site-packages/airflow/example_dags/example_display_name.py took 0.126 seconds
[2024-11-06T00:07:22.292+0000] {processor.py:186} INFO - Started process (PID=3349) to work on /home/airflow/.local/lib/python3.12/site-packages/airflow/example_dags/example_display_name.py
[2024-11-06T00:07:22.294+0000] {processor.py:914} INFO - Processing file /home/airflow/.local/lib/python3.12/site-packages/airflow/example_dags/example_display_name.py for tasks to queue
[2024-11-06T00:07:22.300+0000] {logging_mixin.py:190} INFO - [2024-11-06T00:07:22.300+0000] {dagbag.py:588} INFO - Filling up the DagBag from /home/airflow/.local/lib/python3.12/site-packages/airflow/example_dags/example_display_name.py
[2024-11-06T00:07:22.316+0000] {processor.py:925} INFO - DAG(s) 'example_display_name' retrieved from /home/airflow/.local/lib/python3.12/site-packages/airflow/example_dags/example_display_name.py
[2024-11-06T00:07:22.346+0000] {logging_mixin.py:190} INFO - [2024-11-06T00:07:22.345+0000] {dag.py:3239} INFO - Sync 1 DAGs
[2024-11-06T00:07:22.370+0000] {logging_mixin.py:190} INFO - [2024-11-06T00:07:22.370+0000] {dag.py:4180} INFO - Setting next_dagrun for example_display_name to None, run_after=None
[2024-11-06T00:07:22.405+0000] {processor.py:208} INFO - Processing /home/airflow/.local/lib/python3.12/site-packages/airflow/example_dags/example_display_name.py took 0.123 seconds
[2024-11-06T00:07:53.121+0000] {processor.py:186} INFO - Started process (PID=3413) to work on /home/airflow/.local/lib/python3.12/site-packages/airflow/example_dags/example_display_name.py
[2024-11-06T00:07:53.123+0000] {processor.py:914} INFO - Processing file /home/airflow/.local/lib/python3.12/site-packages/airflow/example_dags/example_display_name.py for tasks to queue
[2024-11-06T00:07:53.126+0000] {logging_mixin.py:190} INFO - [2024-11-06T00:07:53.126+0000] {dagbag.py:588} INFO - Filling up the DagBag from /home/airflow/.local/lib/python3.12/site-packages/airflow/example_dags/example_display_name.py
[2024-11-06T00:07:53.146+0000] {processor.py:925} INFO - DAG(s) 'example_display_name' retrieved from /home/airflow/.local/lib/python3.12/site-packages/airflow/example_dags/example_display_name.py
[2024-11-06T00:07:53.193+0000] {logging_mixin.py:190} INFO - [2024-11-06T00:07:53.192+0000] {dag.py:3239} INFO - Sync 1 DAGs
[2024-11-06T00:07:53.222+0000] {logging_mixin.py:190} INFO - [2024-11-06T00:07:53.222+0000] {dag.py:4180} INFO - Setting next_dagrun for example_display_name to None, run_after=None
[2024-11-06T00:07:53.268+0000] {processor.py:208} INFO - Processing /home/airflow/.local/lib/python3.12/site-packages/airflow/example_dags/example_display_name.py took 0.164 seconds
[2024-11-06T00:08:24.232+0000] {processor.py:186} INFO - Started process (PID=3477) to work on /home/airflow/.local/lib/python3.12/site-packages/airflow/example_dags/example_display_name.py
[2024-11-06T00:08:24.234+0000] {processor.py:914} INFO - Processing file /home/airflow/.local/lib/python3.12/site-packages/airflow/example_dags/example_display_name.py for tasks to queue
[2024-11-06T00:08:24.239+0000] {logging_mixin.py:190} INFO - [2024-11-06T00:08:24.238+0000] {dagbag.py:588} INFO - Filling up the DagBag from /home/airflow/.local/lib/python3.12/site-packages/airflow/example_dags/example_display_name.py
[2024-11-06T00:08:24.254+0000] {processor.py:925} INFO - DAG(s) 'example_display_name' retrieved from /home/airflow/.local/lib/python3.12/site-packages/airflow/example_dags/example_display_name.py
[2024-11-06T00:08:24.287+0000] {logging_mixin.py:190} INFO - [2024-11-06T00:08:24.287+0000] {dag.py:3239} INFO - Sync 1 DAGs
[2024-11-06T00:08:24.339+0000] {logging_mixin.py:190} INFO - [2024-11-06T00:08:24.339+0000] {dag.py:4180} INFO - Setting next_dagrun for example_display_name to None, run_after=None
[2024-11-06T00:08:24.394+0000] {processor.py:208} INFO - Processing /home/airflow/.local/lib/python3.12/site-packages/airflow/example_dags/example_display_name.py took 0.172 seconds
[2024-11-06T00:08:54.813+0000] {processor.py:186} INFO - Started process (PID=3541) to work on /home/airflow/.local/lib/python3.12/site-packages/airflow/example_dags/example_display_name.py
[2024-11-06T00:08:54.815+0000] {processor.py:914} INFO - Processing file /home/airflow/.local/lib/python3.12/site-packages/airflow/example_dags/example_display_name.py for tasks to queue
[2024-11-06T00:08:54.819+0000] {logging_mixin.py:190} INFO - [2024-11-06T00:08:54.818+0000] {dagbag.py:588} INFO - Filling up the DagBag from /home/airflow/.local/lib/python3.12/site-packages/airflow/example_dags/example_display_name.py
[2024-11-06T00:08:54.830+0000] {processor.py:925} INFO - DAG(s) 'example_display_name' retrieved from /home/airflow/.local/lib/python3.12/site-packages/airflow/example_dags/example_display_name.py
[2024-11-06T00:08:54.860+0000] {logging_mixin.py:190} INFO - [2024-11-06T00:08:54.860+0000] {dag.py:3239} INFO - Sync 1 DAGs
[2024-11-06T00:08:54.885+0000] {logging_mixin.py:190} INFO - [2024-11-06T00:08:54.884+0000] {dag.py:4180} INFO - Setting next_dagrun for example_display_name to None, run_after=None
[2024-11-06T00:08:54.916+0000] {processor.py:208} INFO - Processing /home/airflow/.local/lib/python3.12/site-packages/airflow/example_dags/example_display_name.py took 0.116 seconds
[2024-11-06T00:09:25.688+0000] {processor.py:186} INFO - Started process (PID=3605) to work on /home/airflow/.local/lib/python3.12/site-packages/airflow/example_dags/example_display_name.py
[2024-11-06T00:09:25.690+0000] {processor.py:914} INFO - Processing file /home/airflow/.local/lib/python3.12/site-packages/airflow/example_dags/example_display_name.py for tasks to queue
[2024-11-06T00:09:25.694+0000] {logging_mixin.py:190} INFO - [2024-11-06T00:09:25.694+0000] {dagbag.py:588} INFO - Filling up the DagBag from /home/airflow/.local/lib/python3.12/site-packages/airflow/example_dags/example_display_name.py
[2024-11-06T00:09:25.708+0000] {processor.py:925} INFO - DAG(s) 'example_display_name' retrieved from /home/airflow/.local/lib/python3.12/site-packages/airflow/example_dags/example_display_name.py
[2024-11-06T00:09:25.737+0000] {logging_mixin.py:190} INFO - [2024-11-06T00:09:25.737+0000] {dag.py:3239} INFO - Sync 1 DAGs
[2024-11-06T00:09:25.976+0000] {logging_mixin.py:190} INFO - [2024-11-06T00:09:25.976+0000] {dag.py:4180} INFO - Setting next_dagrun for example_display_name to None, run_after=None
[2024-11-06T00:09:26.007+0000] {processor.py:208} INFO - Processing /home/airflow/.local/lib/python3.12/site-packages/airflow/example_dags/example_display_name.py took 0.329 seconds
[2024-11-06T00:09:56.701+0000] {processor.py:186} INFO - Started process (PID=3669) to work on /home/airflow/.local/lib/python3.12/site-packages/airflow/example_dags/example_display_name.py
[2024-11-06T00:09:56.702+0000] {processor.py:914} INFO - Processing file /home/airflow/.local/lib/python3.12/site-packages/airflow/example_dags/example_display_name.py for tasks to queue
[2024-11-06T00:09:56.707+0000] {logging_mixin.py:190} INFO - [2024-11-06T00:09:56.706+0000] {dagbag.py:588} INFO - Filling up the DagBag from /home/airflow/.local/lib/python3.12/site-packages/airflow/example_dags/example_display_name.py
[2024-11-06T00:09:56.718+0000] {processor.py:925} INFO - DAG(s) 'example_display_name' retrieved from /home/airflow/.local/lib/python3.12/site-packages/airflow/example_dags/example_display_name.py
[2024-11-06T00:09:56.748+0000] {logging_mixin.py:190} INFO - [2024-11-06T00:09:56.748+0000] {dag.py:3239} INFO - Sync 1 DAGs
[2024-11-06T00:09:56.775+0000] {logging_mixin.py:190} INFO - [2024-11-06T00:09:56.774+0000] {dag.py:4180} INFO - Setting next_dagrun for example_display_name to None, run_after=None
[2024-11-06T00:09:56.817+0000] {processor.py:208} INFO - Processing /home/airflow/.local/lib/python3.12/site-packages/airflow/example_dags/example_display_name.py took 0.128 seconds
[2024-11-06T00:10:27.022+0000] {processor.py:186} INFO - Started process (PID=3734) to work on /home/airflow/.local/lib/python3.12/site-packages/airflow/example_dags/example_display_name.py
[2024-11-06T00:10:27.025+0000] {processor.py:914} INFO - Processing file /home/airflow/.local/lib/python3.12/site-packages/airflow/example_dags/example_display_name.py for tasks to queue
[2024-11-06T00:10:27.030+0000] {logging_mixin.py:190} INFO - [2024-11-06T00:10:27.029+0000] {dagbag.py:588} INFO - Filling up the DagBag from /home/airflow/.local/lib/python3.12/site-packages/airflow/example_dags/example_display_name.py
[2024-11-06T00:10:27.042+0000] {processor.py:925} INFO - DAG(s) 'example_display_name' retrieved from /home/airflow/.local/lib/python3.12/site-packages/airflow/example_dags/example_display_name.py
[2024-11-06T00:10:27.071+0000] {logging_mixin.py:190} INFO - [2024-11-06T00:10:27.071+0000] {dag.py:3239} INFO - Sync 1 DAGs
[2024-11-06T00:10:27.096+0000] {logging_mixin.py:190} INFO - [2024-11-06T00:10:27.096+0000] {dag.py:4180} INFO - Setting next_dagrun for example_display_name to None, run_after=None
[2024-11-06T00:10:27.137+0000] {processor.py:208} INFO - Processing /home/airflow/.local/lib/python3.12/site-packages/airflow/example_dags/example_display_name.py took 0.128 seconds
[2024-11-06T00:10:58.342+0000] {processor.py:186} INFO - Started process (PID=3798) to work on /home/airflow/.local/lib/python3.12/site-packages/airflow/example_dags/example_display_name.py
[2024-11-06T00:10:58.344+0000] {processor.py:914} INFO - Processing file /home/airflow/.local/lib/python3.12/site-packages/airflow/example_dags/example_display_name.py for tasks to queue
[2024-11-06T00:10:58.349+0000] {logging_mixin.py:190} INFO - [2024-11-06T00:10:58.348+0000] {dagbag.py:588} INFO - Filling up the DagBag from /home/airflow/.local/lib/python3.12/site-packages/airflow/example_dags/example_display_name.py
[2024-11-06T00:10:58.365+0000] {processor.py:925} INFO - DAG(s) 'example_display_name' retrieved from /home/airflow/.local/lib/python3.12/site-packages/airflow/example_dags/example_display_name.py
[2024-11-06T00:10:58.407+0000] {logging_mixin.py:190} INFO - [2024-11-06T00:10:58.406+0000] {dag.py:3239} INFO - Sync 1 DAGs
[2024-11-06T00:10:58.431+0000] {logging_mixin.py:190} INFO - [2024-11-06T00:10:58.431+0000] {dag.py:4180} INFO - Setting next_dagrun for example_display_name to None, run_after=None
[2024-11-06T00:10:58.477+0000] {processor.py:208} INFO - Processing /home/airflow/.local/lib/python3.12/site-packages/airflow/example_dags/example_display_name.py took 0.146 seconds
[2024-11-06T00:11:29.379+0000] {processor.py:186} INFO - Started process (PID=3863) to work on /home/airflow/.local/lib/python3.12/site-packages/airflow/example_dags/example_display_name.py
[2024-11-06T00:11:29.382+0000] {processor.py:914} INFO - Processing file /home/airflow/.local/lib/python3.12/site-packages/airflow/example_dags/example_display_name.py for tasks to queue
[2024-11-06T00:11:29.390+0000] {logging_mixin.py:190} INFO - [2024-11-06T00:11:29.389+0000] {dagbag.py:588} INFO - Filling up the DagBag from /home/airflow/.local/lib/python3.12/site-packages/airflow/example_dags/example_display_name.py
[2024-11-06T00:11:29.410+0000] {processor.py:925} INFO - DAG(s) 'example_display_name' retrieved from /home/airflow/.local/lib/python3.12/site-packages/airflow/example_dags/example_display_name.py
[2024-11-06T00:11:29.455+0000] {logging_mixin.py:190} INFO - [2024-11-06T00:11:29.454+0000] {dag.py:3239} INFO - Sync 1 DAGs
[2024-11-06T00:11:29.492+0000] {logging_mixin.py:190} INFO - [2024-11-06T00:11:29.491+0000] {dag.py:4180} INFO - Setting next_dagrun for example_display_name to None, run_after=None
[2024-11-06T00:11:29.535+0000] {processor.py:208} INFO - Processing /home/airflow/.local/lib/python3.12/site-packages/airflow/example_dags/example_display_name.py took 0.167 seconds
[2024-11-06T00:12:00.242+0000] {processor.py:186} INFO - Started process (PID=3927) to work on /home/airflow/.local/lib/python3.12/site-packages/airflow/example_dags/example_display_name.py
[2024-11-06T00:12:00.245+0000] {processor.py:914} INFO - Processing file /home/airflow/.local/lib/python3.12/site-packages/airflow/example_dags/example_display_name.py for tasks to queue
[2024-11-06T00:12:00.252+0000] {logging_mixin.py:190} INFO - [2024-11-06T00:12:00.251+0000] {dagbag.py:588} INFO - Filling up the DagBag from /home/airflow/.local/lib/python3.12/site-packages/airflow/example_dags/example_display_name.py
[2024-11-06T00:12:00.276+0000] {processor.py:925} INFO - DAG(s) 'example_display_name' retrieved from /home/airflow/.local/lib/python3.12/site-packages/airflow/example_dags/example_display_name.py
[2024-11-06T00:12:00.334+0000] {logging_mixin.py:190} INFO - [2024-11-06T00:12:00.334+0000] {dag.py:3239} INFO - Sync 1 DAGs
[2024-11-06T00:12:00.356+0000] {logging_mixin.py:190} INFO - [2024-11-06T00:12:00.356+0000] {dag.py:4180} INFO - Setting next_dagrun for example_display_name to None, run_after=None
[2024-11-06T00:12:00.462+0000] {processor.py:208} INFO - Processing /home/airflow/.local/lib/python3.12/site-packages/airflow/example_dags/example_display_name.py took 0.241 seconds
[2024-11-06T00:12:30.620+0000] {processor.py:186} INFO - Started process (PID=3990) to work on /home/airflow/.local/lib/python3.12/site-packages/airflow/example_dags/example_display_name.py
[2024-11-06T00:12:30.623+0000] {processor.py:914} INFO - Processing file /home/airflow/.local/lib/python3.12/site-packages/airflow/example_dags/example_display_name.py for tasks to queue
[2024-11-06T00:12:30.630+0000] {logging_mixin.py:190} INFO - [2024-11-06T00:12:30.629+0000] {dagbag.py:588} INFO - Filling up the DagBag from /home/airflow/.local/lib/python3.12/site-packages/airflow/example_dags/example_display_name.py
[2024-11-06T00:12:30.646+0000] {processor.py:925} INFO - DAG(s) 'example_display_name' retrieved from /home/airflow/.local/lib/python3.12/site-packages/airflow/example_dags/example_display_name.py
[2024-11-06T00:12:30.677+0000] {logging_mixin.py:190} INFO - [2024-11-06T00:12:30.677+0000] {dag.py:3239} INFO - Sync 1 DAGs
[2024-11-06T00:12:30.703+0000] {logging_mixin.py:190} INFO - [2024-11-06T00:12:30.703+0000] {dag.py:4180} INFO - Setting next_dagrun for example_display_name to None, run_after=None
[2024-11-06T00:12:30.758+0000] {processor.py:208} INFO - Processing /home/airflow/.local/lib/python3.12/site-packages/airflow/example_dags/example_display_name.py took 0.152 seconds
[2024-11-06T00:13:01.091+0000] {processor.py:186} INFO - Started process (PID=4055) to work on /home/airflow/.local/lib/python3.12/site-packages/airflow/example_dags/example_display_name.py
[2024-11-06T00:13:01.093+0000] {processor.py:914} INFO - Processing file /home/airflow/.local/lib/python3.12/site-packages/airflow/example_dags/example_display_name.py for tasks to queue
[2024-11-06T00:13:01.097+0000] {logging_mixin.py:190} INFO - [2024-11-06T00:13:01.097+0000] {dagbag.py:588} INFO - Filling up the DagBag from /home/airflow/.local/lib/python3.12/site-packages/airflow/example_dags/example_display_name.py
[2024-11-06T00:13:01.113+0000] {processor.py:925} INFO - DAG(s) 'example_display_name' retrieved from /home/airflow/.local/lib/python3.12/site-packages/airflow/example_dags/example_display_name.py
[2024-11-06T00:13:01.148+0000] {logging_mixin.py:190} INFO - [2024-11-06T00:13:01.148+0000] {dag.py:3239} INFO - Sync 1 DAGs
[2024-11-06T00:13:01.175+0000] {logging_mixin.py:190} INFO - [2024-11-06T00:13:01.175+0000] {dag.py:4180} INFO - Setting next_dagrun for example_display_name to None, run_after=None
[2024-11-06T00:13:01.228+0000] {processor.py:208} INFO - Processing /home/airflow/.local/lib/python3.12/site-packages/airflow/example_dags/example_display_name.py took 0.151 seconds
[2024-11-06T00:13:31.579+0000] {processor.py:186} INFO - Started process (PID=4119) to work on /home/airflow/.local/lib/python3.12/site-packages/airflow/example_dags/example_display_name.py
[2024-11-06T00:13:31.582+0000] {processor.py:914} INFO - Processing file /home/airflow/.local/lib/python3.12/site-packages/airflow/example_dags/example_display_name.py for tasks to queue
[2024-11-06T00:13:31.587+0000] {logging_mixin.py:190} INFO - [2024-11-06T00:13:31.586+0000] {dagbag.py:588} INFO - Filling up the DagBag from /home/airflow/.local/lib/python3.12/site-packages/airflow/example_dags/example_display_name.py
[2024-11-06T00:13:31.602+0000] {processor.py:925} INFO - DAG(s) 'example_display_name' retrieved from /home/airflow/.local/lib/python3.12/site-packages/airflow/example_dags/example_display_name.py
[2024-11-06T00:13:31.632+0000] {logging_mixin.py:190} INFO - [2024-11-06T00:13:31.631+0000] {dag.py:3239} INFO - Sync 1 DAGs
[2024-11-06T00:13:31.659+0000] {logging_mixin.py:190} INFO - [2024-11-06T00:13:31.659+0000] {dag.py:4180} INFO - Setting next_dagrun for example_display_name to None, run_after=None
[2024-11-06T00:13:31.692+0000] {processor.py:208} INFO - Processing /home/airflow/.local/lib/python3.12/site-packages/airflow/example_dags/example_display_name.py took 0.126 seconds
[2024-11-06T00:14:01.914+0000] {processor.py:186} INFO - Started process (PID=4182) to work on /home/airflow/.local/lib/python3.12/site-packages/airflow/example_dags/example_display_name.py
[2024-11-06T00:14:01.917+0000] {processor.py:914} INFO - Processing file /home/airflow/.local/lib/python3.12/site-packages/airflow/example_dags/example_display_name.py for tasks to queue
[2024-11-06T00:14:01.921+0000] {logging_mixin.py:190} INFO - [2024-11-06T00:14:01.921+0000] {dagbag.py:588} INFO - Filling up the DagBag from /home/airflow/.local/lib/python3.12/site-packages/airflow/example_dags/example_display_name.py
[2024-11-06T00:14:01.936+0000] {processor.py:925} INFO - DAG(s) 'example_display_name' retrieved from /home/airflow/.local/lib/python3.12/site-packages/airflow/example_dags/example_display_name.py
[2024-11-06T00:14:01.965+0000] {logging_mixin.py:190} INFO - [2024-11-06T00:14:01.965+0000] {dag.py:3239} INFO - Sync 1 DAGs
[2024-11-06T00:14:01.987+0000] {logging_mixin.py:190} INFO - [2024-11-06T00:14:01.987+0000] {dag.py:4180} INFO - Setting next_dagrun for example_display_name to None, run_after=None
[2024-11-06T00:14:02.018+0000] {processor.py:208} INFO - Processing /home/airflow/.local/lib/python3.12/site-packages/airflow/example_dags/example_display_name.py took 0.112 seconds
[2024-11-06T00:14:32.350+0000] {processor.py:186} INFO - Started process (PID=4246) to work on /home/airflow/.local/lib/python3.12/site-packages/airflow/example_dags/example_display_name.py
[2024-11-06T00:14:32.352+0000] {processor.py:914} INFO - Processing file /home/airflow/.local/lib/python3.12/site-packages/airflow/example_dags/example_display_name.py for tasks to queue
[2024-11-06T00:14:32.358+0000] {logging_mixin.py:190} INFO - [2024-11-06T00:14:32.357+0000] {dagbag.py:588} INFO - Filling up the DagBag from /home/airflow/.local/lib/python3.12/site-packages/airflow/example_dags/example_display_name.py
[2024-11-06T00:14:32.373+0000] {processor.py:925} INFO - DAG(s) 'example_display_name' retrieved from /home/airflow/.local/lib/python3.12/site-packages/airflow/example_dags/example_display_name.py
[2024-11-06T00:14:32.404+0000] {logging_mixin.py:190} INFO - [2024-11-06T00:14:32.403+0000] {dag.py:3239} INFO - Sync 1 DAGs
[2024-11-06T00:14:32.428+0000] {logging_mixin.py:190} INFO - [2024-11-06T00:14:32.428+0000] {dag.py:4180} INFO - Setting next_dagrun for example_display_name to None, run_after=None
[2024-11-06T00:14:32.458+0000] {processor.py:208} INFO - Processing /home/airflow/.local/lib/python3.12/site-packages/airflow/example_dags/example_display_name.py took 0.124 seconds
[2024-11-06T00:15:03.429+0000] {processor.py:186} INFO - Started process (PID=4311) to work on /home/airflow/.local/lib/python3.12/site-packages/airflow/example_dags/example_display_name.py
[2024-11-06T00:15:03.431+0000] {processor.py:914} INFO - Processing file /home/airflow/.local/lib/python3.12/site-packages/airflow/example_dags/example_display_name.py for tasks to queue
[2024-11-06T00:15:03.436+0000] {logging_mixin.py:190} INFO - [2024-11-06T00:15:03.435+0000] {dagbag.py:588} INFO - Filling up the DagBag from /home/airflow/.local/lib/python3.12/site-packages/airflow/example_dags/example_display_name.py
[2024-11-06T00:15:03.450+0000] {processor.py:925} INFO - DAG(s) 'example_display_name' retrieved from /home/airflow/.local/lib/python3.12/site-packages/airflow/example_dags/example_display_name.py
[2024-11-06T00:15:03.482+0000] {logging_mixin.py:190} INFO - [2024-11-06T00:15:03.482+0000] {dag.py:3239} INFO - Sync 1 DAGs
[2024-11-06T00:15:03.503+0000] {logging_mixin.py:190} INFO - [2024-11-06T00:15:03.503+0000] {dag.py:4180} INFO - Setting next_dagrun for example_display_name to None, run_after=None
[2024-11-06T00:15:03.533+0000] {processor.py:208} INFO - Processing /home/airflow/.local/lib/python3.12/site-packages/airflow/example_dags/example_display_name.py took 0.114 seconds
[2024-11-06T00:15:34.128+0000] {processor.py:186} INFO - Started process (PID=4375) to work on /home/airflow/.local/lib/python3.12/site-packages/airflow/example_dags/example_display_name.py
[2024-11-06T00:15:34.130+0000] {processor.py:914} INFO - Processing file /home/airflow/.local/lib/python3.12/site-packages/airflow/example_dags/example_display_name.py for tasks to queue
[2024-11-06T00:15:34.135+0000] {logging_mixin.py:190} INFO - [2024-11-06T00:15:34.134+0000] {dagbag.py:588} INFO - Filling up the DagBag from /home/airflow/.local/lib/python3.12/site-packages/airflow/example_dags/example_display_name.py
[2024-11-06T00:15:34.147+0000] {processor.py:925} INFO - DAG(s) 'example_display_name' retrieved from /home/airflow/.local/lib/python3.12/site-packages/airflow/example_dags/example_display_name.py
[2024-11-06T00:15:34.180+0000] {logging_mixin.py:190} INFO - [2024-11-06T00:15:34.180+0000] {dag.py:3239} INFO - Sync 1 DAGs
[2024-11-06T00:15:34.207+0000] {logging_mixin.py:190} INFO - [2024-11-06T00:15:34.207+0000] {dag.py:4180} INFO - Setting next_dagrun for example_display_name to None, run_after=None
[2024-11-06T00:15:34.240+0000] {processor.py:208} INFO - Processing /home/airflow/.local/lib/python3.12/site-packages/airflow/example_dags/example_display_name.py took 0.126 seconds
[2024-11-06T00:16:04.498+0000] {processor.py:186} INFO - Started process (PID=4439) to work on /home/airflow/.local/lib/python3.12/site-packages/airflow/example_dags/example_display_name.py
[2024-11-06T00:16:04.500+0000] {processor.py:914} INFO - Processing file /home/airflow/.local/lib/python3.12/site-packages/airflow/example_dags/example_display_name.py for tasks to queue
[2024-11-06T00:16:04.504+0000] {logging_mixin.py:190} INFO - [2024-11-06T00:16:04.504+0000] {dagbag.py:588} INFO - Filling up the DagBag from /home/airflow/.local/lib/python3.12/site-packages/airflow/example_dags/example_display_name.py
[2024-11-06T00:16:04.519+0000] {processor.py:925} INFO - DAG(s) 'example_display_name' retrieved from /home/airflow/.local/lib/python3.12/site-packages/airflow/example_dags/example_display_name.py
[2024-11-06T00:16:04.556+0000] {logging_mixin.py:190} INFO - [2024-11-06T00:16:04.556+0000] {dag.py:3239} INFO - Sync 1 DAGs
[2024-11-06T00:16:04.576+0000] {logging_mixin.py:190} INFO - [2024-11-06T00:16:04.576+0000] {dag.py:4180} INFO - Setting next_dagrun for example_display_name to None, run_after=None
[2024-11-06T00:16:04.602+0000] {processor.py:208} INFO - Processing /home/airflow/.local/lib/python3.12/site-packages/airflow/example_dags/example_display_name.py took 0.114 seconds
[2024-11-06T00:18:25.862+0000] {processor.py:186} INFO - Started process (PID=57) to work on /home/airflow/.local/lib/python3.12/site-packages/airflow/example_dags/example_display_name.py
[2024-11-06T00:18:25.864+0000] {processor.py:914} INFO - Processing file /home/airflow/.local/lib/python3.12/site-packages/airflow/example_dags/example_display_name.py for tasks to queue
[2024-11-06T00:18:25.868+0000] {logging_mixin.py:190} INFO - [2024-11-06T00:18:25.867+0000] {dagbag.py:588} INFO - Filling up the DagBag from /home/airflow/.local/lib/python3.12/site-packages/airflow/example_dags/example_display_name.py
[2024-11-06T00:18:25.892+0000] {processor.py:925} INFO - DAG(s) 'example_display_name' retrieved from /home/airflow/.local/lib/python3.12/site-packages/airflow/example_dags/example_display_name.py
[2024-11-06T00:18:25.937+0000] {logging_mixin.py:190} INFO - [2024-11-06T00:18:25.937+0000] {dag.py:3239} INFO - Sync 1 DAGs
[2024-11-06T00:18:25.962+0000] {logging_mixin.py:190} INFO - [2024-11-06T00:18:25.961+0000] {dag.py:4180} INFO - Setting next_dagrun for example_display_name to None, run_after=None
[2024-11-06T00:18:25.995+0000] {processor.py:208} INFO - Processing /home/airflow/.local/lib/python3.12/site-packages/airflow/example_dags/example_display_name.py took 0.145 seconds
[2024-11-06T00:18:57.113+0000] {processor.py:186} INFO - Started process (PID=121) to work on /home/airflow/.local/lib/python3.12/site-packages/airflow/example_dags/example_display_name.py
[2024-11-06T00:18:57.115+0000] {processor.py:914} INFO - Processing file /home/airflow/.local/lib/python3.12/site-packages/airflow/example_dags/example_display_name.py for tasks to queue
[2024-11-06T00:18:57.119+0000] {logging_mixin.py:190} INFO - [2024-11-06T00:18:57.119+0000] {dagbag.py:588} INFO - Filling up the DagBag from /home/airflow/.local/lib/python3.12/site-packages/airflow/example_dags/example_display_name.py
[2024-11-06T00:18:57.134+0000] {processor.py:925} INFO - DAG(s) 'example_display_name' retrieved from /home/airflow/.local/lib/python3.12/site-packages/airflow/example_dags/example_display_name.py
[2024-11-06T00:18:57.169+0000] {logging_mixin.py:190} INFO - [2024-11-06T00:18:57.169+0000] {dag.py:3239} INFO - Sync 1 DAGs
[2024-11-06T00:18:57.196+0000] {logging_mixin.py:190} INFO - [2024-11-06T00:18:57.196+0000] {dag.py:4180} INFO - Setting next_dagrun for example_display_name to None, run_after=None
[2024-11-06T00:18:57.235+0000] {processor.py:208} INFO - Processing /home/airflow/.local/lib/python3.12/site-packages/airflow/example_dags/example_display_name.py took 0.132 seconds
[2024-11-06T00:19:29.306+0000] {processor.py:186} INFO - Started process (PID=185) to work on /home/airflow/.local/lib/python3.12/site-packages/airflow/example_dags/example_display_name.py
[2024-11-06T00:19:29.308+0000] {processor.py:914} INFO - Processing file /home/airflow/.local/lib/python3.12/site-packages/airflow/example_dags/example_display_name.py for tasks to queue
[2024-11-06T00:19:29.314+0000] {logging_mixin.py:190} INFO - [2024-11-06T00:19:29.314+0000] {dagbag.py:588} INFO - Filling up the DagBag from /home/airflow/.local/lib/python3.12/site-packages/airflow/example_dags/example_display_name.py
[2024-11-06T00:19:29.330+0000] {processor.py:925} INFO - DAG(s) 'example_display_name' retrieved from /home/airflow/.local/lib/python3.12/site-packages/airflow/example_dags/example_display_name.py
[2024-11-06T00:19:29.356+0000] {logging_mixin.py:190} INFO - [2024-11-06T00:19:29.356+0000] {dag.py:3239} INFO - Sync 1 DAGs
[2024-11-06T00:19:29.377+0000] {logging_mixin.py:190} INFO - [2024-11-06T00:19:29.377+0000] {dag.py:4180} INFO - Setting next_dagrun for example_display_name to None, run_after=None
[2024-11-06T00:19:29.407+0000] {processor.py:208} INFO - Processing /home/airflow/.local/lib/python3.12/site-packages/airflow/example_dags/example_display_name.py took 0.111 seconds
[2024-11-06T00:20:00.672+0000] {processor.py:186} INFO - Started process (PID=249) to work on /home/airflow/.local/lib/python3.12/site-packages/airflow/example_dags/example_display_name.py
[2024-11-06T00:20:00.674+0000] {processor.py:914} INFO - Processing file /home/airflow/.local/lib/python3.12/site-packages/airflow/example_dags/example_display_name.py for tasks to queue
[2024-11-06T00:20:00.677+0000] {logging_mixin.py:190} INFO - [2024-11-06T00:20:00.677+0000] {dagbag.py:588} INFO - Filling up the DagBag from /home/airflow/.local/lib/python3.12/site-packages/airflow/example_dags/example_display_name.py
[2024-11-06T00:20:00.690+0000] {processor.py:925} INFO - DAG(s) 'example_display_name' retrieved from /home/airflow/.local/lib/python3.12/site-packages/airflow/example_dags/example_display_name.py
[2024-11-06T00:20:00.719+0000] {logging_mixin.py:190} INFO - [2024-11-06T00:20:00.718+0000] {dag.py:3239} INFO - Sync 1 DAGs
[2024-11-06T00:20:00.740+0000] {logging_mixin.py:190} INFO - [2024-11-06T00:20:00.740+0000] {dag.py:4180} INFO - Setting next_dagrun for example_display_name to None, run_after=None
[2024-11-06T00:20:00.773+0000] {processor.py:208} INFO - Processing /home/airflow/.local/lib/python3.12/site-packages/airflow/example_dags/example_display_name.py took 0.109 seconds
[2024-11-06T00:20:32.075+0000] {processor.py:186} INFO - Started process (PID=313) to work on /home/airflow/.local/lib/python3.12/site-packages/airflow/example_dags/example_display_name.py
[2024-11-06T00:20:32.076+0000] {processor.py:914} INFO - Processing file /home/airflow/.local/lib/python3.12/site-packages/airflow/example_dags/example_display_name.py for tasks to queue
[2024-11-06T00:20:32.081+0000] {logging_mixin.py:190} INFO - [2024-11-06T00:20:32.081+0000] {dagbag.py:588} INFO - Filling up the DagBag from /home/airflow/.local/lib/python3.12/site-packages/airflow/example_dags/example_display_name.py
[2024-11-06T00:20:32.092+0000] {processor.py:925} INFO - DAG(s) 'example_display_name' retrieved from /home/airflow/.local/lib/python3.12/site-packages/airflow/example_dags/example_display_name.py
[2024-11-06T00:20:32.120+0000] {logging_mixin.py:190} INFO - [2024-11-06T00:20:32.119+0000] {dag.py:3239} INFO - Sync 1 DAGs
[2024-11-06T00:20:32.143+0000] {logging_mixin.py:190} INFO - [2024-11-06T00:20:32.143+0000] {dag.py:4180} INFO - Setting next_dagrun for example_display_name to None, run_after=None
[2024-11-06T00:20:32.170+0000] {processor.py:208} INFO - Processing /home/airflow/.local/lib/python3.12/site-packages/airflow/example_dags/example_display_name.py took 0.105 seconds
[2024-11-06T00:21:04.212+0000] {processor.py:186} INFO - Started process (PID=383) to work on /home/airflow/.local/lib/python3.12/site-packages/airflow/example_dags/example_display_name.py
[2024-11-06T00:21:04.214+0000] {processor.py:914} INFO - Processing file /home/airflow/.local/lib/python3.12/site-packages/airflow/example_dags/example_display_name.py for tasks to queue
[2024-11-06T00:21:04.218+0000] {logging_mixin.py:190} INFO - [2024-11-06T00:21:04.217+0000] {dagbag.py:588} INFO - Filling up the DagBag from /home/airflow/.local/lib/python3.12/site-packages/airflow/example_dags/example_display_name.py
[2024-11-06T00:21:04.230+0000] {processor.py:925} INFO - DAG(s) 'example_display_name' retrieved from /home/airflow/.local/lib/python3.12/site-packages/airflow/example_dags/example_display_name.py
[2024-11-06T00:21:04.264+0000] {logging_mixin.py:190} INFO - [2024-11-06T00:21:04.264+0000] {dag.py:3239} INFO - Sync 1 DAGs
[2024-11-06T00:21:04.291+0000] {logging_mixin.py:190} INFO - [2024-11-06T00:21:04.290+0000] {dag.py:4180} INFO - Setting next_dagrun for example_display_name to None, run_after=None
[2024-11-06T00:21:04.327+0000] {processor.py:208} INFO - Processing /home/airflow/.local/lib/python3.12/site-packages/airflow/example_dags/example_display_name.py took 0.125 seconds
[2024-11-06T00:21:36.564+0000] {processor.py:186} INFO - Started process (PID=447) to work on /home/airflow/.local/lib/python3.12/site-packages/airflow/example_dags/example_display_name.py
[2024-11-06T00:21:36.566+0000] {processor.py:914} INFO - Processing file /home/airflow/.local/lib/python3.12/site-packages/airflow/example_dags/example_display_name.py for tasks to queue
[2024-11-06T00:21:36.570+0000] {logging_mixin.py:190} INFO - [2024-11-06T00:21:36.570+0000] {dagbag.py:588} INFO - Filling up the DagBag from /home/airflow/.local/lib/python3.12/site-packages/airflow/example_dags/example_display_name.py
[2024-11-06T00:21:36.592+0000] {processor.py:925} INFO - DAG(s) 'example_display_name' retrieved from /home/airflow/.local/lib/python3.12/site-packages/airflow/example_dags/example_display_name.py
[2024-11-06T00:21:36.637+0000] {logging_mixin.py:190} INFO - [2024-11-06T00:21:36.636+0000] {dag.py:3239} INFO - Sync 1 DAGs
[2024-11-06T00:21:36.673+0000] {logging_mixin.py:190} INFO - [2024-11-06T00:21:36.672+0000] {dag.py:4180} INFO - Setting next_dagrun for example_display_name to None, run_after=None
[2024-11-06T00:21:36.709+0000] {processor.py:208} INFO - Processing /home/airflow/.local/lib/python3.12/site-packages/airflow/example_dags/example_display_name.py took 0.157 seconds
[2024-11-06T00:23:39.218+0000] {processor.py:186} INFO - Started process (PID=56) to work on /home/airflow/.local/lib/python3.12/site-packages/airflow/example_dags/example_display_name.py
[2024-11-06T00:23:39.220+0000] {processor.py:914} INFO - Processing file /home/airflow/.local/lib/python3.12/site-packages/airflow/example_dags/example_display_name.py for tasks to queue
[2024-11-06T00:23:39.230+0000] {logging_mixin.py:190} INFO - [2024-11-06T00:23:39.228+0000] {dagbag.py:588} INFO - Filling up the DagBag from /home/airflow/.local/lib/python3.12/site-packages/airflow/example_dags/example_display_name.py
[2024-11-06T00:23:39.255+0000] {processor.py:925} INFO - DAG(s) 'example_display_name' retrieved from /home/airflow/.local/lib/python3.12/site-packages/airflow/example_dags/example_display_name.py
[2024-11-06T00:23:39.329+0000] {logging_mixin.py:190} INFO - [2024-11-06T00:23:39.328+0000] {dag.py:3239} INFO - Sync 1 DAGs
[2024-11-06T00:23:39.378+0000] {logging_mixin.py:190} INFO - [2024-11-06T00:23:39.378+0000] {dag.py:4180} INFO - Setting next_dagrun for example_display_name to None, run_after=None
[2024-11-06T00:23:39.412+0000] {processor.py:208} INFO - Processing /home/airflow/.local/lib/python3.12/site-packages/airflow/example_dags/example_display_name.py took 0.215 seconds
[2024-11-06T00:24:10.989+0000] {processor.py:186} INFO - Started process (PID=120) to work on /home/airflow/.local/lib/python3.12/site-packages/airflow/example_dags/example_display_name.py
[2024-11-06T00:24:10.990+0000] {processor.py:914} INFO - Processing file /home/airflow/.local/lib/python3.12/site-packages/airflow/example_dags/example_display_name.py for tasks to queue
[2024-11-06T00:24:10.995+0000] {logging_mixin.py:190} INFO - [2024-11-06T00:24:10.995+0000] {dagbag.py:588} INFO - Filling up the DagBag from /home/airflow/.local/lib/python3.12/site-packages/airflow/example_dags/example_display_name.py
[2024-11-06T00:24:11.007+0000] {processor.py:925} INFO - DAG(s) 'example_display_name' retrieved from /home/airflow/.local/lib/python3.12/site-packages/airflow/example_dags/example_display_name.py
[2024-11-06T00:24:11.036+0000] {logging_mixin.py:190} INFO - [2024-11-06T00:24:11.036+0000] {dag.py:3239} INFO - Sync 1 DAGs
[2024-11-06T00:24:11.064+0000] {logging_mixin.py:190} INFO - [2024-11-06T00:24:11.064+0000] {dag.py:4180} INFO - Setting next_dagrun for example_display_name to None, run_after=None
[2024-11-06T00:24:11.097+0000] {processor.py:208} INFO - Processing /home/airflow/.local/lib/python3.12/site-packages/airflow/example_dags/example_display_name.py took 0.118 seconds
[2024-11-06T00:26:16.306+0000] {processor.py:186} INFO - Started process (PID=56) to work on /home/airflow/.local/lib/python3.12/site-packages/airflow/example_dags/example_display_name.py
[2024-11-06T00:26:16.309+0000] {processor.py:914} INFO - Processing file /home/airflow/.local/lib/python3.12/site-packages/airflow/example_dags/example_display_name.py for tasks to queue
[2024-11-06T00:26:16.315+0000] {logging_mixin.py:190} INFO - [2024-11-06T00:26:16.315+0000] {dagbag.py:588} INFO - Filling up the DagBag from /home/airflow/.local/lib/python3.12/site-packages/airflow/example_dags/example_display_name.py
[2024-11-06T00:26:16.342+0000] {processor.py:925} INFO - DAG(s) 'example_display_name' retrieved from /home/airflow/.local/lib/python3.12/site-packages/airflow/example_dags/example_display_name.py
[2024-11-06T00:26:16.423+0000] {logging_mixin.py:190} INFO - [2024-11-06T00:26:16.422+0000] {dag.py:3239} INFO - Sync 1 DAGs
[2024-11-06T00:26:16.494+0000] {logging_mixin.py:190} INFO - [2024-11-06T00:26:16.493+0000] {dag.py:4180} INFO - Setting next_dagrun for example_display_name to None, run_after=None
[2024-11-06T00:26:16.559+0000] {processor.py:208} INFO - Processing /home/airflow/.local/lib/python3.12/site-packages/airflow/example_dags/example_display_name.py took 0.271 seconds
[2024-11-06T00:26:48.228+0000] {processor.py:186} INFO - Started process (PID=120) to work on /home/airflow/.local/lib/python3.12/site-packages/airflow/example_dags/example_display_name.py
[2024-11-06T00:26:48.230+0000] {processor.py:914} INFO - Processing file /home/airflow/.local/lib/python3.12/site-packages/airflow/example_dags/example_display_name.py for tasks to queue
[2024-11-06T00:26:48.237+0000] {logging_mixin.py:190} INFO - [2024-11-06T00:26:48.233+0000] {dagbag.py:588} INFO - Filling up the DagBag from /home/airflow/.local/lib/python3.12/site-packages/airflow/example_dags/example_display_name.py
[2024-11-06T00:26:48.250+0000] {processor.py:925} INFO - DAG(s) 'example_display_name' retrieved from /home/airflow/.local/lib/python3.12/site-packages/airflow/example_dags/example_display_name.py
[2024-11-06T00:26:48.280+0000] {logging_mixin.py:190} INFO - [2024-11-06T00:26:48.279+0000] {dag.py:3239} INFO - Sync 1 DAGs
[2024-11-06T00:26:48.324+0000] {logging_mixin.py:190} INFO - [2024-11-06T00:26:48.323+0000] {dag.py:4180} INFO - Setting next_dagrun for example_display_name to None, run_after=None
[2024-11-06T00:26:48.367+0000] {processor.py:208} INFO - Processing /home/airflow/.local/lib/python3.12/site-packages/airflow/example_dags/example_display_name.py took 0.146 seconds
[2024-11-06T00:27:20.013+0000] {processor.py:186} INFO - Started process (PID=184) to work on /home/airflow/.local/lib/python3.12/site-packages/airflow/example_dags/example_display_name.py
[2024-11-06T00:27:20.015+0000] {processor.py:914} INFO - Processing file /home/airflow/.local/lib/python3.12/site-packages/airflow/example_dags/example_display_name.py for tasks to queue
[2024-11-06T00:27:20.020+0000] {logging_mixin.py:190} INFO - [2024-11-06T00:27:20.019+0000] {dagbag.py:588} INFO - Filling up the DagBag from /home/airflow/.local/lib/python3.12/site-packages/airflow/example_dags/example_display_name.py
[2024-11-06T00:27:20.035+0000] {processor.py:925} INFO - DAG(s) 'example_display_name' retrieved from /home/airflow/.local/lib/python3.12/site-packages/airflow/example_dags/example_display_name.py
[2024-11-06T00:27:20.067+0000] {logging_mixin.py:190} INFO - [2024-11-06T00:27:20.067+0000] {dag.py:3239} INFO - Sync 1 DAGs
[2024-11-06T00:27:20.097+0000] {logging_mixin.py:190} INFO - [2024-11-06T00:27:20.097+0000] {dag.py:4180} INFO - Setting next_dagrun for example_display_name to None, run_after=None
[2024-11-06T00:27:20.132+0000] {processor.py:208} INFO - Processing /home/airflow/.local/lib/python3.12/site-packages/airflow/example_dags/example_display_name.py took 0.131 seconds
