[2024-11-06T00:00:03.813+0000] {processor.py:186} INFO - Started process (PID=2445) to work on /home/airflow/.local/lib/python3.12/site-packages/airflow/example_dags/example_sensors.py
[2024-11-06T00:00:03.815+0000] {processor.py:914} INFO - Processing file /home/airflow/.local/lib/python3.12/site-packages/airflow/example_dags/example_sensors.py for tasks to queue
[2024-11-06T00:00:03.819+0000] {logging_mixin.py:190} INFO - [2024-11-06T00:00:03.818+0000] {dagbag.py:588} INFO - Filling up the DagBag from /home/airflow/.local/lib/python3.12/site-packages/airflow/example_dags/example_sensors.py
[2024-11-06T00:00:03.838+0000] {processor.py:925} INFO - DAG(s) 'example_sensors' retrieved from /home/airflow/.local/lib/python3.12/site-packages/airflow/example_dags/example_sensors.py
[2024-11-06T00:00:03.884+0000] {logging_mixin.py:190} INFO - [2024-11-06T00:00:03.884+0000] {dag.py:3239} INFO - Sync 1 DAGs
[2024-11-06T00:00:03.908+0000] {logging_mixin.py:190} INFO - [2024-11-06T00:00:03.907+0000] {dag.py:4180} INFO - Setting next_dagrun for example_sensors to None, run_after=None
[2024-11-06T00:00:03.947+0000] {processor.py:208} INFO - Processing /home/airflow/.local/lib/python3.12/site-packages/airflow/example_dags/example_sensors.py took 0.142 seconds
[2024-11-06T00:00:35.673+0000] {processor.py:186} INFO - Started process (PID=2510) to work on /home/airflow/.local/lib/python3.12/site-packages/airflow/example_dags/example_sensors.py
[2024-11-06T00:00:35.677+0000] {processor.py:914} INFO - Processing file /home/airflow/.local/lib/python3.12/site-packages/airflow/example_dags/example_sensors.py for tasks to queue
[2024-11-06T00:00:35.684+0000] {logging_mixin.py:190} INFO - [2024-11-06T00:00:35.683+0000] {dagbag.py:588} INFO - Filling up the DagBag from /home/airflow/.local/lib/python3.12/site-packages/airflow/example_dags/example_sensors.py
[2024-11-06T00:00:35.711+0000] {processor.py:925} INFO - DAG(s) 'example_sensors' retrieved from /home/airflow/.local/lib/python3.12/site-packages/airflow/example_dags/example_sensors.py
[2024-11-06T00:00:35.777+0000] {logging_mixin.py:190} INFO - [2024-11-06T00:00:35.777+0000] {dag.py:3239} INFO - Sync 1 DAGs
[2024-11-06T00:00:35.812+0000] {logging_mixin.py:190} INFO - [2024-11-06T00:00:35.812+0000] {dag.py:4180} INFO - Setting next_dagrun for example_sensors to None, run_after=None
[2024-11-06T00:00:35.858+0000] {processor.py:208} INFO - Processing /home/airflow/.local/lib/python3.12/site-packages/airflow/example_dags/example_sensors.py took 0.201 seconds
[2024-11-06T00:01:07.195+0000] {processor.py:186} INFO - Started process (PID=2574) to work on /home/airflow/.local/lib/python3.12/site-packages/airflow/example_dags/example_sensors.py
[2024-11-06T00:01:07.196+0000] {processor.py:914} INFO - Processing file /home/airflow/.local/lib/python3.12/site-packages/airflow/example_dags/example_sensors.py for tasks to queue
[2024-11-06T00:01:07.200+0000] {logging_mixin.py:190} INFO - [2024-11-06T00:01:07.200+0000] {dagbag.py:588} INFO - Filling up the DagBag from /home/airflow/.local/lib/python3.12/site-packages/airflow/example_dags/example_sensors.py
[2024-11-06T00:01:07.216+0000] {processor.py:925} INFO - DAG(s) 'example_sensors' retrieved from /home/airflow/.local/lib/python3.12/site-packages/airflow/example_dags/example_sensors.py
[2024-11-06T00:01:07.254+0000] {logging_mixin.py:190} INFO - [2024-11-06T00:01:07.254+0000] {dag.py:3239} INFO - Sync 1 DAGs
[2024-11-06T00:01:07.276+0000] {logging_mixin.py:190} INFO - [2024-11-06T00:01:07.275+0000] {dag.py:4180} INFO - Setting next_dagrun for example_sensors to None, run_after=None
[2024-11-06T00:01:07.327+0000] {processor.py:208} INFO - Processing /home/airflow/.local/lib/python3.12/site-packages/airflow/example_dags/example_sensors.py took 0.142 seconds
[2024-11-06T00:01:38.543+0000] {processor.py:186} INFO - Started process (PID=2638) to work on /home/airflow/.local/lib/python3.12/site-packages/airflow/example_dags/example_sensors.py
[2024-11-06T00:01:38.545+0000] {processor.py:914} INFO - Processing file /home/airflow/.local/lib/python3.12/site-packages/airflow/example_dags/example_sensors.py for tasks to queue
[2024-11-06T00:01:38.548+0000] {logging_mixin.py:190} INFO - [2024-11-06T00:01:38.548+0000] {dagbag.py:588} INFO - Filling up the DagBag from /home/airflow/.local/lib/python3.12/site-packages/airflow/example_dags/example_sensors.py
[2024-11-06T00:01:38.571+0000] {processor.py:925} INFO - DAG(s) 'example_sensors' retrieved from /home/airflow/.local/lib/python3.12/site-packages/airflow/example_dags/example_sensors.py
[2024-11-06T00:01:38.611+0000] {logging_mixin.py:190} INFO - [2024-11-06T00:01:38.610+0000] {dag.py:3239} INFO - Sync 1 DAGs
[2024-11-06T00:01:38.639+0000] {logging_mixin.py:190} INFO - [2024-11-06T00:01:38.638+0000] {dag.py:4180} INFO - Setting next_dagrun for example_sensors to None, run_after=None
[2024-11-06T00:01:38.673+0000] {processor.py:208} INFO - Processing /home/airflow/.local/lib/python3.12/site-packages/airflow/example_dags/example_sensors.py took 0.141 seconds
[2024-11-06T00:02:10.119+0000] {processor.py:186} INFO - Started process (PID=2705) to work on /home/airflow/.local/lib/python3.12/site-packages/airflow/example_dags/example_sensors.py
[2024-11-06T00:02:10.121+0000] {processor.py:914} INFO - Processing file /home/airflow/.local/lib/python3.12/site-packages/airflow/example_dags/example_sensors.py for tasks to queue
[2024-11-06T00:02:10.124+0000] {logging_mixin.py:190} INFO - [2024-11-06T00:02:10.124+0000] {dagbag.py:588} INFO - Filling up the DagBag from /home/airflow/.local/lib/python3.12/site-packages/airflow/example_dags/example_sensors.py
[2024-11-06T00:02:10.142+0000] {processor.py:925} INFO - DAG(s) 'example_sensors' retrieved from /home/airflow/.local/lib/python3.12/site-packages/airflow/example_dags/example_sensors.py
[2024-11-06T00:02:10.193+0000] {logging_mixin.py:190} INFO - [2024-11-06T00:02:10.192+0000] {dag.py:3239} INFO - Sync 1 DAGs
[2024-11-06T00:02:10.219+0000] {logging_mixin.py:190} INFO - [2024-11-06T00:02:10.218+0000] {dag.py:4180} INFO - Setting next_dagrun for example_sensors to None, run_after=None
[2024-11-06T00:02:10.249+0000] {processor.py:208} INFO - Processing /home/airflow/.local/lib/python3.12/site-packages/airflow/example_dags/example_sensors.py took 0.139 seconds
[2024-11-06T00:02:42.556+0000] {processor.py:186} INFO - Started process (PID=2769) to work on /home/airflow/.local/lib/python3.12/site-packages/airflow/example_dags/example_sensors.py
[2024-11-06T00:02:42.559+0000] {processor.py:914} INFO - Processing file /home/airflow/.local/lib/python3.12/site-packages/airflow/example_dags/example_sensors.py for tasks to queue
[2024-11-06T00:02:42.564+0000] {logging_mixin.py:190} INFO - [2024-11-06T00:02:42.563+0000] {dagbag.py:588} INFO - Filling up the DagBag from /home/airflow/.local/lib/python3.12/site-packages/airflow/example_dags/example_sensors.py
[2024-11-06T00:02:42.582+0000] {processor.py:925} INFO - DAG(s) 'example_sensors' retrieved from /home/airflow/.local/lib/python3.12/site-packages/airflow/example_dags/example_sensors.py
[2024-11-06T00:02:42.628+0000] {logging_mixin.py:190} INFO - [2024-11-06T00:02:42.627+0000] {dag.py:3239} INFO - Sync 1 DAGs
[2024-11-06T00:02:42.654+0000] {logging_mixin.py:190} INFO - [2024-11-06T00:02:42.654+0000] {dag.py:4180} INFO - Setting next_dagrun for example_sensors to None, run_after=None
[2024-11-06T00:02:42.692+0000] {processor.py:208} INFO - Processing /home/airflow/.local/lib/python3.12/site-packages/airflow/example_dags/example_sensors.py took 0.146 seconds
[2024-11-06T00:03:13.973+0000] {processor.py:186} INFO - Started process (PID=2833) to work on /home/airflow/.local/lib/python3.12/site-packages/airflow/example_dags/example_sensors.py
[2024-11-06T00:03:13.974+0000] {processor.py:914} INFO - Processing file /home/airflow/.local/lib/python3.12/site-packages/airflow/example_dags/example_sensors.py for tasks to queue
[2024-11-06T00:03:13.979+0000] {logging_mixin.py:190} INFO - [2024-11-06T00:03:13.978+0000] {dagbag.py:588} INFO - Filling up the DagBag from /home/airflow/.local/lib/python3.12/site-packages/airflow/example_dags/example_sensors.py
[2024-11-06T00:03:13.999+0000] {processor.py:925} INFO - DAG(s) 'example_sensors' retrieved from /home/airflow/.local/lib/python3.12/site-packages/airflow/example_dags/example_sensors.py
[2024-11-06T00:03:14.041+0000] {logging_mixin.py:190} INFO - [2024-11-06T00:03:14.040+0000] {dag.py:3239} INFO - Sync 1 DAGs
[2024-11-06T00:03:14.068+0000] {logging_mixin.py:190} INFO - [2024-11-06T00:03:14.067+0000] {dag.py:4180} INFO - Setting next_dagrun for example_sensors to None, run_after=None
[2024-11-06T00:03:14.104+0000] {processor.py:208} INFO - Processing /home/airflow/.local/lib/python3.12/site-packages/airflow/example_dags/example_sensors.py took 0.142 seconds
[2024-11-06T00:03:45.066+0000] {processor.py:186} INFO - Started process (PID=2897) to work on /home/airflow/.local/lib/python3.12/site-packages/airflow/example_dags/example_sensors.py
[2024-11-06T00:03:45.067+0000] {processor.py:914} INFO - Processing file /home/airflow/.local/lib/python3.12/site-packages/airflow/example_dags/example_sensors.py for tasks to queue
[2024-11-06T00:03:45.071+0000] {logging_mixin.py:190} INFO - [2024-11-06T00:03:45.071+0000] {dagbag.py:588} INFO - Filling up the DagBag from /home/airflow/.local/lib/python3.12/site-packages/airflow/example_dags/example_sensors.py
[2024-11-06T00:03:45.089+0000] {processor.py:925} INFO - DAG(s) 'example_sensors' retrieved from /home/airflow/.local/lib/python3.12/site-packages/airflow/example_dags/example_sensors.py
[2024-11-06T00:03:45.131+0000] {logging_mixin.py:190} INFO - [2024-11-06T00:03:45.131+0000] {dag.py:3239} INFO - Sync 1 DAGs
[2024-11-06T00:03:45.155+0000] {logging_mixin.py:190} INFO - [2024-11-06T00:03:45.154+0000] {dag.py:4180} INFO - Setting next_dagrun for example_sensors to None, run_after=None
[2024-11-06T00:03:45.183+0000] {processor.py:208} INFO - Processing /home/airflow/.local/lib/python3.12/site-packages/airflow/example_dags/example_sensors.py took 0.128 seconds
[2024-11-06T00:04:17.244+0000] {processor.py:186} INFO - Started process (PID=2964) to work on /home/airflow/.local/lib/python3.12/site-packages/airflow/example_dags/example_sensors.py
[2024-11-06T00:04:17.246+0000] {processor.py:914} INFO - Processing file /home/airflow/.local/lib/python3.12/site-packages/airflow/example_dags/example_sensors.py for tasks to queue
[2024-11-06T00:04:17.254+0000] {logging_mixin.py:190} INFO - [2024-11-06T00:04:17.252+0000] {dagbag.py:588} INFO - Filling up the DagBag from /home/airflow/.local/lib/python3.12/site-packages/airflow/example_dags/example_sensors.py
[2024-11-06T00:04:17.288+0000] {processor.py:925} INFO - DAG(s) 'example_sensors' retrieved from /home/airflow/.local/lib/python3.12/site-packages/airflow/example_dags/example_sensors.py
[2024-11-06T00:04:17.365+0000] {logging_mixin.py:190} INFO - [2024-11-06T00:04:17.365+0000] {dag.py:3239} INFO - Sync 1 DAGs
[2024-11-06T00:04:17.396+0000] {logging_mixin.py:190} INFO - [2024-11-06T00:04:17.395+0000] {dag.py:4180} INFO - Setting next_dagrun for example_sensors to None, run_after=None
[2024-11-06T00:04:17.471+0000] {processor.py:208} INFO - Processing /home/airflow/.local/lib/python3.12/site-packages/airflow/example_dags/example_sensors.py took 0.246 seconds
[2024-11-06T00:04:48.584+0000] {processor.py:186} INFO - Started process (PID=3035) to work on /home/airflow/.local/lib/python3.12/site-packages/airflow/example_dags/example_sensors.py
[2024-11-06T00:04:48.586+0000] {processor.py:914} INFO - Processing file /home/airflow/.local/lib/python3.12/site-packages/airflow/example_dags/example_sensors.py for tasks to queue
[2024-11-06T00:04:48.590+0000] {logging_mixin.py:190} INFO - [2024-11-06T00:04:48.589+0000] {dagbag.py:588} INFO - Filling up the DagBag from /home/airflow/.local/lib/python3.12/site-packages/airflow/example_dags/example_sensors.py
[2024-11-06T00:04:48.627+0000] {processor.py:925} INFO - DAG(s) 'example_sensors' retrieved from /home/airflow/.local/lib/python3.12/site-packages/airflow/example_dags/example_sensors.py
[2024-11-06T00:04:48.704+0000] {logging_mixin.py:190} INFO - [2024-11-06T00:04:48.703+0000] {dag.py:3239} INFO - Sync 1 DAGs
[2024-11-06T00:04:48.729+0000] {logging_mixin.py:190} INFO - [2024-11-06T00:04:48.729+0000] {dag.py:4180} INFO - Setting next_dagrun for example_sensors to None, run_after=None
[2024-11-06T00:04:48.762+0000] {processor.py:208} INFO - Processing /home/airflow/.local/lib/python3.12/site-packages/airflow/example_dags/example_sensors.py took 0.206 seconds
[2024-11-06T00:05:20.740+0000] {processor.py:186} INFO - Started process (PID=3100) to work on /home/airflow/.local/lib/python3.12/site-packages/airflow/example_dags/example_sensors.py
[2024-11-06T00:05:20.742+0000] {processor.py:914} INFO - Processing file /home/airflow/.local/lib/python3.12/site-packages/airflow/example_dags/example_sensors.py for tasks to queue
[2024-11-06T00:05:20.747+0000] {logging_mixin.py:190} INFO - [2024-11-06T00:05:20.746+0000] {dagbag.py:588} INFO - Filling up the DagBag from /home/airflow/.local/lib/python3.12/site-packages/airflow/example_dags/example_sensors.py
[2024-11-06T00:05:20.766+0000] {processor.py:925} INFO - DAG(s) 'example_sensors' retrieved from /home/airflow/.local/lib/python3.12/site-packages/airflow/example_dags/example_sensors.py
[2024-11-06T00:05:20.805+0000] {logging_mixin.py:190} INFO - [2024-11-06T00:05:20.805+0000] {dag.py:3239} INFO - Sync 1 DAGs
[2024-11-06T00:05:20.829+0000] {logging_mixin.py:190} INFO - [2024-11-06T00:05:20.828+0000] {dag.py:4180} INFO - Setting next_dagrun for example_sensors to None, run_after=None
[2024-11-06T00:05:20.860+0000] {processor.py:208} INFO - Processing /home/airflow/.local/lib/python3.12/site-packages/airflow/example_dags/example_sensors.py took 0.131 seconds
[2024-11-06T00:05:52.349+0000] {processor.py:186} INFO - Started process (PID=3165) to work on /home/airflow/.local/lib/python3.12/site-packages/airflow/example_dags/example_sensors.py
[2024-11-06T00:05:52.351+0000] {processor.py:914} INFO - Processing file /home/airflow/.local/lib/python3.12/site-packages/airflow/example_dags/example_sensors.py for tasks to queue
[2024-11-06T00:05:52.355+0000] {logging_mixin.py:190} INFO - [2024-11-06T00:05:52.355+0000] {dagbag.py:588} INFO - Filling up the DagBag from /home/airflow/.local/lib/python3.12/site-packages/airflow/example_dags/example_sensors.py
[2024-11-06T00:05:52.373+0000] {processor.py:925} INFO - DAG(s) 'example_sensors' retrieved from /home/airflow/.local/lib/python3.12/site-packages/airflow/example_dags/example_sensors.py
[2024-11-06T00:05:52.417+0000] {logging_mixin.py:190} INFO - [2024-11-06T00:05:52.417+0000] {dag.py:3239} INFO - Sync 1 DAGs
[2024-11-06T00:05:52.443+0000] {logging_mixin.py:190} INFO - [2024-11-06T00:05:52.442+0000] {dag.py:4180} INFO - Setting next_dagrun for example_sensors to None, run_after=None
[2024-11-06T00:05:52.477+0000] {processor.py:208} INFO - Processing /home/airflow/.local/lib/python3.12/site-packages/airflow/example_dags/example_sensors.py took 0.138 seconds
[2024-11-06T00:06:23.111+0000] {processor.py:186} INFO - Started process (PID=3229) to work on /home/airflow/.local/lib/python3.12/site-packages/airflow/example_dags/example_sensors.py
[2024-11-06T00:06:23.113+0000] {processor.py:914} INFO - Processing file /home/airflow/.local/lib/python3.12/site-packages/airflow/example_dags/example_sensors.py for tasks to queue
[2024-11-06T00:06:23.118+0000] {logging_mixin.py:190} INFO - [2024-11-06T00:06:23.117+0000] {dagbag.py:588} INFO - Filling up the DagBag from /home/airflow/.local/lib/python3.12/site-packages/airflow/example_dags/example_sensors.py
[2024-11-06T00:06:23.139+0000] {processor.py:925} INFO - DAG(s) 'example_sensors' retrieved from /home/airflow/.local/lib/python3.12/site-packages/airflow/example_dags/example_sensors.py
[2024-11-06T00:06:23.176+0000] {logging_mixin.py:190} INFO - [2024-11-06T00:06:23.176+0000] {dag.py:3239} INFO - Sync 1 DAGs
[2024-11-06T00:06:23.204+0000] {logging_mixin.py:190} INFO - [2024-11-06T00:06:23.204+0000] {dag.py:4180} INFO - Setting next_dagrun for example_sensors to None, run_after=None
[2024-11-06T00:06:23.239+0000] {processor.py:208} INFO - Processing /home/airflow/.local/lib/python3.12/site-packages/airflow/example_dags/example_sensors.py took 0.139 seconds
[2024-11-06T00:06:53.438+0000] {processor.py:186} INFO - Started process (PID=3292) to work on /home/airflow/.local/lib/python3.12/site-packages/airflow/example_dags/example_sensors.py
[2024-11-06T00:06:53.440+0000] {processor.py:914} INFO - Processing file /home/airflow/.local/lib/python3.12/site-packages/airflow/example_dags/example_sensors.py for tasks to queue
[2024-11-06T00:06:53.445+0000] {logging_mixin.py:190} INFO - [2024-11-06T00:06:53.444+0000] {dagbag.py:588} INFO - Filling up the DagBag from /home/airflow/.local/lib/python3.12/site-packages/airflow/example_dags/example_sensors.py
[2024-11-06T00:06:53.472+0000] {processor.py:925} INFO - DAG(s) 'example_sensors' retrieved from /home/airflow/.local/lib/python3.12/site-packages/airflow/example_dags/example_sensors.py
[2024-11-06T00:06:53.532+0000] {logging_mixin.py:190} INFO - [2024-11-06T00:06:53.531+0000] {dag.py:3239} INFO - Sync 1 DAGs
[2024-11-06T00:06:53.575+0000] {logging_mixin.py:190} INFO - [2024-11-06T00:06:53.574+0000] {dag.py:4180} INFO - Setting next_dagrun for example_sensors to None, run_after=None
[2024-11-06T00:06:53.628+0000] {processor.py:208} INFO - Processing /home/airflow/.local/lib/python3.12/site-packages/airflow/example_dags/example_sensors.py took 0.198 seconds
[2024-11-06T00:07:23.887+0000] {processor.py:186} INFO - Started process (PID=3355) to work on /home/airflow/.local/lib/python3.12/site-packages/airflow/example_dags/example_sensors.py
[2024-11-06T00:07:23.889+0000] {processor.py:914} INFO - Processing file /home/airflow/.local/lib/python3.12/site-packages/airflow/example_dags/example_sensors.py for tasks to queue
[2024-11-06T00:07:23.893+0000] {logging_mixin.py:190} INFO - [2024-11-06T00:07:23.893+0000] {dagbag.py:588} INFO - Filling up the DagBag from /home/airflow/.local/lib/python3.12/site-packages/airflow/example_dags/example_sensors.py
[2024-11-06T00:07:23.914+0000] {processor.py:925} INFO - DAG(s) 'example_sensors' retrieved from /home/airflow/.local/lib/python3.12/site-packages/airflow/example_dags/example_sensors.py
[2024-11-06T00:07:23.965+0000] {logging_mixin.py:190} INFO - [2024-11-06T00:07:23.964+0000] {dag.py:3239} INFO - Sync 1 DAGs
[2024-11-06T00:07:23.997+0000] {logging_mixin.py:190} INFO - [2024-11-06T00:07:23.997+0000] {dag.py:4180} INFO - Setting next_dagrun for example_sensors to None, run_after=None
[2024-11-06T00:07:24.035+0000] {processor.py:208} INFO - Processing /home/airflow/.local/lib/python3.12/site-packages/airflow/example_dags/example_sensors.py took 0.159 seconds
[2024-11-06T00:07:54.855+0000] {processor.py:186} INFO - Started process (PID=3419) to work on /home/airflow/.local/lib/python3.12/site-packages/airflow/example_dags/example_sensors.py
[2024-11-06T00:07:54.857+0000] {processor.py:914} INFO - Processing file /home/airflow/.local/lib/python3.12/site-packages/airflow/example_dags/example_sensors.py for tasks to queue
[2024-11-06T00:07:54.861+0000] {logging_mixin.py:190} INFO - [2024-11-06T00:07:54.860+0000] {dagbag.py:588} INFO - Filling up the DagBag from /home/airflow/.local/lib/python3.12/site-packages/airflow/example_dags/example_sensors.py
[2024-11-06T00:07:54.882+0000] {processor.py:925} INFO - DAG(s) 'example_sensors' retrieved from /home/airflow/.local/lib/python3.12/site-packages/airflow/example_dags/example_sensors.py
[2024-11-06T00:07:54.927+0000] {logging_mixin.py:190} INFO - [2024-11-06T00:07:54.927+0000] {dag.py:3239} INFO - Sync 1 DAGs
[2024-11-06T00:07:54.951+0000] {logging_mixin.py:190} INFO - [2024-11-06T00:07:54.950+0000] {dag.py:4180} INFO - Setting next_dagrun for example_sensors to None, run_after=None
[2024-11-06T00:07:54.982+0000] {processor.py:208} INFO - Processing /home/airflow/.local/lib/python3.12/site-packages/airflow/example_dags/example_sensors.py took 0.138 seconds
[2024-11-06T00:08:25.096+0000] {processor.py:186} INFO - Started process (PID=3483) to work on /home/airflow/.local/lib/python3.12/site-packages/airflow/example_dags/example_sensors.py
[2024-11-06T00:08:25.098+0000] {processor.py:914} INFO - Processing file /home/airflow/.local/lib/python3.12/site-packages/airflow/example_dags/example_sensors.py for tasks to queue
[2024-11-06T00:08:25.106+0000] {logging_mixin.py:190} INFO - [2024-11-06T00:08:25.104+0000] {dagbag.py:588} INFO - Filling up the DagBag from /home/airflow/.local/lib/python3.12/site-packages/airflow/example_dags/example_sensors.py
[2024-11-06T00:08:25.128+0000] {processor.py:925} INFO - DAG(s) 'example_sensors' retrieved from /home/airflow/.local/lib/python3.12/site-packages/airflow/example_dags/example_sensors.py
[2024-11-06T00:08:25.176+0000] {logging_mixin.py:190} INFO - [2024-11-06T00:08:25.176+0000] {dag.py:3239} INFO - Sync 1 DAGs
[2024-11-06T00:08:25.204+0000] {logging_mixin.py:190} INFO - [2024-11-06T00:08:25.204+0000] {dag.py:4180} INFO - Setting next_dagrun for example_sensors to None, run_after=None
[2024-11-06T00:08:25.240+0000] {processor.py:208} INFO - Processing /home/airflow/.local/lib/python3.12/site-packages/airflow/example_dags/example_sensors.py took 0.152 seconds
[2024-11-06T00:08:55.303+0000] {processor.py:186} INFO - Started process (PID=3546) to work on /home/airflow/.local/lib/python3.12/site-packages/airflow/example_dags/example_sensors.py
[2024-11-06T00:08:55.305+0000] {processor.py:914} INFO - Processing file /home/airflow/.local/lib/python3.12/site-packages/airflow/example_dags/example_sensors.py for tasks to queue
[2024-11-06T00:08:55.309+0000] {logging_mixin.py:190} INFO - [2024-11-06T00:08:55.309+0000] {dagbag.py:588} INFO - Filling up the DagBag from /home/airflow/.local/lib/python3.12/site-packages/airflow/example_dags/example_sensors.py
[2024-11-06T00:08:55.333+0000] {processor.py:925} INFO - DAG(s) 'example_sensors' retrieved from /home/airflow/.local/lib/python3.12/site-packages/airflow/example_dags/example_sensors.py
[2024-11-06T00:08:55.389+0000] {logging_mixin.py:190} INFO - [2024-11-06T00:08:55.388+0000] {dag.py:3239} INFO - Sync 1 DAGs
[2024-11-06T00:08:55.419+0000] {logging_mixin.py:190} INFO - [2024-11-06T00:08:55.419+0000] {dag.py:4180} INFO - Setting next_dagrun for example_sensors to None, run_after=None
[2024-11-06T00:08:55.454+0000] {processor.py:208} INFO - Processing /home/airflow/.local/lib/python3.12/site-packages/airflow/example_dags/example_sensors.py took 0.160 seconds
[2024-11-06T00:09:27.001+0000] {processor.py:186} INFO - Started process (PID=3611) to work on /home/airflow/.local/lib/python3.12/site-packages/airflow/example_dags/example_sensors.py
[2024-11-06T00:09:27.003+0000] {processor.py:914} INFO - Processing file /home/airflow/.local/lib/python3.12/site-packages/airflow/example_dags/example_sensors.py for tasks to queue
[2024-11-06T00:09:27.008+0000] {logging_mixin.py:190} INFO - [2024-11-06T00:09:27.008+0000] {dagbag.py:588} INFO - Filling up the DagBag from /home/airflow/.local/lib/python3.12/site-packages/airflow/example_dags/example_sensors.py
[2024-11-06T00:09:27.029+0000] {processor.py:925} INFO - DAG(s) 'example_sensors' retrieved from /home/airflow/.local/lib/python3.12/site-packages/airflow/example_dags/example_sensors.py
[2024-11-06T00:09:27.321+0000] {logging_mixin.py:190} INFO - [2024-11-06T00:09:27.321+0000] {dag.py:3239} INFO - Sync 1 DAGs
[2024-11-06T00:09:27.342+0000] {logging_mixin.py:190} INFO - [2024-11-06T00:09:27.342+0000] {dag.py:4180} INFO - Setting next_dagrun for example_sensors to None, run_after=None
[2024-11-06T00:09:27.373+0000] {processor.py:208} INFO - Processing /home/airflow/.local/lib/python3.12/site-packages/airflow/example_dags/example_sensors.py took 0.388 seconds
[2024-11-06T00:09:58.183+0000] {processor.py:186} INFO - Started process (PID=3676) to work on /home/airflow/.local/lib/python3.12/site-packages/airflow/example_dags/example_sensors.py
[2024-11-06T00:09:58.186+0000] {processor.py:914} INFO - Processing file /home/airflow/.local/lib/python3.12/site-packages/airflow/example_dags/example_sensors.py for tasks to queue
[2024-11-06T00:09:58.194+0000] {logging_mixin.py:190} INFO - [2024-11-06T00:09:58.193+0000] {dagbag.py:588} INFO - Filling up the DagBag from /home/airflow/.local/lib/python3.12/site-packages/airflow/example_dags/example_sensors.py
[2024-11-06T00:09:58.225+0000] {processor.py:925} INFO - DAG(s) 'example_sensors' retrieved from /home/airflow/.local/lib/python3.12/site-packages/airflow/example_dags/example_sensors.py
[2024-11-06T00:09:58.297+0000] {logging_mixin.py:190} INFO - [2024-11-06T00:09:58.297+0000] {dag.py:3239} INFO - Sync 1 DAGs
[2024-11-06T00:09:58.631+0000] {logging_mixin.py:190} INFO - [2024-11-06T00:09:58.630+0000] {dag.py:4180} INFO - Setting next_dagrun for example_sensors to None, run_after=None
[2024-11-06T00:09:58.672+0000] {processor.py:208} INFO - Processing /home/airflow/.local/lib/python3.12/site-packages/airflow/example_dags/example_sensors.py took 0.507 seconds
[2024-11-06T00:10:28.965+0000] {processor.py:186} INFO - Started process (PID=3741) to work on /home/airflow/.local/lib/python3.12/site-packages/airflow/example_dags/example_sensors.py
[2024-11-06T00:10:28.967+0000] {processor.py:914} INFO - Processing file /home/airflow/.local/lib/python3.12/site-packages/airflow/example_dags/example_sensors.py for tasks to queue
[2024-11-06T00:10:28.972+0000] {logging_mixin.py:190} INFO - [2024-11-06T00:10:28.971+0000] {dagbag.py:588} INFO - Filling up the DagBag from /home/airflow/.local/lib/python3.12/site-packages/airflow/example_dags/example_sensors.py
[2024-11-06T00:10:28.992+0000] {processor.py:925} INFO - DAG(s) 'example_sensors' retrieved from /home/airflow/.local/lib/python3.12/site-packages/airflow/example_dags/example_sensors.py
[2024-11-06T00:10:29.044+0000] {logging_mixin.py:190} INFO - [2024-11-06T00:10:29.043+0000] {dag.py:3239} INFO - Sync 1 DAGs
[2024-11-06T00:10:29.081+0000] {logging_mixin.py:190} INFO - [2024-11-06T00:10:29.080+0000] {dag.py:4180} INFO - Setting next_dagrun for example_sensors to None, run_after=None
[2024-11-06T00:10:29.388+0000] {processor.py:208} INFO - Processing /home/airflow/.local/lib/python3.12/site-packages/airflow/example_dags/example_sensors.py took 0.434 seconds
[2024-11-06T00:10:59.543+0000] {processor.py:186} INFO - Started process (PID=3805) to work on /home/airflow/.local/lib/python3.12/site-packages/airflow/example_dags/example_sensors.py
[2024-11-06T00:10:59.545+0000] {processor.py:914} INFO - Processing file /home/airflow/.local/lib/python3.12/site-packages/airflow/example_dags/example_sensors.py for tasks to queue
[2024-11-06T00:10:59.548+0000] {logging_mixin.py:190} INFO - [2024-11-06T00:10:59.548+0000] {dagbag.py:588} INFO - Filling up the DagBag from /home/airflow/.local/lib/python3.12/site-packages/airflow/example_dags/example_sensors.py
[2024-11-06T00:10:59.563+0000] {processor.py:925} INFO - DAG(s) 'example_sensors' retrieved from /home/airflow/.local/lib/python3.12/site-packages/airflow/example_dags/example_sensors.py
[2024-11-06T00:10:59.609+0000] {logging_mixin.py:190} INFO - [2024-11-06T00:10:59.609+0000] {dag.py:3239} INFO - Sync 1 DAGs
[2024-11-06T00:10:59.634+0000] {logging_mixin.py:190} INFO - [2024-11-06T00:10:59.634+0000] {dag.py:4180} INFO - Setting next_dagrun for example_sensors to None, run_after=None
[2024-11-06T00:10:59.661+0000] {processor.py:208} INFO - Processing /home/airflow/.local/lib/python3.12/site-packages/airflow/example_dags/example_sensors.py took 0.128 seconds
[2024-11-06T00:11:30.442+0000] {processor.py:186} INFO - Started process (PID=3869) to work on /home/airflow/.local/lib/python3.12/site-packages/airflow/example_dags/example_sensors.py
[2024-11-06T00:11:30.444+0000] {processor.py:914} INFO - Processing file /home/airflow/.local/lib/python3.12/site-packages/airflow/example_dags/example_sensors.py for tasks to queue
[2024-11-06T00:11:30.449+0000] {logging_mixin.py:190} INFO - [2024-11-06T00:11:30.449+0000] {dagbag.py:588} INFO - Filling up the DagBag from /home/airflow/.local/lib/python3.12/site-packages/airflow/example_dags/example_sensors.py
[2024-11-06T00:11:30.471+0000] {processor.py:925} INFO - DAG(s) 'example_sensors' retrieved from /home/airflow/.local/lib/python3.12/site-packages/airflow/example_dags/example_sensors.py
[2024-11-06T00:11:30.540+0000] {logging_mixin.py:190} INFO - [2024-11-06T00:11:30.540+0000] {dag.py:3239} INFO - Sync 1 DAGs
[2024-11-06T00:11:30.604+0000] {logging_mixin.py:190} INFO - [2024-11-06T00:11:30.603+0000] {dag.py:4180} INFO - Setting next_dagrun for example_sensors to None, run_after=None
[2024-11-06T00:11:30.640+0000] {processor.py:208} INFO - Processing /home/airflow/.local/lib/python3.12/site-packages/airflow/example_dags/example_sensors.py took 0.213 seconds
[2024-11-06T00:12:01.619+0000] {processor.py:186} INFO - Started process (PID=3933) to work on /home/airflow/.local/lib/python3.12/site-packages/airflow/example_dags/example_sensors.py
[2024-11-06T00:12:01.622+0000] {processor.py:914} INFO - Processing file /home/airflow/.local/lib/python3.12/site-packages/airflow/example_dags/example_sensors.py for tasks to queue
[2024-11-06T00:12:01.630+0000] {logging_mixin.py:190} INFO - [2024-11-06T00:12:01.629+0000] {dagbag.py:588} INFO - Filling up the DagBag from /home/airflow/.local/lib/python3.12/site-packages/airflow/example_dags/example_sensors.py
[2024-11-06T00:12:01.653+0000] {processor.py:925} INFO - DAG(s) 'example_sensors' retrieved from /home/airflow/.local/lib/python3.12/site-packages/airflow/example_dags/example_sensors.py
[2024-11-06T00:12:01.706+0000] {logging_mixin.py:190} INFO - [2024-11-06T00:12:01.706+0000] {dag.py:3239} INFO - Sync 1 DAGs
[2024-11-06T00:12:01.730+0000] {logging_mixin.py:190} INFO - [2024-11-06T00:12:01.730+0000] {dag.py:4180} INFO - Setting next_dagrun for example_sensors to None, run_after=None
[2024-11-06T00:12:02.030+0000] {processor.py:208} INFO - Processing /home/airflow/.local/lib/python3.12/site-packages/airflow/example_dags/example_sensors.py took 0.434 seconds
[2024-11-06T00:12:32.837+0000] {processor.py:186} INFO - Started process (PID=3997) to work on /home/airflow/.local/lib/python3.12/site-packages/airflow/example_dags/example_sensors.py
[2024-11-06T00:12:32.839+0000] {processor.py:914} INFO - Processing file /home/airflow/.local/lib/python3.12/site-packages/airflow/example_dags/example_sensors.py for tasks to queue
[2024-11-06T00:12:32.844+0000] {logging_mixin.py:190} INFO - [2024-11-06T00:12:32.844+0000] {dagbag.py:588} INFO - Filling up the DagBag from /home/airflow/.local/lib/python3.12/site-packages/airflow/example_dags/example_sensors.py
[2024-11-06T00:12:32.863+0000] {processor.py:925} INFO - DAG(s) 'example_sensors' retrieved from /home/airflow/.local/lib/python3.12/site-packages/airflow/example_dags/example_sensors.py
[2024-11-06T00:12:32.905+0000] {logging_mixin.py:190} INFO - [2024-11-06T00:12:32.905+0000] {dag.py:3239} INFO - Sync 1 DAGs
[2024-11-06T00:12:32.926+0000] {logging_mixin.py:190} INFO - [2024-11-06T00:12:32.926+0000] {dag.py:4180} INFO - Setting next_dagrun for example_sensors to None, run_after=None
[2024-11-06T00:12:32.978+0000] {processor.py:208} INFO - Processing /home/airflow/.local/lib/python3.12/site-packages/airflow/example_dags/example_sensors.py took 0.151 seconds
[2024-11-06T00:13:03.678+0000] {processor.py:186} INFO - Started process (PID=4062) to work on /home/airflow/.local/lib/python3.12/site-packages/airflow/example_dags/example_sensors.py
[2024-11-06T00:13:03.680+0000] {processor.py:914} INFO - Processing file /home/airflow/.local/lib/python3.12/site-packages/airflow/example_dags/example_sensors.py for tasks to queue
[2024-11-06T00:13:03.686+0000] {logging_mixin.py:190} INFO - [2024-11-06T00:13:03.685+0000] {dagbag.py:588} INFO - Filling up the DagBag from /home/airflow/.local/lib/python3.12/site-packages/airflow/example_dags/example_sensors.py
[2024-11-06T00:13:03.703+0000] {processor.py:925} INFO - DAG(s) 'example_sensors' retrieved from /home/airflow/.local/lib/python3.12/site-packages/airflow/example_dags/example_sensors.py
[2024-11-06T00:13:03.745+0000] {logging_mixin.py:190} INFO - [2024-11-06T00:13:03.744+0000] {dag.py:3239} INFO - Sync 1 DAGs
[2024-11-06T00:13:03.766+0000] {logging_mixin.py:190} INFO - [2024-11-06T00:13:03.765+0000] {dag.py:4180} INFO - Setting next_dagrun for example_sensors to None, run_after=None
[2024-11-06T00:13:03.796+0000] {processor.py:208} INFO - Processing /home/airflow/.local/lib/python3.12/site-packages/airflow/example_dags/example_sensors.py took 0.132 seconds
[2024-11-06T00:13:34.545+0000] {processor.py:186} INFO - Started process (PID=4127) to work on /home/airflow/.local/lib/python3.12/site-packages/airflow/example_dags/example_sensors.py
[2024-11-06T00:13:34.547+0000] {processor.py:914} INFO - Processing file /home/airflow/.local/lib/python3.12/site-packages/airflow/example_dags/example_sensors.py for tasks to queue
[2024-11-06T00:13:34.551+0000] {logging_mixin.py:190} INFO - [2024-11-06T00:13:34.551+0000] {dagbag.py:588} INFO - Filling up the DagBag from /home/airflow/.local/lib/python3.12/site-packages/airflow/example_dags/example_sensors.py
[2024-11-06T00:13:34.570+0000] {processor.py:925} INFO - DAG(s) 'example_sensors' retrieved from /home/airflow/.local/lib/python3.12/site-packages/airflow/example_dags/example_sensors.py
[2024-11-06T00:13:34.618+0000] {logging_mixin.py:190} INFO - [2024-11-06T00:13:34.618+0000] {dag.py:3239} INFO - Sync 1 DAGs
[2024-11-06T00:13:34.641+0000] {logging_mixin.py:190} INFO - [2024-11-06T00:13:34.641+0000] {dag.py:4180} INFO - Setting next_dagrun for example_sensors to None, run_after=None
[2024-11-06T00:13:34.674+0000] {processor.py:208} INFO - Processing /home/airflow/.local/lib/python3.12/site-packages/airflow/example_dags/example_sensors.py took 0.137 seconds
[2024-11-06T00:14:04.792+0000] {processor.py:186} INFO - Started process (PID=4190) to work on /home/airflow/.local/lib/python3.12/site-packages/airflow/example_dags/example_sensors.py
[2024-11-06T00:14:04.794+0000] {processor.py:914} INFO - Processing file /home/airflow/.local/lib/python3.12/site-packages/airflow/example_dags/example_sensors.py for tasks to queue
[2024-11-06T00:14:04.800+0000] {logging_mixin.py:190} INFO - [2024-11-06T00:14:04.799+0000] {dagbag.py:588} INFO - Filling up the DagBag from /home/airflow/.local/lib/python3.12/site-packages/airflow/example_dags/example_sensors.py
[2024-11-06T00:14:04.828+0000] {processor.py:925} INFO - DAG(s) 'example_sensors' retrieved from /home/airflow/.local/lib/python3.12/site-packages/airflow/example_dags/example_sensors.py
[2024-11-06T00:14:04.882+0000] {logging_mixin.py:190} INFO - [2024-11-06T00:14:04.882+0000] {dag.py:3239} INFO - Sync 1 DAGs
[2024-11-06T00:14:04.908+0000] {logging_mixin.py:190} INFO - [2024-11-06T00:14:04.908+0000] {dag.py:4180} INFO - Setting next_dagrun for example_sensors to None, run_after=None
[2024-11-06T00:14:04.949+0000] {processor.py:208} INFO - Processing /home/airflow/.local/lib/python3.12/site-packages/airflow/example_dags/example_sensors.py took 0.177 seconds
[2024-11-06T00:14:35.263+0000] {processor.py:186} INFO - Started process (PID=4254) to work on /home/airflow/.local/lib/python3.12/site-packages/airflow/example_dags/example_sensors.py
[2024-11-06T00:14:35.264+0000] {processor.py:914} INFO - Processing file /home/airflow/.local/lib/python3.12/site-packages/airflow/example_dags/example_sensors.py for tasks to queue
[2024-11-06T00:14:35.269+0000] {logging_mixin.py:190} INFO - [2024-11-06T00:14:35.268+0000] {dagbag.py:588} INFO - Filling up the DagBag from /home/airflow/.local/lib/python3.12/site-packages/airflow/example_dags/example_sensors.py
[2024-11-06T00:14:35.286+0000] {processor.py:925} INFO - DAG(s) 'example_sensors' retrieved from /home/airflow/.local/lib/python3.12/site-packages/airflow/example_dags/example_sensors.py
[2024-11-06T00:14:35.332+0000] {logging_mixin.py:190} INFO - [2024-11-06T00:14:35.331+0000] {dag.py:3239} INFO - Sync 1 DAGs
[2024-11-06T00:14:35.356+0000] {logging_mixin.py:190} INFO - [2024-11-06T00:14:35.356+0000] {dag.py:4180} INFO - Setting next_dagrun for example_sensors to None, run_after=None
[2024-11-06T00:14:35.398+0000] {processor.py:208} INFO - Processing /home/airflow/.local/lib/python3.12/site-packages/airflow/example_dags/example_sensors.py took 0.144 seconds
[2024-11-06T00:15:05.707+0000] {processor.py:186} INFO - Started process (PID=4318) to work on /home/airflow/.local/lib/python3.12/site-packages/airflow/example_dags/example_sensors.py
[2024-11-06T00:15:05.709+0000] {processor.py:914} INFO - Processing file /home/airflow/.local/lib/python3.12/site-packages/airflow/example_dags/example_sensors.py for tasks to queue
[2024-11-06T00:15:05.713+0000] {logging_mixin.py:190} INFO - [2024-11-06T00:15:05.712+0000] {dagbag.py:588} INFO - Filling up the DagBag from /home/airflow/.local/lib/python3.12/site-packages/airflow/example_dags/example_sensors.py
[2024-11-06T00:15:05.729+0000] {processor.py:925} INFO - DAG(s) 'example_sensors' retrieved from /home/airflow/.local/lib/python3.12/site-packages/airflow/example_dags/example_sensors.py
[2024-11-06T00:15:05.781+0000] {logging_mixin.py:190} INFO - [2024-11-06T00:15:05.781+0000] {dag.py:3239} INFO - Sync 1 DAGs
[2024-11-06T00:15:05.800+0000] {logging_mixin.py:190} INFO - [2024-11-06T00:15:05.800+0000] {dag.py:4180} INFO - Setting next_dagrun for example_sensors to None, run_after=None
[2024-11-06T00:15:05.834+0000] {processor.py:208} INFO - Processing /home/airflow/.local/lib/python3.12/site-packages/airflow/example_dags/example_sensors.py took 0.138 seconds
[2024-11-06T00:15:36.744+0000] {processor.py:186} INFO - Started process (PID=4382) to work on /home/airflow/.local/lib/python3.12/site-packages/airflow/example_dags/example_sensors.py
[2024-11-06T00:15:36.746+0000] {processor.py:914} INFO - Processing file /home/airflow/.local/lib/python3.12/site-packages/airflow/example_dags/example_sensors.py for tasks to queue
[2024-11-06T00:15:36.753+0000] {logging_mixin.py:190} INFO - [2024-11-06T00:15:36.751+0000] {dagbag.py:588} INFO - Filling up the DagBag from /home/airflow/.local/lib/python3.12/site-packages/airflow/example_dags/example_sensors.py
[2024-11-06T00:15:36.777+0000] {processor.py:925} INFO - DAG(s) 'example_sensors' retrieved from /home/airflow/.local/lib/python3.12/site-packages/airflow/example_dags/example_sensors.py
[2024-11-06T00:15:36.822+0000] {logging_mixin.py:190} INFO - [2024-11-06T00:15:36.822+0000] {dag.py:3239} INFO - Sync 1 DAGs
[2024-11-06T00:15:36.847+0000] {logging_mixin.py:190} INFO - [2024-11-06T00:15:36.846+0000] {dag.py:4180} INFO - Setting next_dagrun for example_sensors to None, run_after=None
[2024-11-06T00:15:36.889+0000] {processor.py:208} INFO - Processing /home/airflow/.local/lib/python3.12/site-packages/airflow/example_dags/example_sensors.py took 0.158 seconds
[2024-11-06T00:16:07.120+0000] {processor.py:186} INFO - Started process (PID=4445) to work on /home/airflow/.local/lib/python3.12/site-packages/airflow/example_dags/example_sensors.py
[2024-11-06T00:16:07.123+0000] {processor.py:914} INFO - Processing file /home/airflow/.local/lib/python3.12/site-packages/airflow/example_dags/example_sensors.py for tasks to queue
[2024-11-06T00:16:07.127+0000] {logging_mixin.py:190} INFO - [2024-11-06T00:16:07.127+0000] {dagbag.py:588} INFO - Filling up the DagBag from /home/airflow/.local/lib/python3.12/site-packages/airflow/example_dags/example_sensors.py
[2024-11-06T00:16:07.146+0000] {processor.py:925} INFO - DAG(s) 'example_sensors' retrieved from /home/airflow/.local/lib/python3.12/site-packages/airflow/example_dags/example_sensors.py
[2024-11-06T00:16:07.193+0000] {logging_mixin.py:190} INFO - [2024-11-06T00:16:07.192+0000] {dag.py:3239} INFO - Sync 1 DAGs
[2024-11-06T00:16:07.215+0000] {logging_mixin.py:190} INFO - [2024-11-06T00:16:07.215+0000] {dag.py:4180} INFO - Setting next_dagrun for example_sensors to None, run_after=None
[2024-11-06T00:16:07.250+0000] {processor.py:208} INFO - Processing /home/airflow/.local/lib/python3.12/site-packages/airflow/example_dags/example_sensors.py took 0.149 seconds
[2024-11-06T00:18:28.532+0000] {processor.py:186} INFO - Started process (PID=65) to work on /home/airflow/.local/lib/python3.12/site-packages/airflow/example_dags/example_sensors.py
[2024-11-06T00:18:28.534+0000] {processor.py:914} INFO - Processing file /home/airflow/.local/lib/python3.12/site-packages/airflow/example_dags/example_sensors.py for tasks to queue
[2024-11-06T00:18:28.541+0000] {logging_mixin.py:190} INFO - [2024-11-06T00:18:28.540+0000] {dagbag.py:588} INFO - Filling up the DagBag from /home/airflow/.local/lib/python3.12/site-packages/airflow/example_dags/example_sensors.py
[2024-11-06T00:18:28.563+0000] {processor.py:925} INFO - DAG(s) 'example_sensors' retrieved from /home/airflow/.local/lib/python3.12/site-packages/airflow/example_dags/example_sensors.py
[2024-11-06T00:18:28.620+0000] {logging_mixin.py:190} INFO - [2024-11-06T00:18:28.620+0000] {dag.py:3239} INFO - Sync 1 DAGs
[2024-11-06T00:18:28.640+0000] {logging_mixin.py:190} INFO - [2024-11-06T00:18:28.639+0000] {dag.py:4180} INFO - Setting next_dagrun for example_sensors to None, run_after=None
[2024-11-06T00:18:28.670+0000] {processor.py:208} INFO - Processing /home/airflow/.local/lib/python3.12/site-packages/airflow/example_dags/example_sensors.py took 0.147 seconds
[2024-11-06T00:19:00.852+0000] {processor.py:186} INFO - Started process (PID=129) to work on /home/airflow/.local/lib/python3.12/site-packages/airflow/example_dags/example_sensors.py
[2024-11-06T00:19:00.858+0000] {processor.py:914} INFO - Processing file /home/airflow/.local/lib/python3.12/site-packages/airflow/example_dags/example_sensors.py for tasks to queue
[2024-11-06T00:19:00.865+0000] {logging_mixin.py:190} INFO - [2024-11-06T00:19:00.864+0000] {dagbag.py:588} INFO - Filling up the DagBag from /home/airflow/.local/lib/python3.12/site-packages/airflow/example_dags/example_sensors.py
[2024-11-06T00:19:00.903+0000] {processor.py:925} INFO - DAG(s) 'example_sensors' retrieved from /home/airflow/.local/lib/python3.12/site-packages/airflow/example_dags/example_sensors.py
[2024-11-06T00:19:00.965+0000] {logging_mixin.py:190} INFO - [2024-11-06T00:19:00.965+0000] {dag.py:3239} INFO - Sync 1 DAGs
[2024-11-06T00:19:00.995+0000] {logging_mixin.py:190} INFO - [2024-11-06T00:19:00.995+0000] {dag.py:4180} INFO - Setting next_dagrun for example_sensors to None, run_after=None
[2024-11-06T00:19:01.033+0000] {processor.py:208} INFO - Processing /home/airflow/.local/lib/python3.12/site-packages/airflow/example_dags/example_sensors.py took 0.196 seconds
[2024-11-06T00:19:32.091+0000] {processor.py:186} INFO - Started process (PID=192) to work on /home/airflow/.local/lib/python3.12/site-packages/airflow/example_dags/example_sensors.py
[2024-11-06T00:19:32.092+0000] {processor.py:914} INFO - Processing file /home/airflow/.local/lib/python3.12/site-packages/airflow/example_dags/example_sensors.py for tasks to queue
[2024-11-06T00:19:32.097+0000] {logging_mixin.py:190} INFO - [2024-11-06T00:19:32.096+0000] {dagbag.py:588} INFO - Filling up the DagBag from /home/airflow/.local/lib/python3.12/site-packages/airflow/example_dags/example_sensors.py
[2024-11-06T00:19:32.118+0000] {processor.py:925} INFO - DAG(s) 'example_sensors' retrieved from /home/airflow/.local/lib/python3.12/site-packages/airflow/example_dags/example_sensors.py
[2024-11-06T00:19:32.164+0000] {logging_mixin.py:190} INFO - [2024-11-06T00:19:32.164+0000] {dag.py:3239} INFO - Sync 1 DAGs
[2024-11-06T00:19:32.185+0000] {logging_mixin.py:190} INFO - [2024-11-06T00:19:32.185+0000] {dag.py:4180} INFO - Setting next_dagrun for example_sensors to None, run_after=None
[2024-11-06T00:19:32.217+0000] {processor.py:208} INFO - Processing /home/airflow/.local/lib/python3.12/site-packages/airflow/example_dags/example_sensors.py took 0.141 seconds
[2024-11-06T00:20:03.645+0000] {processor.py:186} INFO - Started process (PID=262) to work on /home/airflow/.local/lib/python3.12/site-packages/airflow/example_dags/example_sensors.py
[2024-11-06T00:20:03.647+0000] {processor.py:914} INFO - Processing file /home/airflow/.local/lib/python3.12/site-packages/airflow/example_dags/example_sensors.py for tasks to queue
[2024-11-06T00:20:03.652+0000] {logging_mixin.py:190} INFO - [2024-11-06T00:20:03.651+0000] {dagbag.py:588} INFO - Filling up the DagBag from /home/airflow/.local/lib/python3.12/site-packages/airflow/example_dags/example_sensors.py
[2024-11-06T00:20:03.674+0000] {processor.py:925} INFO - DAG(s) 'example_sensors' retrieved from /home/airflow/.local/lib/python3.12/site-packages/airflow/example_dags/example_sensors.py
[2024-11-06T00:20:03.723+0000] {logging_mixin.py:190} INFO - [2024-11-06T00:20:03.723+0000] {dag.py:3239} INFO - Sync 1 DAGs
[2024-11-06T00:20:03.747+0000] {logging_mixin.py:190} INFO - [2024-11-06T00:20:03.747+0000] {dag.py:4180} INFO - Setting next_dagrun for example_sensors to None, run_after=None
[2024-11-06T00:20:03.777+0000] {processor.py:208} INFO - Processing /home/airflow/.local/lib/python3.12/site-packages/airflow/example_dags/example_sensors.py took 0.143 seconds
[2024-11-06T00:20:34.965+0000] {processor.py:186} INFO - Started process (PID=326) to work on /home/airflow/.local/lib/python3.12/site-packages/airflow/example_dags/example_sensors.py
[2024-11-06T00:20:34.966+0000] {processor.py:914} INFO - Processing file /home/airflow/.local/lib/python3.12/site-packages/airflow/example_dags/example_sensors.py for tasks to queue
[2024-11-06T00:20:34.972+0000] {logging_mixin.py:190} INFO - [2024-11-06T00:20:34.971+0000] {dagbag.py:588} INFO - Filling up the DagBag from /home/airflow/.local/lib/python3.12/site-packages/airflow/example_dags/example_sensors.py
[2024-11-06T00:20:34.992+0000] {processor.py:925} INFO - DAG(s) 'example_sensors' retrieved from /home/airflow/.local/lib/python3.12/site-packages/airflow/example_dags/example_sensors.py
[2024-11-06T00:20:35.035+0000] {logging_mixin.py:190} INFO - [2024-11-06T00:20:35.035+0000] {dag.py:3239} INFO - Sync 1 DAGs
[2024-11-06T00:20:35.059+0000] {logging_mixin.py:190} INFO - [2024-11-06T00:20:35.059+0000] {dag.py:4180} INFO - Setting next_dagrun for example_sensors to None, run_after=None
[2024-11-06T00:20:35.093+0000] {processor.py:208} INFO - Processing /home/airflow/.local/lib/python3.12/site-packages/airflow/example_dags/example_sensors.py took 0.138 seconds
[2024-11-06T00:21:07.016+0000] {processor.py:186} INFO - Started process (PID=390) to work on /home/airflow/.local/lib/python3.12/site-packages/airflow/example_dags/example_sensors.py
[2024-11-06T00:21:07.018+0000] {processor.py:914} INFO - Processing file /home/airflow/.local/lib/python3.12/site-packages/airflow/example_dags/example_sensors.py for tasks to queue
[2024-11-06T00:21:07.023+0000] {logging_mixin.py:190} INFO - [2024-11-06T00:21:07.022+0000] {dagbag.py:588} INFO - Filling up the DagBag from /home/airflow/.local/lib/python3.12/site-packages/airflow/example_dags/example_sensors.py
[2024-11-06T00:21:07.049+0000] {processor.py:925} INFO - DAG(s) 'example_sensors' retrieved from /home/airflow/.local/lib/python3.12/site-packages/airflow/example_dags/example_sensors.py
[2024-11-06T00:21:07.145+0000] {logging_mixin.py:190} INFO - [2024-11-06T00:21:07.144+0000] {dag.py:3239} INFO - Sync 1 DAGs
[2024-11-06T00:21:07.187+0000] {logging_mixin.py:190} INFO - [2024-11-06T00:21:07.187+0000] {dag.py:4180} INFO - Setting next_dagrun for example_sensors to None, run_after=None
[2024-11-06T00:21:07.253+0000] {processor.py:208} INFO - Processing /home/airflow/.local/lib/python3.12/site-packages/airflow/example_dags/example_sensors.py took 0.248 seconds
[2024-11-06T00:21:38.927+0000] {processor.py:186} INFO - Started process (PID=454) to work on /home/airflow/.local/lib/python3.12/site-packages/airflow/example_dags/example_sensors.py
[2024-11-06T00:21:38.929+0000] {processor.py:914} INFO - Processing file /home/airflow/.local/lib/python3.12/site-packages/airflow/example_dags/example_sensors.py for tasks to queue
[2024-11-06T00:21:38.933+0000] {logging_mixin.py:190} INFO - [2024-11-06T00:21:38.932+0000] {dagbag.py:588} INFO - Filling up the DagBag from /home/airflow/.local/lib/python3.12/site-packages/airflow/example_dags/example_sensors.py
[2024-11-06T00:21:38.960+0000] {processor.py:925} INFO - DAG(s) 'example_sensors' retrieved from /home/airflow/.local/lib/python3.12/site-packages/airflow/example_dags/example_sensors.py
[2024-11-06T00:21:39.009+0000] {logging_mixin.py:190} INFO - [2024-11-06T00:21:39.008+0000] {dag.py:3239} INFO - Sync 1 DAGs
[2024-11-06T00:21:39.036+0000] {logging_mixin.py:190} INFO - [2024-11-06T00:21:39.036+0000] {dag.py:4180} INFO - Setting next_dagrun for example_sensors to None, run_after=None
[2024-11-06T00:21:39.074+0000] {processor.py:208} INFO - Processing /home/airflow/.local/lib/python3.12/site-packages/airflow/example_dags/example_sensors.py took 0.157 seconds
[2024-11-06T00:23:41.595+0000] {processor.py:186} INFO - Started process (PID=64) to work on /home/airflow/.local/lib/python3.12/site-packages/airflow/example_dags/example_sensors.py
[2024-11-06T00:23:41.599+0000] {processor.py:914} INFO - Processing file /home/airflow/.local/lib/python3.12/site-packages/airflow/example_dags/example_sensors.py for tasks to queue
[2024-11-06T00:23:41.604+0000] {logging_mixin.py:190} INFO - [2024-11-06T00:23:41.604+0000] {dagbag.py:588} INFO - Filling up the DagBag from /home/airflow/.local/lib/python3.12/site-packages/airflow/example_dags/example_sensors.py
[2024-11-06T00:23:41.629+0000] {processor.py:925} INFO - DAG(s) 'example_sensors' retrieved from /home/airflow/.local/lib/python3.12/site-packages/airflow/example_dags/example_sensors.py
[2024-11-06T00:23:41.696+0000] {logging_mixin.py:190} INFO - [2024-11-06T00:23:41.696+0000] {dag.py:3239} INFO - Sync 1 DAGs
[2024-11-06T00:23:41.731+0000] {logging_mixin.py:190} INFO - [2024-11-06T00:23:41.730+0000] {dag.py:4180} INFO - Setting next_dagrun for example_sensors to None, run_after=None
[2024-11-06T00:23:41.768+0000] {processor.py:208} INFO - Processing /home/airflow/.local/lib/python3.12/site-packages/airflow/example_dags/example_sensors.py took 0.184 seconds
[2024-11-06T00:24:13.018+0000] {processor.py:186} INFO - Started process (PID=127) to work on /home/airflow/.local/lib/python3.12/site-packages/airflow/example_dags/example_sensors.py
[2024-11-06T00:24:13.020+0000] {processor.py:914} INFO - Processing file /home/airflow/.local/lib/python3.12/site-packages/airflow/example_dags/example_sensors.py for tasks to queue
[2024-11-06T00:24:13.024+0000] {logging_mixin.py:190} INFO - [2024-11-06T00:24:13.023+0000] {dagbag.py:588} INFO - Filling up the DagBag from /home/airflow/.local/lib/python3.12/site-packages/airflow/example_dags/example_sensors.py
[2024-11-06T00:24:13.044+0000] {processor.py:925} INFO - DAG(s) 'example_sensors' retrieved from /home/airflow/.local/lib/python3.12/site-packages/airflow/example_dags/example_sensors.py
[2024-11-06T00:24:13.082+0000] {logging_mixin.py:190} INFO - [2024-11-06T00:24:13.081+0000] {dag.py:3239} INFO - Sync 1 DAGs
[2024-11-06T00:24:13.103+0000] {logging_mixin.py:190} INFO - [2024-11-06T00:24:13.102+0000] {dag.py:4180} INFO - Setting next_dagrun for example_sensors to None, run_after=None
[2024-11-06T00:24:13.136+0000] {processor.py:208} INFO - Processing /home/airflow/.local/lib/python3.12/site-packages/airflow/example_dags/example_sensors.py took 0.130 seconds
[2024-11-06T00:26:18.672+0000] {processor.py:186} INFO - Started process (PID=64) to work on /home/airflow/.local/lib/python3.12/site-packages/airflow/example_dags/example_sensors.py
[2024-11-06T00:26:18.675+0000] {processor.py:914} INFO - Processing file /home/airflow/.local/lib/python3.12/site-packages/airflow/example_dags/example_sensors.py for tasks to queue
[2024-11-06T00:26:18.680+0000] {logging_mixin.py:190} INFO - [2024-11-06T00:26:18.680+0000] {dagbag.py:588} INFO - Filling up the DagBag from /home/airflow/.local/lib/python3.12/site-packages/airflow/example_dags/example_sensors.py
[2024-11-06T00:26:18.701+0000] {processor.py:925} INFO - DAG(s) 'example_sensors' retrieved from /home/airflow/.local/lib/python3.12/site-packages/airflow/example_dags/example_sensors.py
[2024-11-06T00:26:18.753+0000] {logging_mixin.py:190} INFO - [2024-11-06T00:26:18.753+0000] {dag.py:3239} INFO - Sync 1 DAGs
[2024-11-06T00:26:18.774+0000] {logging_mixin.py:190} INFO - [2024-11-06T00:26:18.774+0000] {dag.py:4180} INFO - Setting next_dagrun for example_sensors to None, run_after=None
[2024-11-06T00:26:18.810+0000] {processor.py:208} INFO - Processing /home/airflow/.local/lib/python3.12/site-packages/airflow/example_dags/example_sensors.py took 0.148 seconds
[2024-11-06T00:26:50.617+0000] {processor.py:186} INFO - Started process (PID=127) to work on /home/airflow/.local/lib/python3.12/site-packages/airflow/example_dags/example_sensors.py
[2024-11-06T00:26:50.619+0000] {processor.py:914} INFO - Processing file /home/airflow/.local/lib/python3.12/site-packages/airflow/example_dags/example_sensors.py for tasks to queue
[2024-11-06T00:26:50.624+0000] {logging_mixin.py:190} INFO - [2024-11-06T00:26:50.623+0000] {dagbag.py:588} INFO - Filling up the DagBag from /home/airflow/.local/lib/python3.12/site-packages/airflow/example_dags/example_sensors.py
[2024-11-06T00:26:50.639+0000] {processor.py:925} INFO - DAG(s) 'example_sensors' retrieved from /home/airflow/.local/lib/python3.12/site-packages/airflow/example_dags/example_sensors.py
[2024-11-06T00:26:50.678+0000] {logging_mixin.py:190} INFO - [2024-11-06T00:26:50.677+0000] {dag.py:3239} INFO - Sync 1 DAGs
[2024-11-06T00:26:50.700+0000] {logging_mixin.py:190} INFO - [2024-11-06T00:26:50.700+0000] {dag.py:4180} INFO - Setting next_dagrun for example_sensors to None, run_after=None
[2024-11-06T00:26:50.734+0000] {processor.py:208} INFO - Processing /home/airflow/.local/lib/python3.12/site-packages/airflow/example_dags/example_sensors.py took 0.127 seconds
[2024-11-06T00:27:21.961+0000] {processor.py:186} INFO - Started process (PID=191) to work on /home/airflow/.local/lib/python3.12/site-packages/airflow/example_dags/example_sensors.py
[2024-11-06T00:27:21.964+0000] {processor.py:914} INFO - Processing file /home/airflow/.local/lib/python3.12/site-packages/airflow/example_dags/example_sensors.py for tasks to queue
[2024-11-06T00:27:21.968+0000] {logging_mixin.py:190} INFO - [2024-11-06T00:27:21.967+0000] {dagbag.py:588} INFO - Filling up the DagBag from /home/airflow/.local/lib/python3.12/site-packages/airflow/example_dags/example_sensors.py
[2024-11-06T00:27:21.996+0000] {processor.py:925} INFO - DAG(s) 'example_sensors' retrieved from /home/airflow/.local/lib/python3.12/site-packages/airflow/example_dags/example_sensors.py
[2024-11-06T00:27:22.071+0000] {logging_mixin.py:190} INFO - [2024-11-06T00:27:22.071+0000] {dag.py:3239} INFO - Sync 1 DAGs
[2024-11-06T00:27:22.140+0000] {logging_mixin.py:190} INFO - [2024-11-06T00:27:22.140+0000] {dag.py:4180} INFO - Setting next_dagrun for example_sensors to None, run_after=None
[2024-11-06T00:27:22.236+0000] {processor.py:208} INFO - Processing /home/airflow/.local/lib/python3.12/site-packages/airflow/example_dags/example_sensors.py took 0.290 seconds
