[2024-11-06T00:00:15.897+0000] {processor.py:186} INFO - Started process (PID=2480) to work on /home/airflow/.local/lib/python3.12/site-packages/airflow/example_dags/example_subdag_operator.py
[2024-11-06T00:00:15.899+0000] {processor.py:914} INFO - Processing file /home/airflow/.local/lib/python3.12/site-packages/airflow/example_dags/example_subdag_operator.py for tasks to queue
[2024-11-06T00:00:15.903+0000] {logging_mixin.py:190} INFO - [2024-11-06T00:00:15.903+0000] {dagbag.py:588} INFO - Filling up the DagBag from /home/airflow/.local/lib/python3.12/site-packages/airflow/example_dags/example_subdag_operator.py
[2024-11-06T00:00:15.969+0000] {processor.py:925} INFO - DAG(s) 'example_subdag_operator.section-1', 'example_subdag_operator.section-2', 'example_subdag_operator' retrieved from /home/airflow/.local/lib/python3.12/site-packages/airflow/example_dags/example_subdag_operator.py
[2024-11-06T00:00:16.000+0000] {logging_mixin.py:190} INFO - [2024-11-06T00:00:16.000+0000] {dag.py:3239} INFO - Sync 3 DAGs
[2024-11-06T00:00:16.063+0000] {logging_mixin.py:190} INFO - [2024-11-06T00:00:16.062+0000] {dag.py:4180} INFO - Setting next_dagrun for example_subdag_operator to 2022-01-01 00:00:00+00:00, run_after=2022-01-01 00:00:00+00:00
[2024-11-06T00:00:16.078+0000] {logging_mixin.py:190} INFO - [2024-11-06T00:00:16.077+0000] {dag.py:4180} INFO - Setting next_dagrun for example_subdag_operator.section-1 to None, run_after=None
[2024-11-06T00:00:16.084+0000] {logging_mixin.py:190} INFO - [2024-11-06T00:00:16.083+0000] {dag.py:4180} INFO - Setting next_dagrun for example_subdag_operator.section-2 to None, run_after=None
[2024-11-06T00:00:16.103+0000] {logging_mixin.py:190} INFO - [2024-11-06T00:00:16.102+0000] {dag.py:3239} INFO - Sync 2 DAGs
[2024-11-06T00:00:16.113+0000] {logging_mixin.py:190} INFO - [2024-11-06T00:00:16.113+0000] {dag.py:4180} INFO - Setting next_dagrun for example_subdag_operator.section-1 to None, run_after=None
[2024-11-06T00:00:16.115+0000] {logging_mixin.py:190} INFO - [2024-11-06T00:00:16.114+0000] {dag.py:4180} INFO - Setting next_dagrun for example_subdag_operator.section-2 to None, run_after=None
[2024-11-06T00:00:16.135+0000] {processor.py:208} INFO - Processing /home/airflow/.local/lib/python3.12/site-packages/airflow/example_dags/example_subdag_operator.py took 0.246 seconds
[2024-11-06T00:00:47.016+0000] {processor.py:186} INFO - Started process (PID=2545) to work on /home/airflow/.local/lib/python3.12/site-packages/airflow/example_dags/example_subdag_operator.py
[2024-11-06T00:00:47.018+0000] {processor.py:914} INFO - Processing file /home/airflow/.local/lib/python3.12/site-packages/airflow/example_dags/example_subdag_operator.py for tasks to queue
[2024-11-06T00:00:47.022+0000] {logging_mixin.py:190} INFO - [2024-11-06T00:00:47.022+0000] {dagbag.py:588} INFO - Filling up the DagBag from /home/airflow/.local/lib/python3.12/site-packages/airflow/example_dags/example_subdag_operator.py
[2024-11-06T00:00:47.086+0000] {processor.py:925} INFO - DAG(s) 'example_subdag_operator.section-1', 'example_subdag_operator.section-2', 'example_subdag_operator' retrieved from /home/airflow/.local/lib/python3.12/site-packages/airflow/example_dags/example_subdag_operator.py
[2024-11-06T00:00:47.113+0000] {logging_mixin.py:190} INFO - [2024-11-06T00:00:47.113+0000] {dag.py:3239} INFO - Sync 3 DAGs
[2024-11-06T00:00:47.161+0000] {logging_mixin.py:190} INFO - [2024-11-06T00:00:47.161+0000] {dag.py:4180} INFO - Setting next_dagrun for example_subdag_operator to 2022-01-01 00:00:00+00:00, run_after=2022-01-01 00:00:00+00:00
[2024-11-06T00:00:47.168+0000] {logging_mixin.py:190} INFO - [2024-11-06T00:00:47.168+0000] {dag.py:4180} INFO - Setting next_dagrun for example_subdag_operator.section-1 to None, run_after=None
[2024-11-06T00:00:47.172+0000] {logging_mixin.py:190} INFO - [2024-11-06T00:00:47.172+0000] {dag.py:4180} INFO - Setting next_dagrun for example_subdag_operator.section-2 to None, run_after=None
[2024-11-06T00:00:47.186+0000] {logging_mixin.py:190} INFO - [2024-11-06T00:00:47.186+0000] {dag.py:3239} INFO - Sync 2 DAGs
[2024-11-06T00:00:47.199+0000] {logging_mixin.py:190} INFO - [2024-11-06T00:00:47.198+0000] {dag.py:4180} INFO - Setting next_dagrun for example_subdag_operator.section-1 to None, run_after=None
[2024-11-06T00:00:47.200+0000] {logging_mixin.py:190} INFO - [2024-11-06T00:00:47.200+0000] {dag.py:4180} INFO - Setting next_dagrun for example_subdag_operator.section-2 to None, run_after=None
[2024-11-06T00:00:47.223+0000] {processor.py:208} INFO - Processing /home/airflow/.local/lib/python3.12/site-packages/airflow/example_dags/example_subdag_operator.py took 0.215 seconds
[2024-11-06T00:01:17.499+0000] {processor.py:186} INFO - Started process (PID=2614) to work on /home/airflow/.local/lib/python3.12/site-packages/airflow/example_dags/example_subdag_operator.py
[2024-11-06T00:01:17.501+0000] {processor.py:914} INFO - Processing file /home/airflow/.local/lib/python3.12/site-packages/airflow/example_dags/example_subdag_operator.py for tasks to queue
[2024-11-06T00:01:17.506+0000] {logging_mixin.py:190} INFO - [2024-11-06T00:01:17.506+0000] {dagbag.py:588} INFO - Filling up the DagBag from /home/airflow/.local/lib/python3.12/site-packages/airflow/example_dags/example_subdag_operator.py
[2024-11-06T00:01:17.550+0000] {processor.py:925} INFO - DAG(s) 'example_subdag_operator.section-1', 'example_subdag_operator.section-2', 'example_subdag_operator' retrieved from /home/airflow/.local/lib/python3.12/site-packages/airflow/example_dags/example_subdag_operator.py
[2024-11-06T00:01:17.578+0000] {logging_mixin.py:190} INFO - [2024-11-06T00:01:17.577+0000] {dag.py:3239} INFO - Sync 3 DAGs
[2024-11-06T00:01:17.628+0000] {logging_mixin.py:190} INFO - [2024-11-06T00:01:17.627+0000] {dag.py:4180} INFO - Setting next_dagrun for example_subdag_operator to 2022-01-01 00:00:00+00:00, run_after=2022-01-01 00:00:00+00:00
[2024-11-06T00:01:17.637+0000] {logging_mixin.py:190} INFO - [2024-11-06T00:01:17.637+0000] {dag.py:4180} INFO - Setting next_dagrun for example_subdag_operator.section-1 to None, run_after=None
[2024-11-06T00:01:17.641+0000] {logging_mixin.py:190} INFO - [2024-11-06T00:01:17.640+0000] {dag.py:4180} INFO - Setting next_dagrun for example_subdag_operator.section-2 to None, run_after=None
[2024-11-06T00:01:17.677+0000] {logging_mixin.py:190} INFO - [2024-11-06T00:01:17.676+0000] {dag.py:3239} INFO - Sync 2 DAGs
[2024-11-06T00:01:17.687+0000] {logging_mixin.py:190} INFO - [2024-11-06T00:01:17.686+0000] {dag.py:4180} INFO - Setting next_dagrun for example_subdag_operator.section-1 to None, run_after=None
[2024-11-06T00:01:17.688+0000] {logging_mixin.py:190} INFO - [2024-11-06T00:01:17.688+0000] {dag.py:4180} INFO - Setting next_dagrun for example_subdag_operator.section-2 to None, run_after=None
[2024-11-06T00:01:17.709+0000] {processor.py:208} INFO - Processing /home/airflow/.local/lib/python3.12/site-packages/airflow/example_dags/example_subdag_operator.py took 0.223 seconds
[2024-11-06T00:01:48.358+0000] {processor.py:186} INFO - Started process (PID=2679) to work on /home/airflow/.local/lib/python3.12/site-packages/airflow/example_dags/example_subdag_operator.py
[2024-11-06T00:01:48.360+0000] {processor.py:914} INFO - Processing file /home/airflow/.local/lib/python3.12/site-packages/airflow/example_dags/example_subdag_operator.py for tasks to queue
[2024-11-06T00:01:48.365+0000] {logging_mixin.py:190} INFO - [2024-11-06T00:01:48.365+0000] {dagbag.py:588} INFO - Filling up the DagBag from /home/airflow/.local/lib/python3.12/site-packages/airflow/example_dags/example_subdag_operator.py
[2024-11-06T00:01:48.413+0000] {processor.py:925} INFO - DAG(s) 'example_subdag_operator.section-1', 'example_subdag_operator.section-2', 'example_subdag_operator' retrieved from /home/airflow/.local/lib/python3.12/site-packages/airflow/example_dags/example_subdag_operator.py
[2024-11-06T00:01:48.450+0000] {logging_mixin.py:190} INFO - [2024-11-06T00:01:48.450+0000] {dag.py:3239} INFO - Sync 3 DAGs
[2024-11-06T00:01:48.501+0000] {logging_mixin.py:190} INFO - [2024-11-06T00:01:48.501+0000] {dag.py:4180} INFO - Setting next_dagrun for example_subdag_operator to 2022-01-01 00:00:00+00:00, run_after=2022-01-01 00:00:00+00:00
[2024-11-06T00:01:48.507+0000] {logging_mixin.py:190} INFO - [2024-11-06T00:01:48.507+0000] {dag.py:4180} INFO - Setting next_dagrun for example_subdag_operator.section-1 to None, run_after=None
[2024-11-06T00:01:48.511+0000] {logging_mixin.py:190} INFO - [2024-11-06T00:01:48.510+0000] {dag.py:4180} INFO - Setting next_dagrun for example_subdag_operator.section-2 to None, run_after=None
[2024-11-06T00:01:48.524+0000] {logging_mixin.py:190} INFO - [2024-11-06T00:01:48.524+0000] {dag.py:3239} INFO - Sync 2 DAGs
[2024-11-06T00:01:48.536+0000] {logging_mixin.py:190} INFO - [2024-11-06T00:01:48.536+0000] {dag.py:4180} INFO - Setting next_dagrun for example_subdag_operator.section-1 to None, run_after=None
[2024-11-06T00:01:48.538+0000] {logging_mixin.py:190} INFO - [2024-11-06T00:01:48.537+0000] {dag.py:4180} INFO - Setting next_dagrun for example_subdag_operator.section-2 to None, run_after=None
[2024-11-06T00:01:48.564+0000] {processor.py:208} INFO - Processing /home/airflow/.local/lib/python3.12/site-packages/airflow/example_dags/example_subdag_operator.py took 0.219 seconds
[2024-11-06T00:02:19.274+0000] {processor.py:186} INFO - Started process (PID=2743) to work on /home/airflow/.local/lib/python3.12/site-packages/airflow/example_dags/example_subdag_operator.py
[2024-11-06T00:02:19.276+0000] {processor.py:914} INFO - Processing file /home/airflow/.local/lib/python3.12/site-packages/airflow/example_dags/example_subdag_operator.py for tasks to queue
[2024-11-06T00:02:19.280+0000] {logging_mixin.py:190} INFO - [2024-11-06T00:02:19.280+0000] {dagbag.py:588} INFO - Filling up the DagBag from /home/airflow/.local/lib/python3.12/site-packages/airflow/example_dags/example_subdag_operator.py
[2024-11-06T00:02:19.346+0000] {processor.py:925} INFO - DAG(s) 'example_subdag_operator.section-1', 'example_subdag_operator.section-2', 'example_subdag_operator' retrieved from /home/airflow/.local/lib/python3.12/site-packages/airflow/example_dags/example_subdag_operator.py
[2024-11-06T00:02:19.383+0000] {logging_mixin.py:190} INFO - [2024-11-06T00:02:19.383+0000] {dag.py:3239} INFO - Sync 3 DAGs
[2024-11-06T00:02:19.436+0000] {logging_mixin.py:190} INFO - [2024-11-06T00:02:19.435+0000] {dag.py:4180} INFO - Setting next_dagrun for example_subdag_operator to 2022-01-01 00:00:00+00:00, run_after=2022-01-01 00:00:00+00:00
[2024-11-06T00:02:19.444+0000] {logging_mixin.py:190} INFO - [2024-11-06T00:02:19.443+0000] {dag.py:4180} INFO - Setting next_dagrun for example_subdag_operator.section-1 to None, run_after=None
[2024-11-06T00:02:19.447+0000] {logging_mixin.py:190} INFO - [2024-11-06T00:02:19.446+0000] {dag.py:4180} INFO - Setting next_dagrun for example_subdag_operator.section-2 to None, run_after=None
[2024-11-06T00:02:19.462+0000] {logging_mixin.py:190} INFO - [2024-11-06T00:02:19.462+0000] {dag.py:3239} INFO - Sync 2 DAGs
[2024-11-06T00:02:19.472+0000] {logging_mixin.py:190} INFO - [2024-11-06T00:02:19.472+0000] {dag.py:4180} INFO - Setting next_dagrun for example_subdag_operator.section-1 to None, run_after=None
[2024-11-06T00:02:19.474+0000] {logging_mixin.py:190} INFO - [2024-11-06T00:02:19.473+0000] {dag.py:4180} INFO - Setting next_dagrun for example_subdag_operator.section-2 to None, run_after=None
[2024-11-06T00:02:19.493+0000] {processor.py:208} INFO - Processing /home/airflow/.local/lib/python3.12/site-packages/airflow/example_dags/example_subdag_operator.py took 0.231 seconds
[2024-11-06T00:02:49.934+0000] {processor.py:186} INFO - Started process (PID=2807) to work on /home/airflow/.local/lib/python3.12/site-packages/airflow/example_dags/example_subdag_operator.py
[2024-11-06T00:02:49.936+0000] {processor.py:914} INFO - Processing file /home/airflow/.local/lib/python3.12/site-packages/airflow/example_dags/example_subdag_operator.py for tasks to queue
[2024-11-06T00:02:49.941+0000] {logging_mixin.py:190} INFO - [2024-11-06T00:02:49.940+0000] {dagbag.py:588} INFO - Filling up the DagBag from /home/airflow/.local/lib/python3.12/site-packages/airflow/example_dags/example_subdag_operator.py
[2024-11-06T00:02:49.993+0000] {processor.py:925} INFO - DAG(s) 'example_subdag_operator.section-1', 'example_subdag_operator.section-2', 'example_subdag_operator' retrieved from /home/airflow/.local/lib/python3.12/site-packages/airflow/example_dags/example_subdag_operator.py
[2024-11-06T00:02:50.019+0000] {logging_mixin.py:190} INFO - [2024-11-06T00:02:50.019+0000] {dag.py:3239} INFO - Sync 3 DAGs
[2024-11-06T00:02:50.064+0000] {logging_mixin.py:190} INFO - [2024-11-06T00:02:50.063+0000] {dag.py:4180} INFO - Setting next_dagrun for example_subdag_operator to 2022-01-01 00:00:00+00:00, run_after=2022-01-01 00:00:00+00:00
[2024-11-06T00:02:50.070+0000] {logging_mixin.py:190} INFO - [2024-11-06T00:02:50.070+0000] {dag.py:4180} INFO - Setting next_dagrun for example_subdag_operator.section-1 to None, run_after=None
[2024-11-06T00:02:50.073+0000] {logging_mixin.py:190} INFO - [2024-11-06T00:02:50.072+0000] {dag.py:4180} INFO - Setting next_dagrun for example_subdag_operator.section-2 to None, run_after=None
[2024-11-06T00:02:50.087+0000] {logging_mixin.py:190} INFO - [2024-11-06T00:02:50.087+0000] {dag.py:3239} INFO - Sync 2 DAGs
[2024-11-06T00:02:50.096+0000] {logging_mixin.py:190} INFO - [2024-11-06T00:02:50.096+0000] {dag.py:4180} INFO - Setting next_dagrun for example_subdag_operator.section-1 to None, run_after=None
[2024-11-06T00:02:50.097+0000] {logging_mixin.py:190} INFO - [2024-11-06T00:02:50.097+0000] {dag.py:4180} INFO - Setting next_dagrun for example_subdag_operator.section-2 to None, run_after=None
[2024-11-06T00:02:50.119+0000] {processor.py:208} INFO - Processing /home/airflow/.local/lib/python3.12/site-packages/airflow/example_dags/example_subdag_operator.py took 0.200 seconds
[2024-11-06T00:03:20.436+0000] {processor.py:186} INFO - Started process (PID=2871) to work on /home/airflow/.local/lib/python3.12/site-packages/airflow/example_dags/example_subdag_operator.py
[2024-11-06T00:03:20.439+0000] {processor.py:914} INFO - Processing file /home/airflow/.local/lib/python3.12/site-packages/airflow/example_dags/example_subdag_operator.py for tasks to queue
[2024-11-06T00:03:20.445+0000] {logging_mixin.py:190} INFO - [2024-11-06T00:03:20.444+0000] {dagbag.py:588} INFO - Filling up the DagBag from /home/airflow/.local/lib/python3.12/site-packages/airflow/example_dags/example_subdag_operator.py
[2024-11-06T00:03:20.508+0000] {processor.py:925} INFO - DAG(s) 'example_subdag_operator.section-1', 'example_subdag_operator.section-2', 'example_subdag_operator' retrieved from /home/airflow/.local/lib/python3.12/site-packages/airflow/example_dags/example_subdag_operator.py
[2024-11-06T00:03:20.538+0000] {logging_mixin.py:190} INFO - [2024-11-06T00:03:20.537+0000] {dag.py:3239} INFO - Sync 3 DAGs
[2024-11-06T00:03:20.592+0000] {logging_mixin.py:190} INFO - [2024-11-06T00:03:20.591+0000] {dag.py:4180} INFO - Setting next_dagrun for example_subdag_operator to 2022-01-01 00:00:00+00:00, run_after=2022-01-01 00:00:00+00:00
[2024-11-06T00:03:20.599+0000] {logging_mixin.py:190} INFO - [2024-11-06T00:03:20.599+0000] {dag.py:4180} INFO - Setting next_dagrun for example_subdag_operator.section-1 to None, run_after=None
[2024-11-06T00:03:20.603+0000] {logging_mixin.py:190} INFO - [2024-11-06T00:03:20.602+0000] {dag.py:4180} INFO - Setting next_dagrun for example_subdag_operator.section-2 to None, run_after=None
[2024-11-06T00:03:20.618+0000] {logging_mixin.py:190} INFO - [2024-11-06T00:03:20.618+0000] {dag.py:3239} INFO - Sync 2 DAGs
[2024-11-06T00:03:20.630+0000] {logging_mixin.py:190} INFO - [2024-11-06T00:03:20.630+0000] {dag.py:4180} INFO - Setting next_dagrun for example_subdag_operator.section-1 to None, run_after=None
[2024-11-06T00:03:20.631+0000] {logging_mixin.py:190} INFO - [2024-11-06T00:03:20.631+0000] {dag.py:4180} INFO - Setting next_dagrun for example_subdag_operator.section-2 to None, run_after=None
[2024-11-06T00:03:20.651+0000] {processor.py:208} INFO - Processing /home/airflow/.local/lib/python3.12/site-packages/airflow/example_dags/example_subdag_operator.py took 0.227 seconds
[2024-11-06T00:03:50.756+0000] {processor.py:186} INFO - Started process (PID=2936) to work on /home/airflow/.local/lib/python3.12/site-packages/airflow/example_dags/example_subdag_operator.py
[2024-11-06T00:03:50.758+0000] {processor.py:914} INFO - Processing file /home/airflow/.local/lib/python3.12/site-packages/airflow/example_dags/example_subdag_operator.py for tasks to queue
[2024-11-06T00:03:50.762+0000] {logging_mixin.py:190} INFO - [2024-11-06T00:03:50.761+0000] {dagbag.py:588} INFO - Filling up the DagBag from /home/airflow/.local/lib/python3.12/site-packages/airflow/example_dags/example_subdag_operator.py
[2024-11-06T00:03:50.798+0000] {processor.py:925} INFO - DAG(s) 'example_subdag_operator.section-1', 'example_subdag_operator.section-2', 'example_subdag_operator' retrieved from /home/airflow/.local/lib/python3.12/site-packages/airflow/example_dags/example_subdag_operator.py
[2024-11-06T00:03:50.820+0000] {logging_mixin.py:190} INFO - [2024-11-06T00:03:50.820+0000] {dag.py:3239} INFO - Sync 3 DAGs
[2024-11-06T00:03:50.855+0000] {logging_mixin.py:190} INFO - [2024-11-06T00:03:50.855+0000] {dag.py:4180} INFO - Setting next_dagrun for example_subdag_operator to 2022-01-01 00:00:00+00:00, run_after=2022-01-01 00:00:00+00:00
[2024-11-06T00:03:50.862+0000] {logging_mixin.py:190} INFO - [2024-11-06T00:03:50.861+0000] {dag.py:4180} INFO - Setting next_dagrun for example_subdag_operator.section-1 to None, run_after=None
[2024-11-06T00:03:50.864+0000] {logging_mixin.py:190} INFO - [2024-11-06T00:03:50.864+0000] {dag.py:4180} INFO - Setting next_dagrun for example_subdag_operator.section-2 to None, run_after=None
[2024-11-06T00:03:50.881+0000] {logging_mixin.py:190} INFO - [2024-11-06T00:03:50.880+0000] {dag.py:3239} INFO - Sync 2 DAGs
[2024-11-06T00:03:50.889+0000] {logging_mixin.py:190} INFO - [2024-11-06T00:03:50.889+0000] {dag.py:4180} INFO - Setting next_dagrun for example_subdag_operator.section-1 to None, run_after=None
[2024-11-06T00:03:50.890+0000] {logging_mixin.py:190} INFO - [2024-11-06T00:03:50.890+0000] {dag.py:4180} INFO - Setting next_dagrun for example_subdag_operator.section-2 to None, run_after=None
[2024-11-06T00:03:50.909+0000] {processor.py:208} INFO - Processing /home/airflow/.local/lib/python3.12/site-packages/airflow/example_dags/example_subdag_operator.py took 0.162 seconds
[2024-11-06T00:04:21.314+0000] {processor.py:186} INFO - Started process (PID=3000) to work on /home/airflow/.local/lib/python3.12/site-packages/airflow/example_dags/example_subdag_operator.py
[2024-11-06T00:04:21.315+0000] {processor.py:914} INFO - Processing file /home/airflow/.local/lib/python3.12/site-packages/airflow/example_dags/example_subdag_operator.py for tasks to queue
[2024-11-06T00:04:21.319+0000] {logging_mixin.py:190} INFO - [2024-11-06T00:04:21.319+0000] {dagbag.py:588} INFO - Filling up the DagBag from /home/airflow/.local/lib/python3.12/site-packages/airflow/example_dags/example_subdag_operator.py
[2024-11-06T00:04:21.366+0000] {processor.py:925} INFO - DAG(s) 'example_subdag_operator.section-1', 'example_subdag_operator.section-2', 'example_subdag_operator' retrieved from /home/airflow/.local/lib/python3.12/site-packages/airflow/example_dags/example_subdag_operator.py
[2024-11-06T00:04:21.407+0000] {logging_mixin.py:190} INFO - [2024-11-06T00:04:21.406+0000] {dag.py:3239} INFO - Sync 3 DAGs
[2024-11-06T00:04:21.459+0000] {logging_mixin.py:190} INFO - [2024-11-06T00:04:21.458+0000] {dag.py:4180} INFO - Setting next_dagrun for example_subdag_operator to 2022-01-01 00:00:00+00:00, run_after=2022-01-01 00:00:00+00:00
[2024-11-06T00:04:21.471+0000] {logging_mixin.py:190} INFO - [2024-11-06T00:04:21.471+0000] {dag.py:4180} INFO - Setting next_dagrun for example_subdag_operator.section-1 to None, run_after=None
[2024-11-06T00:04:21.474+0000] {logging_mixin.py:190} INFO - [2024-11-06T00:04:21.474+0000] {dag.py:4180} INFO - Setting next_dagrun for example_subdag_operator.section-2 to None, run_after=None
[2024-11-06T00:04:21.490+0000] {logging_mixin.py:190} INFO - [2024-11-06T00:04:21.490+0000] {dag.py:3239} INFO - Sync 2 DAGs
[2024-11-06T00:04:21.501+0000] {logging_mixin.py:190} INFO - [2024-11-06T00:04:21.501+0000] {dag.py:4180} INFO - Setting next_dagrun for example_subdag_operator.section-1 to None, run_after=None
[2024-11-06T00:04:21.502+0000] {logging_mixin.py:190} INFO - [2024-11-06T00:04:21.502+0000] {dag.py:4180} INFO - Setting next_dagrun for example_subdag_operator.section-2 to None, run_after=None
[2024-11-06T00:04:21.520+0000] {processor.py:208} INFO - Processing /home/airflow/.local/lib/python3.12/site-packages/airflow/example_dags/example_subdag_operator.py took 0.216 seconds
[2024-11-06T00:04:53.069+0000] {processor.py:186} INFO - Started process (PID=3065) to work on /home/airflow/.local/lib/python3.12/site-packages/airflow/example_dags/example_subdag_operator.py
[2024-11-06T00:04:53.070+0000] {processor.py:914} INFO - Processing file /home/airflow/.local/lib/python3.12/site-packages/airflow/example_dags/example_subdag_operator.py for tasks to queue
[2024-11-06T00:04:53.074+0000] {logging_mixin.py:190} INFO - [2024-11-06T00:04:53.074+0000] {dagbag.py:588} INFO - Filling up the DagBag from /home/airflow/.local/lib/python3.12/site-packages/airflow/example_dags/example_subdag_operator.py
[2024-11-06T00:04:53.124+0000] {processor.py:925} INFO - DAG(s) 'example_subdag_operator.section-1', 'example_subdag_operator.section-2', 'example_subdag_operator' retrieved from /home/airflow/.local/lib/python3.12/site-packages/airflow/example_dags/example_subdag_operator.py
[2024-11-06T00:04:53.148+0000] {logging_mixin.py:190} INFO - [2024-11-06T00:04:53.148+0000] {dag.py:3239} INFO - Sync 3 DAGs
[2024-11-06T00:04:53.225+0000] {logging_mixin.py:190} INFO - [2024-11-06T00:04:53.224+0000] {dag.py:4180} INFO - Setting next_dagrun for example_subdag_operator to 2022-01-01 00:00:00+00:00, run_after=2022-01-01 00:00:00+00:00
[2024-11-06T00:04:53.235+0000] {logging_mixin.py:190} INFO - [2024-11-06T00:04:53.234+0000] {dag.py:4180} INFO - Setting next_dagrun for example_subdag_operator.section-1 to None, run_after=None
[2024-11-06T00:04:53.240+0000] {logging_mixin.py:190} INFO - [2024-11-06T00:04:53.240+0000] {dag.py:4180} INFO - Setting next_dagrun for example_subdag_operator.section-2 to None, run_after=None
[2024-11-06T00:04:53.255+0000] {logging_mixin.py:190} INFO - [2024-11-06T00:04:53.255+0000] {dag.py:3239} INFO - Sync 2 DAGs
[2024-11-06T00:04:53.265+0000] {logging_mixin.py:190} INFO - [2024-11-06T00:04:53.264+0000] {dag.py:4180} INFO - Setting next_dagrun for example_subdag_operator.section-1 to None, run_after=None
[2024-11-06T00:04:53.267+0000] {logging_mixin.py:190} INFO - [2024-11-06T00:04:53.266+0000] {dag.py:4180} INFO - Setting next_dagrun for example_subdag_operator.section-2 to None, run_after=None
[2024-11-06T00:04:53.288+0000] {processor.py:208} INFO - Processing /home/airflow/.local/lib/python3.12/site-packages/airflow/example_dags/example_subdag_operator.py took 0.229 seconds
[2024-11-06T00:05:23.467+0000] {processor.py:186} INFO - Started process (PID=3129) to work on /home/airflow/.local/lib/python3.12/site-packages/airflow/example_dags/example_subdag_operator.py
[2024-11-06T00:05:23.470+0000] {processor.py:914} INFO - Processing file /home/airflow/.local/lib/python3.12/site-packages/airflow/example_dags/example_subdag_operator.py for tasks to queue
[2024-11-06T00:05:23.473+0000] {logging_mixin.py:190} INFO - [2024-11-06T00:05:23.473+0000] {dagbag.py:588} INFO - Filling up the DagBag from /home/airflow/.local/lib/python3.12/site-packages/airflow/example_dags/example_subdag_operator.py
[2024-11-06T00:05:23.517+0000] {processor.py:925} INFO - DAG(s) 'example_subdag_operator.section-1', 'example_subdag_operator.section-2', 'example_subdag_operator' retrieved from /home/airflow/.local/lib/python3.12/site-packages/airflow/example_dags/example_subdag_operator.py
[2024-11-06T00:05:23.543+0000] {logging_mixin.py:190} INFO - [2024-11-06T00:05:23.543+0000] {dag.py:3239} INFO - Sync 3 DAGs
[2024-11-06T00:05:23.584+0000] {logging_mixin.py:190} INFO - [2024-11-06T00:05:23.583+0000] {dag.py:4180} INFO - Setting next_dagrun for example_subdag_operator to 2022-01-01 00:00:00+00:00, run_after=2022-01-01 00:00:00+00:00
[2024-11-06T00:05:23.591+0000] {logging_mixin.py:190} INFO - [2024-11-06T00:05:23.591+0000] {dag.py:4180} INFO - Setting next_dagrun for example_subdag_operator.section-1 to None, run_after=None
[2024-11-06T00:05:23.593+0000] {logging_mixin.py:190} INFO - [2024-11-06T00:05:23.593+0000] {dag.py:4180} INFO - Setting next_dagrun for example_subdag_operator.section-2 to None, run_after=None
[2024-11-06T00:05:23.609+0000] {logging_mixin.py:190} INFO - [2024-11-06T00:05:23.608+0000] {dag.py:3239} INFO - Sync 2 DAGs
[2024-11-06T00:05:23.619+0000] {logging_mixin.py:190} INFO - [2024-11-06T00:05:23.619+0000] {dag.py:4180} INFO - Setting next_dagrun for example_subdag_operator.section-1 to None, run_after=None
[2024-11-06T00:05:23.620+0000] {logging_mixin.py:190} INFO - [2024-11-06T00:05:23.620+0000] {dag.py:4180} INFO - Setting next_dagrun for example_subdag_operator.section-2 to None, run_after=None
[2024-11-06T00:05:23.639+0000] {processor.py:208} INFO - Processing /home/airflow/.local/lib/python3.12/site-packages/airflow/example_dags/example_subdag_operator.py took 0.183 seconds
[2024-11-06T00:05:55.817+0000] {processor.py:186} INFO - Started process (PID=3193) to work on /home/airflow/.local/lib/python3.12/site-packages/airflow/example_dags/example_subdag_operator.py
[2024-11-06T00:05:55.819+0000] {processor.py:914} INFO - Processing file /home/airflow/.local/lib/python3.12/site-packages/airflow/example_dags/example_subdag_operator.py for tasks to queue
[2024-11-06T00:05:55.823+0000] {logging_mixin.py:190} INFO - [2024-11-06T00:05:55.822+0000] {dagbag.py:588} INFO - Filling up the DagBag from /home/airflow/.local/lib/python3.12/site-packages/airflow/example_dags/example_subdag_operator.py
[2024-11-06T00:05:55.865+0000] {processor.py:925} INFO - DAG(s) 'example_subdag_operator.section-1', 'example_subdag_operator.section-2', 'example_subdag_operator' retrieved from /home/airflow/.local/lib/python3.12/site-packages/airflow/example_dags/example_subdag_operator.py
[2024-11-06T00:05:55.894+0000] {logging_mixin.py:190} INFO - [2024-11-06T00:05:55.893+0000] {dag.py:3239} INFO - Sync 3 DAGs
[2024-11-06T00:05:55.933+0000] {logging_mixin.py:190} INFO - [2024-11-06T00:05:55.933+0000] {dag.py:4180} INFO - Setting next_dagrun for example_subdag_operator to 2022-01-01 00:00:00+00:00, run_after=2022-01-01 00:00:00+00:00
[2024-11-06T00:05:55.940+0000] {logging_mixin.py:190} INFO - [2024-11-06T00:05:55.940+0000] {dag.py:4180} INFO - Setting next_dagrun for example_subdag_operator.section-1 to None, run_after=None
[2024-11-06T00:05:55.943+0000] {logging_mixin.py:190} INFO - [2024-11-06T00:05:55.943+0000] {dag.py:4180} INFO - Setting next_dagrun for example_subdag_operator.section-2 to None, run_after=None
[2024-11-06T00:05:55.954+0000] {logging_mixin.py:190} INFO - [2024-11-06T00:05:55.954+0000] {dag.py:3239} INFO - Sync 2 DAGs
[2024-11-06T00:05:55.963+0000] {logging_mixin.py:190} INFO - [2024-11-06T00:05:55.963+0000] {dag.py:4180} INFO - Setting next_dagrun for example_subdag_operator.section-1 to None, run_after=None
[2024-11-06T00:05:55.964+0000] {logging_mixin.py:190} INFO - [2024-11-06T00:05:55.964+0000] {dag.py:4180} INFO - Setting next_dagrun for example_subdag_operator.section-2 to None, run_after=None
[2024-11-06T00:05:55.981+0000] {processor.py:208} INFO - Processing /home/airflow/.local/lib/python3.12/site-packages/airflow/example_dags/example_subdag_operator.py took 0.174 seconds
[2024-11-06T00:06:27.311+0000] {processor.py:186} INFO - Started process (PID=3257) to work on /home/airflow/.local/lib/python3.12/site-packages/airflow/example_dags/example_subdag_operator.py
[2024-11-06T00:06:27.314+0000] {processor.py:914} INFO - Processing file /home/airflow/.local/lib/python3.12/site-packages/airflow/example_dags/example_subdag_operator.py for tasks to queue
[2024-11-06T00:06:27.321+0000] {logging_mixin.py:190} INFO - [2024-11-06T00:06:27.320+0000] {dagbag.py:588} INFO - Filling up the DagBag from /home/airflow/.local/lib/python3.12/site-packages/airflow/example_dags/example_subdag_operator.py
[2024-11-06T00:06:27.365+0000] {processor.py:925} INFO - DAG(s) 'example_subdag_operator.section-1', 'example_subdag_operator.section-2', 'example_subdag_operator' retrieved from /home/airflow/.local/lib/python3.12/site-packages/airflow/example_dags/example_subdag_operator.py
[2024-11-06T00:06:27.395+0000] {logging_mixin.py:190} INFO - [2024-11-06T00:06:27.395+0000] {dag.py:3239} INFO - Sync 3 DAGs
[2024-11-06T00:06:27.436+0000] {logging_mixin.py:190} INFO - [2024-11-06T00:06:27.435+0000] {dag.py:4180} INFO - Setting next_dagrun for example_subdag_operator to 2022-01-01 00:00:00+00:00, run_after=2022-01-01 00:00:00+00:00
[2024-11-06T00:06:27.443+0000] {logging_mixin.py:190} INFO - [2024-11-06T00:06:27.443+0000] {dag.py:4180} INFO - Setting next_dagrun for example_subdag_operator.section-1 to None, run_after=None
[2024-11-06T00:06:27.448+0000] {logging_mixin.py:190} INFO - [2024-11-06T00:06:27.447+0000] {dag.py:4180} INFO - Setting next_dagrun for example_subdag_operator.section-2 to None, run_after=None
[2024-11-06T00:06:27.462+0000] {logging_mixin.py:190} INFO - [2024-11-06T00:06:27.461+0000] {dag.py:3239} INFO - Sync 2 DAGs
[2024-11-06T00:06:27.472+0000] {logging_mixin.py:190} INFO - [2024-11-06T00:06:27.472+0000] {dag.py:4180} INFO - Setting next_dagrun for example_subdag_operator.section-1 to None, run_after=None
[2024-11-06T00:06:27.473+0000] {logging_mixin.py:190} INFO - [2024-11-06T00:06:27.473+0000] {dag.py:4180} INFO - Setting next_dagrun for example_subdag_operator.section-2 to None, run_after=None
[2024-11-06T00:06:27.492+0000] {processor.py:208} INFO - Processing /home/airflow/.local/lib/python3.12/site-packages/airflow/example_dags/example_subdag_operator.py took 0.192 seconds
[2024-11-06T00:06:58.999+0000] {processor.py:186} INFO - Started process (PID=3322) to work on /home/airflow/.local/lib/python3.12/site-packages/airflow/example_dags/example_subdag_operator.py
[2024-11-06T00:06:59.002+0000] {processor.py:914} INFO - Processing file /home/airflow/.local/lib/python3.12/site-packages/airflow/example_dags/example_subdag_operator.py for tasks to queue
[2024-11-06T00:06:59.007+0000] {logging_mixin.py:190} INFO - [2024-11-06T00:06:59.006+0000] {dagbag.py:588} INFO - Filling up the DagBag from /home/airflow/.local/lib/python3.12/site-packages/airflow/example_dags/example_subdag_operator.py
[2024-11-06T00:06:59.056+0000] {processor.py:925} INFO - DAG(s) 'example_subdag_operator.section-1', 'example_subdag_operator.section-2', 'example_subdag_operator' retrieved from /home/airflow/.local/lib/python3.12/site-packages/airflow/example_dags/example_subdag_operator.py
[2024-11-06T00:06:59.084+0000] {logging_mixin.py:190} INFO - [2024-11-06T00:06:59.083+0000] {dag.py:3239} INFO - Sync 3 DAGs
[2024-11-06T00:06:59.123+0000] {logging_mixin.py:190} INFO - [2024-11-06T00:06:59.122+0000] {dag.py:4180} INFO - Setting next_dagrun for example_subdag_operator to 2022-01-01 00:00:00+00:00, run_after=2022-01-01 00:00:00+00:00
[2024-11-06T00:06:59.130+0000] {logging_mixin.py:190} INFO - [2024-11-06T00:06:59.130+0000] {dag.py:4180} INFO - Setting next_dagrun for example_subdag_operator.section-1 to None, run_after=None
[2024-11-06T00:06:59.133+0000] {logging_mixin.py:190} INFO - [2024-11-06T00:06:59.132+0000] {dag.py:4180} INFO - Setting next_dagrun for example_subdag_operator.section-2 to None, run_after=None
[2024-11-06T00:06:59.145+0000] {logging_mixin.py:190} INFO - [2024-11-06T00:06:59.145+0000] {dag.py:3239} INFO - Sync 2 DAGs
[2024-11-06T00:06:59.155+0000] {logging_mixin.py:190} INFO - [2024-11-06T00:06:59.154+0000] {dag.py:4180} INFO - Setting next_dagrun for example_subdag_operator.section-1 to None, run_after=None
[2024-11-06T00:06:59.156+0000] {logging_mixin.py:190} INFO - [2024-11-06T00:06:59.155+0000] {dag.py:4180} INFO - Setting next_dagrun for example_subdag_operator.section-2 to None, run_after=None
[2024-11-06T00:06:59.178+0000] {processor.py:208} INFO - Processing /home/airflow/.local/lib/python3.12/site-packages/airflow/example_dags/example_subdag_operator.py took 0.192 seconds
[2024-11-06T00:07:29.692+0000] {processor.py:186} INFO - Started process (PID=3386) to work on /home/airflow/.local/lib/python3.12/site-packages/airflow/example_dags/example_subdag_operator.py
[2024-11-06T00:07:29.694+0000] {processor.py:914} INFO - Processing file /home/airflow/.local/lib/python3.12/site-packages/airflow/example_dags/example_subdag_operator.py for tasks to queue
[2024-11-06T00:07:29.699+0000] {logging_mixin.py:190} INFO - [2024-11-06T00:07:29.699+0000] {dagbag.py:588} INFO - Filling up the DagBag from /home/airflow/.local/lib/python3.12/site-packages/airflow/example_dags/example_subdag_operator.py
[2024-11-06T00:07:29.748+0000] {processor.py:925} INFO - DAG(s) 'example_subdag_operator.section-1', 'example_subdag_operator.section-2', 'example_subdag_operator' retrieved from /home/airflow/.local/lib/python3.12/site-packages/airflow/example_dags/example_subdag_operator.py
[2024-11-06T00:07:29.778+0000] {logging_mixin.py:190} INFO - [2024-11-06T00:07:29.778+0000] {dag.py:3239} INFO - Sync 3 DAGs
[2024-11-06T00:07:29.824+0000] {logging_mixin.py:190} INFO - [2024-11-06T00:07:29.824+0000] {dag.py:4180} INFO - Setting next_dagrun for example_subdag_operator to 2022-01-01 00:00:00+00:00, run_after=2022-01-01 00:00:00+00:00
[2024-11-06T00:07:29.833+0000] {logging_mixin.py:190} INFO - [2024-11-06T00:07:29.833+0000] {dag.py:4180} INFO - Setting next_dagrun for example_subdag_operator.section-1 to None, run_after=None
[2024-11-06T00:07:29.836+0000] {logging_mixin.py:190} INFO - [2024-11-06T00:07:29.836+0000] {dag.py:4180} INFO - Setting next_dagrun for example_subdag_operator.section-2 to None, run_after=None
[2024-11-06T00:07:29.850+0000] {logging_mixin.py:190} INFO - [2024-11-06T00:07:29.850+0000] {dag.py:3239} INFO - Sync 2 DAGs
[2024-11-06T00:07:29.861+0000] {logging_mixin.py:190} INFO - [2024-11-06T00:07:29.861+0000] {dag.py:4180} INFO - Setting next_dagrun for example_subdag_operator.section-1 to None, run_after=None
[2024-11-06T00:07:29.863+0000] {logging_mixin.py:190} INFO - [2024-11-06T00:07:29.862+0000] {dag.py:4180} INFO - Setting next_dagrun for example_subdag_operator.section-2 to None, run_after=None
[2024-11-06T00:07:29.887+0000] {processor.py:208} INFO - Processing /home/airflow/.local/lib/python3.12/site-packages/airflow/example_dags/example_subdag_operator.py took 0.206 seconds
[2024-11-06T00:08:00.860+0000] {processor.py:186} INFO - Started process (PID=3451) to work on /home/airflow/.local/lib/python3.12/site-packages/airflow/example_dags/example_subdag_operator.py
[2024-11-06T00:08:00.862+0000] {processor.py:914} INFO - Processing file /home/airflow/.local/lib/python3.12/site-packages/airflow/example_dags/example_subdag_operator.py for tasks to queue
[2024-11-06T00:08:00.866+0000] {logging_mixin.py:190} INFO - [2024-11-06T00:08:00.865+0000] {dagbag.py:588} INFO - Filling up the DagBag from /home/airflow/.local/lib/python3.12/site-packages/airflow/example_dags/example_subdag_operator.py
[2024-11-06T00:08:00.911+0000] {processor.py:925} INFO - DAG(s) 'example_subdag_operator.section-1', 'example_subdag_operator.section-2', 'example_subdag_operator' retrieved from /home/airflow/.local/lib/python3.12/site-packages/airflow/example_dags/example_subdag_operator.py
[2024-11-06T00:08:00.937+0000] {logging_mixin.py:190} INFO - [2024-11-06T00:08:00.937+0000] {dag.py:3239} INFO - Sync 3 DAGs
[2024-11-06T00:08:00.975+0000] {logging_mixin.py:190} INFO - [2024-11-06T00:08:00.975+0000] {dag.py:4180} INFO - Setting next_dagrun for example_subdag_operator to 2022-01-01 00:00:00+00:00, run_after=2022-01-01 00:00:00+00:00
[2024-11-06T00:08:00.982+0000] {logging_mixin.py:190} INFO - [2024-11-06T00:08:00.982+0000] {dag.py:4180} INFO - Setting next_dagrun for example_subdag_operator.section-1 to None, run_after=None
[2024-11-06T00:08:00.985+0000] {logging_mixin.py:190} INFO - [2024-11-06T00:08:00.985+0000] {dag.py:4180} INFO - Setting next_dagrun for example_subdag_operator.section-2 to None, run_after=None
[2024-11-06T00:08:00.997+0000] {logging_mixin.py:190} INFO - [2024-11-06T00:08:00.997+0000] {dag.py:3239} INFO - Sync 2 DAGs
[2024-11-06T00:08:01.008+0000] {logging_mixin.py:190} INFO - [2024-11-06T00:08:01.008+0000] {dag.py:4180} INFO - Setting next_dagrun for example_subdag_operator.section-1 to None, run_after=None
[2024-11-06T00:08:01.009+0000] {logging_mixin.py:190} INFO - [2024-11-06T00:08:01.009+0000] {dag.py:4180} INFO - Setting next_dagrun for example_subdag_operator.section-2 to None, run_after=None
[2024-11-06T00:08:01.029+0000] {processor.py:208} INFO - Processing /home/airflow/.local/lib/python3.12/site-packages/airflow/example_dags/example_subdag_operator.py took 0.177 seconds
[2024-11-06T00:08:31.435+0000] {processor.py:186} INFO - Started process (PID=3515) to work on /home/airflow/.local/lib/python3.12/site-packages/airflow/example_dags/example_subdag_operator.py
[2024-11-06T00:08:31.436+0000] {processor.py:914} INFO - Processing file /home/airflow/.local/lib/python3.12/site-packages/airflow/example_dags/example_subdag_operator.py for tasks to queue
[2024-11-06T00:08:31.441+0000] {logging_mixin.py:190} INFO - [2024-11-06T00:08:31.440+0000] {dagbag.py:588} INFO - Filling up the DagBag from /home/airflow/.local/lib/python3.12/site-packages/airflow/example_dags/example_subdag_operator.py
[2024-11-06T00:08:31.484+0000] {processor.py:925} INFO - DAG(s) 'example_subdag_operator.section-1', 'example_subdag_operator.section-2', 'example_subdag_operator' retrieved from /home/airflow/.local/lib/python3.12/site-packages/airflow/example_dags/example_subdag_operator.py
[2024-11-06T00:08:31.510+0000] {logging_mixin.py:190} INFO - [2024-11-06T00:08:31.509+0000] {dag.py:3239} INFO - Sync 3 DAGs
[2024-11-06T00:08:31.544+0000] {logging_mixin.py:190} INFO - [2024-11-06T00:08:31.544+0000] {dag.py:4180} INFO - Setting next_dagrun for example_subdag_operator to 2022-01-01 00:00:00+00:00, run_after=2022-01-01 00:00:00+00:00
[2024-11-06T00:08:31.552+0000] {logging_mixin.py:190} INFO - [2024-11-06T00:08:31.552+0000] {dag.py:4180} INFO - Setting next_dagrun for example_subdag_operator.section-1 to None, run_after=None
[2024-11-06T00:08:31.557+0000] {logging_mixin.py:190} INFO - [2024-11-06T00:08:31.556+0000] {dag.py:4180} INFO - Setting next_dagrun for example_subdag_operator.section-2 to None, run_after=None
[2024-11-06T00:08:31.569+0000] {logging_mixin.py:190} INFO - [2024-11-06T00:08:31.569+0000] {dag.py:3239} INFO - Sync 2 DAGs
[2024-11-06T00:08:31.858+0000] {logging_mixin.py:190} INFO - [2024-11-06T00:08:31.857+0000] {dag.py:4180} INFO - Setting next_dagrun for example_subdag_operator.section-1 to None, run_after=None
[2024-11-06T00:08:31.860+0000] {logging_mixin.py:190} INFO - [2024-11-06T00:08:31.859+0000] {dag.py:4180} INFO - Setting next_dagrun for example_subdag_operator.section-2 to None, run_after=None
[2024-11-06T00:08:31.881+0000] {processor.py:208} INFO - Processing /home/airflow/.local/lib/python3.12/site-packages/airflow/example_dags/example_subdag_operator.py took 0.459 seconds
[2024-11-06T00:09:02.749+0000] {processor.py:186} INFO - Started process (PID=3580) to work on /home/airflow/.local/lib/python3.12/site-packages/airflow/example_dags/example_subdag_operator.py
[2024-11-06T00:09:02.751+0000] {processor.py:914} INFO - Processing file /home/airflow/.local/lib/python3.12/site-packages/airflow/example_dags/example_subdag_operator.py for tasks to queue
[2024-11-06T00:09:02.757+0000] {logging_mixin.py:190} INFO - [2024-11-06T00:09:02.756+0000] {dagbag.py:588} INFO - Filling up the DagBag from /home/airflow/.local/lib/python3.12/site-packages/airflow/example_dags/example_subdag_operator.py
[2024-11-06T00:09:02.815+0000] {processor.py:925} INFO - DAG(s) 'example_subdag_operator.section-1', 'example_subdag_operator.section-2', 'example_subdag_operator' retrieved from /home/airflow/.local/lib/python3.12/site-packages/airflow/example_dags/example_subdag_operator.py
[2024-11-06T00:09:02.851+0000] {logging_mixin.py:190} INFO - [2024-11-06T00:09:02.851+0000] {dag.py:3239} INFO - Sync 3 DAGs
[2024-11-06T00:09:02.892+0000] {logging_mixin.py:190} INFO - [2024-11-06T00:09:02.891+0000] {dag.py:4180} INFO - Setting next_dagrun for example_subdag_operator to 2022-01-01 00:00:00+00:00, run_after=2022-01-01 00:00:00+00:00
[2024-11-06T00:09:02.899+0000] {logging_mixin.py:190} INFO - [2024-11-06T00:09:02.898+0000] {dag.py:4180} INFO - Setting next_dagrun for example_subdag_operator.section-1 to None, run_after=None
[2024-11-06T00:09:02.901+0000] {logging_mixin.py:190} INFO - [2024-11-06T00:09:02.901+0000] {dag.py:4180} INFO - Setting next_dagrun for example_subdag_operator.section-2 to None, run_after=None
[2024-11-06T00:09:02.910+0000] {logging_mixin.py:190} INFO - [2024-11-06T00:09:02.910+0000] {dag.py:3239} INFO - Sync 2 DAGs
[2024-11-06T00:09:02.919+0000] {logging_mixin.py:190} INFO - [2024-11-06T00:09:02.919+0000] {dag.py:4180} INFO - Setting next_dagrun for example_subdag_operator.section-1 to None, run_after=None
[2024-11-06T00:09:02.920+0000] {logging_mixin.py:190} INFO - [2024-11-06T00:09:02.920+0000] {dag.py:4180} INFO - Setting next_dagrun for example_subdag_operator.section-2 to None, run_after=None
[2024-11-06T00:09:02.954+0000] {processor.py:208} INFO - Processing /home/airflow/.local/lib/python3.12/site-packages/airflow/example_dags/example_subdag_operator.py took 0.222 seconds
[2024-11-06T00:09:34.788+0000] {processor.py:186} INFO - Started process (PID=3646) to work on /home/airflow/.local/lib/python3.12/site-packages/airflow/example_dags/example_subdag_operator.py
[2024-11-06T00:09:34.789+0000] {processor.py:914} INFO - Processing file /home/airflow/.local/lib/python3.12/site-packages/airflow/example_dags/example_subdag_operator.py for tasks to queue
[2024-11-06T00:09:34.793+0000] {logging_mixin.py:190} INFO - [2024-11-06T00:09:34.793+0000] {dagbag.py:588} INFO - Filling up the DagBag from /home/airflow/.local/lib/python3.12/site-packages/airflow/example_dags/example_subdag_operator.py
[2024-11-06T00:09:34.841+0000] {processor.py:925} INFO - DAG(s) 'example_subdag_operator.section-1', 'example_subdag_operator.section-2', 'example_subdag_operator' retrieved from /home/airflow/.local/lib/python3.12/site-packages/airflow/example_dags/example_subdag_operator.py
[2024-11-06T00:09:34.867+0000] {logging_mixin.py:190} INFO - [2024-11-06T00:09:34.867+0000] {dag.py:3239} INFO - Sync 3 DAGs
[2024-11-06T00:09:34.905+0000] {logging_mixin.py:190} INFO - [2024-11-06T00:09:34.905+0000] {dag.py:4180} INFO - Setting next_dagrun for example_subdag_operator to 2022-01-01 00:00:00+00:00, run_after=2022-01-01 00:00:00+00:00
[2024-11-06T00:09:34.911+0000] {logging_mixin.py:190} INFO - [2024-11-06T00:09:34.910+0000] {dag.py:4180} INFO - Setting next_dagrun for example_subdag_operator.section-1 to None, run_after=None
[2024-11-06T00:09:34.913+0000] {logging_mixin.py:190} INFO - [2024-11-06T00:09:34.913+0000] {dag.py:4180} INFO - Setting next_dagrun for example_subdag_operator.section-2 to None, run_after=None
[2024-11-06T00:09:34.927+0000] {logging_mixin.py:190} INFO - [2024-11-06T00:09:34.927+0000] {dag.py:3239} INFO - Sync 2 DAGs
[2024-11-06T00:09:34.937+0000] {logging_mixin.py:190} INFO - [2024-11-06T00:09:34.937+0000] {dag.py:4180} INFO - Setting next_dagrun for example_subdag_operator.section-1 to None, run_after=None
[2024-11-06T00:09:34.938+0000] {logging_mixin.py:190} INFO - [2024-11-06T00:09:34.938+0000] {dag.py:4180} INFO - Setting next_dagrun for example_subdag_operator.section-2 to None, run_after=None
[2024-11-06T00:09:34.958+0000] {processor.py:208} INFO - Processing /home/airflow/.local/lib/python3.12/site-packages/airflow/example_dags/example_subdag_operator.py took 0.182 seconds
[2024-11-06T00:10:07.672+0000] {processor.py:186} INFO - Started process (PID=3710) to work on /home/airflow/.local/lib/python3.12/site-packages/airflow/example_dags/example_subdag_operator.py
[2024-11-06T00:10:07.674+0000] {processor.py:914} INFO - Processing file /home/airflow/.local/lib/python3.12/site-packages/airflow/example_dags/example_subdag_operator.py for tasks to queue
[2024-11-06T00:10:07.677+0000] {logging_mixin.py:190} INFO - [2024-11-06T00:10:07.677+0000] {dagbag.py:588} INFO - Filling up the DagBag from /home/airflow/.local/lib/python3.12/site-packages/airflow/example_dags/example_subdag_operator.py
[2024-11-06T00:10:07.719+0000] {processor.py:925} INFO - DAG(s) 'example_subdag_operator.section-1', 'example_subdag_operator.section-2', 'example_subdag_operator' retrieved from /home/airflow/.local/lib/python3.12/site-packages/airflow/example_dags/example_subdag_operator.py
[2024-11-06T00:10:07.742+0000] {logging_mixin.py:190} INFO - [2024-11-06T00:10:07.742+0000] {dag.py:3239} INFO - Sync 3 DAGs
[2024-11-06T00:10:07.797+0000] {logging_mixin.py:190} INFO - [2024-11-06T00:10:07.796+0000] {dag.py:4180} INFO - Setting next_dagrun for example_subdag_operator to 2022-01-01 00:00:00+00:00, run_after=2022-01-01 00:00:00+00:00
[2024-11-06T00:10:07.807+0000] {logging_mixin.py:190} INFO - [2024-11-06T00:10:07.806+0000] {dag.py:4180} INFO - Setting next_dagrun for example_subdag_operator.section-1 to None, run_after=None
[2024-11-06T00:10:07.811+0000] {logging_mixin.py:190} INFO - [2024-11-06T00:10:07.810+0000] {dag.py:4180} INFO - Setting next_dagrun for example_subdag_operator.section-2 to None, run_after=None
[2024-11-06T00:10:07.822+0000] {logging_mixin.py:190} INFO - [2024-11-06T00:10:07.822+0000] {dag.py:3239} INFO - Sync 2 DAGs
[2024-11-06T00:10:07.832+0000] {logging_mixin.py:190} INFO - [2024-11-06T00:10:07.832+0000] {dag.py:4180} INFO - Setting next_dagrun for example_subdag_operator.section-1 to None, run_after=None
[2024-11-06T00:10:07.833+0000] {logging_mixin.py:190} INFO - [2024-11-06T00:10:07.833+0000] {dag.py:4180} INFO - Setting next_dagrun for example_subdag_operator.section-2 to None, run_after=None
[2024-11-06T00:10:07.857+0000] {processor.py:208} INFO - Processing /home/airflow/.local/lib/python3.12/site-packages/airflow/example_dags/example_subdag_operator.py took 0.196 seconds
[2024-11-06T00:10:39.033+0000] {processor.py:186} INFO - Started process (PID=3775) to work on /home/airflow/.local/lib/python3.12/site-packages/airflow/example_dags/example_subdag_operator.py
[2024-11-06T00:10:39.035+0000] {processor.py:914} INFO - Processing file /home/airflow/.local/lib/python3.12/site-packages/airflow/example_dags/example_subdag_operator.py for tasks to queue
[2024-11-06T00:10:39.040+0000] {logging_mixin.py:190} INFO - [2024-11-06T00:10:39.039+0000] {dagbag.py:588} INFO - Filling up the DagBag from /home/airflow/.local/lib/python3.12/site-packages/airflow/example_dags/example_subdag_operator.py
[2024-11-06T00:10:39.110+0000] {processor.py:925} INFO - DAG(s) 'example_subdag_operator.section-1', 'example_subdag_operator.section-2', 'example_subdag_operator' retrieved from /home/airflow/.local/lib/python3.12/site-packages/airflow/example_dags/example_subdag_operator.py
[2024-11-06T00:10:39.146+0000] {logging_mixin.py:190} INFO - [2024-11-06T00:10:39.145+0000] {dag.py:3239} INFO - Sync 3 DAGs
[2024-11-06T00:10:39.529+0000] {logging_mixin.py:190} INFO - [2024-11-06T00:10:39.528+0000] {dag.py:4180} INFO - Setting next_dagrun for example_subdag_operator to 2022-01-01 00:00:00+00:00, run_after=2022-01-01 00:00:00+00:00
[2024-11-06T00:10:39.540+0000] {logging_mixin.py:190} INFO - [2024-11-06T00:10:39.539+0000] {dag.py:4180} INFO - Setting next_dagrun for example_subdag_operator.section-1 to None, run_after=None
[2024-11-06T00:10:39.543+0000] {logging_mixin.py:190} INFO - [2024-11-06T00:10:39.543+0000] {dag.py:4180} INFO - Setting next_dagrun for example_subdag_operator.section-2 to None, run_after=None
[2024-11-06T00:10:39.556+0000] {logging_mixin.py:190} INFO - [2024-11-06T00:10:39.556+0000] {dag.py:3239} INFO - Sync 2 DAGs
[2024-11-06T00:10:39.565+0000] {logging_mixin.py:190} INFO - [2024-11-06T00:10:39.565+0000] {dag.py:4180} INFO - Setting next_dagrun for example_subdag_operator.section-1 to None, run_after=None
[2024-11-06T00:10:39.567+0000] {logging_mixin.py:190} INFO - [2024-11-06T00:10:39.566+0000] {dag.py:4180} INFO - Setting next_dagrun for example_subdag_operator.section-2 to None, run_after=None
[2024-11-06T00:10:39.585+0000] {processor.py:208} INFO - Processing /home/airflow/.local/lib/python3.12/site-packages/airflow/example_dags/example_subdag_operator.py took 0.563 seconds
[2024-11-06T00:11:10.418+0000] {processor.py:186} INFO - Started process (PID=3839) to work on /home/airflow/.local/lib/python3.12/site-packages/airflow/example_dags/example_subdag_operator.py
[2024-11-06T00:11:10.420+0000] {processor.py:914} INFO - Processing file /home/airflow/.local/lib/python3.12/site-packages/airflow/example_dags/example_subdag_operator.py for tasks to queue
[2024-11-06T00:11:10.423+0000] {logging_mixin.py:190} INFO - [2024-11-06T00:11:10.423+0000] {dagbag.py:588} INFO - Filling up the DagBag from /home/airflow/.local/lib/python3.12/site-packages/airflow/example_dags/example_subdag_operator.py
[2024-11-06T00:11:10.474+0000] {processor.py:925} INFO - DAG(s) 'example_subdag_operator.section-1', 'example_subdag_operator.section-2', 'example_subdag_operator' retrieved from /home/airflow/.local/lib/python3.12/site-packages/airflow/example_dags/example_subdag_operator.py
[2024-11-06T00:11:10.535+0000] {logging_mixin.py:190} INFO - [2024-11-06T00:11:10.535+0000] {dag.py:3239} INFO - Sync 3 DAGs
[2024-11-06T00:11:10.623+0000] {logging_mixin.py:190} INFO - [2024-11-06T00:11:10.622+0000] {dag.py:4180} INFO - Setting next_dagrun for example_subdag_operator to 2022-01-01 00:00:00+00:00, run_after=2022-01-01 00:00:00+00:00
[2024-11-06T00:11:10.642+0000] {logging_mixin.py:190} INFO - [2024-11-06T00:11:10.641+0000] {dag.py:4180} INFO - Setting next_dagrun for example_subdag_operator.section-1 to None, run_after=None
[2024-11-06T00:11:10.644+0000] {logging_mixin.py:190} INFO - [2024-11-06T00:11:10.644+0000] {dag.py:4180} INFO - Setting next_dagrun for example_subdag_operator.section-2 to None, run_after=None
[2024-11-06T00:11:10.678+0000] {logging_mixin.py:190} INFO - [2024-11-06T00:11:10.678+0000] {dag.py:3239} INFO - Sync 2 DAGs
[2024-11-06T00:11:10.695+0000] {logging_mixin.py:190} INFO - [2024-11-06T00:11:10.689+0000] {dag.py:4180} INFO - Setting next_dagrun for example_subdag_operator.section-1 to None, run_after=None
[2024-11-06T00:11:10.696+0000] {logging_mixin.py:190} INFO - [2024-11-06T00:11:10.696+0000] {dag.py:4180} INFO - Setting next_dagrun for example_subdag_operator.section-2 to None, run_after=None
[2024-11-06T00:11:10.733+0000] {processor.py:208} INFO - Processing /home/airflow/.local/lib/python3.12/site-packages/airflow/example_dags/example_subdag_operator.py took 0.326 seconds
[2024-11-06T00:11:41.192+0000] {processor.py:186} INFO - Started process (PID=3903) to work on /home/airflow/.local/lib/python3.12/site-packages/airflow/example_dags/example_subdag_operator.py
[2024-11-06T00:11:41.196+0000] {processor.py:914} INFO - Processing file /home/airflow/.local/lib/python3.12/site-packages/airflow/example_dags/example_subdag_operator.py for tasks to queue
[2024-11-06T00:11:41.203+0000] {logging_mixin.py:190} INFO - [2024-11-06T00:11:41.202+0000] {dagbag.py:588} INFO - Filling up the DagBag from /home/airflow/.local/lib/python3.12/site-packages/airflow/example_dags/example_subdag_operator.py
[2024-11-06T00:11:41.277+0000] {processor.py:925} INFO - DAG(s) 'example_subdag_operator.section-1', 'example_subdag_operator.section-2', 'example_subdag_operator' retrieved from /home/airflow/.local/lib/python3.12/site-packages/airflow/example_dags/example_subdag_operator.py
[2024-11-06T00:11:41.319+0000] {logging_mixin.py:190} INFO - [2024-11-06T00:11:41.319+0000] {dag.py:3239} INFO - Sync 3 DAGs
[2024-11-06T00:11:41.358+0000] {logging_mixin.py:190} INFO - [2024-11-06T00:11:41.357+0000] {dag.py:4180} INFO - Setting next_dagrun for example_subdag_operator to 2022-01-01 00:00:00+00:00, run_after=2022-01-01 00:00:00+00:00
[2024-11-06T00:11:41.365+0000] {logging_mixin.py:190} INFO - [2024-11-06T00:11:41.365+0000] {dag.py:4180} INFO - Setting next_dagrun for example_subdag_operator.section-1 to None, run_after=None
[2024-11-06T00:11:41.369+0000] {logging_mixin.py:190} INFO - [2024-11-06T00:11:41.369+0000] {dag.py:4180} INFO - Setting next_dagrun for example_subdag_operator.section-2 to None, run_after=None
[2024-11-06T00:11:41.384+0000] {logging_mixin.py:190} INFO - [2024-11-06T00:11:41.384+0000] {dag.py:3239} INFO - Sync 2 DAGs
[2024-11-06T00:11:41.395+0000] {logging_mixin.py:190} INFO - [2024-11-06T00:11:41.395+0000] {dag.py:4180} INFO - Setting next_dagrun for example_subdag_operator.section-1 to None, run_after=None
[2024-11-06T00:11:41.397+0000] {logging_mixin.py:190} INFO - [2024-11-06T00:11:41.396+0000] {dag.py:4180} INFO - Setting next_dagrun for example_subdag_operator.section-2 to None, run_after=None
[2024-11-06T00:11:41.417+0000] {processor.py:208} INFO - Processing /home/airflow/.local/lib/python3.12/site-packages/airflow/example_dags/example_subdag_operator.py took 0.243 seconds
[2024-11-06T00:12:11.579+0000] {processor.py:186} INFO - Started process (PID=3967) to work on /home/airflow/.local/lib/python3.12/site-packages/airflow/example_dags/example_subdag_operator.py
[2024-11-06T00:12:11.581+0000] {processor.py:914} INFO - Processing file /home/airflow/.local/lib/python3.12/site-packages/airflow/example_dags/example_subdag_operator.py for tasks to queue
[2024-11-06T00:12:11.586+0000] {logging_mixin.py:190} INFO - [2024-11-06T00:12:11.585+0000] {dagbag.py:588} INFO - Filling up the DagBag from /home/airflow/.local/lib/python3.12/site-packages/airflow/example_dags/example_subdag_operator.py
[2024-11-06T00:12:11.632+0000] {processor.py:925} INFO - DAG(s) 'example_subdag_operator.section-1', 'example_subdag_operator.section-2', 'example_subdag_operator' retrieved from /home/airflow/.local/lib/python3.12/site-packages/airflow/example_dags/example_subdag_operator.py
[2024-11-06T00:12:11.657+0000] {logging_mixin.py:190} INFO - [2024-11-06T00:12:11.657+0000] {dag.py:3239} INFO - Sync 3 DAGs
[2024-11-06T00:12:11.695+0000] {logging_mixin.py:190} INFO - [2024-11-06T00:12:11.694+0000] {dag.py:4180} INFO - Setting next_dagrun for example_subdag_operator to 2022-01-01 00:00:00+00:00, run_after=2022-01-01 00:00:00+00:00
[2024-11-06T00:12:11.702+0000] {logging_mixin.py:190} INFO - [2024-11-06T00:12:11.701+0000] {dag.py:4180} INFO - Setting next_dagrun for example_subdag_operator.section-1 to None, run_after=None
[2024-11-06T00:12:11.704+0000] {logging_mixin.py:190} INFO - [2024-11-06T00:12:11.703+0000] {dag.py:4180} INFO - Setting next_dagrun for example_subdag_operator.section-2 to None, run_after=None
[2024-11-06T00:12:11.714+0000] {logging_mixin.py:190} INFO - [2024-11-06T00:12:11.714+0000] {dag.py:3239} INFO - Sync 2 DAGs
[2024-11-06T00:12:11.726+0000] {logging_mixin.py:190} INFO - [2024-11-06T00:12:11.725+0000] {dag.py:4180} INFO - Setting next_dagrun for example_subdag_operator.section-1 to None, run_after=None
[2024-11-06T00:12:11.727+0000] {logging_mixin.py:190} INFO - [2024-11-06T00:12:11.727+0000] {dag.py:4180} INFO - Setting next_dagrun for example_subdag_operator.section-2 to None, run_after=None
[2024-11-06T00:12:11.749+0000] {processor.py:208} INFO - Processing /home/airflow/.local/lib/python3.12/site-packages/airflow/example_dags/example_subdag_operator.py took 0.180 seconds
[2024-11-06T00:12:42.497+0000] {processor.py:186} INFO - Started process (PID=4031) to work on /home/airflow/.local/lib/python3.12/site-packages/airflow/example_dags/example_subdag_operator.py
[2024-11-06T00:12:42.500+0000] {processor.py:914} INFO - Processing file /home/airflow/.local/lib/python3.12/site-packages/airflow/example_dags/example_subdag_operator.py for tasks to queue
[2024-11-06T00:12:42.506+0000] {logging_mixin.py:190} INFO - [2024-11-06T00:12:42.505+0000] {dagbag.py:588} INFO - Filling up the DagBag from /home/airflow/.local/lib/python3.12/site-packages/airflow/example_dags/example_subdag_operator.py
[2024-11-06T00:12:42.565+0000] {processor.py:925} INFO - DAG(s) 'example_subdag_operator.section-1', 'example_subdag_operator.section-2', 'example_subdag_operator' retrieved from /home/airflow/.local/lib/python3.12/site-packages/airflow/example_dags/example_subdag_operator.py
[2024-11-06T00:12:42.600+0000] {logging_mixin.py:190} INFO - [2024-11-06T00:12:42.600+0000] {dag.py:3239} INFO - Sync 3 DAGs
[2024-11-06T00:12:42.640+0000] {logging_mixin.py:190} INFO - [2024-11-06T00:12:42.640+0000] {dag.py:4180} INFO - Setting next_dagrun for example_subdag_operator to 2022-01-01 00:00:00+00:00, run_after=2022-01-01 00:00:00+00:00
[2024-11-06T00:12:42.646+0000] {logging_mixin.py:190} INFO - [2024-11-06T00:12:42.646+0000] {dag.py:4180} INFO - Setting next_dagrun for example_subdag_operator.section-1 to None, run_after=None
[2024-11-06T00:12:42.649+0000] {logging_mixin.py:190} INFO - [2024-11-06T00:12:42.649+0000] {dag.py:4180} INFO - Setting next_dagrun for example_subdag_operator.section-2 to None, run_after=None
[2024-11-06T00:12:42.665+0000] {logging_mixin.py:190} INFO - [2024-11-06T00:12:42.665+0000] {dag.py:3239} INFO - Sync 2 DAGs
[2024-11-06T00:12:42.677+0000] {logging_mixin.py:190} INFO - [2024-11-06T00:12:42.677+0000] {dag.py:4180} INFO - Setting next_dagrun for example_subdag_operator.section-1 to None, run_after=None
[2024-11-06T00:12:42.679+0000] {logging_mixin.py:190} INFO - [2024-11-06T00:12:42.678+0000] {dag.py:4180} INFO - Setting next_dagrun for example_subdag_operator.section-2 to None, run_after=None
[2024-11-06T00:12:42.697+0000] {processor.py:208} INFO - Processing /home/airflow/.local/lib/python3.12/site-packages/airflow/example_dags/example_subdag_operator.py took 0.220 seconds
[2024-11-06T00:13:13.145+0000] {processor.py:186} INFO - Started process (PID=4096) to work on /home/airflow/.local/lib/python3.12/site-packages/airflow/example_dags/example_subdag_operator.py
[2024-11-06T00:13:13.146+0000] {processor.py:914} INFO - Processing file /home/airflow/.local/lib/python3.12/site-packages/airflow/example_dags/example_subdag_operator.py for tasks to queue
[2024-11-06T00:13:13.151+0000] {logging_mixin.py:190} INFO - [2024-11-06T00:13:13.151+0000] {dagbag.py:588} INFO - Filling up the DagBag from /home/airflow/.local/lib/python3.12/site-packages/airflow/example_dags/example_subdag_operator.py
[2024-11-06T00:13:13.191+0000] {processor.py:925} INFO - DAG(s) 'example_subdag_operator.section-1', 'example_subdag_operator.section-2', 'example_subdag_operator' retrieved from /home/airflow/.local/lib/python3.12/site-packages/airflow/example_dags/example_subdag_operator.py
[2024-11-06T00:13:13.219+0000] {logging_mixin.py:190} INFO - [2024-11-06T00:13:13.219+0000] {dag.py:3239} INFO - Sync 3 DAGs
[2024-11-06T00:13:13.263+0000] {logging_mixin.py:190} INFO - [2024-11-06T00:13:13.263+0000] {dag.py:4180} INFO - Setting next_dagrun for example_subdag_operator to 2022-01-01 00:00:00+00:00, run_after=2022-01-01 00:00:00+00:00
[2024-11-06T00:13:13.270+0000] {logging_mixin.py:190} INFO - [2024-11-06T00:13:13.269+0000] {dag.py:4180} INFO - Setting next_dagrun for example_subdag_operator.section-1 to None, run_after=None
[2024-11-06T00:13:13.273+0000] {logging_mixin.py:190} INFO - [2024-11-06T00:13:13.273+0000] {dag.py:4180} INFO - Setting next_dagrun for example_subdag_operator.section-2 to None, run_after=None
[2024-11-06T00:13:13.288+0000] {logging_mixin.py:190} INFO - [2024-11-06T00:13:13.287+0000] {dag.py:3239} INFO - Sync 2 DAGs
[2024-11-06T00:13:13.298+0000] {logging_mixin.py:190} INFO - [2024-11-06T00:13:13.298+0000] {dag.py:4180} INFO - Setting next_dagrun for example_subdag_operator.section-1 to None, run_after=None
[2024-11-06T00:13:13.300+0000] {logging_mixin.py:190} INFO - [2024-11-06T00:13:13.300+0000] {dag.py:4180} INFO - Setting next_dagrun for example_subdag_operator.section-2 to None, run_after=None
[2024-11-06T00:13:13.322+0000] {processor.py:208} INFO - Processing /home/airflow/.local/lib/python3.12/site-packages/airflow/example_dags/example_subdag_operator.py took 0.187 seconds
[2024-11-06T00:13:43.581+0000] {processor.py:186} INFO - Started process (PID=4161) to work on /home/airflow/.local/lib/python3.12/site-packages/airflow/example_dags/example_subdag_operator.py
[2024-11-06T00:13:43.583+0000] {processor.py:914} INFO - Processing file /home/airflow/.local/lib/python3.12/site-packages/airflow/example_dags/example_subdag_operator.py for tasks to queue
[2024-11-06T00:13:43.586+0000] {logging_mixin.py:190} INFO - [2024-11-06T00:13:43.586+0000] {dagbag.py:588} INFO - Filling up the DagBag from /home/airflow/.local/lib/python3.12/site-packages/airflow/example_dags/example_subdag_operator.py
[2024-11-06T00:13:43.637+0000] {processor.py:925} INFO - DAG(s) 'example_subdag_operator.section-1', 'example_subdag_operator.section-2', 'example_subdag_operator' retrieved from /home/airflow/.local/lib/python3.12/site-packages/airflow/example_dags/example_subdag_operator.py
[2024-11-06T00:13:43.665+0000] {logging_mixin.py:190} INFO - [2024-11-06T00:13:43.665+0000] {dag.py:3239} INFO - Sync 3 DAGs
[2024-11-06T00:13:43.706+0000] {logging_mixin.py:190} INFO - [2024-11-06T00:13:43.705+0000] {dag.py:4180} INFO - Setting next_dagrun for example_subdag_operator to 2022-01-01 00:00:00+00:00, run_after=2022-01-01 00:00:00+00:00
[2024-11-06T00:13:43.713+0000] {logging_mixin.py:190} INFO - [2024-11-06T00:13:43.712+0000] {dag.py:4180} INFO - Setting next_dagrun for example_subdag_operator.section-1 to None, run_after=None
[2024-11-06T00:13:43.717+0000] {logging_mixin.py:190} INFO - [2024-11-06T00:13:43.716+0000] {dag.py:4180} INFO - Setting next_dagrun for example_subdag_operator.section-2 to None, run_after=None
[2024-11-06T00:13:43.729+0000] {logging_mixin.py:190} INFO - [2024-11-06T00:13:43.729+0000] {dag.py:3239} INFO - Sync 2 DAGs
[2024-11-06T00:13:43.740+0000] {logging_mixin.py:190} INFO - [2024-11-06T00:13:43.740+0000] {dag.py:4180} INFO - Setting next_dagrun for example_subdag_operator.section-1 to None, run_after=None
[2024-11-06T00:13:43.742+0000] {logging_mixin.py:190} INFO - [2024-11-06T00:13:43.741+0000] {dag.py:4180} INFO - Setting next_dagrun for example_subdag_operator.section-2 to None, run_after=None
[2024-11-06T00:13:43.767+0000] {processor.py:208} INFO - Processing /home/airflow/.local/lib/python3.12/site-packages/airflow/example_dags/example_subdag_operator.py took 0.196 seconds
[2024-11-06T00:14:14.509+0000] {processor.py:186} INFO - Started process (PID=4224) to work on /home/airflow/.local/lib/python3.12/site-packages/airflow/example_dags/example_subdag_operator.py
[2024-11-06T00:14:14.511+0000] {processor.py:914} INFO - Processing file /home/airflow/.local/lib/python3.12/site-packages/airflow/example_dags/example_subdag_operator.py for tasks to queue
[2024-11-06T00:14:14.515+0000] {logging_mixin.py:190} INFO - [2024-11-06T00:14:14.514+0000] {dagbag.py:588} INFO - Filling up the DagBag from /home/airflow/.local/lib/python3.12/site-packages/airflow/example_dags/example_subdag_operator.py
[2024-11-06T00:14:14.549+0000] {processor.py:925} INFO - DAG(s) 'example_subdag_operator.section-1', 'example_subdag_operator.section-2', 'example_subdag_operator' retrieved from /home/airflow/.local/lib/python3.12/site-packages/airflow/example_dags/example_subdag_operator.py
[2024-11-06T00:14:14.576+0000] {logging_mixin.py:190} INFO - [2024-11-06T00:14:14.576+0000] {dag.py:3239} INFO - Sync 3 DAGs
[2024-11-06T00:14:14.610+0000] {logging_mixin.py:190} INFO - [2024-11-06T00:14:14.610+0000] {dag.py:4180} INFO - Setting next_dagrun for example_subdag_operator to 2022-01-01 00:00:00+00:00, run_after=2022-01-01 00:00:00+00:00
[2024-11-06T00:14:14.616+0000] {logging_mixin.py:190} INFO - [2024-11-06T00:14:14.615+0000] {dag.py:4180} INFO - Setting next_dagrun for example_subdag_operator.section-1 to None, run_after=None
[2024-11-06T00:14:14.618+0000] {logging_mixin.py:190} INFO - [2024-11-06T00:14:14.618+0000] {dag.py:4180} INFO - Setting next_dagrun for example_subdag_operator.section-2 to None, run_after=None
[2024-11-06T00:14:14.629+0000] {logging_mixin.py:190} INFO - [2024-11-06T00:14:14.629+0000] {dag.py:3239} INFO - Sync 2 DAGs
[2024-11-06T00:14:14.639+0000] {logging_mixin.py:190} INFO - [2024-11-06T00:14:14.639+0000] {dag.py:4180} INFO - Setting next_dagrun for example_subdag_operator.section-1 to None, run_after=None
[2024-11-06T00:14:14.640+0000] {logging_mixin.py:190} INFO - [2024-11-06T00:14:14.640+0000] {dag.py:4180} INFO - Setting next_dagrun for example_subdag_operator.section-2 to None, run_after=None
[2024-11-06T00:14:14.658+0000] {processor.py:208} INFO - Processing /home/airflow/.local/lib/python3.12/site-packages/airflow/example_dags/example_subdag_operator.py took 0.158 seconds
[2024-11-06T00:14:46.684+0000] {processor.py:186} INFO - Started process (PID=4288) to work on /home/airflow/.local/lib/python3.12/site-packages/airflow/example_dags/example_subdag_operator.py
[2024-11-06T00:14:46.686+0000] {processor.py:914} INFO - Processing file /home/airflow/.local/lib/python3.12/site-packages/airflow/example_dags/example_subdag_operator.py for tasks to queue
[2024-11-06T00:14:46.690+0000] {logging_mixin.py:190} INFO - [2024-11-06T00:14:46.689+0000] {dagbag.py:588} INFO - Filling up the DagBag from /home/airflow/.local/lib/python3.12/site-packages/airflow/example_dags/example_subdag_operator.py
[2024-11-06T00:14:46.734+0000] {processor.py:925} INFO - DAG(s) 'example_subdag_operator.section-1', 'example_subdag_operator.section-2', 'example_subdag_operator' retrieved from /home/airflow/.local/lib/python3.12/site-packages/airflow/example_dags/example_subdag_operator.py
[2024-11-06T00:14:46.767+0000] {logging_mixin.py:190} INFO - [2024-11-06T00:14:46.766+0000] {dag.py:3239} INFO - Sync 3 DAGs
[2024-11-06T00:14:46.804+0000] {logging_mixin.py:190} INFO - [2024-11-06T00:14:46.804+0000] {dag.py:4180} INFO - Setting next_dagrun for example_subdag_operator to 2022-01-01 00:00:00+00:00, run_after=2022-01-01 00:00:00+00:00
[2024-11-06T00:14:46.810+0000] {logging_mixin.py:190} INFO - [2024-11-06T00:14:46.809+0000] {dag.py:4180} INFO - Setting next_dagrun for example_subdag_operator.section-1 to None, run_after=None
[2024-11-06T00:14:46.812+0000] {logging_mixin.py:190} INFO - [2024-11-06T00:14:46.812+0000] {dag.py:4180} INFO - Setting next_dagrun for example_subdag_operator.section-2 to None, run_after=None
[2024-11-06T00:14:46.824+0000] {logging_mixin.py:190} INFO - [2024-11-06T00:14:46.824+0000] {dag.py:3239} INFO - Sync 2 DAGs
[2024-11-06T00:14:46.833+0000] {logging_mixin.py:190} INFO - [2024-11-06T00:14:46.833+0000] {dag.py:4180} INFO - Setting next_dagrun for example_subdag_operator.section-1 to None, run_after=None
[2024-11-06T00:14:46.834+0000] {logging_mixin.py:190} INFO - [2024-11-06T00:14:46.834+0000] {dag.py:4180} INFO - Setting next_dagrun for example_subdag_operator.section-2 to None, run_after=None
[2024-11-06T00:14:46.850+0000] {processor.py:208} INFO - Processing /home/airflow/.local/lib/python3.12/site-packages/airflow/example_dags/example_subdag_operator.py took 0.176 seconds
[2024-11-06T00:15:18.074+0000] {processor.py:186} INFO - Started process (PID=4352) to work on /home/airflow/.local/lib/python3.12/site-packages/airflow/example_dags/example_subdag_operator.py
[2024-11-06T00:15:18.076+0000] {processor.py:914} INFO - Processing file /home/airflow/.local/lib/python3.12/site-packages/airflow/example_dags/example_subdag_operator.py for tasks to queue
[2024-11-06T00:15:18.081+0000] {logging_mixin.py:190} INFO - [2024-11-06T00:15:18.080+0000] {dagbag.py:588} INFO - Filling up the DagBag from /home/airflow/.local/lib/python3.12/site-packages/airflow/example_dags/example_subdag_operator.py
[2024-11-06T00:15:18.132+0000] {processor.py:925} INFO - DAG(s) 'example_subdag_operator.section-1', 'example_subdag_operator.section-2', 'example_subdag_operator' retrieved from /home/airflow/.local/lib/python3.12/site-packages/airflow/example_dags/example_subdag_operator.py
[2024-11-06T00:15:18.171+0000] {logging_mixin.py:190} INFO - [2024-11-06T00:15:18.170+0000] {dag.py:3239} INFO - Sync 3 DAGs
[2024-11-06T00:15:18.229+0000] {logging_mixin.py:190} INFO - [2024-11-06T00:15:18.228+0000] {dag.py:4180} INFO - Setting next_dagrun for example_subdag_operator to 2022-01-01 00:00:00+00:00, run_after=2022-01-01 00:00:00+00:00
[2024-11-06T00:15:18.238+0000] {logging_mixin.py:190} INFO - [2024-11-06T00:15:18.237+0000] {dag.py:4180} INFO - Setting next_dagrun for example_subdag_operator.section-1 to None, run_after=None
[2024-11-06T00:15:18.243+0000] {logging_mixin.py:190} INFO - [2024-11-06T00:15:18.242+0000] {dag.py:4180} INFO - Setting next_dagrun for example_subdag_operator.section-2 to None, run_after=None
[2024-11-06T00:15:18.260+0000] {logging_mixin.py:190} INFO - [2024-11-06T00:15:18.260+0000] {dag.py:3239} INFO - Sync 2 DAGs
[2024-11-06T00:15:18.276+0000] {logging_mixin.py:190} INFO - [2024-11-06T00:15:18.276+0000] {dag.py:4180} INFO - Setting next_dagrun for example_subdag_operator.section-1 to None, run_after=None
[2024-11-06T00:15:18.278+0000] {logging_mixin.py:190} INFO - [2024-11-06T00:15:18.278+0000] {dag.py:4180} INFO - Setting next_dagrun for example_subdag_operator.section-2 to None, run_after=None
[2024-11-06T00:15:18.329+0000] {processor.py:208} INFO - Processing /home/airflow/.local/lib/python3.12/site-packages/airflow/example_dags/example_subdag_operator.py took 0.265 seconds
[2024-11-06T00:15:49.648+0000] {processor.py:186} INFO - Started process (PID=4416) to work on /home/airflow/.local/lib/python3.12/site-packages/airflow/example_dags/example_subdag_operator.py
[2024-11-06T00:15:49.651+0000] {processor.py:914} INFO - Processing file /home/airflow/.local/lib/python3.12/site-packages/airflow/example_dags/example_subdag_operator.py for tasks to queue
[2024-11-06T00:15:49.657+0000] {logging_mixin.py:190} INFO - [2024-11-06T00:15:49.656+0000] {dagbag.py:588} INFO - Filling up the DagBag from /home/airflow/.local/lib/python3.12/site-packages/airflow/example_dags/example_subdag_operator.py
[2024-11-06T00:15:49.703+0000] {processor.py:925} INFO - DAG(s) 'example_subdag_operator.section-1', 'example_subdag_operator.section-2', 'example_subdag_operator' retrieved from /home/airflow/.local/lib/python3.12/site-packages/airflow/example_dags/example_subdag_operator.py
[2024-11-06T00:15:49.730+0000] {logging_mixin.py:190} INFO - [2024-11-06T00:15:49.730+0000] {dag.py:3239} INFO - Sync 3 DAGs
[2024-11-06T00:15:49.772+0000] {logging_mixin.py:190} INFO - [2024-11-06T00:15:49.771+0000] {dag.py:4180} INFO - Setting next_dagrun for example_subdag_operator to 2022-01-01 00:00:00+00:00, run_after=2022-01-01 00:00:00+00:00
[2024-11-06T00:15:49.777+0000] {logging_mixin.py:190} INFO - [2024-11-06T00:15:49.777+0000] {dag.py:4180} INFO - Setting next_dagrun for example_subdag_operator.section-1 to None, run_after=None
[2024-11-06T00:15:49.780+0000] {logging_mixin.py:190} INFO - [2024-11-06T00:15:49.780+0000] {dag.py:4180} INFO - Setting next_dagrun for example_subdag_operator.section-2 to None, run_after=None
[2024-11-06T00:15:49.791+0000] {logging_mixin.py:190} INFO - [2024-11-06T00:15:49.791+0000] {dag.py:3239} INFO - Sync 2 DAGs
[2024-11-06T00:15:49.800+0000] {logging_mixin.py:190} INFO - [2024-11-06T00:15:49.800+0000] {dag.py:4180} INFO - Setting next_dagrun for example_subdag_operator.section-1 to None, run_after=None
[2024-11-06T00:15:49.802+0000] {logging_mixin.py:190} INFO - [2024-11-06T00:15:49.801+0000] {dag.py:4180} INFO - Setting next_dagrun for example_subdag_operator.section-2 to None, run_after=None
[2024-11-06T00:15:49.824+0000] {processor.py:208} INFO - Processing /home/airflow/.local/lib/python3.12/site-packages/airflow/example_dags/example_subdag_operator.py took 0.189 seconds
[2024-11-06T00:18:32.464+0000] {processor.py:186} INFO - Started process (PID=98) to work on /home/airflow/.local/lib/python3.12/site-packages/airflow/example_dags/example_subdag_operator.py
[2024-11-06T00:18:32.466+0000] {processor.py:914} INFO - Processing file /home/airflow/.local/lib/python3.12/site-packages/airflow/example_dags/example_subdag_operator.py for tasks to queue
[2024-11-06T00:18:32.470+0000] {logging_mixin.py:190} INFO - [2024-11-06T00:18:32.469+0000] {dagbag.py:588} INFO - Filling up the DagBag from /home/airflow/.local/lib/python3.12/site-packages/airflow/example_dags/example_subdag_operator.py
[2024-11-06T00:18:32.513+0000] {processor.py:925} INFO - DAG(s) 'example_subdag_operator.section-1', 'example_subdag_operator.section-2', 'example_subdag_operator' retrieved from /home/airflow/.local/lib/python3.12/site-packages/airflow/example_dags/example_subdag_operator.py
[2024-11-06T00:18:32.550+0000] {logging_mixin.py:190} INFO - [2024-11-06T00:18:32.549+0000] {dag.py:3239} INFO - Sync 3 DAGs
[2024-11-06T00:18:32.598+0000] {logging_mixin.py:190} INFO - [2024-11-06T00:18:32.597+0000] {dag.py:4180} INFO - Setting next_dagrun for example_subdag_operator to 2022-01-01 00:00:00+00:00, run_after=2022-01-01 00:00:00+00:00
[2024-11-06T00:18:32.610+0000] {logging_mixin.py:190} INFO - [2024-11-06T00:18:32.609+0000] {dag.py:4180} INFO - Setting next_dagrun for example_subdag_operator.section-1 to None, run_after=None
[2024-11-06T00:18:32.613+0000] {logging_mixin.py:190} INFO - [2024-11-06T00:18:32.612+0000] {dag.py:4180} INFO - Setting next_dagrun for example_subdag_operator.section-2 to None, run_after=None
[2024-11-06T00:18:32.626+0000] {logging_mixin.py:190} INFO - [2024-11-06T00:18:32.625+0000] {dag.py:3239} INFO - Sync 2 DAGs
[2024-11-06T00:18:32.638+0000] {logging_mixin.py:190} INFO - [2024-11-06T00:18:32.638+0000] {dag.py:4180} INFO - Setting next_dagrun for example_subdag_operator.section-1 to None, run_after=None
[2024-11-06T00:18:32.640+0000] {logging_mixin.py:190} INFO - [2024-11-06T00:18:32.639+0000] {dag.py:4180} INFO - Setting next_dagrun for example_subdag_operator.section-2 to None, run_after=None
[2024-11-06T00:18:32.660+0000] {processor.py:208} INFO - Processing /home/airflow/.local/lib/python3.12/site-packages/airflow/example_dags/example_subdag_operator.py took 0.206 seconds
[2024-11-06T00:19:04.319+0000] {processor.py:186} INFO - Started process (PID=162) to work on /home/airflow/.local/lib/python3.12/site-packages/airflow/example_dags/example_subdag_operator.py
[2024-11-06T00:19:04.321+0000] {processor.py:914} INFO - Processing file /home/airflow/.local/lib/python3.12/site-packages/airflow/example_dags/example_subdag_operator.py for tasks to queue
[2024-11-06T00:19:04.327+0000] {logging_mixin.py:190} INFO - [2024-11-06T00:19:04.327+0000] {dagbag.py:588} INFO - Filling up the DagBag from /home/airflow/.local/lib/python3.12/site-packages/airflow/example_dags/example_subdag_operator.py
[2024-11-06T00:19:04.371+0000] {processor.py:925} INFO - DAG(s) 'example_subdag_operator.section-1', 'example_subdag_operator.section-2', 'example_subdag_operator' retrieved from /home/airflow/.local/lib/python3.12/site-packages/airflow/example_dags/example_subdag_operator.py
[2024-11-06T00:19:04.400+0000] {logging_mixin.py:190} INFO - [2024-11-06T00:19:04.400+0000] {dag.py:3239} INFO - Sync 3 DAGs
[2024-11-06T00:19:04.469+0000] {logging_mixin.py:190} INFO - [2024-11-06T00:19:04.469+0000] {dag.py:4180} INFO - Setting next_dagrun for example_subdag_operator to 2022-01-01 00:00:00+00:00, run_after=2022-01-01 00:00:00+00:00
[2024-11-06T00:19:04.483+0000] {logging_mixin.py:190} INFO - [2024-11-06T00:19:04.482+0000] {dag.py:4180} INFO - Setting next_dagrun for example_subdag_operator.section-1 to None, run_after=None
[2024-11-06T00:19:04.486+0000] {logging_mixin.py:190} INFO - [2024-11-06T00:19:04.485+0000] {dag.py:4180} INFO - Setting next_dagrun for example_subdag_operator.section-2 to None, run_after=None
[2024-11-06T00:19:04.502+0000] {logging_mixin.py:190} INFO - [2024-11-06T00:19:04.502+0000] {dag.py:3239} INFO - Sync 2 DAGs
[2024-11-06T00:19:04.512+0000] {logging_mixin.py:190} INFO - [2024-11-06T00:19:04.512+0000] {dag.py:4180} INFO - Setting next_dagrun for example_subdag_operator.section-1 to None, run_after=None
[2024-11-06T00:19:04.513+0000] {logging_mixin.py:190} INFO - [2024-11-06T00:19:04.513+0000] {dag.py:4180} INFO - Setting next_dagrun for example_subdag_operator.section-2 to None, run_after=None
[2024-11-06T00:19:04.534+0000] {processor.py:208} INFO - Processing /home/airflow/.local/lib/python3.12/site-packages/airflow/example_dags/example_subdag_operator.py took 0.225 seconds
[2024-11-06T00:19:35.813+0000] {processor.py:186} INFO - Started process (PID=226) to work on /home/airflow/.local/lib/python3.12/site-packages/airflow/example_dags/example_subdag_operator.py
[2024-11-06T00:19:35.817+0000] {processor.py:914} INFO - Processing file /home/airflow/.local/lib/python3.12/site-packages/airflow/example_dags/example_subdag_operator.py for tasks to queue
[2024-11-06T00:19:35.824+0000] {logging_mixin.py:190} INFO - [2024-11-06T00:19:35.823+0000] {dagbag.py:588} INFO - Filling up the DagBag from /home/airflow/.local/lib/python3.12/site-packages/airflow/example_dags/example_subdag_operator.py
[2024-11-06T00:19:35.901+0000] {processor.py:925} INFO - DAG(s) 'example_subdag_operator.section-1', 'example_subdag_operator.section-2', 'example_subdag_operator' retrieved from /home/airflow/.local/lib/python3.12/site-packages/airflow/example_dags/example_subdag_operator.py
[2024-11-06T00:19:35.933+0000] {logging_mixin.py:190} INFO - [2024-11-06T00:19:35.933+0000] {dag.py:3239} INFO - Sync 3 DAGs
[2024-11-06T00:19:35.977+0000] {logging_mixin.py:190} INFO - [2024-11-06T00:19:35.976+0000] {dag.py:4180} INFO - Setting next_dagrun for example_subdag_operator to 2022-01-01 00:00:00+00:00, run_after=2022-01-01 00:00:00+00:00
[2024-11-06T00:19:35.983+0000] {logging_mixin.py:190} INFO - [2024-11-06T00:19:35.983+0000] {dag.py:4180} INFO - Setting next_dagrun for example_subdag_operator.section-1 to None, run_after=None
[2024-11-06T00:19:35.986+0000] {logging_mixin.py:190} INFO - [2024-11-06T00:19:35.986+0000] {dag.py:4180} INFO - Setting next_dagrun for example_subdag_operator.section-2 to None, run_after=None
[2024-11-06T00:19:35.999+0000] {logging_mixin.py:190} INFO - [2024-11-06T00:19:35.999+0000] {dag.py:3239} INFO - Sync 2 DAGs
[2024-11-06T00:19:36.009+0000] {logging_mixin.py:190} INFO - [2024-11-06T00:19:36.009+0000] {dag.py:4180} INFO - Setting next_dagrun for example_subdag_operator.section-1 to None, run_after=None
[2024-11-06T00:19:36.010+0000] {logging_mixin.py:190} INFO - [2024-11-06T00:19:36.010+0000] {dag.py:4180} INFO - Setting next_dagrun for example_subdag_operator.section-2 to None, run_after=None
[2024-11-06T00:19:36.029+0000] {processor.py:208} INFO - Processing /home/airflow/.local/lib/python3.12/site-packages/airflow/example_dags/example_subdag_operator.py took 0.233 seconds
[2024-11-06T00:20:08.507+0000] {processor.py:186} INFO - Started process (PID=290) to work on /home/airflow/.local/lib/python3.12/site-packages/airflow/example_dags/example_subdag_operator.py
[2024-11-06T00:20:08.510+0000] {processor.py:914} INFO - Processing file /home/airflow/.local/lib/python3.12/site-packages/airflow/example_dags/example_subdag_operator.py for tasks to queue
[2024-11-06T00:20:08.514+0000] {logging_mixin.py:190} INFO - [2024-11-06T00:20:08.513+0000] {dagbag.py:588} INFO - Filling up the DagBag from /home/airflow/.local/lib/python3.12/site-packages/airflow/example_dags/example_subdag_operator.py
[2024-11-06T00:20:08.571+0000] {processor.py:925} INFO - DAG(s) 'example_subdag_operator.section-1', 'example_subdag_operator.section-2', 'example_subdag_operator' retrieved from /home/airflow/.local/lib/python3.12/site-packages/airflow/example_dags/example_subdag_operator.py
[2024-11-06T00:20:08.613+0000] {logging_mixin.py:190} INFO - [2024-11-06T00:20:08.612+0000] {dag.py:3239} INFO - Sync 3 DAGs
[2024-11-06T00:20:08.655+0000] {logging_mixin.py:190} INFO - [2024-11-06T00:20:08.654+0000] {dag.py:4180} INFO - Setting next_dagrun for example_subdag_operator to 2022-01-01 00:00:00+00:00, run_after=2022-01-01 00:00:00+00:00
[2024-11-06T00:20:08.663+0000] {logging_mixin.py:190} INFO - [2024-11-06T00:20:08.663+0000] {dag.py:4180} INFO - Setting next_dagrun for example_subdag_operator.section-1 to None, run_after=None
[2024-11-06T00:20:08.668+0000] {logging_mixin.py:190} INFO - [2024-11-06T00:20:08.667+0000] {dag.py:4180} INFO - Setting next_dagrun for example_subdag_operator.section-2 to None, run_after=None
[2024-11-06T00:20:08.680+0000] {logging_mixin.py:190} INFO - [2024-11-06T00:20:08.680+0000] {dag.py:3239} INFO - Sync 2 DAGs
[2024-11-06T00:20:08.691+0000] {logging_mixin.py:190} INFO - [2024-11-06T00:20:08.691+0000] {dag.py:4180} INFO - Setting next_dagrun for example_subdag_operator.section-1 to None, run_after=None
[2024-11-06T00:20:08.692+0000] {logging_mixin.py:190} INFO - [2024-11-06T00:20:08.692+0000] {dag.py:4180} INFO - Setting next_dagrun for example_subdag_operator.section-2 to None, run_after=None
[2024-11-06T00:20:08.713+0000] {processor.py:208} INFO - Processing /home/airflow/.local/lib/python3.12/site-packages/airflow/example_dags/example_subdag_operator.py took 0.216 seconds
[2024-11-06T00:20:39.154+0000] {processor.py:186} INFO - Started process (PID=354) to work on /home/airflow/.local/lib/python3.12/site-packages/airflow/example_dags/example_subdag_operator.py
[2024-11-06T00:20:39.156+0000] {processor.py:914} INFO - Processing file /home/airflow/.local/lib/python3.12/site-packages/airflow/example_dags/example_subdag_operator.py for tasks to queue
[2024-11-06T00:20:39.160+0000] {logging_mixin.py:190} INFO - [2024-11-06T00:20:39.159+0000] {dagbag.py:588} INFO - Filling up the DagBag from /home/airflow/.local/lib/python3.12/site-packages/airflow/example_dags/example_subdag_operator.py
[2024-11-06T00:20:39.210+0000] {processor.py:925} INFO - DAG(s) 'example_subdag_operator.section-1', 'example_subdag_operator.section-2', 'example_subdag_operator' retrieved from /home/airflow/.local/lib/python3.12/site-packages/airflow/example_dags/example_subdag_operator.py
[2024-11-06T00:20:39.249+0000] {logging_mixin.py:190} INFO - [2024-11-06T00:20:39.248+0000] {dag.py:3239} INFO - Sync 3 DAGs
[2024-11-06T00:20:39.296+0000] {logging_mixin.py:190} INFO - [2024-11-06T00:20:39.295+0000] {dag.py:4180} INFO - Setting next_dagrun for example_subdag_operator to 2022-01-01 00:00:00+00:00, run_after=2022-01-01 00:00:00+00:00
[2024-11-06T00:20:39.306+0000] {logging_mixin.py:190} INFO - [2024-11-06T00:20:39.306+0000] {dag.py:4180} INFO - Setting next_dagrun for example_subdag_operator.section-1 to None, run_after=None
[2024-11-06T00:20:39.312+0000] {logging_mixin.py:190} INFO - [2024-11-06T00:20:39.312+0000] {dag.py:4180} INFO - Setting next_dagrun for example_subdag_operator.section-2 to None, run_after=None
[2024-11-06T00:20:39.354+0000] {logging_mixin.py:190} INFO - [2024-11-06T00:20:39.353+0000] {dag.py:3239} INFO - Sync 2 DAGs
[2024-11-06T00:20:39.374+0000] {logging_mixin.py:190} INFO - [2024-11-06T00:20:39.373+0000] {dag.py:4180} INFO - Setting next_dagrun for example_subdag_operator.section-1 to None, run_after=None
[2024-11-06T00:20:39.376+0000] {logging_mixin.py:190} INFO - [2024-11-06T00:20:39.375+0000] {dag.py:4180} INFO - Setting next_dagrun for example_subdag_operator.section-2 to None, run_after=None
[2024-11-06T00:20:39.399+0000] {processor.py:208} INFO - Processing /home/airflow/.local/lib/python3.12/site-packages/airflow/example_dags/example_subdag_operator.py took 0.254 seconds
[2024-11-06T00:21:10.477+0000] {processor.py:186} INFO - Started process (PID=418) to work on /home/airflow/.local/lib/python3.12/site-packages/airflow/example_dags/example_subdag_operator.py
[2024-11-06T00:21:10.482+0000] {processor.py:914} INFO - Processing file /home/airflow/.local/lib/python3.12/site-packages/airflow/example_dags/example_subdag_operator.py for tasks to queue
[2024-11-06T00:21:10.490+0000] {logging_mixin.py:190} INFO - [2024-11-06T00:21:10.489+0000] {dagbag.py:588} INFO - Filling up the DagBag from /home/airflow/.local/lib/python3.12/site-packages/airflow/example_dags/example_subdag_operator.py
[2024-11-06T00:21:10.537+0000] {processor.py:925} INFO - DAG(s) 'example_subdag_operator.section-1', 'example_subdag_operator.section-2', 'example_subdag_operator' retrieved from /home/airflow/.local/lib/python3.12/site-packages/airflow/example_dags/example_subdag_operator.py
[2024-11-06T00:21:10.566+0000] {logging_mixin.py:190} INFO - [2024-11-06T00:21:10.565+0000] {dag.py:3239} INFO - Sync 3 DAGs
[2024-11-06T00:21:10.609+0000] {logging_mixin.py:190} INFO - [2024-11-06T00:21:10.608+0000] {dag.py:4180} INFO - Setting next_dagrun for example_subdag_operator to 2022-01-01 00:00:00+00:00, run_after=2022-01-01 00:00:00+00:00
[2024-11-06T00:21:10.616+0000] {logging_mixin.py:190} INFO - [2024-11-06T00:21:10.615+0000] {dag.py:4180} INFO - Setting next_dagrun for example_subdag_operator.section-1 to None, run_after=None
[2024-11-06T00:21:10.618+0000] {logging_mixin.py:190} INFO - [2024-11-06T00:21:10.618+0000] {dag.py:4180} INFO - Setting next_dagrun for example_subdag_operator.section-2 to None, run_after=None
[2024-11-06T00:21:10.630+0000] {logging_mixin.py:190} INFO - [2024-11-06T00:21:10.630+0000] {dag.py:3239} INFO - Sync 2 DAGs
[2024-11-06T00:21:10.641+0000] {logging_mixin.py:190} INFO - [2024-11-06T00:21:10.640+0000] {dag.py:4180} INFO - Setting next_dagrun for example_subdag_operator.section-1 to None, run_after=None
[2024-11-06T00:21:10.642+0000] {logging_mixin.py:190} INFO - [2024-11-06T00:21:10.642+0000] {dag.py:4180} INFO - Setting next_dagrun for example_subdag_operator.section-2 to None, run_after=None
[2024-11-06T00:21:10.662+0000] {processor.py:208} INFO - Processing /home/airflow/.local/lib/python3.12/site-packages/airflow/example_dags/example_subdag_operator.py took 0.196 seconds
[2024-11-06T00:23:45.604+0000] {processor.py:186} INFO - Started process (PID=91) to work on /home/airflow/.local/lib/python3.12/site-packages/airflow/example_dags/example_subdag_operator.py
[2024-11-06T00:23:45.615+0000] {processor.py:914} INFO - Processing file /home/airflow/.local/lib/python3.12/site-packages/airflow/example_dags/example_subdag_operator.py for tasks to queue
[2024-11-06T00:23:45.618+0000] {logging_mixin.py:190} INFO - [2024-11-06T00:23:45.618+0000] {dagbag.py:588} INFO - Filling up the DagBag from /home/airflow/.local/lib/python3.12/site-packages/airflow/example_dags/example_subdag_operator.py
[2024-11-06T00:23:45.674+0000] {processor.py:925} INFO - DAG(s) 'example_subdag_operator.section-1', 'example_subdag_operator.section-2', 'example_subdag_operator' retrieved from /home/airflow/.local/lib/python3.12/site-packages/airflow/example_dags/example_subdag_operator.py
[2024-11-06T00:23:45.714+0000] {logging_mixin.py:190} INFO - [2024-11-06T00:23:45.713+0000] {dag.py:3239} INFO - Sync 3 DAGs
[2024-11-06T00:23:45.755+0000] {logging_mixin.py:190} INFO - [2024-11-06T00:23:45.755+0000] {dag.py:4180} INFO - Setting next_dagrun for example_subdag_operator to 2022-01-01 00:00:00+00:00, run_after=2022-01-01 00:00:00+00:00
[2024-11-06T00:23:45.762+0000] {logging_mixin.py:190} INFO - [2024-11-06T00:23:45.762+0000] {dag.py:4180} INFO - Setting next_dagrun for example_subdag_operator.section-1 to None, run_after=None
[2024-11-06T00:23:45.768+0000] {logging_mixin.py:190} INFO - [2024-11-06T00:23:45.767+0000] {dag.py:4180} INFO - Setting next_dagrun for example_subdag_operator.section-2 to None, run_after=None
[2024-11-06T00:23:45.782+0000] {logging_mixin.py:190} INFO - [2024-11-06T00:23:45.781+0000] {dag.py:3239} INFO - Sync 2 DAGs
[2024-11-06T00:23:45.797+0000] {logging_mixin.py:190} INFO - [2024-11-06T00:23:45.796+0000] {dag.py:4180} INFO - Setting next_dagrun for example_subdag_operator.section-1 to None, run_after=None
[2024-11-06T00:23:45.798+0000] {logging_mixin.py:190} INFO - [2024-11-06T00:23:45.798+0000] {dag.py:4180} INFO - Setting next_dagrun for example_subdag_operator.section-2 to None, run_after=None
[2024-11-06T00:23:45.815+0000] {processor.py:208} INFO - Processing /home/airflow/.local/lib/python3.12/site-packages/airflow/example_dags/example_subdag_operator.py took 0.220 seconds
[2024-11-06T00:24:17.777+0000] {processor.py:186} INFO - Started process (PID=155) to work on /home/airflow/.local/lib/python3.12/site-packages/airflow/example_dags/example_subdag_operator.py
[2024-11-06T00:24:17.779+0000] {processor.py:914} INFO - Processing file /home/airflow/.local/lib/python3.12/site-packages/airflow/example_dags/example_subdag_operator.py for tasks to queue
[2024-11-06T00:24:17.783+0000] {logging_mixin.py:190} INFO - [2024-11-06T00:24:17.782+0000] {dagbag.py:588} INFO - Filling up the DagBag from /home/airflow/.local/lib/python3.12/site-packages/airflow/example_dags/example_subdag_operator.py
[2024-11-06T00:24:17.835+0000] {processor.py:925} INFO - DAG(s) 'example_subdag_operator.section-1', 'example_subdag_operator.section-2', 'example_subdag_operator' retrieved from /home/airflow/.local/lib/python3.12/site-packages/airflow/example_dags/example_subdag_operator.py
[2024-11-06T00:24:17.862+0000] {logging_mixin.py:190} INFO - [2024-11-06T00:24:17.862+0000] {dag.py:3239} INFO - Sync 3 DAGs
[2024-11-06T00:24:17.909+0000] {logging_mixin.py:190} INFO - [2024-11-06T00:24:17.908+0000] {dag.py:4180} INFO - Setting next_dagrun for example_subdag_operator to 2022-01-01 00:00:00+00:00, run_after=2022-01-01 00:00:00+00:00
[2024-11-06T00:24:17.916+0000] {logging_mixin.py:190} INFO - [2024-11-06T00:24:17.915+0000] {dag.py:4180} INFO - Setting next_dagrun for example_subdag_operator.section-1 to None, run_after=None
[2024-11-06T00:24:17.919+0000] {logging_mixin.py:190} INFO - [2024-11-06T00:24:17.918+0000] {dag.py:4180} INFO - Setting next_dagrun for example_subdag_operator.section-2 to None, run_after=None
[2024-11-06T00:24:17.930+0000] {logging_mixin.py:190} INFO - [2024-11-06T00:24:17.930+0000] {dag.py:3239} INFO - Sync 2 DAGs
[2024-11-06T00:24:17.942+0000] {logging_mixin.py:190} INFO - [2024-11-06T00:24:17.942+0000] {dag.py:4180} INFO - Setting next_dagrun for example_subdag_operator.section-1 to None, run_after=None
[2024-11-06T00:24:17.944+0000] {logging_mixin.py:190} INFO - [2024-11-06T00:24:17.944+0000] {dag.py:4180} INFO - Setting next_dagrun for example_subdag_operator.section-2 to None, run_after=None
[2024-11-06T00:24:17.969+0000] {processor.py:208} INFO - Processing /home/airflow/.local/lib/python3.12/site-packages/airflow/example_dags/example_subdag_operator.py took 0.203 seconds
[2024-11-06T00:26:22.061+0000] {processor.py:186} INFO - Started process (PID=91) to work on /home/airflow/.local/lib/python3.12/site-packages/airflow/example_dags/example_subdag_operator.py
[2024-11-06T00:26:22.064+0000] {processor.py:914} INFO - Processing file /home/airflow/.local/lib/python3.12/site-packages/airflow/example_dags/example_subdag_operator.py for tasks to queue
[2024-11-06T00:26:22.068+0000] {logging_mixin.py:190} INFO - [2024-11-06T00:26:22.067+0000] {dagbag.py:588} INFO - Filling up the DagBag from /home/airflow/.local/lib/python3.12/site-packages/airflow/example_dags/example_subdag_operator.py
[2024-11-06T00:26:22.111+0000] {processor.py:925} INFO - DAG(s) 'example_subdag_operator.section-1', 'example_subdag_operator.section-2', 'example_subdag_operator' retrieved from /home/airflow/.local/lib/python3.12/site-packages/airflow/example_dags/example_subdag_operator.py
[2024-11-06T00:26:22.141+0000] {logging_mixin.py:190} INFO - [2024-11-06T00:26:22.140+0000] {dag.py:3239} INFO - Sync 3 DAGs
[2024-11-06T00:26:22.178+0000] {logging_mixin.py:190} INFO - [2024-11-06T00:26:22.177+0000] {dag.py:4180} INFO - Setting next_dagrun for example_subdag_operator to 2022-01-01 00:00:00+00:00, run_after=2022-01-01 00:00:00+00:00
[2024-11-06T00:26:22.184+0000] {logging_mixin.py:190} INFO - [2024-11-06T00:26:22.183+0000] {dag.py:4180} INFO - Setting next_dagrun for example_subdag_operator.section-1 to None, run_after=None
[2024-11-06T00:26:22.187+0000] {logging_mixin.py:190} INFO - [2024-11-06T00:26:22.186+0000] {dag.py:4180} INFO - Setting next_dagrun for example_subdag_operator.section-2 to None, run_after=None
[2024-11-06T00:26:22.202+0000] {logging_mixin.py:190} INFO - [2024-11-06T00:26:22.201+0000] {dag.py:3239} INFO - Sync 2 DAGs
[2024-11-06T00:26:22.210+0000] {logging_mixin.py:190} INFO - [2024-11-06T00:26:22.210+0000] {dag.py:4180} INFO - Setting next_dagrun for example_subdag_operator.section-1 to None, run_after=None
[2024-11-06T00:26:22.211+0000] {logging_mixin.py:190} INFO - [2024-11-06T00:26:22.211+0000] {dag.py:4180} INFO - Setting next_dagrun for example_subdag_operator.section-2 to None, run_after=None
[2024-11-06T00:26:22.229+0000] {processor.py:208} INFO - Processing /home/airflow/.local/lib/python3.12/site-packages/airflow/example_dags/example_subdag_operator.py took 0.177 seconds
[2024-11-06T00:26:53.890+0000] {processor.py:186} INFO - Started process (PID=155) to work on /home/airflow/.local/lib/python3.12/site-packages/airflow/example_dags/example_subdag_operator.py
[2024-11-06T00:26:53.892+0000] {processor.py:914} INFO - Processing file /home/airflow/.local/lib/python3.12/site-packages/airflow/example_dags/example_subdag_operator.py for tasks to queue
[2024-11-06T00:26:53.897+0000] {logging_mixin.py:190} INFO - [2024-11-06T00:26:53.896+0000] {dagbag.py:588} INFO - Filling up the DagBag from /home/airflow/.local/lib/python3.12/site-packages/airflow/example_dags/example_subdag_operator.py
[2024-11-06T00:26:53.944+0000] {processor.py:925} INFO - DAG(s) 'example_subdag_operator.section-1', 'example_subdag_operator.section-2', 'example_subdag_operator' retrieved from /home/airflow/.local/lib/python3.12/site-packages/airflow/example_dags/example_subdag_operator.py
[2024-11-06T00:26:53.972+0000] {logging_mixin.py:190} INFO - [2024-11-06T00:26:53.971+0000] {dag.py:3239} INFO - Sync 3 DAGs
[2024-11-06T00:26:54.018+0000] {logging_mixin.py:190} INFO - [2024-11-06T00:26:54.018+0000] {dag.py:4180} INFO - Setting next_dagrun for example_subdag_operator to 2022-01-01 00:00:00+00:00, run_after=2022-01-01 00:00:00+00:00
[2024-11-06T00:26:54.025+0000] {logging_mixin.py:190} INFO - [2024-11-06T00:26:54.025+0000] {dag.py:4180} INFO - Setting next_dagrun for example_subdag_operator.section-1 to None, run_after=None
[2024-11-06T00:26:54.028+0000] {logging_mixin.py:190} INFO - [2024-11-06T00:26:54.028+0000] {dag.py:4180} INFO - Setting next_dagrun for example_subdag_operator.section-2 to None, run_after=None
[2024-11-06T00:26:54.040+0000] {logging_mixin.py:190} INFO - [2024-11-06T00:26:54.040+0000] {dag.py:3239} INFO - Sync 2 DAGs
[2024-11-06T00:26:54.048+0000] {logging_mixin.py:190} INFO - [2024-11-06T00:26:54.048+0000] {dag.py:4180} INFO - Setting next_dagrun for example_subdag_operator.section-1 to None, run_after=None
[2024-11-06T00:26:54.050+0000] {logging_mixin.py:190} INFO - [2024-11-06T00:26:54.049+0000] {dag.py:4180} INFO - Setting next_dagrun for example_subdag_operator.section-2 to None, run_after=None
[2024-11-06T00:26:54.066+0000] {processor.py:208} INFO - Processing /home/airflow/.local/lib/python3.12/site-packages/airflow/example_dags/example_subdag_operator.py took 0.189 seconds
[2024-11-06T00:27:25.942+0000] {processor.py:186} INFO - Started process (PID=219) to work on /home/airflow/.local/lib/python3.12/site-packages/airflow/example_dags/example_subdag_operator.py
[2024-11-06T00:27:25.944+0000] {processor.py:914} INFO - Processing file /home/airflow/.local/lib/python3.12/site-packages/airflow/example_dags/example_subdag_operator.py for tasks to queue
[2024-11-06T00:27:25.948+0000] {logging_mixin.py:190} INFO - [2024-11-06T00:27:25.947+0000] {dagbag.py:588} INFO - Filling up the DagBag from /home/airflow/.local/lib/python3.12/site-packages/airflow/example_dags/example_subdag_operator.py
[2024-11-06T00:27:25.989+0000] {processor.py:925} INFO - DAG(s) 'example_subdag_operator.section-1', 'example_subdag_operator.section-2', 'example_subdag_operator' retrieved from /home/airflow/.local/lib/python3.12/site-packages/airflow/example_dags/example_subdag_operator.py
[2024-11-06T00:27:26.015+0000] {logging_mixin.py:190} INFO - [2024-11-06T00:27:26.015+0000] {dag.py:3239} INFO - Sync 3 DAGs
[2024-11-06T00:27:26.054+0000] {logging_mixin.py:190} INFO - [2024-11-06T00:27:26.053+0000] {dag.py:4180} INFO - Setting next_dagrun for example_subdag_operator to 2022-01-01 00:00:00+00:00, run_after=2022-01-01 00:00:00+00:00
[2024-11-06T00:27:26.060+0000] {logging_mixin.py:190} INFO - [2024-11-06T00:27:26.059+0000] {dag.py:4180} INFO - Setting next_dagrun for example_subdag_operator.section-1 to None, run_after=None
[2024-11-06T00:27:26.062+0000] {logging_mixin.py:190} INFO - [2024-11-06T00:27:26.062+0000] {dag.py:4180} INFO - Setting next_dagrun for example_subdag_operator.section-2 to None, run_after=None
[2024-11-06T00:27:26.073+0000] {logging_mixin.py:190} INFO - [2024-11-06T00:27:26.072+0000] {dag.py:3239} INFO - Sync 2 DAGs
[2024-11-06T00:27:26.083+0000] {logging_mixin.py:190} INFO - [2024-11-06T00:27:26.082+0000] {dag.py:4180} INFO - Setting next_dagrun for example_subdag_operator.section-1 to None, run_after=None
[2024-11-06T00:27:26.084+0000] {logging_mixin.py:190} INFO - [2024-11-06T00:27:26.083+0000] {dag.py:4180} INFO - Setting next_dagrun for example_subdag_operator.section-2 to None, run_after=None
[2024-11-06T00:27:26.103+0000] {processor.py:208} INFO - Processing /home/airflow/.local/lib/python3.12/site-packages/airflow/example_dags/example_subdag_operator.py took 0.170 seconds
