[2024-11-06T00:00:16.227+0000] {processor.py:186} INFO - Started process (PID=2481) to work on /home/airflow/.local/lib/python3.12/site-packages/airflow/example_dags/example_external_task_marker_dag.py
[2024-11-06T00:00:16.231+0000] {processor.py:914} INFO - Processing file /home/airflow/.local/lib/python3.12/site-packages/airflow/example_dags/example_external_task_marker_dag.py for tasks to queue
[2024-11-06T00:00:16.237+0000] {logging_mixin.py:190} INFO - [2024-11-06T00:00:16.237+0000] {dagbag.py:588} INFO - Filling up the DagBag from /home/airflow/.local/lib/python3.12/site-packages/airflow/example_dags/example_external_task_marker_dag.py
[2024-11-06T00:00:16.261+0000] {processor.py:925} INFO - DAG(s) 'example_external_task_marker_child', 'example_external_task_marker_parent' retrieved from /home/airflow/.local/lib/python3.12/site-packages/airflow/example_dags/example_external_task_marker_dag.py
[2024-11-06T00:00:16.323+0000] {logging_mixin.py:190} INFO - [2024-11-06T00:00:16.323+0000] {dag.py:3239} INFO - Sync 2 DAGs
[2024-11-06T00:00:16.356+0000] {logging_mixin.py:190} INFO - [2024-11-06T00:00:16.355+0000] {dag.py:4180} INFO - Setting next_dagrun for example_external_task_marker_child to None, run_after=None
[2024-11-06T00:00:16.362+0000] {logging_mixin.py:190} INFO - [2024-11-06T00:00:16.362+0000] {dag.py:4180} INFO - Setting next_dagrun for example_external_task_marker_parent to None, run_after=None
[2024-11-06T00:00:16.386+0000] {processor.py:208} INFO - Processing /home/airflow/.local/lib/python3.12/site-packages/airflow/example_dags/example_external_task_marker_dag.py took 0.179 seconds
[2024-11-06T00:00:47.280+0000] {processor.py:186} INFO - Started process (PID=2552) to work on /home/airflow/.local/lib/python3.12/site-packages/airflow/example_dags/example_external_task_marker_dag.py
[2024-11-06T00:00:47.283+0000] {processor.py:914} INFO - Processing file /home/airflow/.local/lib/python3.12/site-packages/airflow/example_dags/example_external_task_marker_dag.py for tasks to queue
[2024-11-06T00:00:47.291+0000] {logging_mixin.py:190} INFO - [2024-11-06T00:00:47.290+0000] {dagbag.py:588} INFO - Filling up the DagBag from /home/airflow/.local/lib/python3.12/site-packages/airflow/example_dags/example_external_task_marker_dag.py
[2024-11-06T00:00:47.307+0000] {processor.py:925} INFO - DAG(s) 'example_external_task_marker_parent', 'example_external_task_marker_child' retrieved from /home/airflow/.local/lib/python3.12/site-packages/airflow/example_dags/example_external_task_marker_dag.py
[2024-11-06T00:00:47.349+0000] {logging_mixin.py:190} INFO - [2024-11-06T00:00:47.348+0000] {dag.py:3239} INFO - Sync 2 DAGs
[2024-11-06T00:00:47.375+0000] {logging_mixin.py:190} INFO - [2024-11-06T00:00:47.374+0000] {dag.py:4180} INFO - Setting next_dagrun for example_external_task_marker_child to None, run_after=None
[2024-11-06T00:00:47.383+0000] {logging_mixin.py:190} INFO - [2024-11-06T00:00:47.382+0000] {dag.py:4180} INFO - Setting next_dagrun for example_external_task_marker_parent to None, run_after=None
[2024-11-06T00:00:47.433+0000] {processor.py:208} INFO - Processing /home/airflow/.local/lib/python3.12/site-packages/airflow/example_dags/example_external_task_marker_dag.py took 0.162 seconds
[2024-11-06T00:01:17.499+0000] {processor.py:186} INFO - Started process (PID=2615) to work on /home/airflow/.local/lib/python3.12/site-packages/airflow/example_dags/example_external_task_marker_dag.py
[2024-11-06T00:01:17.501+0000] {processor.py:914} INFO - Processing file /home/airflow/.local/lib/python3.12/site-packages/airflow/example_dags/example_external_task_marker_dag.py for tasks to queue
[2024-11-06T00:01:17.505+0000] {logging_mixin.py:190} INFO - [2024-11-06T00:01:17.505+0000] {dagbag.py:588} INFO - Filling up the DagBag from /home/airflow/.local/lib/python3.12/site-packages/airflow/example_dags/example_external_task_marker_dag.py
[2024-11-06T00:01:17.522+0000] {processor.py:925} INFO - DAG(s) 'example_external_task_marker_parent', 'example_external_task_marker_child' retrieved from /home/airflow/.local/lib/python3.12/site-packages/airflow/example_dags/example_external_task_marker_dag.py
[2024-11-06T00:01:17.563+0000] {logging_mixin.py:190} INFO - [2024-11-06T00:01:17.562+0000] {dag.py:3239} INFO - Sync 2 DAGs
[2024-11-06T00:01:17.589+0000] {logging_mixin.py:190} INFO - [2024-11-06T00:01:17.589+0000] {dag.py:4180} INFO - Setting next_dagrun for example_external_task_marker_child to None, run_after=None
[2024-11-06T00:01:17.604+0000] {logging_mixin.py:190} INFO - [2024-11-06T00:01:17.602+0000] {dag.py:4180} INFO - Setting next_dagrun for example_external_task_marker_parent to None, run_after=None
[2024-11-06T00:01:17.649+0000] {processor.py:208} INFO - Processing /home/airflow/.local/lib/python3.12/site-packages/airflow/example_dags/example_external_task_marker_dag.py took 0.165 seconds
[2024-11-06T00:01:48.361+0000] {processor.py:186} INFO - Started process (PID=2680) to work on /home/airflow/.local/lib/python3.12/site-packages/airflow/example_dags/example_external_task_marker_dag.py
[2024-11-06T00:01:48.364+0000] {processor.py:914} INFO - Processing file /home/airflow/.local/lib/python3.12/site-packages/airflow/example_dags/example_external_task_marker_dag.py for tasks to queue
[2024-11-06T00:01:48.368+0000] {logging_mixin.py:190} INFO - [2024-11-06T00:01:48.368+0000] {dagbag.py:588} INFO - Filling up the DagBag from /home/airflow/.local/lib/python3.12/site-packages/airflow/example_dags/example_external_task_marker_dag.py
[2024-11-06T00:01:48.382+0000] {processor.py:925} INFO - DAG(s) 'example_external_task_marker_child', 'example_external_task_marker_parent' retrieved from /home/airflow/.local/lib/python3.12/site-packages/airflow/example_dags/example_external_task_marker_dag.py
[2024-11-06T00:01:48.428+0000] {logging_mixin.py:190} INFO - [2024-11-06T00:01:48.428+0000] {dag.py:3239} INFO - Sync 2 DAGs
[2024-11-06T00:01:48.462+0000] {logging_mixin.py:190} INFO - [2024-11-06T00:01:48.462+0000] {dag.py:4180} INFO - Setting next_dagrun for example_external_task_marker_child to None, run_after=None
[2024-11-06T00:01:48.470+0000] {logging_mixin.py:190} INFO - [2024-11-06T00:01:48.469+0000] {dag.py:4180} INFO - Setting next_dagrun for example_external_task_marker_parent to None, run_after=None
[2024-11-06T00:01:48.506+0000] {processor.py:208} INFO - Processing /home/airflow/.local/lib/python3.12/site-packages/airflow/example_dags/example_external_task_marker_dag.py took 0.158 seconds
[2024-11-06T00:02:19.274+0000] {processor.py:186} INFO - Started process (PID=2744) to work on /home/airflow/.local/lib/python3.12/site-packages/airflow/example_dags/example_external_task_marker_dag.py
[2024-11-06T00:02:19.276+0000] {processor.py:914} INFO - Processing file /home/airflow/.local/lib/python3.12/site-packages/airflow/example_dags/example_external_task_marker_dag.py for tasks to queue
[2024-11-06T00:02:19.280+0000] {logging_mixin.py:190} INFO - [2024-11-06T00:02:19.280+0000] {dagbag.py:588} INFO - Filling up the DagBag from /home/airflow/.local/lib/python3.12/site-packages/airflow/example_dags/example_external_task_marker_dag.py
[2024-11-06T00:02:19.296+0000] {processor.py:925} INFO - DAG(s) 'example_external_task_marker_child', 'example_external_task_marker_parent' retrieved from /home/airflow/.local/lib/python3.12/site-packages/airflow/example_dags/example_external_task_marker_dag.py
[2024-11-06T00:02:19.347+0000] {logging_mixin.py:190} INFO - [2024-11-06T00:02:19.346+0000] {dag.py:3239} INFO - Sync 2 DAGs
[2024-11-06T00:02:19.383+0000] {logging_mixin.py:190} INFO - [2024-11-06T00:02:19.382+0000] {dag.py:4180} INFO - Setting next_dagrun for example_external_task_marker_child to None, run_after=None
[2024-11-06T00:02:19.391+0000] {logging_mixin.py:190} INFO - [2024-11-06T00:02:19.390+0000] {dag.py:4180} INFO - Setting next_dagrun for example_external_task_marker_parent to None, run_after=None
[2024-11-06T00:02:19.435+0000] {processor.py:208} INFO - Processing /home/airflow/.local/lib/python3.12/site-packages/airflow/example_dags/example_external_task_marker_dag.py took 0.171 seconds
[2024-11-06T00:02:49.937+0000] {processor.py:186} INFO - Started process (PID=2808) to work on /home/airflow/.local/lib/python3.12/site-packages/airflow/example_dags/example_external_task_marker_dag.py
[2024-11-06T00:02:49.939+0000] {processor.py:914} INFO - Processing file /home/airflow/.local/lib/python3.12/site-packages/airflow/example_dags/example_external_task_marker_dag.py for tasks to queue
[2024-11-06T00:02:49.946+0000] {logging_mixin.py:190} INFO - [2024-11-06T00:02:49.945+0000] {dagbag.py:588} INFO - Filling up the DagBag from /home/airflow/.local/lib/python3.12/site-packages/airflow/example_dags/example_external_task_marker_dag.py
[2024-11-06T00:02:49.962+0000] {processor.py:925} INFO - DAG(s) 'example_external_task_marker_parent', 'example_external_task_marker_child' retrieved from /home/airflow/.local/lib/python3.12/site-packages/airflow/example_dags/example_external_task_marker_dag.py
[2024-11-06T00:02:50.003+0000] {logging_mixin.py:190} INFO - [2024-11-06T00:02:50.003+0000] {dag.py:3239} INFO - Sync 2 DAGs
[2024-11-06T00:02:50.031+0000] {logging_mixin.py:190} INFO - [2024-11-06T00:02:50.031+0000] {dag.py:4180} INFO - Setting next_dagrun for example_external_task_marker_child to None, run_after=None
[2024-11-06T00:02:50.038+0000] {logging_mixin.py:190} INFO - [2024-11-06T00:02:50.038+0000] {dag.py:4180} INFO - Setting next_dagrun for example_external_task_marker_parent to None, run_after=None
[2024-11-06T00:02:50.070+0000] {processor.py:208} INFO - Processing /home/airflow/.local/lib/python3.12/site-packages/airflow/example_dags/example_external_task_marker_dag.py took 0.147 seconds
[2024-11-06T00:03:20.436+0000] {processor.py:186} INFO - Started process (PID=2872) to work on /home/airflow/.local/lib/python3.12/site-packages/airflow/example_dags/example_external_task_marker_dag.py
[2024-11-06T00:03:20.439+0000] {processor.py:914} INFO - Processing file /home/airflow/.local/lib/python3.12/site-packages/airflow/example_dags/example_external_task_marker_dag.py for tasks to queue
[2024-11-06T00:03:20.445+0000] {logging_mixin.py:190} INFO - [2024-11-06T00:03:20.444+0000] {dagbag.py:588} INFO - Filling up the DagBag from /home/airflow/.local/lib/python3.12/site-packages/airflow/example_dags/example_external_task_marker_dag.py
[2024-11-06T00:03:20.468+0000] {processor.py:925} INFO - DAG(s) 'example_external_task_marker_parent', 'example_external_task_marker_child' retrieved from /home/airflow/.local/lib/python3.12/site-packages/airflow/example_dags/example_external_task_marker_dag.py
[2024-11-06T00:03:20.520+0000] {logging_mixin.py:190} INFO - [2024-11-06T00:03:20.519+0000] {dag.py:3239} INFO - Sync 2 DAGs
[2024-11-06T00:03:20.548+0000] {logging_mixin.py:190} INFO - [2024-11-06T00:03:20.547+0000] {dag.py:4180} INFO - Setting next_dagrun for example_external_task_marker_child to None, run_after=None
[2024-11-06T00:03:20.558+0000] {logging_mixin.py:190} INFO - [2024-11-06T00:03:20.558+0000] {dag.py:4180} INFO - Setting next_dagrun for example_external_task_marker_parent to None, run_after=None
[2024-11-06T00:03:20.601+0000] {processor.py:208} INFO - Processing /home/airflow/.local/lib/python3.12/site-packages/airflow/example_dags/example_external_task_marker_dag.py took 0.178 seconds
[2024-11-06T00:03:50.756+0000] {processor.py:186} INFO - Started process (PID=2937) to work on /home/airflow/.local/lib/python3.12/site-packages/airflow/example_dags/example_external_task_marker_dag.py
[2024-11-06T00:03:50.758+0000] {processor.py:914} INFO - Processing file /home/airflow/.local/lib/python3.12/site-packages/airflow/example_dags/example_external_task_marker_dag.py for tasks to queue
[2024-11-06T00:03:50.762+0000] {logging_mixin.py:190} INFO - [2024-11-06T00:03:50.762+0000] {dagbag.py:588} INFO - Filling up the DagBag from /home/airflow/.local/lib/python3.12/site-packages/airflow/example_dags/example_external_task_marker_dag.py
[2024-11-06T00:03:50.774+0000] {processor.py:925} INFO - DAG(s) 'example_external_task_marker_parent', 'example_external_task_marker_child' retrieved from /home/airflow/.local/lib/python3.12/site-packages/airflow/example_dags/example_external_task_marker_dag.py
[2024-11-06T00:03:50.808+0000] {logging_mixin.py:190} INFO - [2024-11-06T00:03:50.808+0000] {dag.py:3239} INFO - Sync 2 DAGs
[2024-11-06T00:03:50.831+0000] {logging_mixin.py:190} INFO - [2024-11-06T00:03:50.830+0000] {dag.py:4180} INFO - Setting next_dagrun for example_external_task_marker_child to None, run_after=None
[2024-11-06T00:03:50.837+0000] {logging_mixin.py:190} INFO - [2024-11-06T00:03:50.837+0000] {dag.py:4180} INFO - Setting next_dagrun for example_external_task_marker_parent to None, run_after=None
[2024-11-06T00:03:50.886+0000] {processor.py:208} INFO - Processing /home/airflow/.local/lib/python3.12/site-packages/airflow/example_dags/example_external_task_marker_dag.py took 0.139 seconds
[2024-11-06T00:04:21.470+0000] {processor.py:186} INFO - Started process (PID=3001) to work on /home/airflow/.local/lib/python3.12/site-packages/airflow/example_dags/example_external_task_marker_dag.py
[2024-11-06T00:04:21.471+0000] {processor.py:914} INFO - Processing file /home/airflow/.local/lib/python3.12/site-packages/airflow/example_dags/example_external_task_marker_dag.py for tasks to queue
[2024-11-06T00:04:21.478+0000] {logging_mixin.py:190} INFO - [2024-11-06T00:04:21.476+0000] {dagbag.py:588} INFO - Filling up the DagBag from /home/airflow/.local/lib/python3.12/site-packages/airflow/example_dags/example_external_task_marker_dag.py
[2024-11-06T00:04:21.504+0000] {processor.py:925} INFO - DAG(s) 'example_external_task_marker_child', 'example_external_task_marker_parent' retrieved from /home/airflow/.local/lib/python3.12/site-packages/airflow/example_dags/example_external_task_marker_dag.py
[2024-11-06T00:04:21.547+0000] {logging_mixin.py:190} INFO - [2024-11-06T00:04:21.546+0000] {dag.py:3239} INFO - Sync 2 DAGs
[2024-11-06T00:04:21.573+0000] {logging_mixin.py:190} INFO - [2024-11-06T00:04:21.573+0000] {dag.py:4180} INFO - Setting next_dagrun for example_external_task_marker_child to None, run_after=None
[2024-11-06T00:04:21.581+0000] {logging_mixin.py:190} INFO - [2024-11-06T00:04:21.580+0000] {dag.py:4180} INFO - Setting next_dagrun for example_external_task_marker_parent to None, run_after=None
[2024-11-06T00:04:21.612+0000] {processor.py:208} INFO - Processing /home/airflow/.local/lib/python3.12/site-packages/airflow/example_dags/example_external_task_marker_dag.py took 0.154 seconds
[2024-11-06T00:04:53.143+0000] {processor.py:186} INFO - Started process (PID=3066) to work on /home/airflow/.local/lib/python3.12/site-packages/airflow/example_dags/example_external_task_marker_dag.py
[2024-11-06T00:04:53.144+0000] {processor.py:914} INFO - Processing file /home/airflow/.local/lib/python3.12/site-packages/airflow/example_dags/example_external_task_marker_dag.py for tasks to queue
[2024-11-06T00:04:53.148+0000] {logging_mixin.py:190} INFO - [2024-11-06T00:04:53.148+0000] {dagbag.py:588} INFO - Filling up the DagBag from /home/airflow/.local/lib/python3.12/site-packages/airflow/example_dags/example_external_task_marker_dag.py
[2024-11-06T00:04:53.170+0000] {processor.py:925} INFO - DAG(s) 'example_external_task_marker_child', 'example_external_task_marker_parent' retrieved from /home/airflow/.local/lib/python3.12/site-packages/airflow/example_dags/example_external_task_marker_dag.py
[2024-11-06T00:04:53.240+0000] {logging_mixin.py:190} INFO - [2024-11-06T00:04:53.240+0000] {dag.py:3239} INFO - Sync 2 DAGs
[2024-11-06T00:04:53.269+0000] {logging_mixin.py:190} INFO - [2024-11-06T00:04:53.268+0000] {dag.py:4180} INFO - Setting next_dagrun for example_external_task_marker_child to None, run_after=None
[2024-11-06T00:04:53.275+0000] {logging_mixin.py:190} INFO - [2024-11-06T00:04:53.275+0000] {dag.py:4180} INFO - Setting next_dagrun for example_external_task_marker_parent to None, run_after=None
[2024-11-06T00:04:53.312+0000] {processor.py:208} INFO - Processing /home/airflow/.local/lib/python3.12/site-packages/airflow/example_dags/example_external_task_marker_dag.py took 0.179 seconds
[2024-11-06T00:05:23.567+0000] {processor.py:186} INFO - Started process (PID=3130) to work on /home/airflow/.local/lib/python3.12/site-packages/airflow/example_dags/example_external_task_marker_dag.py
[2024-11-06T00:05:23.569+0000] {processor.py:914} INFO - Processing file /home/airflow/.local/lib/python3.12/site-packages/airflow/example_dags/example_external_task_marker_dag.py for tasks to queue
[2024-11-06T00:05:23.573+0000] {logging_mixin.py:190} INFO - [2024-11-06T00:05:23.572+0000] {dagbag.py:588} INFO - Filling up the DagBag from /home/airflow/.local/lib/python3.12/site-packages/airflow/example_dags/example_external_task_marker_dag.py
[2024-11-06T00:05:23.589+0000] {processor.py:925} INFO - DAG(s) 'example_external_task_marker_child', 'example_external_task_marker_parent' retrieved from /home/airflow/.local/lib/python3.12/site-packages/airflow/example_dags/example_external_task_marker_dag.py
[2024-11-06T00:05:23.629+0000] {logging_mixin.py:190} INFO - [2024-11-06T00:05:23.629+0000] {dag.py:3239} INFO - Sync 2 DAGs
[2024-11-06T00:05:23.653+0000] {logging_mixin.py:190} INFO - [2024-11-06T00:05:23.653+0000] {dag.py:4180} INFO - Setting next_dagrun for example_external_task_marker_child to None, run_after=None
[2024-11-06T00:05:23.661+0000] {logging_mixin.py:190} INFO - [2024-11-06T00:05:23.661+0000] {dag.py:4180} INFO - Setting next_dagrun for example_external_task_marker_parent to None, run_after=None
[2024-11-06T00:05:23.706+0000] {processor.py:208} INFO - Processing /home/airflow/.local/lib/python3.12/site-packages/airflow/example_dags/example_external_task_marker_dag.py took 0.148 seconds
[2024-11-06T00:05:55.871+0000] {processor.py:186} INFO - Started process (PID=3194) to work on /home/airflow/.local/lib/python3.12/site-packages/airflow/example_dags/example_external_task_marker_dag.py
[2024-11-06T00:05:55.872+0000] {processor.py:914} INFO - Processing file /home/airflow/.local/lib/python3.12/site-packages/airflow/example_dags/example_external_task_marker_dag.py for tasks to queue
[2024-11-06T00:05:55.876+0000] {logging_mixin.py:190} INFO - [2024-11-06T00:05:55.876+0000] {dagbag.py:588} INFO - Filling up the DagBag from /home/airflow/.local/lib/python3.12/site-packages/airflow/example_dags/example_external_task_marker_dag.py
[2024-11-06T00:05:55.891+0000] {processor.py:925} INFO - DAG(s) 'example_external_task_marker_parent', 'example_external_task_marker_child' retrieved from /home/airflow/.local/lib/python3.12/site-packages/airflow/example_dags/example_external_task_marker_dag.py
[2024-11-06T00:05:55.930+0000] {logging_mixin.py:190} INFO - [2024-11-06T00:05:55.929+0000] {dag.py:3239} INFO - Sync 2 DAGs
[2024-11-06T00:05:55.954+0000] {logging_mixin.py:190} INFO - [2024-11-06T00:05:55.953+0000] {dag.py:4180} INFO - Setting next_dagrun for example_external_task_marker_child to None, run_after=None
[2024-11-06T00:05:55.961+0000] {logging_mixin.py:190} INFO - [2024-11-06T00:05:55.960+0000] {dag.py:4180} INFO - Setting next_dagrun for example_external_task_marker_parent to None, run_after=None
[2024-11-06T00:05:55.986+0000] {processor.py:208} INFO - Processing /home/airflow/.local/lib/python3.12/site-packages/airflow/example_dags/example_external_task_marker_dag.py took 0.126 seconds
[2024-11-06T00:06:27.345+0000] {processor.py:186} INFO - Started process (PID=3258) to work on /home/airflow/.local/lib/python3.12/site-packages/airflow/example_dags/example_external_task_marker_dag.py
[2024-11-06T00:06:27.348+0000] {processor.py:914} INFO - Processing file /home/airflow/.local/lib/python3.12/site-packages/airflow/example_dags/example_external_task_marker_dag.py for tasks to queue
[2024-11-06T00:06:27.353+0000] {logging_mixin.py:190} INFO - [2024-11-06T00:06:27.353+0000] {dagbag.py:588} INFO - Filling up the DagBag from /home/airflow/.local/lib/python3.12/site-packages/airflow/example_dags/example_external_task_marker_dag.py
[2024-11-06T00:06:27.368+0000] {processor.py:925} INFO - DAG(s) 'example_external_task_marker_parent', 'example_external_task_marker_child' retrieved from /home/airflow/.local/lib/python3.12/site-packages/airflow/example_dags/example_external_task_marker_dag.py
[2024-11-06T00:06:27.411+0000] {logging_mixin.py:190} INFO - [2024-11-06T00:06:27.410+0000] {dag.py:3239} INFO - Sync 2 DAGs
[2024-11-06T00:06:27.444+0000] {logging_mixin.py:190} INFO - [2024-11-06T00:06:27.444+0000] {dag.py:4180} INFO - Setting next_dagrun for example_external_task_marker_child to None, run_after=None
[2024-11-06T00:06:27.452+0000] {logging_mixin.py:190} INFO - [2024-11-06T00:06:27.452+0000] {dag.py:4180} INFO - Setting next_dagrun for example_external_task_marker_parent to None, run_after=None
[2024-11-06T00:06:27.479+0000] {processor.py:208} INFO - Processing /home/airflow/.local/lib/python3.12/site-packages/airflow/example_dags/example_external_task_marker_dag.py took 0.144 seconds
[2024-11-06T00:06:59.004+0000] {processor.py:186} INFO - Started process (PID=3323) to work on /home/airflow/.local/lib/python3.12/site-packages/airflow/example_dags/example_external_task_marker_dag.py
[2024-11-06T00:06:59.006+0000] {processor.py:914} INFO - Processing file /home/airflow/.local/lib/python3.12/site-packages/airflow/example_dags/example_external_task_marker_dag.py for tasks to queue
[2024-11-06T00:06:59.010+0000] {logging_mixin.py:190} INFO - [2024-11-06T00:06:59.010+0000] {dagbag.py:588} INFO - Filling up the DagBag from /home/airflow/.local/lib/python3.12/site-packages/airflow/example_dags/example_external_task_marker_dag.py
[2024-11-06T00:06:59.023+0000] {processor.py:925} INFO - DAG(s) 'example_external_task_marker_parent', 'example_external_task_marker_child' retrieved from /home/airflow/.local/lib/python3.12/site-packages/airflow/example_dags/example_external_task_marker_dag.py
[2024-11-06T00:06:59.070+0000] {logging_mixin.py:190} INFO - [2024-11-06T00:06:59.070+0000] {dag.py:3239} INFO - Sync 2 DAGs
[2024-11-06T00:06:59.097+0000] {logging_mixin.py:190} INFO - [2024-11-06T00:06:59.097+0000] {dag.py:4180} INFO - Setting next_dagrun for example_external_task_marker_child to None, run_after=None
[2024-11-06T00:06:59.103+0000] {logging_mixin.py:190} INFO - [2024-11-06T00:06:59.103+0000] {dag.py:4180} INFO - Setting next_dagrun for example_external_task_marker_parent to None, run_after=None
[2024-11-06T00:06:59.150+0000] {processor.py:208} INFO - Processing /home/airflow/.local/lib/python3.12/site-packages/airflow/example_dags/example_external_task_marker_dag.py took 0.159 seconds
[2024-11-06T00:07:29.900+0000] {processor.py:186} INFO - Started process (PID=3387) to work on /home/airflow/.local/lib/python3.12/site-packages/airflow/example_dags/example_external_task_marker_dag.py
[2024-11-06T00:07:29.902+0000] {processor.py:914} INFO - Processing file /home/airflow/.local/lib/python3.12/site-packages/airflow/example_dags/example_external_task_marker_dag.py for tasks to queue
[2024-11-06T00:07:29.906+0000] {logging_mixin.py:190} INFO - [2024-11-06T00:07:29.906+0000] {dagbag.py:588} INFO - Filling up the DagBag from /home/airflow/.local/lib/python3.12/site-packages/airflow/example_dags/example_external_task_marker_dag.py
[2024-11-06T00:07:29.920+0000] {processor.py:925} INFO - DAG(s) 'example_external_task_marker_parent', 'example_external_task_marker_child' retrieved from /home/airflow/.local/lib/python3.12/site-packages/airflow/example_dags/example_external_task_marker_dag.py
[2024-11-06T00:07:29.956+0000] {logging_mixin.py:190} INFO - [2024-11-06T00:07:29.955+0000] {dag.py:3239} INFO - Sync 2 DAGs
[2024-11-06T00:07:29.978+0000] {logging_mixin.py:190} INFO - [2024-11-06T00:07:29.978+0000] {dag.py:4180} INFO - Setting next_dagrun for example_external_task_marker_child to None, run_after=None
[2024-11-06T00:07:29.987+0000] {logging_mixin.py:190} INFO - [2024-11-06T00:07:29.986+0000] {dag.py:4180} INFO - Setting next_dagrun for example_external_task_marker_parent to None, run_after=None
[2024-11-06T00:07:30.026+0000] {processor.py:208} INFO - Processing /home/airflow/.local/lib/python3.12/site-packages/airflow/example_dags/example_external_task_marker_dag.py took 0.137 seconds
[2024-11-06T00:08:00.921+0000] {processor.py:186} INFO - Started process (PID=3452) to work on /home/airflow/.local/lib/python3.12/site-packages/airflow/example_dags/example_external_task_marker_dag.py
[2024-11-06T00:08:00.922+0000] {processor.py:914} INFO - Processing file /home/airflow/.local/lib/python3.12/site-packages/airflow/example_dags/example_external_task_marker_dag.py for tasks to queue
[2024-11-06T00:08:00.927+0000] {logging_mixin.py:190} INFO - [2024-11-06T00:08:00.926+0000] {dagbag.py:588} INFO - Filling up the DagBag from /home/airflow/.local/lib/python3.12/site-packages/airflow/example_dags/example_external_task_marker_dag.py
[2024-11-06T00:08:00.939+0000] {processor.py:925} INFO - DAG(s) 'example_external_task_marker_parent', 'example_external_task_marker_child' retrieved from /home/airflow/.local/lib/python3.12/site-packages/airflow/example_dags/example_external_task_marker_dag.py
[2024-11-06T00:08:00.978+0000] {logging_mixin.py:190} INFO - [2024-11-06T00:08:00.978+0000] {dag.py:3239} INFO - Sync 2 DAGs
[2024-11-06T00:08:01.005+0000] {logging_mixin.py:190} INFO - [2024-11-06T00:08:01.004+0000] {dag.py:4180} INFO - Setting next_dagrun for example_external_task_marker_child to None, run_after=None
[2024-11-06T00:08:01.011+0000] {logging_mixin.py:190} INFO - [2024-11-06T00:08:01.011+0000] {dag.py:4180} INFO - Setting next_dagrun for example_external_task_marker_parent to None, run_after=None
[2024-11-06T00:08:01.348+0000] {processor.py:208} INFO - Processing /home/airflow/.local/lib/python3.12/site-packages/airflow/example_dags/example_external_task_marker_dag.py took 0.440 seconds
[2024-11-06T00:08:31.625+0000] {processor.py:186} INFO - Started process (PID=3516) to work on /home/airflow/.local/lib/python3.12/site-packages/airflow/example_dags/example_external_task_marker_dag.py
[2024-11-06T00:08:31.628+0000] {processor.py:914} INFO - Processing file /home/airflow/.local/lib/python3.12/site-packages/airflow/example_dags/example_external_task_marker_dag.py for tasks to queue
[2024-11-06T00:08:31.633+0000] {logging_mixin.py:190} INFO - [2024-11-06T00:08:31.633+0000] {dagbag.py:588} INFO - Filling up the DagBag from /home/airflow/.local/lib/python3.12/site-packages/airflow/example_dags/example_external_task_marker_dag.py
[2024-11-06T00:08:31.648+0000] {processor.py:925} INFO - DAG(s) 'example_external_task_marker_child', 'example_external_task_marker_parent' retrieved from /home/airflow/.local/lib/python3.12/site-packages/airflow/example_dags/example_external_task_marker_dag.py
[2024-11-06T00:08:31.714+0000] {logging_mixin.py:190} INFO - [2024-11-06T00:08:31.713+0000] {dag.py:3239} INFO - Sync 2 DAGs
[2024-11-06T00:08:31.741+0000] {logging_mixin.py:190} INFO - [2024-11-06T00:08:31.740+0000] {dag.py:4180} INFO - Setting next_dagrun for example_external_task_marker_child to None, run_after=None
[2024-11-06T00:08:31.748+0000] {logging_mixin.py:190} INFO - [2024-11-06T00:08:31.747+0000] {dag.py:4180} INFO - Setting next_dagrun for example_external_task_marker_parent to None, run_after=None
[2024-11-06T00:08:31.776+0000] {processor.py:208} INFO - Processing /home/airflow/.local/lib/python3.12/site-packages/airflow/example_dags/example_external_task_marker_dag.py took 0.163 seconds
[2024-11-06T00:09:03.027+0000] {processor.py:186} INFO - Started process (PID=3581) to work on /home/airflow/.local/lib/python3.12/site-packages/airflow/example_dags/example_external_task_marker_dag.py
[2024-11-06T00:09:03.028+0000] {processor.py:914} INFO - Processing file /home/airflow/.local/lib/python3.12/site-packages/airflow/example_dags/example_external_task_marker_dag.py for tasks to queue
[2024-11-06T00:09:03.033+0000] {logging_mixin.py:190} INFO - [2024-11-06T00:09:03.032+0000] {dagbag.py:588} INFO - Filling up the DagBag from /home/airflow/.local/lib/python3.12/site-packages/airflow/example_dags/example_external_task_marker_dag.py
[2024-11-06T00:09:03.045+0000] {processor.py:925} INFO - DAG(s) 'example_external_task_marker_parent', 'example_external_task_marker_child' retrieved from /home/airflow/.local/lib/python3.12/site-packages/airflow/example_dags/example_external_task_marker_dag.py
[2024-11-06T00:09:03.083+0000] {logging_mixin.py:190} INFO - [2024-11-06T00:09:03.083+0000] {dag.py:3239} INFO - Sync 2 DAGs
[2024-11-06T00:09:03.107+0000] {logging_mixin.py:190} INFO - [2024-11-06T00:09:03.106+0000] {dag.py:4180} INFO - Setting next_dagrun for example_external_task_marker_child to None, run_after=None
[2024-11-06T00:09:03.114+0000] {logging_mixin.py:190} INFO - [2024-11-06T00:09:03.113+0000] {dag.py:4180} INFO - Setting next_dagrun for example_external_task_marker_parent to None, run_after=None
[2024-11-06T00:09:03.161+0000] {processor.py:208} INFO - Processing /home/airflow/.local/lib/python3.12/site-packages/airflow/example_dags/example_external_task_marker_dag.py took 0.145 seconds
[2024-11-06T00:09:34.873+0000] {processor.py:186} INFO - Started process (PID=3647) to work on /home/airflow/.local/lib/python3.12/site-packages/airflow/example_dags/example_external_task_marker_dag.py
[2024-11-06T00:09:34.875+0000] {processor.py:914} INFO - Processing file /home/airflow/.local/lib/python3.12/site-packages/airflow/example_dags/example_external_task_marker_dag.py for tasks to queue
[2024-11-06T00:09:34.879+0000] {logging_mixin.py:190} INFO - [2024-11-06T00:09:34.878+0000] {dagbag.py:588} INFO - Filling up the DagBag from /home/airflow/.local/lib/python3.12/site-packages/airflow/example_dags/example_external_task_marker_dag.py
[2024-11-06T00:09:34.893+0000] {processor.py:925} INFO - DAG(s) 'example_external_task_marker_parent', 'example_external_task_marker_child' retrieved from /home/airflow/.local/lib/python3.12/site-packages/airflow/example_dags/example_external_task_marker_dag.py
[2024-11-06T00:09:34.934+0000] {logging_mixin.py:190} INFO - [2024-11-06T00:09:34.934+0000] {dag.py:3239} INFO - Sync 2 DAGs
[2024-11-06T00:09:34.963+0000] {logging_mixin.py:190} INFO - [2024-11-06T00:09:34.962+0000] {dag.py:4180} INFO - Setting next_dagrun for example_external_task_marker_child to None, run_after=None
[2024-11-06T00:09:34.973+0000] {logging_mixin.py:190} INFO - [2024-11-06T00:09:34.972+0000] {dag.py:4180} INFO - Setting next_dagrun for example_external_task_marker_parent to None, run_after=None
[2024-11-06T00:09:35.003+0000] {processor.py:208} INFO - Processing /home/airflow/.local/lib/python3.12/site-packages/airflow/example_dags/example_external_task_marker_dag.py took 0.142 seconds
[2024-11-06T00:10:07.936+0000] {processor.py:186} INFO - Started process (PID=3711) to work on /home/airflow/.local/lib/python3.12/site-packages/airflow/example_dags/example_external_task_marker_dag.py
[2024-11-06T00:10:07.938+0000] {processor.py:914} INFO - Processing file /home/airflow/.local/lib/python3.12/site-packages/airflow/example_dags/example_external_task_marker_dag.py for tasks to queue
[2024-11-06T00:10:07.942+0000] {logging_mixin.py:190} INFO - [2024-11-06T00:10:07.941+0000] {dagbag.py:588} INFO - Filling up the DagBag from /home/airflow/.local/lib/python3.12/site-packages/airflow/example_dags/example_external_task_marker_dag.py
[2024-11-06T00:10:07.958+0000] {processor.py:925} INFO - DAG(s) 'example_external_task_marker_child', 'example_external_task_marker_parent' retrieved from /home/airflow/.local/lib/python3.12/site-packages/airflow/example_dags/example_external_task_marker_dag.py
[2024-11-06T00:10:08.008+0000] {logging_mixin.py:190} INFO - [2024-11-06T00:10:08.008+0000] {dag.py:3239} INFO - Sync 2 DAGs
[2024-11-06T00:10:08.040+0000] {logging_mixin.py:190} INFO - [2024-11-06T00:10:08.039+0000] {dag.py:4180} INFO - Setting next_dagrun for example_external_task_marker_child to None, run_after=None
[2024-11-06T00:10:08.048+0000] {logging_mixin.py:190} INFO - [2024-11-06T00:10:08.047+0000] {dag.py:4180} INFO - Setting next_dagrun for example_external_task_marker_parent to None, run_after=None
[2024-11-06T00:10:08.076+0000] {processor.py:208} INFO - Processing /home/airflow/.local/lib/python3.12/site-packages/airflow/example_dags/example_external_task_marker_dag.py took 0.153 seconds
[2024-11-06T00:10:39.142+0000] {processor.py:186} INFO - Started process (PID=3776) to work on /home/airflow/.local/lib/python3.12/site-packages/airflow/example_dags/example_external_task_marker_dag.py
[2024-11-06T00:10:39.144+0000] {processor.py:914} INFO - Processing file /home/airflow/.local/lib/python3.12/site-packages/airflow/example_dags/example_external_task_marker_dag.py for tasks to queue
[2024-11-06T00:10:39.149+0000] {logging_mixin.py:190} INFO - [2024-11-06T00:10:39.149+0000] {dagbag.py:588} INFO - Filling up the DagBag from /home/airflow/.local/lib/python3.12/site-packages/airflow/example_dags/example_external_task_marker_dag.py
[2024-11-06T00:10:39.167+0000] {processor.py:925} INFO - DAG(s) 'example_external_task_marker_parent', 'example_external_task_marker_child' retrieved from /home/airflow/.local/lib/python3.12/site-packages/airflow/example_dags/example_external_task_marker_dag.py
[2024-11-06T00:10:39.212+0000] {logging_mixin.py:190} INFO - [2024-11-06T00:10:39.212+0000] {dag.py:3239} INFO - Sync 2 DAGs
[2024-11-06T00:10:39.577+0000] {logging_mixin.py:190} INFO - [2024-11-06T00:10:39.576+0000] {dag.py:4180} INFO - Setting next_dagrun for example_external_task_marker_child to None, run_after=None
[2024-11-06T00:10:39.585+0000] {logging_mixin.py:190} INFO - [2024-11-06T00:10:39.584+0000] {dag.py:4180} INFO - Setting next_dagrun for example_external_task_marker_parent to None, run_after=None
[2024-11-06T00:10:39.611+0000] {processor.py:208} INFO - Processing /home/airflow/.local/lib/python3.12/site-packages/airflow/example_dags/example_external_task_marker_dag.py took 0.480 seconds
[2024-11-06T00:11:10.418+0000] {processor.py:186} INFO - Started process (PID=3840) to work on /home/airflow/.local/lib/python3.12/site-packages/airflow/example_dags/example_external_task_marker_dag.py
[2024-11-06T00:11:10.419+0000] {processor.py:914} INFO - Processing file /home/airflow/.local/lib/python3.12/site-packages/airflow/example_dags/example_external_task_marker_dag.py for tasks to queue
[2024-11-06T00:11:10.423+0000] {logging_mixin.py:190} INFO - [2024-11-06T00:11:10.423+0000] {dagbag.py:588} INFO - Filling up the DagBag from /home/airflow/.local/lib/python3.12/site-packages/airflow/example_dags/example_external_task_marker_dag.py
[2024-11-06T00:11:10.443+0000] {processor.py:925} INFO - DAG(s) 'example_external_task_marker_child', 'example_external_task_marker_parent' retrieved from /home/airflow/.local/lib/python3.12/site-packages/airflow/example_dags/example_external_task_marker_dag.py
[2024-11-06T00:11:10.499+0000] {logging_mixin.py:190} INFO - [2024-11-06T00:11:10.498+0000] {dag.py:3239} INFO - Sync 2 DAGs
[2024-11-06T00:11:10.537+0000] {logging_mixin.py:190} INFO - [2024-11-06T00:11:10.537+0000] {dag.py:4180} INFO - Setting next_dagrun for example_external_task_marker_child to None, run_after=None
[2024-11-06T00:11:10.546+0000] {logging_mixin.py:190} INFO - [2024-11-06T00:11:10.545+0000] {dag.py:4180} INFO - Setting next_dagrun for example_external_task_marker_parent to None, run_after=None
[2024-11-06T00:11:10.610+0000] {processor.py:208} INFO - Processing /home/airflow/.local/lib/python3.12/site-packages/airflow/example_dags/example_external_task_marker_dag.py took 0.203 seconds
[2024-11-06T00:11:41.193+0000] {processor.py:186} INFO - Started process (PID=3904) to work on /home/airflow/.local/lib/python3.12/site-packages/airflow/example_dags/example_external_task_marker_dag.py
[2024-11-06T00:11:41.196+0000] {processor.py:914} INFO - Processing file /home/airflow/.local/lib/python3.12/site-packages/airflow/example_dags/example_external_task_marker_dag.py for tasks to queue
[2024-11-06T00:11:41.204+0000] {logging_mixin.py:190} INFO - [2024-11-06T00:11:41.203+0000] {dagbag.py:588} INFO - Filling up the DagBag from /home/airflow/.local/lib/python3.12/site-packages/airflow/example_dags/example_external_task_marker_dag.py
[2024-11-06T00:11:41.230+0000] {processor.py:925} INFO - DAG(s) 'example_external_task_marker_parent', 'example_external_task_marker_child' retrieved from /home/airflow/.local/lib/python3.12/site-packages/airflow/example_dags/example_external_task_marker_dag.py
[2024-11-06T00:11:41.290+0000] {logging_mixin.py:190} INFO - [2024-11-06T00:11:41.290+0000] {dag.py:3239} INFO - Sync 2 DAGs
[2024-11-06T00:11:41.326+0000] {logging_mixin.py:190} INFO - [2024-11-06T00:11:41.325+0000] {dag.py:4180} INFO - Setting next_dagrun for example_external_task_marker_child to None, run_after=None
[2024-11-06T00:11:41.335+0000] {logging_mixin.py:190} INFO - [2024-11-06T00:11:41.334+0000] {dag.py:4180} INFO - Setting next_dagrun for example_external_task_marker_parent to None, run_after=None
[2024-11-06T00:11:41.362+0000] {processor.py:208} INFO - Processing /home/airflow/.local/lib/python3.12/site-packages/airflow/example_dags/example_external_task_marker_dag.py took 0.187 seconds
[2024-11-06T00:12:11.585+0000] {processor.py:186} INFO - Started process (PID=3968) to work on /home/airflow/.local/lib/python3.12/site-packages/airflow/example_dags/example_external_task_marker_dag.py
[2024-11-06T00:12:11.588+0000] {processor.py:914} INFO - Processing file /home/airflow/.local/lib/python3.12/site-packages/airflow/example_dags/example_external_task_marker_dag.py for tasks to queue
[2024-11-06T00:12:11.593+0000] {logging_mixin.py:190} INFO - [2024-11-06T00:12:11.592+0000] {dagbag.py:588} INFO - Filling up the DagBag from /home/airflow/.local/lib/python3.12/site-packages/airflow/example_dags/example_external_task_marker_dag.py
[2024-11-06T00:12:11.608+0000] {processor.py:925} INFO - DAG(s) 'example_external_task_marker_parent', 'example_external_task_marker_child' retrieved from /home/airflow/.local/lib/python3.12/site-packages/airflow/example_dags/example_external_task_marker_dag.py
[2024-11-06T00:12:11.649+0000] {logging_mixin.py:190} INFO - [2024-11-06T00:12:11.649+0000] {dag.py:3239} INFO - Sync 2 DAGs
[2024-11-06T00:12:11.675+0000] {logging_mixin.py:190} INFO - [2024-11-06T00:12:11.675+0000] {dag.py:4180} INFO - Setting next_dagrun for example_external_task_marker_child to None, run_after=None
[2024-11-06T00:12:11.681+0000] {logging_mixin.py:190} INFO - [2024-11-06T00:12:11.680+0000] {dag.py:4180} INFO - Setting next_dagrun for example_external_task_marker_parent to None, run_after=None
[2024-11-06T00:12:11.704+0000] {processor.py:208} INFO - Processing /home/airflow/.local/lib/python3.12/site-packages/airflow/example_dags/example_external_task_marker_dag.py took 0.130 seconds
[2024-11-06T00:12:42.496+0000] {processor.py:186} INFO - Started process (PID=4032) to work on /home/airflow/.local/lib/python3.12/site-packages/airflow/example_dags/example_external_task_marker_dag.py
[2024-11-06T00:12:42.499+0000] {processor.py:914} INFO - Processing file /home/airflow/.local/lib/python3.12/site-packages/airflow/example_dags/example_external_task_marker_dag.py for tasks to queue
[2024-11-06T00:12:42.503+0000] {logging_mixin.py:190} INFO - [2024-11-06T00:12:42.503+0000] {dagbag.py:588} INFO - Filling up the DagBag from /home/airflow/.local/lib/python3.12/site-packages/airflow/example_dags/example_external_task_marker_dag.py
[2024-11-06T00:12:42.524+0000] {processor.py:925} INFO - DAG(s) 'example_external_task_marker_child', 'example_external_task_marker_parent' retrieved from /home/airflow/.local/lib/python3.12/site-packages/airflow/example_dags/example_external_task_marker_dag.py
[2024-11-06T00:12:42.577+0000] {logging_mixin.py:190} INFO - [2024-11-06T00:12:42.577+0000] {dag.py:3239} INFO - Sync 2 DAGs
[2024-11-06T00:12:42.614+0000] {logging_mixin.py:190} INFO - [2024-11-06T00:12:42.613+0000] {dag.py:4180} INFO - Setting next_dagrun for example_external_task_marker_child to None, run_after=None
[2024-11-06T00:12:42.621+0000] {logging_mixin.py:190} INFO - [2024-11-06T00:12:42.621+0000] {dag.py:4180} INFO - Setting next_dagrun for example_external_task_marker_parent to None, run_after=None
[2024-11-06T00:12:42.654+0000] {processor.py:208} INFO - Processing /home/airflow/.local/lib/python3.12/site-packages/airflow/example_dags/example_external_task_marker_dag.py took 0.178 seconds
[2024-11-06T00:13:13.145+0000] {processor.py:186} INFO - Started process (PID=4097) to work on /home/airflow/.local/lib/python3.12/site-packages/airflow/example_dags/example_external_task_marker_dag.py
[2024-11-06T00:13:13.146+0000] {processor.py:914} INFO - Processing file /home/airflow/.local/lib/python3.12/site-packages/airflow/example_dags/example_external_task_marker_dag.py for tasks to queue
[2024-11-06T00:13:13.150+0000] {logging_mixin.py:190} INFO - [2024-11-06T00:13:13.150+0000] {dagbag.py:588} INFO - Filling up the DagBag from /home/airflow/.local/lib/python3.12/site-packages/airflow/example_dags/example_external_task_marker_dag.py
[2024-11-06T00:13:13.164+0000] {processor.py:925} INFO - DAG(s) 'example_external_task_marker_child', 'example_external_task_marker_parent' retrieved from /home/airflow/.local/lib/python3.12/site-packages/airflow/example_dags/example_external_task_marker_dag.py
[2024-11-06T00:13:13.200+0000] {logging_mixin.py:190} INFO - [2024-11-06T00:13:13.200+0000] {dag.py:3239} INFO - Sync 2 DAGs
[2024-11-06T00:13:13.229+0000] {logging_mixin.py:190} INFO - [2024-11-06T00:13:13.229+0000] {dag.py:4180} INFO - Setting next_dagrun for example_external_task_marker_child to None, run_after=None
[2024-11-06T00:13:13.236+0000] {logging_mixin.py:190} INFO - [2024-11-06T00:13:13.235+0000] {dag.py:4180} INFO - Setting next_dagrun for example_external_task_marker_parent to None, run_after=None
[2024-11-06T00:13:13.270+0000] {processor.py:208} INFO - Processing /home/airflow/.local/lib/python3.12/site-packages/airflow/example_dags/example_external_task_marker_dag.py took 0.134 seconds
[2024-11-06T00:13:43.397+0000] {processor.py:186} INFO - Started process (PID=4160) to work on /home/airflow/.local/lib/python3.12/site-packages/airflow/example_dags/example_external_task_marker_dag.py
[2024-11-06T00:13:43.399+0000] {processor.py:914} INFO - Processing file /home/airflow/.local/lib/python3.12/site-packages/airflow/example_dags/example_external_task_marker_dag.py for tasks to queue
[2024-11-06T00:13:43.404+0000] {logging_mixin.py:190} INFO - [2024-11-06T00:13:43.404+0000] {dagbag.py:588} INFO - Filling up the DagBag from /home/airflow/.local/lib/python3.12/site-packages/airflow/example_dags/example_external_task_marker_dag.py
[2024-11-06T00:13:43.416+0000] {processor.py:925} INFO - DAG(s) 'example_external_task_marker_parent', 'example_external_task_marker_child' retrieved from /home/airflow/.local/lib/python3.12/site-packages/airflow/example_dags/example_external_task_marker_dag.py
[2024-11-06T00:13:43.453+0000] {logging_mixin.py:190} INFO - [2024-11-06T00:13:43.453+0000] {dag.py:3239} INFO - Sync 2 DAGs
[2024-11-06T00:13:43.475+0000] {logging_mixin.py:190} INFO - [2024-11-06T00:13:43.475+0000] {dag.py:4180} INFO - Setting next_dagrun for example_external_task_marker_child to None, run_after=None
[2024-11-06T00:13:43.481+0000] {logging_mixin.py:190} INFO - [2024-11-06T00:13:43.481+0000] {dag.py:4180} INFO - Setting next_dagrun for example_external_task_marker_parent to None, run_after=None
[2024-11-06T00:13:43.507+0000] {processor.py:208} INFO - Processing /home/airflow/.local/lib/python3.12/site-packages/airflow/example_dags/example_external_task_marker_dag.py took 0.118 seconds
[2024-11-06T00:14:14.553+0000] {processor.py:186} INFO - Started process (PID=4225) to work on /home/airflow/.local/lib/python3.12/site-packages/airflow/example_dags/example_external_task_marker_dag.py
[2024-11-06T00:14:14.554+0000] {processor.py:914} INFO - Processing file /home/airflow/.local/lib/python3.12/site-packages/airflow/example_dags/example_external_task_marker_dag.py for tasks to queue
[2024-11-06T00:14:14.558+0000] {logging_mixin.py:190} INFO - [2024-11-06T00:14:14.557+0000] {dagbag.py:588} INFO - Filling up the DagBag from /home/airflow/.local/lib/python3.12/site-packages/airflow/example_dags/example_external_task_marker_dag.py
[2024-11-06T00:14:14.577+0000] {processor.py:925} INFO - DAG(s) 'example_external_task_marker_parent', 'example_external_task_marker_child' retrieved from /home/airflow/.local/lib/python3.12/site-packages/airflow/example_dags/example_external_task_marker_dag.py
[2024-11-06T00:14:14.614+0000] {logging_mixin.py:190} INFO - [2024-11-06T00:14:14.613+0000] {dag.py:3239} INFO - Sync 2 DAGs
[2024-11-06T00:14:14.638+0000] {logging_mixin.py:190} INFO - [2024-11-06T00:14:14.637+0000] {dag.py:4180} INFO - Setting next_dagrun for example_external_task_marker_child to None, run_after=None
[2024-11-06T00:14:14.644+0000] {logging_mixin.py:190} INFO - [2024-11-06T00:14:14.644+0000] {dag.py:4180} INFO - Setting next_dagrun for example_external_task_marker_parent to None, run_after=None
[2024-11-06T00:14:14.672+0000] {processor.py:208} INFO - Processing /home/airflow/.local/lib/python3.12/site-packages/airflow/example_dags/example_external_task_marker_dag.py took 0.132 seconds
[2024-11-06T00:14:46.929+0000] {processor.py:186} INFO - Started process (PID=4289) to work on /home/airflow/.local/lib/python3.12/site-packages/airflow/example_dags/example_external_task_marker_dag.py
[2024-11-06T00:14:46.931+0000] {processor.py:914} INFO - Processing file /home/airflow/.local/lib/python3.12/site-packages/airflow/example_dags/example_external_task_marker_dag.py for tasks to queue
[2024-11-06T00:14:46.937+0000] {logging_mixin.py:190} INFO - [2024-11-06T00:14:46.936+0000] {dagbag.py:588} INFO - Filling up the DagBag from /home/airflow/.local/lib/python3.12/site-packages/airflow/example_dags/example_external_task_marker_dag.py
[2024-11-06T00:14:46.950+0000] {processor.py:925} INFO - DAG(s) 'example_external_task_marker_child', 'example_external_task_marker_parent' retrieved from /home/airflow/.local/lib/python3.12/site-packages/airflow/example_dags/example_external_task_marker_dag.py
[2024-11-06T00:14:46.989+0000] {logging_mixin.py:190} INFO - [2024-11-06T00:14:46.988+0000] {dag.py:3239} INFO - Sync 2 DAGs
[2024-11-06T00:14:47.014+0000] {logging_mixin.py:190} INFO - [2024-11-06T00:14:47.013+0000] {dag.py:4180} INFO - Setting next_dagrun for example_external_task_marker_child to None, run_after=None
[2024-11-06T00:14:47.022+0000] {logging_mixin.py:190} INFO - [2024-11-06T00:14:47.021+0000] {dag.py:4180} INFO - Setting next_dagrun for example_external_task_marker_parent to None, run_after=None
[2024-11-06T00:14:47.048+0000] {processor.py:208} INFO - Processing /home/airflow/.local/lib/python3.12/site-packages/airflow/example_dags/example_external_task_marker_dag.py took 0.132 seconds
[2024-11-06T00:15:18.412+0000] {processor.py:186} INFO - Started process (PID=4353) to work on /home/airflow/.local/lib/python3.12/site-packages/airflow/example_dags/example_external_task_marker_dag.py
[2024-11-06T00:15:18.414+0000] {processor.py:914} INFO - Processing file /home/airflow/.local/lib/python3.12/site-packages/airflow/example_dags/example_external_task_marker_dag.py for tasks to queue
[2024-11-06T00:15:18.418+0000] {logging_mixin.py:190} INFO - [2024-11-06T00:15:18.417+0000] {dagbag.py:588} INFO - Filling up the DagBag from /home/airflow/.local/lib/python3.12/site-packages/airflow/example_dags/example_external_task_marker_dag.py
[2024-11-06T00:15:18.431+0000] {processor.py:925} INFO - DAG(s) 'example_external_task_marker_child', 'example_external_task_marker_parent' retrieved from /home/airflow/.local/lib/python3.12/site-packages/airflow/example_dags/example_external_task_marker_dag.py
[2024-11-06T00:15:18.468+0000] {logging_mixin.py:190} INFO - [2024-11-06T00:15:18.467+0000] {dag.py:3239} INFO - Sync 2 DAGs
[2024-11-06T00:15:18.495+0000] {logging_mixin.py:190} INFO - [2024-11-06T00:15:18.495+0000] {dag.py:4180} INFO - Setting next_dagrun for example_external_task_marker_child to None, run_after=None
[2024-11-06T00:15:18.504+0000] {logging_mixin.py:190} INFO - [2024-11-06T00:15:18.504+0000] {dag.py:4180} INFO - Setting next_dagrun for example_external_task_marker_parent to None, run_after=None
[2024-11-06T00:15:18.539+0000] {processor.py:208} INFO - Processing /home/airflow/.local/lib/python3.12/site-packages/airflow/example_dags/example_external_task_marker_dag.py took 0.140 seconds
[2024-11-06T00:15:49.650+0000] {processor.py:186} INFO - Started process (PID=4417) to work on /home/airflow/.local/lib/python3.12/site-packages/airflow/example_dags/example_external_task_marker_dag.py
[2024-11-06T00:15:49.654+0000] {processor.py:914} INFO - Processing file /home/airflow/.local/lib/python3.12/site-packages/airflow/example_dags/example_external_task_marker_dag.py for tasks to queue
[2024-11-06T00:15:49.659+0000] {logging_mixin.py:190} INFO - [2024-11-06T00:15:49.658+0000] {dagbag.py:588} INFO - Filling up the DagBag from /home/airflow/.local/lib/python3.12/site-packages/airflow/example_dags/example_external_task_marker_dag.py
[2024-11-06T00:15:49.676+0000] {processor.py:925} INFO - DAG(s) 'example_external_task_marker_child', 'example_external_task_marker_parent' retrieved from /home/airflow/.local/lib/python3.12/site-packages/airflow/example_dags/example_external_task_marker_dag.py
[2024-11-06T00:15:49.716+0000] {logging_mixin.py:190} INFO - [2024-11-06T00:15:49.716+0000] {dag.py:3239} INFO - Sync 2 DAGs
[2024-11-06T00:15:49.741+0000] {logging_mixin.py:190} INFO - [2024-11-06T00:15:49.741+0000] {dag.py:4180} INFO - Setting next_dagrun for example_external_task_marker_child to None, run_after=None
[2024-11-06T00:15:49.747+0000] {logging_mixin.py:190} INFO - [2024-11-06T00:15:49.746+0000] {dag.py:4180} INFO - Setting next_dagrun for example_external_task_marker_parent to None, run_after=None
[2024-11-06T00:15:49.795+0000] {processor.py:208} INFO - Processing /home/airflow/.local/lib/python3.12/site-packages/airflow/example_dags/example_external_task_marker_dag.py took 0.160 seconds
[2024-11-06T00:18:32.739+0000] {processor.py:186} INFO - Started process (PID=99) to work on /home/airflow/.local/lib/python3.12/site-packages/airflow/example_dags/example_external_task_marker_dag.py
[2024-11-06T00:18:32.743+0000] {processor.py:914} INFO - Processing file /home/airflow/.local/lib/python3.12/site-packages/airflow/example_dags/example_external_task_marker_dag.py for tasks to queue
[2024-11-06T00:18:32.748+0000] {logging_mixin.py:190} INFO - [2024-11-06T00:18:32.747+0000] {dagbag.py:588} INFO - Filling up the DagBag from /home/airflow/.local/lib/python3.12/site-packages/airflow/example_dags/example_external_task_marker_dag.py
[2024-11-06T00:18:32.763+0000] {processor.py:925} INFO - DAG(s) 'example_external_task_marker_parent', 'example_external_task_marker_child' retrieved from /home/airflow/.local/lib/python3.12/site-packages/airflow/example_dags/example_external_task_marker_dag.py
[2024-11-06T00:18:32.804+0000] {logging_mixin.py:190} INFO - [2024-11-06T00:18:32.803+0000] {dag.py:3239} INFO - Sync 2 DAGs
[2024-11-06T00:18:32.843+0000] {logging_mixin.py:190} INFO - [2024-11-06T00:18:32.842+0000] {dag.py:4180} INFO - Setting next_dagrun for example_external_task_marker_child to None, run_after=None
[2024-11-06T00:18:32.855+0000] {logging_mixin.py:190} INFO - [2024-11-06T00:18:32.855+0000] {dag.py:4180} INFO - Setting next_dagrun for example_external_task_marker_parent to None, run_after=None
[2024-11-06T00:18:32.898+0000] {processor.py:208} INFO - Processing /home/airflow/.local/lib/python3.12/site-packages/airflow/example_dags/example_external_task_marker_dag.py took 0.170 seconds
[2024-11-06T00:19:04.429+0000] {processor.py:186} INFO - Started process (PID=163) to work on /home/airflow/.local/lib/python3.12/site-packages/airflow/example_dags/example_external_task_marker_dag.py
[2024-11-06T00:19:04.432+0000] {processor.py:914} INFO - Processing file /home/airflow/.local/lib/python3.12/site-packages/airflow/example_dags/example_external_task_marker_dag.py for tasks to queue
[2024-11-06T00:19:04.436+0000] {logging_mixin.py:190} INFO - [2024-11-06T00:19:04.436+0000] {dagbag.py:588} INFO - Filling up the DagBag from /home/airflow/.local/lib/python3.12/site-packages/airflow/example_dags/example_external_task_marker_dag.py
[2024-11-06T00:19:04.461+0000] {processor.py:925} INFO - DAG(s) 'example_external_task_marker_child', 'example_external_task_marker_parent' retrieved from /home/airflow/.local/lib/python3.12/site-packages/airflow/example_dags/example_external_task_marker_dag.py
[2024-11-06T00:19:04.509+0000] {logging_mixin.py:190} INFO - [2024-11-06T00:19:04.509+0000] {dag.py:3239} INFO - Sync 2 DAGs
[2024-11-06T00:19:04.538+0000] {logging_mixin.py:190} INFO - [2024-11-06T00:19:04.538+0000] {dag.py:4180} INFO - Setting next_dagrun for example_external_task_marker_child to None, run_after=None
[2024-11-06T00:19:04.551+0000] {logging_mixin.py:190} INFO - [2024-11-06T00:19:04.551+0000] {dag.py:4180} INFO - Setting next_dagrun for example_external_task_marker_parent to None, run_after=None
[2024-11-06T00:19:04.590+0000] {processor.py:208} INFO - Processing /home/airflow/.local/lib/python3.12/site-packages/airflow/example_dags/example_external_task_marker_dag.py took 0.172 seconds
[2024-11-06T00:19:36.014+0000] {processor.py:186} INFO - Started process (PID=227) to work on /home/airflow/.local/lib/python3.12/site-packages/airflow/example_dags/example_external_task_marker_dag.py
[2024-11-06T00:19:36.016+0000] {processor.py:914} INFO - Processing file /home/airflow/.local/lib/python3.12/site-packages/airflow/example_dags/example_external_task_marker_dag.py for tasks to queue
[2024-11-06T00:19:36.020+0000] {logging_mixin.py:190} INFO - [2024-11-06T00:19:36.019+0000] {dagbag.py:588} INFO - Filling up the DagBag from /home/airflow/.local/lib/python3.12/site-packages/airflow/example_dags/example_external_task_marker_dag.py
[2024-11-06T00:19:36.035+0000] {processor.py:925} INFO - DAG(s) 'example_external_task_marker_child', 'example_external_task_marker_parent' retrieved from /home/airflow/.local/lib/python3.12/site-packages/airflow/example_dags/example_external_task_marker_dag.py
[2024-11-06T00:19:36.077+0000] {logging_mixin.py:190} INFO - [2024-11-06T00:19:36.077+0000] {dag.py:3239} INFO - Sync 2 DAGs
[2024-11-06T00:19:36.111+0000] {logging_mixin.py:190} INFO - [2024-11-06T00:19:36.111+0000] {dag.py:4180} INFO - Setting next_dagrun for example_external_task_marker_child to None, run_after=None
[2024-11-06T00:19:36.119+0000] {logging_mixin.py:190} INFO - [2024-11-06T00:19:36.119+0000] {dag.py:4180} INFO - Setting next_dagrun for example_external_task_marker_parent to None, run_after=None
[2024-11-06T00:19:36.155+0000] {processor.py:208} INFO - Processing /home/airflow/.local/lib/python3.12/site-packages/airflow/example_dags/example_external_task_marker_dag.py took 0.151 seconds
[2024-11-06T00:20:08.717+0000] {processor.py:186} INFO - Started process (PID=291) to work on /home/airflow/.local/lib/python3.12/site-packages/airflow/example_dags/example_external_task_marker_dag.py
[2024-11-06T00:20:08.719+0000] {processor.py:914} INFO - Processing file /home/airflow/.local/lib/python3.12/site-packages/airflow/example_dags/example_external_task_marker_dag.py for tasks to queue
[2024-11-06T00:20:08.725+0000] {logging_mixin.py:190} INFO - [2024-11-06T00:20:08.724+0000] {dagbag.py:588} INFO - Filling up the DagBag from /home/airflow/.local/lib/python3.12/site-packages/airflow/example_dags/example_external_task_marker_dag.py
[2024-11-06T00:20:08.739+0000] {processor.py:925} INFO - DAG(s) 'example_external_task_marker_parent', 'example_external_task_marker_child' retrieved from /home/airflow/.local/lib/python3.12/site-packages/airflow/example_dags/example_external_task_marker_dag.py
[2024-11-06T00:20:08.779+0000] {logging_mixin.py:190} INFO - [2024-11-06T00:20:08.778+0000] {dag.py:3239} INFO - Sync 2 DAGs
[2024-11-06T00:20:08.800+0000] {logging_mixin.py:190} INFO - [2024-11-06T00:20:08.800+0000] {dag.py:4180} INFO - Setting next_dagrun for example_external_task_marker_child to None, run_after=None
[2024-11-06T00:20:08.808+0000] {logging_mixin.py:190} INFO - [2024-11-06T00:20:08.808+0000] {dag.py:4180} INFO - Setting next_dagrun for example_external_task_marker_parent to None, run_after=None
[2024-11-06T00:20:08.833+0000] {processor.py:208} INFO - Processing /home/airflow/.local/lib/python3.12/site-packages/airflow/example_dags/example_external_task_marker_dag.py took 0.127 seconds
[2024-11-06T00:20:39.400+0000] {processor.py:186} INFO - Started process (PID=355) to work on /home/airflow/.local/lib/python3.12/site-packages/airflow/example_dags/example_external_task_marker_dag.py
[2024-11-06T00:20:39.401+0000] {processor.py:914} INFO - Processing file /home/airflow/.local/lib/python3.12/site-packages/airflow/example_dags/example_external_task_marker_dag.py for tasks to queue
[2024-11-06T00:20:39.406+0000] {logging_mixin.py:190} INFO - [2024-11-06T00:20:39.405+0000] {dagbag.py:588} INFO - Filling up the DagBag from /home/airflow/.local/lib/python3.12/site-packages/airflow/example_dags/example_external_task_marker_dag.py
[2024-11-06T00:20:39.421+0000] {processor.py:925} INFO - DAG(s) 'example_external_task_marker_child', 'example_external_task_marker_parent' retrieved from /home/airflow/.local/lib/python3.12/site-packages/airflow/example_dags/example_external_task_marker_dag.py
[2024-11-06T00:20:39.469+0000] {logging_mixin.py:190} INFO - [2024-11-06T00:20:39.469+0000] {dag.py:3239} INFO - Sync 2 DAGs
[2024-11-06T00:20:39.508+0000] {logging_mixin.py:190} INFO - [2024-11-06T00:20:39.507+0000] {dag.py:4180} INFO - Setting next_dagrun for example_external_task_marker_child to None, run_after=None
[2024-11-06T00:20:39.514+0000] {logging_mixin.py:190} INFO - [2024-11-06T00:20:39.514+0000] {dag.py:4180} INFO - Setting next_dagrun for example_external_task_marker_parent to None, run_after=None
[2024-11-06T00:20:39.544+0000] {processor.py:208} INFO - Processing /home/airflow/.local/lib/python3.12/site-packages/airflow/example_dags/example_external_task_marker_dag.py took 0.157 seconds
[2024-11-06T00:21:10.590+0000] {processor.py:186} INFO - Started process (PID=419) to work on /home/airflow/.local/lib/python3.12/site-packages/airflow/example_dags/example_external_task_marker_dag.py
[2024-11-06T00:21:10.591+0000] {processor.py:914} INFO - Processing file /home/airflow/.local/lib/python3.12/site-packages/airflow/example_dags/example_external_task_marker_dag.py for tasks to queue
[2024-11-06T00:21:10.596+0000] {logging_mixin.py:190} INFO - [2024-11-06T00:21:10.595+0000] {dagbag.py:588} INFO - Filling up the DagBag from /home/airflow/.local/lib/python3.12/site-packages/airflow/example_dags/example_external_task_marker_dag.py
[2024-11-06T00:21:10.611+0000] {processor.py:925} INFO - DAG(s) 'example_external_task_marker_child', 'example_external_task_marker_parent' retrieved from /home/airflow/.local/lib/python3.12/site-packages/airflow/example_dags/example_external_task_marker_dag.py
[2024-11-06T00:21:10.648+0000] {logging_mixin.py:190} INFO - [2024-11-06T00:21:10.648+0000] {dag.py:3239} INFO - Sync 2 DAGs
[2024-11-06T00:21:10.674+0000] {logging_mixin.py:190} INFO - [2024-11-06T00:21:10.674+0000] {dag.py:4180} INFO - Setting next_dagrun for example_external_task_marker_child to None, run_after=None
[2024-11-06T00:21:10.683+0000] {logging_mixin.py:190} INFO - [2024-11-06T00:21:10.683+0000] {dag.py:4180} INFO - Setting next_dagrun for example_external_task_marker_parent to None, run_after=None
[2024-11-06T00:21:10.720+0000] {processor.py:208} INFO - Processing /home/airflow/.local/lib/python3.12/site-packages/airflow/example_dags/example_external_task_marker_dag.py took 0.142 seconds
[2024-11-06T00:23:45.606+0000] {processor.py:186} INFO - Started process (PID=92) to work on /home/airflow/.local/lib/python3.12/site-packages/airflow/example_dags/example_external_task_marker_dag.py
[2024-11-06T00:23:45.615+0000] {processor.py:914} INFO - Processing file /home/airflow/.local/lib/python3.12/site-packages/airflow/example_dags/example_external_task_marker_dag.py for tasks to queue
[2024-11-06T00:23:45.619+0000] {logging_mixin.py:190} INFO - [2024-11-06T00:23:45.618+0000] {dagbag.py:588} INFO - Filling up the DagBag from /home/airflow/.local/lib/python3.12/site-packages/airflow/example_dags/example_external_task_marker_dag.py
[2024-11-06T00:23:45.631+0000] {processor.py:925} INFO - DAG(s) 'example_external_task_marker_child', 'example_external_task_marker_parent' retrieved from /home/airflow/.local/lib/python3.12/site-packages/airflow/example_dags/example_external_task_marker_dag.py
[2024-11-06T00:23:45.682+0000] {logging_mixin.py:190} INFO - [2024-11-06T00:23:45.681+0000] {dag.py:3239} INFO - Sync 2 DAGs
[2024-11-06T00:23:45.717+0000] {logging_mixin.py:190} INFO - [2024-11-06T00:23:45.717+0000] {dag.py:4180} INFO - Setting next_dagrun for example_external_task_marker_child to None, run_after=None
[2024-11-06T00:23:45.725+0000] {logging_mixin.py:190} INFO - [2024-11-06T00:23:45.724+0000] {dag.py:4180} INFO - Setting next_dagrun for example_external_task_marker_parent to None, run_after=None
[2024-11-06T00:23:45.754+0000] {processor.py:208} INFO - Processing /home/airflow/.local/lib/python3.12/site-packages/airflow/example_dags/example_external_task_marker_dag.py took 0.158 seconds
[2024-11-06T00:24:17.893+0000] {processor.py:186} INFO - Started process (PID=156) to work on /home/airflow/.local/lib/python3.12/site-packages/airflow/example_dags/example_external_task_marker_dag.py
[2024-11-06T00:24:17.895+0000] {processor.py:914} INFO - Processing file /home/airflow/.local/lib/python3.12/site-packages/airflow/example_dags/example_external_task_marker_dag.py for tasks to queue
[2024-11-06T00:24:17.901+0000] {logging_mixin.py:190} INFO - [2024-11-06T00:24:17.901+0000] {dagbag.py:588} INFO - Filling up the DagBag from /home/airflow/.local/lib/python3.12/site-packages/airflow/example_dags/example_external_task_marker_dag.py
[2024-11-06T00:24:17.915+0000] {processor.py:925} INFO - DAG(s) 'example_external_task_marker_parent', 'example_external_task_marker_child' retrieved from /home/airflow/.local/lib/python3.12/site-packages/airflow/example_dags/example_external_task_marker_dag.py
[2024-11-06T00:24:17.960+0000] {logging_mixin.py:190} INFO - [2024-11-06T00:24:17.959+0000] {dag.py:3239} INFO - Sync 2 DAGs
[2024-11-06T00:24:17.988+0000] {logging_mixin.py:190} INFO - [2024-11-06T00:24:17.988+0000] {dag.py:4180} INFO - Setting next_dagrun for example_external_task_marker_child to None, run_after=None
[2024-11-06T00:24:17.996+0000] {logging_mixin.py:190} INFO - [2024-11-06T00:24:17.995+0000] {dag.py:4180} INFO - Setting next_dagrun for example_external_task_marker_parent to None, run_after=None
[2024-11-06T00:24:18.026+0000] {processor.py:208} INFO - Processing /home/airflow/.local/lib/python3.12/site-packages/airflow/example_dags/example_external_task_marker_dag.py took 0.144 seconds
[2024-11-06T00:26:22.295+0000] {processor.py:186} INFO - Started process (PID=92) to work on /home/airflow/.local/lib/python3.12/site-packages/airflow/example_dags/example_external_task_marker_dag.py
[2024-11-06T00:26:22.297+0000] {processor.py:914} INFO - Processing file /home/airflow/.local/lib/python3.12/site-packages/airflow/example_dags/example_external_task_marker_dag.py for tasks to queue
[2024-11-06T00:26:22.301+0000] {logging_mixin.py:190} INFO - [2024-11-06T00:26:22.301+0000] {dagbag.py:588} INFO - Filling up the DagBag from /home/airflow/.local/lib/python3.12/site-packages/airflow/example_dags/example_external_task_marker_dag.py
[2024-11-06T00:26:22.314+0000] {processor.py:925} INFO - DAG(s) 'example_external_task_marker_child', 'example_external_task_marker_parent' retrieved from /home/airflow/.local/lib/python3.12/site-packages/airflow/example_dags/example_external_task_marker_dag.py
[2024-11-06T00:26:22.350+0000] {logging_mixin.py:190} INFO - [2024-11-06T00:26:22.350+0000] {dag.py:3239} INFO - Sync 2 DAGs
[2024-11-06T00:26:22.375+0000] {logging_mixin.py:190} INFO - [2024-11-06T00:26:22.374+0000] {dag.py:4180} INFO - Setting next_dagrun for example_external_task_marker_child to None, run_after=None
[2024-11-06T00:26:22.381+0000] {logging_mixin.py:190} INFO - [2024-11-06T00:26:22.381+0000] {dag.py:4180} INFO - Setting next_dagrun for example_external_task_marker_parent to None, run_after=None
[2024-11-06T00:26:22.407+0000] {processor.py:208} INFO - Processing /home/airflow/.local/lib/python3.12/site-packages/airflow/example_dags/example_external_task_marker_dag.py took 0.123 seconds
[2024-11-06T00:26:53.993+0000] {processor.py:186} INFO - Started process (PID=156) to work on /home/airflow/.local/lib/python3.12/site-packages/airflow/example_dags/example_external_task_marker_dag.py
[2024-11-06T00:26:54.002+0000] {processor.py:914} INFO - Processing file /home/airflow/.local/lib/python3.12/site-packages/airflow/example_dags/example_external_task_marker_dag.py for tasks to queue
[2024-11-06T00:26:54.007+0000] {logging_mixin.py:190} INFO - [2024-11-06T00:26:54.006+0000] {dagbag.py:588} INFO - Filling up the DagBag from /home/airflow/.local/lib/python3.12/site-packages/airflow/example_dags/example_external_task_marker_dag.py
[2024-11-06T00:26:54.027+0000] {processor.py:925} INFO - DAG(s) 'example_external_task_marker_parent', 'example_external_task_marker_child' retrieved from /home/airflow/.local/lib/python3.12/site-packages/airflow/example_dags/example_external_task_marker_dag.py
[2024-11-06T00:26:54.066+0000] {logging_mixin.py:190} INFO - [2024-11-06T00:26:54.066+0000] {dag.py:3239} INFO - Sync 2 DAGs
[2024-11-06T00:26:54.100+0000] {logging_mixin.py:190} INFO - [2024-11-06T00:26:54.100+0000] {dag.py:4180} INFO - Setting next_dagrun for example_external_task_marker_child to None, run_after=None
[2024-11-06T00:26:54.107+0000] {logging_mixin.py:190} INFO - [2024-11-06T00:26:54.106+0000] {dag.py:4180} INFO - Setting next_dagrun for example_external_task_marker_parent to None, run_after=None
[2024-11-06T00:26:54.132+0000] {processor.py:208} INFO - Processing /home/airflow/.local/lib/python3.12/site-packages/airflow/example_dags/example_external_task_marker_dag.py took 0.148 seconds
[2024-11-06T00:27:26.022+0000] {processor.py:186} INFO - Started process (PID=220) to work on /home/airflow/.local/lib/python3.12/site-packages/airflow/example_dags/example_external_task_marker_dag.py
[2024-11-06T00:27:26.024+0000] {processor.py:914} INFO - Processing file /home/airflow/.local/lib/python3.12/site-packages/airflow/example_dags/example_external_task_marker_dag.py for tasks to queue
[2024-11-06T00:27:26.028+0000] {logging_mixin.py:190} INFO - [2024-11-06T00:27:26.027+0000] {dagbag.py:588} INFO - Filling up the DagBag from /home/airflow/.local/lib/python3.12/site-packages/airflow/example_dags/example_external_task_marker_dag.py
[2024-11-06T00:27:26.041+0000] {processor.py:925} INFO - DAG(s) 'example_external_task_marker_parent', 'example_external_task_marker_child' retrieved from /home/airflow/.local/lib/python3.12/site-packages/airflow/example_dags/example_external_task_marker_dag.py
[2024-11-06T00:27:26.077+0000] {logging_mixin.py:190} INFO - [2024-11-06T00:27:26.077+0000] {dag.py:3239} INFO - Sync 2 DAGs
[2024-11-06T00:27:26.105+0000] {logging_mixin.py:190} INFO - [2024-11-06T00:27:26.104+0000] {dag.py:4180} INFO - Setting next_dagrun for example_external_task_marker_child to None, run_after=None
[2024-11-06T00:27:26.112+0000] {logging_mixin.py:190} INFO - [2024-11-06T00:27:26.112+0000] {dag.py:4180} INFO - Setting next_dagrun for example_external_task_marker_parent to None, run_after=None
[2024-11-06T00:27:26.141+0000] {processor.py:208} INFO - Processing /home/airflow/.local/lib/python3.12/site-packages/airflow/example_dags/example_external_task_marker_dag.py took 0.131 seconds
