[2024-11-06T00:00:01.966+0000] {processor.py:186} INFO - Started process (PID=2439) to work on /home/airflow/.local/lib/python3.12/site-packages/airflow/example_dags/example_inlet_event_extra.py
[2024-11-06T00:00:01.967+0000] {processor.py:914} INFO - Processing file /home/airflow/.local/lib/python3.12/site-packages/airflow/example_dags/example_inlet_event_extra.py for tasks to queue
[2024-11-06T00:00:01.973+0000] {logging_mixin.py:190} INFO - [2024-11-06T00:00:01.972+0000] {dagbag.py:588} INFO - Filling up the DagBag from /home/airflow/.local/lib/python3.12/site-packages/airflow/example_dags/example_inlet_event_extra.py
[2024-11-06T00:00:02.983+0000] {processor.py:925} INFO - DAG(s) 'read_dataset_event_from_classic', 'read_dataset_event' retrieved from /home/airflow/.local/lib/python3.12/site-packages/airflow/example_dags/example_inlet_event_extra.py
[2024-11-06T00:00:03.022+0000] {logging_mixin.py:190} INFO - [2024-11-06T00:00:03.021+0000] {dag.py:3239} INFO - Sync 2 DAGs
[2024-11-06T00:00:03.069+0000] {logging_mixin.py:190} INFO - [2024-11-06T00:00:03.069+0000] {dag.py:4180} INFO - Setting next_dagrun for read_dataset_event to 2024-11-05 00:00:00+00:00, run_after=2024-11-06 00:00:00+00:00
[2024-11-06T00:00:03.079+0000] {logging_mixin.py:190} INFO - [2024-11-06T00:00:03.078+0000] {dag.py:4180} INFO - Setting next_dagrun for read_dataset_event_from_classic to 2024-11-05 00:00:00+00:00, run_after=2024-11-06 00:00:00+00:00
[2024-11-06T00:00:03.107+0000] {processor.py:208} INFO - Processing /home/airflow/.local/lib/python3.12/site-packages/airflow/example_dags/example_inlet_event_extra.py took 1.151 seconds
[2024-11-06T00:00:34.016+0000] {processor.py:186} INFO - Started process (PID=2504) to work on /home/airflow/.local/lib/python3.12/site-packages/airflow/example_dags/example_inlet_event_extra.py
[2024-11-06T00:00:34.017+0000] {processor.py:914} INFO - Processing file /home/airflow/.local/lib/python3.12/site-packages/airflow/example_dags/example_inlet_event_extra.py for tasks to queue
[2024-11-06T00:00:34.023+0000] {logging_mixin.py:190} INFO - [2024-11-06T00:00:34.022+0000] {dagbag.py:588} INFO - Filling up the DagBag from /home/airflow/.local/lib/python3.12/site-packages/airflow/example_dags/example_inlet_event_extra.py
[2024-11-06T00:00:34.876+0000] {processor.py:925} INFO - DAG(s) 'read_dataset_event_from_classic', 'read_dataset_event' retrieved from /home/airflow/.local/lib/python3.12/site-packages/airflow/example_dags/example_inlet_event_extra.py
[2024-11-06T00:00:34.912+0000] {logging_mixin.py:190} INFO - [2024-11-06T00:00:34.912+0000] {dag.py:3239} INFO - Sync 2 DAGs
[2024-11-06T00:00:34.952+0000] {logging_mixin.py:190} INFO - [2024-11-06T00:00:34.952+0000] {dag.py:4180} INFO - Setting next_dagrun for read_dataset_event to 2024-11-05 00:00:00+00:00, run_after=2024-11-06 00:00:00+00:00
[2024-11-06T00:00:34.961+0000] {logging_mixin.py:190} INFO - [2024-11-06T00:00:34.961+0000] {dag.py:4180} INFO - Setting next_dagrun for read_dataset_event_from_classic to 2024-11-05 00:00:00+00:00, run_after=2024-11-06 00:00:00+00:00
[2024-11-06T00:00:34.991+0000] {processor.py:208} INFO - Processing /home/airflow/.local/lib/python3.12/site-packages/airflow/example_dags/example_inlet_event_extra.py took 0.985 seconds
[2024-11-06T00:01:05.281+0000] {processor.py:186} INFO - Started process (PID=2568) to work on /home/airflow/.local/lib/python3.12/site-packages/airflow/example_dags/example_inlet_event_extra.py
[2024-11-06T00:01:05.283+0000] {processor.py:914} INFO - Processing file /home/airflow/.local/lib/python3.12/site-packages/airflow/example_dags/example_inlet_event_extra.py for tasks to queue
[2024-11-06T00:01:05.287+0000] {logging_mixin.py:190} INFO - [2024-11-06T00:01:05.287+0000] {dagbag.py:588} INFO - Filling up the DagBag from /home/airflow/.local/lib/python3.12/site-packages/airflow/example_dags/example_inlet_event_extra.py
[2024-11-06T00:01:06.414+0000] {processor.py:925} INFO - DAG(s) 'read_dataset_event_from_classic', 'read_dataset_event' retrieved from /home/airflow/.local/lib/python3.12/site-packages/airflow/example_dags/example_inlet_event_extra.py
[2024-11-06T00:01:06.459+0000] {logging_mixin.py:190} INFO - [2024-11-06T00:01:06.459+0000] {dag.py:3239} INFO - Sync 2 DAGs
[2024-11-06T00:01:06.496+0000] {logging_mixin.py:190} INFO - [2024-11-06T00:01:06.496+0000] {dag.py:4180} INFO - Setting next_dagrun for read_dataset_event to 2024-11-05 00:00:00+00:00, run_after=2024-11-06 00:00:00+00:00
[2024-11-06T00:01:06.503+0000] {logging_mixin.py:190} INFO - [2024-11-06T00:01:06.503+0000] {dag.py:4180} INFO - Setting next_dagrun for read_dataset_event_from_classic to 2024-11-05 00:00:00+00:00, run_after=2024-11-06 00:00:00+00:00
[2024-11-06T00:01:06.531+0000] {processor.py:208} INFO - Processing /home/airflow/.local/lib/python3.12/site-packages/airflow/example_dags/example_inlet_event_extra.py took 1.261 seconds
[2024-11-06T00:01:36.831+0000] {processor.py:186} INFO - Started process (PID=2632) to work on /home/airflow/.local/lib/python3.12/site-packages/airflow/example_dags/example_inlet_event_extra.py
[2024-11-06T00:01:36.833+0000] {processor.py:914} INFO - Processing file /home/airflow/.local/lib/python3.12/site-packages/airflow/example_dags/example_inlet_event_extra.py for tasks to queue
[2024-11-06T00:01:36.837+0000] {logging_mixin.py:190} INFO - [2024-11-06T00:01:36.836+0000] {dagbag.py:588} INFO - Filling up the DagBag from /home/airflow/.local/lib/python3.12/site-packages/airflow/example_dags/example_inlet_event_extra.py
[2024-11-06T00:01:37.802+0000] {processor.py:925} INFO - DAG(s) 'read_dataset_event', 'read_dataset_event_from_classic' retrieved from /home/airflow/.local/lib/python3.12/site-packages/airflow/example_dags/example_inlet_event_extra.py
[2024-11-06T00:01:37.858+0000] {logging_mixin.py:190} INFO - [2024-11-06T00:01:37.857+0000] {dag.py:3239} INFO - Sync 2 DAGs
[2024-11-06T00:01:37.926+0000] {logging_mixin.py:190} INFO - [2024-11-06T00:01:37.925+0000] {dag.py:4180} INFO - Setting next_dagrun for read_dataset_event to 2024-11-05 00:00:00+00:00, run_after=2024-11-06 00:00:00+00:00
[2024-11-06T00:01:37.944+0000] {logging_mixin.py:190} INFO - [2024-11-06T00:01:37.943+0000] {dag.py:4180} INFO - Setting next_dagrun for read_dataset_event_from_classic to 2024-11-05 00:00:00+00:00, run_after=2024-11-06 00:00:00+00:00
[2024-11-06T00:01:38.012+0000] {processor.py:208} INFO - Processing /home/airflow/.local/lib/python3.12/site-packages/airflow/example_dags/example_inlet_event_extra.py took 1.196 seconds
[2024-11-06T00:02:08.215+0000] {processor.py:186} INFO - Started process (PID=2697) to work on /home/airflow/.local/lib/python3.12/site-packages/airflow/example_dags/example_inlet_event_extra.py
[2024-11-06T00:02:08.218+0000] {processor.py:914} INFO - Processing file /home/airflow/.local/lib/python3.12/site-packages/airflow/example_dags/example_inlet_event_extra.py for tasks to queue
[2024-11-06T00:02:08.227+0000] {logging_mixin.py:190} INFO - [2024-11-06T00:02:08.227+0000] {dagbag.py:588} INFO - Filling up the DagBag from /home/airflow/.local/lib/python3.12/site-packages/airflow/example_dags/example_inlet_event_extra.py
[2024-11-06T00:02:09.264+0000] {processor.py:925} INFO - DAG(s) 'read_dataset_event_from_classic', 'read_dataset_event' retrieved from /home/airflow/.local/lib/python3.12/site-packages/airflow/example_dags/example_inlet_event_extra.py
[2024-11-06T00:02:09.299+0000] {logging_mixin.py:190} INFO - [2024-11-06T00:02:09.298+0000] {dag.py:3239} INFO - Sync 2 DAGs
[2024-11-06T00:02:09.336+0000] {logging_mixin.py:190} INFO - [2024-11-06T00:02:09.336+0000] {dag.py:4180} INFO - Setting next_dagrun for read_dataset_event to 2024-11-05 00:00:00+00:00, run_after=2024-11-06 00:00:00+00:00
[2024-11-06T00:02:09.345+0000] {logging_mixin.py:190} INFO - [2024-11-06T00:02:09.345+0000] {dag.py:4180} INFO - Setting next_dagrun for read_dataset_event_from_classic to 2024-11-05 00:00:00+00:00, run_after=2024-11-06 00:00:00+00:00
[2024-11-06T00:02:09.383+0000] {processor.py:208} INFO - Processing /home/airflow/.local/lib/python3.12/site-packages/airflow/example_dags/example_inlet_event_extra.py took 1.179 seconds
[2024-11-06T00:02:40.008+0000] {processor.py:186} INFO - Started process (PID=2761) to work on /home/airflow/.local/lib/python3.12/site-packages/airflow/example_dags/example_inlet_event_extra.py
[2024-11-06T00:02:40.010+0000] {processor.py:914} INFO - Processing file /home/airflow/.local/lib/python3.12/site-packages/airflow/example_dags/example_inlet_event_extra.py for tasks to queue
[2024-11-06T00:02:40.016+0000] {logging_mixin.py:190} INFO - [2024-11-06T00:02:40.015+0000] {dagbag.py:588} INFO - Filling up the DagBag from /home/airflow/.local/lib/python3.12/site-packages/airflow/example_dags/example_inlet_event_extra.py
[2024-11-06T00:02:40.993+0000] {processor.py:925} INFO - DAG(s) 'read_dataset_event', 'read_dataset_event_from_classic' retrieved from /home/airflow/.local/lib/python3.12/site-packages/airflow/example_dags/example_inlet_event_extra.py
[2024-11-06T00:02:41.023+0000] {logging_mixin.py:190} INFO - [2024-11-06T00:02:41.023+0000] {dag.py:3239} INFO - Sync 2 DAGs
[2024-11-06T00:02:41.066+0000] {logging_mixin.py:190} INFO - [2024-11-06T00:02:41.065+0000] {dag.py:4180} INFO - Setting next_dagrun for read_dataset_event to 2024-11-05 00:00:00+00:00, run_after=2024-11-06 00:00:00+00:00
[2024-11-06T00:02:41.076+0000] {logging_mixin.py:190} INFO - [2024-11-06T00:02:41.075+0000] {dag.py:4180} INFO - Setting next_dagrun for read_dataset_event_from_classic to 2024-11-05 00:00:00+00:00, run_after=2024-11-06 00:00:00+00:00
[2024-11-06T00:02:41.131+0000] {processor.py:208} INFO - Processing /home/airflow/.local/lib/python3.12/site-packages/airflow/example_dags/example_inlet_event_extra.py took 1.134 seconds
[2024-11-06T00:03:12.065+0000] {processor.py:186} INFO - Started process (PID=2825) to work on /home/airflow/.local/lib/python3.12/site-packages/airflow/example_dags/example_inlet_event_extra.py
[2024-11-06T00:03:12.067+0000] {processor.py:914} INFO - Processing file /home/airflow/.local/lib/python3.12/site-packages/airflow/example_dags/example_inlet_event_extra.py for tasks to queue
[2024-11-06T00:03:12.072+0000] {logging_mixin.py:190} INFO - [2024-11-06T00:03:12.071+0000] {dagbag.py:588} INFO - Filling up the DagBag from /home/airflow/.local/lib/python3.12/site-packages/airflow/example_dags/example_inlet_event_extra.py
[2024-11-06T00:03:13.142+0000] {processor.py:925} INFO - DAG(s) 'read_dataset_event_from_classic', 'read_dataset_event' retrieved from /home/airflow/.local/lib/python3.12/site-packages/airflow/example_dags/example_inlet_event_extra.py
[2024-11-06T00:03:13.179+0000] {logging_mixin.py:190} INFO - [2024-11-06T00:03:13.179+0000] {dag.py:3239} INFO - Sync 2 DAGs
[2024-11-06T00:03:13.222+0000] {logging_mixin.py:190} INFO - [2024-11-06T00:03:13.221+0000] {dag.py:4180} INFO - Setting next_dagrun for read_dataset_event to 2024-11-05 00:00:00+00:00, run_after=2024-11-06 00:00:00+00:00
[2024-11-06T00:03:13.229+0000] {logging_mixin.py:190} INFO - [2024-11-06T00:03:13.228+0000] {dag.py:4180} INFO - Setting next_dagrun for read_dataset_event_from_classic to 2024-11-05 00:00:00+00:00, run_after=2024-11-06 00:00:00+00:00
[2024-11-06T00:03:13.252+0000] {processor.py:208} INFO - Processing /home/airflow/.local/lib/python3.12/site-packages/airflow/example_dags/example_inlet_event_extra.py took 1.199 seconds
[2024-11-06T00:03:43.422+0000] {processor.py:186} INFO - Started process (PID=2889) to work on /home/airflow/.local/lib/python3.12/site-packages/airflow/example_dags/example_inlet_event_extra.py
[2024-11-06T00:03:43.423+0000] {processor.py:914} INFO - Processing file /home/airflow/.local/lib/python3.12/site-packages/airflow/example_dags/example_inlet_event_extra.py for tasks to queue
[2024-11-06T00:03:43.427+0000] {logging_mixin.py:190} INFO - [2024-11-06T00:03:43.426+0000] {dagbag.py:588} INFO - Filling up the DagBag from /home/airflow/.local/lib/python3.12/site-packages/airflow/example_dags/example_inlet_event_extra.py
[2024-11-06T00:03:44.251+0000] {processor.py:925} INFO - DAG(s) 'read_dataset_event_from_classic', 'read_dataset_event' retrieved from /home/airflow/.local/lib/python3.12/site-packages/airflow/example_dags/example_inlet_event_extra.py
[2024-11-06T00:03:44.284+0000] {logging_mixin.py:190} INFO - [2024-11-06T00:03:44.283+0000] {dag.py:3239} INFO - Sync 2 DAGs
[2024-11-06T00:03:44.326+0000] {logging_mixin.py:190} INFO - [2024-11-06T00:03:44.326+0000] {dag.py:4180} INFO - Setting next_dagrun for read_dataset_event to 2024-11-05 00:00:00+00:00, run_after=2024-11-06 00:00:00+00:00
[2024-11-06T00:03:44.336+0000] {logging_mixin.py:190} INFO - [2024-11-06T00:03:44.336+0000] {dag.py:4180} INFO - Setting next_dagrun for read_dataset_event_from_classic to 2024-11-05 00:00:00+00:00, run_after=2024-11-06 00:00:00+00:00
[2024-11-06T00:03:44.362+0000] {processor.py:208} INFO - Processing /home/airflow/.local/lib/python3.12/site-packages/airflow/example_dags/example_inlet_event_extra.py took 0.948 seconds
[2024-11-06T00:04:14.883+0000] {processor.py:186} INFO - Started process (PID=2954) to work on /home/airflow/.local/lib/python3.12/site-packages/airflow/example_dags/example_inlet_event_extra.py
[2024-11-06T00:04:14.884+0000] {processor.py:914} INFO - Processing file /home/airflow/.local/lib/python3.12/site-packages/airflow/example_dags/example_inlet_event_extra.py for tasks to queue
[2024-11-06T00:04:14.888+0000] {logging_mixin.py:190} INFO - [2024-11-06T00:04:14.888+0000] {dagbag.py:588} INFO - Filling up the DagBag from /home/airflow/.local/lib/python3.12/site-packages/airflow/example_dags/example_inlet_event_extra.py
[2024-11-06T00:04:16.025+0000] {processor.py:925} INFO - DAG(s) 'read_dataset_event', 'read_dataset_event_from_classic' retrieved from /home/airflow/.local/lib/python3.12/site-packages/airflow/example_dags/example_inlet_event_extra.py
[2024-11-06T00:04:16.061+0000] {logging_mixin.py:190} INFO - [2024-11-06T00:04:16.061+0000] {dag.py:3239} INFO - Sync 2 DAGs
[2024-11-06T00:04:16.101+0000] {logging_mixin.py:190} INFO - [2024-11-06T00:04:16.101+0000] {dag.py:4180} INFO - Setting next_dagrun for read_dataset_event to 2024-11-05 00:00:00+00:00, run_after=2024-11-06 00:00:00+00:00
[2024-11-06T00:04:16.109+0000] {logging_mixin.py:190} INFO - [2024-11-06T00:04:16.109+0000] {dag.py:4180} INFO - Setting next_dagrun for read_dataset_event_from_classic to 2024-11-05 00:00:00+00:00, run_after=2024-11-06 00:00:00+00:00
[2024-11-06T00:04:16.136+0000] {processor.py:208} INFO - Processing /home/airflow/.local/lib/python3.12/site-packages/airflow/example_dags/example_inlet_event_extra.py took 1.263 seconds
[2024-11-06T00:04:46.520+0000] {processor.py:186} INFO - Started process (PID=3018) to work on /home/airflow/.local/lib/python3.12/site-packages/airflow/example_dags/example_inlet_event_extra.py
[2024-11-06T00:04:46.521+0000] {processor.py:914} INFO - Processing file /home/airflow/.local/lib/python3.12/site-packages/airflow/example_dags/example_inlet_event_extra.py for tasks to queue
[2024-11-06T00:04:46.525+0000] {logging_mixin.py:190} INFO - [2024-11-06T00:04:46.525+0000] {dagbag.py:588} INFO - Filling up the DagBag from /home/airflow/.local/lib/python3.12/site-packages/airflow/example_dags/example_inlet_event_extra.py
[2024-11-06T00:04:47.492+0000] {processor.py:925} INFO - DAG(s) 'read_dataset_event', 'read_dataset_event_from_classic' retrieved from /home/airflow/.local/lib/python3.12/site-packages/airflow/example_dags/example_inlet_event_extra.py
[2024-11-06T00:04:47.526+0000] {logging_mixin.py:190} INFO - [2024-11-06T00:04:47.525+0000] {dag.py:3239} INFO - Sync 2 DAGs
[2024-11-06T00:04:47.566+0000] {logging_mixin.py:190} INFO - [2024-11-06T00:04:47.565+0000] {dag.py:4180} INFO - Setting next_dagrun for read_dataset_event to 2024-11-05 00:00:00+00:00, run_after=2024-11-06 00:00:00+00:00
[2024-11-06T00:04:47.574+0000] {logging_mixin.py:190} INFO - [2024-11-06T00:04:47.573+0000] {dag.py:4180} INFO - Setting next_dagrun for read_dataset_event_from_classic to 2024-11-05 00:00:00+00:00, run_after=2024-11-06 00:00:00+00:00
[2024-11-06T00:04:47.602+0000] {processor.py:208} INFO - Processing /home/airflow/.local/lib/python3.12/site-packages/airflow/example_dags/example_inlet_event_extra.py took 1.094 seconds
[2024-11-06T00:05:19.116+0000] {processor.py:186} INFO - Started process (PID=3091) to work on /home/airflow/.local/lib/python3.12/site-packages/airflow/example_dags/example_inlet_event_extra.py
[2024-11-06T00:05:19.118+0000] {processor.py:914} INFO - Processing file /home/airflow/.local/lib/python3.12/site-packages/airflow/example_dags/example_inlet_event_extra.py for tasks to queue
[2024-11-06T00:05:19.122+0000] {logging_mixin.py:190} INFO - [2024-11-06T00:05:19.121+0000] {dagbag.py:588} INFO - Filling up the DagBag from /home/airflow/.local/lib/python3.12/site-packages/airflow/example_dags/example_inlet_event_extra.py
[2024-11-06T00:05:20.097+0000] {processor.py:925} INFO - DAG(s) 'read_dataset_event', 'read_dataset_event_from_classic' retrieved from /home/airflow/.local/lib/python3.12/site-packages/airflow/example_dags/example_inlet_event_extra.py
[2024-11-06T00:05:20.131+0000] {logging_mixin.py:190} INFO - [2024-11-06T00:05:20.130+0000] {dag.py:3239} INFO - Sync 2 DAGs
[2024-11-06T00:05:20.178+0000] {logging_mixin.py:190} INFO - [2024-11-06T00:05:20.178+0000] {dag.py:4180} INFO - Setting next_dagrun for read_dataset_event to 2024-11-05 00:00:00+00:00, run_after=2024-11-06 00:00:00+00:00
[2024-11-06T00:05:20.187+0000] {logging_mixin.py:190} INFO - [2024-11-06T00:05:20.187+0000] {dag.py:4180} INFO - Setting next_dagrun for read_dataset_event_from_classic to 2024-11-05 00:00:00+00:00, run_after=2024-11-06 00:00:00+00:00
[2024-11-06T00:05:20.221+0000] {processor.py:208} INFO - Processing /home/airflow/.local/lib/python3.12/site-packages/airflow/example_dags/example_inlet_event_extra.py took 1.114 seconds
[2024-11-06T00:05:51.056+0000] {processor.py:186} INFO - Started process (PID=3158) to work on /home/airflow/.local/lib/python3.12/site-packages/airflow/example_dags/example_inlet_event_extra.py
[2024-11-06T00:05:51.058+0000] {processor.py:914} INFO - Processing file /home/airflow/.local/lib/python3.12/site-packages/airflow/example_dags/example_inlet_event_extra.py for tasks to queue
[2024-11-06T00:05:51.062+0000] {logging_mixin.py:190} INFO - [2024-11-06T00:05:51.061+0000] {dagbag.py:588} INFO - Filling up the DagBag from /home/airflow/.local/lib/python3.12/site-packages/airflow/example_dags/example_inlet_event_extra.py
[2024-11-06T00:05:52.173+0000] {processor.py:925} INFO - DAG(s) 'read_dataset_event_from_classic', 'read_dataset_event' retrieved from /home/airflow/.local/lib/python3.12/site-packages/airflow/example_dags/example_inlet_event_extra.py
[2024-11-06T00:05:52.203+0000] {logging_mixin.py:190} INFO - [2024-11-06T00:05:52.203+0000] {dag.py:3239} INFO - Sync 2 DAGs
[2024-11-06T00:05:52.245+0000] {logging_mixin.py:190} INFO - [2024-11-06T00:05:52.244+0000] {dag.py:4180} INFO - Setting next_dagrun for read_dataset_event to 2024-11-05 00:00:00+00:00, run_after=2024-11-06 00:00:00+00:00
[2024-11-06T00:05:52.255+0000] {logging_mixin.py:190} INFO - [2024-11-06T00:05:52.255+0000] {dag.py:4180} INFO - Setting next_dagrun for read_dataset_event_from_classic to 2024-11-05 00:00:00+00:00, run_after=2024-11-06 00:00:00+00:00
[2024-11-06T00:05:52.285+0000] {processor.py:208} INFO - Processing /home/airflow/.local/lib/python3.12/site-packages/airflow/example_dags/example_inlet_event_extra.py took 1.240 seconds
[2024-11-06T00:06:22.450+0000] {processor.py:186} INFO - Started process (PID=3226) to work on /home/airflow/.local/lib/python3.12/site-packages/airflow/example_dags/example_inlet_event_extra.py
[2024-11-06T00:06:22.453+0000] {processor.py:914} INFO - Processing file /home/airflow/.local/lib/python3.12/site-packages/airflow/example_dags/example_inlet_event_extra.py for tasks to queue
[2024-11-06T00:06:22.461+0000] {logging_mixin.py:190} INFO - [2024-11-06T00:06:22.460+0000] {dagbag.py:588} INFO - Filling up the DagBag from /home/airflow/.local/lib/python3.12/site-packages/airflow/example_dags/example_inlet_event_extra.py
[2024-11-06T00:06:23.590+0000] {processor.py:925} INFO - DAG(s) 'read_dataset_event', 'read_dataset_event_from_classic' retrieved from /home/airflow/.local/lib/python3.12/site-packages/airflow/example_dags/example_inlet_event_extra.py
[2024-11-06T00:06:23.626+0000] {logging_mixin.py:190} INFO - [2024-11-06T00:06:23.625+0000] {dag.py:3239} INFO - Sync 2 DAGs
[2024-11-06T00:06:23.672+0000] {logging_mixin.py:190} INFO - [2024-11-06T00:06:23.671+0000] {dag.py:4180} INFO - Setting next_dagrun for read_dataset_event to 2024-11-05 00:00:00+00:00, run_after=2024-11-06 00:00:00+00:00
[2024-11-06T00:06:23.683+0000] {logging_mixin.py:190} INFO - [2024-11-06T00:06:23.683+0000] {dag.py:4180} INFO - Setting next_dagrun for read_dataset_event_from_classic to 2024-11-05 00:00:00+00:00, run_after=2024-11-06 00:00:00+00:00
[2024-11-06T00:06:23.713+0000] {processor.py:208} INFO - Processing /home/airflow/.local/lib/python3.12/site-packages/airflow/example_dags/example_inlet_event_extra.py took 1.281 seconds
[2024-11-06T00:06:53.940+0000] {processor.py:186} INFO - Started process (PID=3294) to work on /home/airflow/.local/lib/python3.12/site-packages/airflow/example_dags/example_inlet_event_extra.py
[2024-11-06T00:06:53.941+0000] {processor.py:914} INFO - Processing file /home/airflow/.local/lib/python3.12/site-packages/airflow/example_dags/example_inlet_event_extra.py for tasks to queue
[2024-11-06T00:06:53.949+0000] {logging_mixin.py:190} INFO - [2024-11-06T00:06:53.948+0000] {dagbag.py:588} INFO - Filling up the DagBag from /home/airflow/.local/lib/python3.12/site-packages/airflow/example_dags/example_inlet_event_extra.py
[2024-11-06T00:06:54.960+0000] {processor.py:925} INFO - DAG(s) 'read_dataset_event', 'read_dataset_event_from_classic' retrieved from /home/airflow/.local/lib/python3.12/site-packages/airflow/example_dags/example_inlet_event_extra.py
[2024-11-06T00:06:55.006+0000] {logging_mixin.py:190} INFO - [2024-11-06T00:06:55.005+0000] {dag.py:3239} INFO - Sync 2 DAGs
[2024-11-06T00:06:55.051+0000] {logging_mixin.py:190} INFO - [2024-11-06T00:06:55.050+0000] {dag.py:4180} INFO - Setting next_dagrun for read_dataset_event to 2024-11-05 00:00:00+00:00, run_after=2024-11-06 00:00:00+00:00
[2024-11-06T00:06:55.058+0000] {logging_mixin.py:190} INFO - [2024-11-06T00:06:55.058+0000] {dag.py:4180} INFO - Setting next_dagrun for read_dataset_event_from_classic to 2024-11-05 00:00:00+00:00, run_after=2024-11-06 00:00:00+00:00
[2024-11-06T00:06:55.086+0000] {processor.py:208} INFO - Processing /home/airflow/.local/lib/python3.12/site-packages/airflow/example_dags/example_inlet_event_extra.py took 1.158 seconds
[2024-11-06T00:07:25.166+0000] {processor.py:186} INFO - Started process (PID=3362) to work on /home/airflow/.local/lib/python3.12/site-packages/airflow/example_dags/example_inlet_event_extra.py
[2024-11-06T00:07:25.167+0000] {processor.py:914} INFO - Processing file /home/airflow/.local/lib/python3.12/site-packages/airflow/example_dags/example_inlet_event_extra.py for tasks to queue
[2024-11-06T00:07:25.172+0000] {logging_mixin.py:190} INFO - [2024-11-06T00:07:25.171+0000] {dagbag.py:588} INFO - Filling up the DagBag from /home/airflow/.local/lib/python3.12/site-packages/airflow/example_dags/example_inlet_event_extra.py
[2024-11-06T00:07:26.171+0000] {processor.py:925} INFO - DAG(s) 'read_dataset_event_from_classic', 'read_dataset_event' retrieved from /home/airflow/.local/lib/python3.12/site-packages/airflow/example_dags/example_inlet_event_extra.py
[2024-11-06T00:07:26.199+0000] {logging_mixin.py:190} INFO - [2024-11-06T00:07:26.199+0000] {dag.py:3239} INFO - Sync 2 DAGs
[2024-11-06T00:07:26.236+0000] {logging_mixin.py:190} INFO - [2024-11-06T00:07:26.236+0000] {dag.py:4180} INFO - Setting next_dagrun for read_dataset_event to 2024-11-05 00:00:00+00:00, run_after=2024-11-06 00:00:00+00:00
[2024-11-06T00:07:26.245+0000] {logging_mixin.py:190} INFO - [2024-11-06T00:07:26.244+0000] {dag.py:4180} INFO - Setting next_dagrun for read_dataset_event_from_classic to 2024-11-05 00:00:00+00:00, run_after=2024-11-06 00:00:00+00:00
[2024-11-06T00:07:26.284+0000] {processor.py:208} INFO - Processing /home/airflow/.local/lib/python3.12/site-packages/airflow/example_dags/example_inlet_event_extra.py took 1.128 seconds
[2024-11-06T00:07:56.436+0000] {processor.py:186} INFO - Started process (PID=3430) to work on /home/airflow/.local/lib/python3.12/site-packages/airflow/example_dags/example_inlet_event_extra.py
[2024-11-06T00:07:56.438+0000] {processor.py:914} INFO - Processing file /home/airflow/.local/lib/python3.12/site-packages/airflow/example_dags/example_inlet_event_extra.py for tasks to queue
[2024-11-06T00:07:56.442+0000] {logging_mixin.py:190} INFO - [2024-11-06T00:07:56.442+0000] {dagbag.py:588} INFO - Filling up the DagBag from /home/airflow/.local/lib/python3.12/site-packages/airflow/example_dags/example_inlet_event_extra.py
[2024-11-06T00:07:57.494+0000] {processor.py:925} INFO - DAG(s) 'read_dataset_event', 'read_dataset_event_from_classic' retrieved from /home/airflow/.local/lib/python3.12/site-packages/airflow/example_dags/example_inlet_event_extra.py
[2024-11-06T00:07:57.546+0000] {logging_mixin.py:190} INFO - [2024-11-06T00:07:57.546+0000] {dag.py:3239} INFO - Sync 2 DAGs
[2024-11-06T00:07:57.585+0000] {logging_mixin.py:190} INFO - [2024-11-06T00:07:57.585+0000] {dag.py:4180} INFO - Setting next_dagrun for read_dataset_event to 2024-11-05 00:00:00+00:00, run_after=2024-11-06 00:00:00+00:00
[2024-11-06T00:07:57.595+0000] {logging_mixin.py:190} INFO - [2024-11-06T00:07:57.595+0000] {dag.py:4180} INFO - Setting next_dagrun for read_dataset_event_from_classic to 2024-11-05 00:00:00+00:00, run_after=2024-11-06 00:00:00+00:00
[2024-11-06T00:07:57.623+0000] {processor.py:208} INFO - Processing /home/airflow/.local/lib/python3.12/site-packages/airflow/example_dags/example_inlet_event_extra.py took 1.197 seconds
[2024-11-06T00:08:27.684+0000] {processor.py:186} INFO - Started process (PID=3494) to work on /home/airflow/.local/lib/python3.12/site-packages/airflow/example_dags/example_inlet_event_extra.py
[2024-11-06T00:08:27.686+0000] {processor.py:914} INFO - Processing file /home/airflow/.local/lib/python3.12/site-packages/airflow/example_dags/example_inlet_event_extra.py for tasks to queue
[2024-11-06T00:08:27.691+0000] {logging_mixin.py:190} INFO - [2024-11-06T00:08:27.690+0000] {dagbag.py:588} INFO - Filling up the DagBag from /home/airflow/.local/lib/python3.12/site-packages/airflow/example_dags/example_inlet_event_extra.py
[2024-11-06T00:08:28.744+0000] {processor.py:925} INFO - DAG(s) 'read_dataset_event_from_classic', 'read_dataset_event' retrieved from /home/airflow/.local/lib/python3.12/site-packages/airflow/example_dags/example_inlet_event_extra.py
[2024-11-06T00:08:28.780+0000] {logging_mixin.py:190} INFO - [2024-11-06T00:08:28.779+0000] {dag.py:3239} INFO - Sync 2 DAGs
[2024-11-06T00:08:28.823+0000] {logging_mixin.py:190} INFO - [2024-11-06T00:08:28.823+0000] {dag.py:4180} INFO - Setting next_dagrun for read_dataset_event to 2024-11-05 00:00:00+00:00, run_after=2024-11-06 00:00:00+00:00
[2024-11-06T00:08:28.833+0000] {logging_mixin.py:190} INFO - [2024-11-06T00:08:28.833+0000] {dag.py:4180} INFO - Setting next_dagrun for read_dataset_event_from_classic to 2024-11-05 00:00:00+00:00, run_after=2024-11-06 00:00:00+00:00
[2024-11-06T00:08:28.863+0000] {processor.py:208} INFO - Processing /home/airflow/.local/lib/python3.12/site-packages/airflow/example_dags/example_inlet_event_extra.py took 1.190 seconds
[2024-11-06T00:08:58.994+0000] {processor.py:186} INFO - Started process (PID=3561) to work on /home/airflow/.local/lib/python3.12/site-packages/airflow/example_dags/example_inlet_event_extra.py
[2024-11-06T00:08:58.997+0000] {processor.py:914} INFO - Processing file /home/airflow/.local/lib/python3.12/site-packages/airflow/example_dags/example_inlet_event_extra.py for tasks to queue
[2024-11-06T00:08:59.001+0000] {logging_mixin.py:190} INFO - [2024-11-06T00:08:59.001+0000] {dagbag.py:588} INFO - Filling up the DagBag from /home/airflow/.local/lib/python3.12/site-packages/airflow/example_dags/example_inlet_event_extra.py
[2024-11-06T00:09:00.010+0000] {processor.py:925} INFO - DAG(s) 'read_dataset_event', 'read_dataset_event_from_classic' retrieved from /home/airflow/.local/lib/python3.12/site-packages/airflow/example_dags/example_inlet_event_extra.py
[2024-11-06T00:09:00.048+0000] {logging_mixin.py:190} INFO - [2024-11-06T00:09:00.047+0000] {dag.py:3239} INFO - Sync 2 DAGs
[2024-11-06T00:09:00.091+0000] {logging_mixin.py:190} INFO - [2024-11-06T00:09:00.091+0000] {dag.py:4180} INFO - Setting next_dagrun for read_dataset_event to 2024-11-05 00:00:00+00:00, run_after=2024-11-06 00:00:00+00:00
[2024-11-06T00:09:00.100+0000] {logging_mixin.py:190} INFO - [2024-11-06T00:09:00.099+0000] {dag.py:4180} INFO - Setting next_dagrun for read_dataset_event_from_classic to 2024-11-05 00:00:00+00:00, run_after=2024-11-06 00:00:00+00:00
[2024-11-06T00:09:00.143+0000] {processor.py:208} INFO - Processing /home/airflow/.local/lib/python3.12/site-packages/airflow/example_dags/example_inlet_event_extra.py took 1.157 seconds
[2024-11-06T00:09:31.436+0000] {processor.py:186} INFO - Started process (PID=3627) to work on /home/airflow/.local/lib/python3.12/site-packages/airflow/example_dags/example_inlet_event_extra.py
[2024-11-06T00:09:31.438+0000] {processor.py:914} INFO - Processing file /home/airflow/.local/lib/python3.12/site-packages/airflow/example_dags/example_inlet_event_extra.py for tasks to queue
[2024-11-06T00:09:31.443+0000] {logging_mixin.py:190} INFO - [2024-11-06T00:09:31.443+0000] {dagbag.py:588} INFO - Filling up the DagBag from /home/airflow/.local/lib/python3.12/site-packages/airflow/example_dags/example_inlet_event_extra.py
[2024-11-06T00:09:32.555+0000] {processor.py:925} INFO - DAG(s) 'read_dataset_event_from_classic', 'read_dataset_event' retrieved from /home/airflow/.local/lib/python3.12/site-packages/airflow/example_dags/example_inlet_event_extra.py
[2024-11-06T00:09:32.589+0000] {logging_mixin.py:190} INFO - [2024-11-06T00:09:32.589+0000] {dag.py:3239} INFO - Sync 2 DAGs
[2024-11-06T00:09:32.638+0000] {logging_mixin.py:190} INFO - [2024-11-06T00:09:32.638+0000] {dag.py:4180} INFO - Setting next_dagrun for read_dataset_event to 2024-11-05 00:00:00+00:00, run_after=2024-11-06 00:00:00+00:00
[2024-11-06T00:09:32.649+0000] {logging_mixin.py:190} INFO - [2024-11-06T00:09:32.649+0000] {dag.py:4180} INFO - Setting next_dagrun for read_dataset_event_from_classic to 2024-11-05 00:00:00+00:00, run_after=2024-11-06 00:00:00+00:00
[2024-11-06T00:09:32.683+0000] {processor.py:208} INFO - Processing /home/airflow/.local/lib/python3.12/site-packages/airflow/example_dags/example_inlet_event_extra.py took 1.258 seconds
[2024-11-06T00:10:03.119+0000] {processor.py:186} INFO - Started process (PID=3693) to work on /home/airflow/.local/lib/python3.12/site-packages/airflow/example_dags/example_inlet_event_extra.py
[2024-11-06T00:10:03.121+0000] {processor.py:914} INFO - Processing file /home/airflow/.local/lib/python3.12/site-packages/airflow/example_dags/example_inlet_event_extra.py for tasks to queue
[2024-11-06T00:10:03.125+0000] {logging_mixin.py:190} INFO - [2024-11-06T00:10:03.125+0000] {dagbag.py:588} INFO - Filling up the DagBag from /home/airflow/.local/lib/python3.12/site-packages/airflow/example_dags/example_inlet_event_extra.py
[2024-11-06T00:10:04.074+0000] {processor.py:925} INFO - DAG(s) 'read_dataset_event', 'read_dataset_event_from_classic' retrieved from /home/airflow/.local/lib/python3.12/site-packages/airflow/example_dags/example_inlet_event_extra.py
[2024-11-06T00:10:04.101+0000] {logging_mixin.py:190} INFO - [2024-11-06T00:10:04.101+0000] {dag.py:3239} INFO - Sync 2 DAGs
[2024-11-06T00:10:04.137+0000] {logging_mixin.py:190} INFO - [2024-11-06T00:10:04.136+0000] {dag.py:4180} INFO - Setting next_dagrun for read_dataset_event to 2024-11-05 00:00:00+00:00, run_after=2024-11-06 00:00:00+00:00
[2024-11-06T00:10:04.147+0000] {logging_mixin.py:190} INFO - [2024-11-06T00:10:04.146+0000] {dag.py:4180} INFO - Setting next_dagrun for read_dataset_event_from_classic to 2024-11-05 00:00:00+00:00, run_after=2024-11-06 00:00:00+00:00
[2024-11-06T00:10:04.197+0000] {processor.py:208} INFO - Processing /home/airflow/.local/lib/python3.12/site-packages/airflow/example_dags/example_inlet_event_extra.py took 1.091 seconds
[2024-11-06T00:10:34.485+0000] {processor.py:186} INFO - Started process (PID=3759) to work on /home/airflow/.local/lib/python3.12/site-packages/airflow/example_dags/example_inlet_event_extra.py
[2024-11-06T00:10:34.487+0000] {processor.py:914} INFO - Processing file /home/airflow/.local/lib/python3.12/site-packages/airflow/example_dags/example_inlet_event_extra.py for tasks to queue
[2024-11-06T00:10:34.491+0000] {logging_mixin.py:190} INFO - [2024-11-06T00:10:34.490+0000] {dagbag.py:588} INFO - Filling up the DagBag from /home/airflow/.local/lib/python3.12/site-packages/airflow/example_dags/example_inlet_event_extra.py
[2024-11-06T00:10:35.602+0000] {processor.py:925} INFO - DAG(s) 'read_dataset_event_from_classic', 'read_dataset_event' retrieved from /home/airflow/.local/lib/python3.12/site-packages/airflow/example_dags/example_inlet_event_extra.py
[2024-11-06T00:10:35.630+0000] {logging_mixin.py:190} INFO - [2024-11-06T00:10:35.630+0000] {dag.py:3239} INFO - Sync 2 DAGs
[2024-11-06T00:10:35.698+0000] {logging_mixin.py:190} INFO - [2024-11-06T00:10:35.698+0000] {dag.py:4180} INFO - Setting next_dagrun for read_dataset_event to 2024-11-05 00:00:00+00:00, run_after=2024-11-06 00:00:00+00:00
[2024-11-06T00:10:35.710+0000] {logging_mixin.py:190} INFO - [2024-11-06T00:10:35.710+0000] {dag.py:4180} INFO - Setting next_dagrun for read_dataset_event_from_classic to 2024-11-05 00:00:00+00:00, run_after=2024-11-06 00:00:00+00:00
[2024-11-06T00:10:35.740+0000] {processor.py:208} INFO - Processing /home/airflow/.local/lib/python3.12/site-packages/airflow/example_dags/example_inlet_event_extra.py took 1.264 seconds
[2024-11-06T00:11:05.903+0000] {processor.py:186} INFO - Started process (PID=3825) to work on /home/airflow/.local/lib/python3.12/site-packages/airflow/example_dags/example_inlet_event_extra.py
[2024-11-06T00:11:05.905+0000] {processor.py:914} INFO - Processing file /home/airflow/.local/lib/python3.12/site-packages/airflow/example_dags/example_inlet_event_extra.py for tasks to queue
[2024-11-06T00:11:05.909+0000] {logging_mixin.py:190} INFO - [2024-11-06T00:11:05.909+0000] {dagbag.py:588} INFO - Filling up the DagBag from /home/airflow/.local/lib/python3.12/site-packages/airflow/example_dags/example_inlet_event_extra.py
[2024-11-06T00:11:06.719+0000] {processor.py:925} INFO - DAG(s) 'read_dataset_event_from_classic', 'read_dataset_event' retrieved from /home/airflow/.local/lib/python3.12/site-packages/airflow/example_dags/example_inlet_event_extra.py
[2024-11-06T00:11:06.771+0000] {logging_mixin.py:190} INFO - [2024-11-06T00:11:06.770+0000] {dag.py:3239} INFO - Sync 2 DAGs
[2024-11-06T00:11:06.824+0000] {logging_mixin.py:190} INFO - [2024-11-06T00:11:06.823+0000] {dag.py:4180} INFO - Setting next_dagrun for read_dataset_event to 2024-11-05 00:00:00+00:00, run_after=2024-11-06 00:00:00+00:00
[2024-11-06T00:11:06.834+0000] {logging_mixin.py:190} INFO - [2024-11-06T00:11:06.833+0000] {dag.py:4180} INFO - Setting next_dagrun for read_dataset_event_from_classic to 2024-11-05 00:00:00+00:00, run_after=2024-11-06 00:00:00+00:00
[2024-11-06T00:11:06.881+0000] {processor.py:208} INFO - Processing /home/airflow/.local/lib/python3.12/site-packages/airflow/example_dags/example_inlet_event_extra.py took 0.988 seconds
[2024-11-06T00:11:37.103+0000] {processor.py:186} INFO - Started process (PID=3889) to work on /home/airflow/.local/lib/python3.12/site-packages/airflow/example_dags/example_inlet_event_extra.py
[2024-11-06T00:11:37.106+0000] {processor.py:914} INFO - Processing file /home/airflow/.local/lib/python3.12/site-packages/airflow/example_dags/example_inlet_event_extra.py for tasks to queue
[2024-11-06T00:11:37.110+0000] {logging_mixin.py:190} INFO - [2024-11-06T00:11:37.109+0000] {dagbag.py:588} INFO - Filling up the DagBag from /home/airflow/.local/lib/python3.12/site-packages/airflow/example_dags/example_inlet_event_extra.py
[2024-11-06T00:11:37.772+0000] {processor.py:925} INFO - DAG(s) 'read_dataset_event_from_classic', 'read_dataset_event' retrieved from /home/airflow/.local/lib/python3.12/site-packages/airflow/example_dags/example_inlet_event_extra.py
[2024-11-06T00:11:37.814+0000] {logging_mixin.py:190} INFO - [2024-11-06T00:11:37.813+0000] {dag.py:3239} INFO - Sync 2 DAGs
[2024-11-06T00:11:37.863+0000] {logging_mixin.py:190} INFO - [2024-11-06T00:11:37.862+0000] {dag.py:4180} INFO - Setting next_dagrun for read_dataset_event to 2024-11-05 00:00:00+00:00, run_after=2024-11-06 00:00:00+00:00
[2024-11-06T00:11:37.871+0000] {logging_mixin.py:190} INFO - [2024-11-06T00:11:37.871+0000] {dag.py:4180} INFO - Setting next_dagrun for read_dataset_event_from_classic to 2024-11-05 00:00:00+00:00, run_after=2024-11-06 00:00:00+00:00
[2024-11-06T00:11:37.909+0000] {processor.py:208} INFO - Processing /home/airflow/.local/lib/python3.12/site-packages/airflow/example_dags/example_inlet_event_extra.py took 0.816 seconds
[2024-11-06T00:12:08.129+0000] {processor.py:186} INFO - Started process (PID=3953) to work on /home/airflow/.local/lib/python3.12/site-packages/airflow/example_dags/example_inlet_event_extra.py
[2024-11-06T00:12:08.134+0000] {processor.py:914} INFO - Processing file /home/airflow/.local/lib/python3.12/site-packages/airflow/example_dags/example_inlet_event_extra.py for tasks to queue
[2024-11-06T00:12:08.140+0000] {logging_mixin.py:190} INFO - [2024-11-06T00:12:08.139+0000] {dagbag.py:588} INFO - Filling up the DagBag from /home/airflow/.local/lib/python3.12/site-packages/airflow/example_dags/example_inlet_event_extra.py
[2024-11-06T00:12:09.095+0000] {processor.py:925} INFO - DAG(s) 'read_dataset_event_from_classic', 'read_dataset_event' retrieved from /home/airflow/.local/lib/python3.12/site-packages/airflow/example_dags/example_inlet_event_extra.py
[2024-11-06T00:12:09.157+0000] {logging_mixin.py:190} INFO - [2024-11-06T00:12:09.156+0000] {dag.py:3239} INFO - Sync 2 DAGs
[2024-11-06T00:12:09.235+0000] {logging_mixin.py:190} INFO - [2024-11-06T00:12:09.235+0000] {dag.py:4180} INFO - Setting next_dagrun for read_dataset_event to 2024-11-05 00:00:00+00:00, run_after=2024-11-06 00:00:00+00:00
[2024-11-06T00:12:09.251+0000] {logging_mixin.py:190} INFO - [2024-11-06T00:12:09.251+0000] {dag.py:4180} INFO - Setting next_dagrun for read_dataset_event_from_classic to 2024-11-05 00:00:00+00:00, run_after=2024-11-06 00:00:00+00:00
[2024-11-06T00:12:09.313+0000] {processor.py:208} INFO - Processing /home/airflow/.local/lib/python3.12/site-packages/airflow/example_dags/example_inlet_event_extra.py took 1.196 seconds
[2024-11-06T00:12:39.578+0000] {processor.py:186} INFO - Started process (PID=4021) to work on /home/airflow/.local/lib/python3.12/site-packages/airflow/example_dags/example_inlet_event_extra.py
[2024-11-06T00:12:39.581+0000] {processor.py:914} INFO - Processing file /home/airflow/.local/lib/python3.12/site-packages/airflow/example_dags/example_inlet_event_extra.py for tasks to queue
[2024-11-06T00:12:39.589+0000] {logging_mixin.py:190} INFO - [2024-11-06T00:12:39.588+0000] {dagbag.py:588} INFO - Filling up the DagBag from /home/airflow/.local/lib/python3.12/site-packages/airflow/example_dags/example_inlet_event_extra.py
[2024-11-06T00:12:40.513+0000] {processor.py:925} INFO - DAG(s) 'read_dataset_event_from_classic', 'read_dataset_event' retrieved from /home/airflow/.local/lib/python3.12/site-packages/airflow/example_dags/example_inlet_event_extra.py
[2024-11-06T00:12:40.553+0000] {logging_mixin.py:190} INFO - [2024-11-06T00:12:40.552+0000] {dag.py:3239} INFO - Sync 2 DAGs
[2024-11-06T00:12:40.591+0000] {logging_mixin.py:190} INFO - [2024-11-06T00:12:40.591+0000] {dag.py:4180} INFO - Setting next_dagrun for read_dataset_event to 2024-11-05 00:00:00+00:00, run_after=2024-11-06 00:00:00+00:00
[2024-11-06T00:12:40.605+0000] {logging_mixin.py:190} INFO - [2024-11-06T00:12:40.604+0000] {dag.py:4180} INFO - Setting next_dagrun for read_dataset_event_from_classic to 2024-11-05 00:00:00+00:00, run_after=2024-11-06 00:00:00+00:00
[2024-11-06T00:12:40.637+0000] {processor.py:208} INFO - Processing /home/airflow/.local/lib/python3.12/site-packages/airflow/example_dags/example_inlet_event_extra.py took 1.075 seconds
[2024-11-06T00:13:10.743+0000] {processor.py:186} INFO - Started process (PID=4086) to work on /home/airflow/.local/lib/python3.12/site-packages/airflow/example_dags/example_inlet_event_extra.py
[2024-11-06T00:13:10.745+0000] {processor.py:914} INFO - Processing file /home/airflow/.local/lib/python3.12/site-packages/airflow/example_dags/example_inlet_event_extra.py for tasks to queue
[2024-11-06T00:13:10.750+0000] {logging_mixin.py:190} INFO - [2024-11-06T00:13:10.750+0000] {dagbag.py:588} INFO - Filling up the DagBag from /home/airflow/.local/lib/python3.12/site-packages/airflow/example_dags/example_inlet_event_extra.py
[2024-11-06T00:13:11.544+0000] {processor.py:925} INFO - DAG(s) 'read_dataset_event', 'read_dataset_event_from_classic' retrieved from /home/airflow/.local/lib/python3.12/site-packages/airflow/example_dags/example_inlet_event_extra.py
[2024-11-06T00:13:11.579+0000] {logging_mixin.py:190} INFO - [2024-11-06T00:13:11.579+0000] {dag.py:3239} INFO - Sync 2 DAGs
[2024-11-06T00:13:11.629+0000] {logging_mixin.py:190} INFO - [2024-11-06T00:13:11.629+0000] {dag.py:4180} INFO - Setting next_dagrun for read_dataset_event to 2024-11-05 00:00:00+00:00, run_after=2024-11-06 00:00:00+00:00
[2024-11-06T00:13:11.643+0000] {logging_mixin.py:190} INFO - [2024-11-06T00:13:11.642+0000] {dag.py:4180} INFO - Setting next_dagrun for read_dataset_event_from_classic to 2024-11-05 00:00:00+00:00, run_after=2024-11-06 00:00:00+00:00
[2024-11-06T00:13:11.675+0000] {processor.py:208} INFO - Processing /home/airflow/.local/lib/python3.12/site-packages/airflow/example_dags/example_inlet_event_extra.py took 0.945 seconds
[2024-11-06T00:13:42.159+0000] {processor.py:186} INFO - Started process (PID=4153) to work on /home/airflow/.local/lib/python3.12/site-packages/airflow/example_dags/example_inlet_event_extra.py
[2024-11-06T00:13:42.160+0000] {processor.py:914} INFO - Processing file /home/airflow/.local/lib/python3.12/site-packages/airflow/example_dags/example_inlet_event_extra.py for tasks to queue
[2024-11-06T00:13:42.165+0000] {logging_mixin.py:190} INFO - [2024-11-06T00:13:42.164+0000] {dagbag.py:588} INFO - Filling up the DagBag from /home/airflow/.local/lib/python3.12/site-packages/airflow/example_dags/example_inlet_event_extra.py
[2024-11-06T00:13:42.766+0000] {processor.py:925} INFO - DAG(s) 'read_dataset_event_from_classic', 'read_dataset_event' retrieved from /home/airflow/.local/lib/python3.12/site-packages/airflow/example_dags/example_inlet_event_extra.py
[2024-11-06T00:13:42.801+0000] {logging_mixin.py:190} INFO - [2024-11-06T00:13:42.801+0000] {dag.py:3239} INFO - Sync 2 DAGs
[2024-11-06T00:13:42.844+0000] {logging_mixin.py:190} INFO - [2024-11-06T00:13:42.843+0000] {dag.py:4180} INFO - Setting next_dagrun for read_dataset_event to 2024-11-05 00:00:00+00:00, run_after=2024-11-06 00:00:00+00:00
[2024-11-06T00:13:42.854+0000] {logging_mixin.py:190} INFO - [2024-11-06T00:13:42.853+0000] {dag.py:4180} INFO - Setting next_dagrun for read_dataset_event_from_classic to 2024-11-05 00:00:00+00:00, run_after=2024-11-06 00:00:00+00:00
[2024-11-06T00:13:42.882+0000] {processor.py:208} INFO - Processing /home/airflow/.local/lib/python3.12/site-packages/airflow/example_dags/example_inlet_event_extra.py took 0.733 seconds
[2024-11-06T00:14:12.997+0000] {processor.py:186} INFO - Started process (PID=4217) to work on /home/airflow/.local/lib/python3.12/site-packages/airflow/example_dags/example_inlet_event_extra.py
[2024-11-06T00:14:12.999+0000] {processor.py:914} INFO - Processing file /home/airflow/.local/lib/python3.12/site-packages/airflow/example_dags/example_inlet_event_extra.py for tasks to queue
[2024-11-06T00:14:13.003+0000] {logging_mixin.py:190} INFO - [2024-11-06T00:14:13.002+0000] {dagbag.py:588} INFO - Filling up the DagBag from /home/airflow/.local/lib/python3.12/site-packages/airflow/example_dags/example_inlet_event_extra.py
[2024-11-06T00:14:13.720+0000] {processor.py:925} INFO - DAG(s) 'read_dataset_event_from_classic', 'read_dataset_event' retrieved from /home/airflow/.local/lib/python3.12/site-packages/airflow/example_dags/example_inlet_event_extra.py
[2024-11-06T00:14:13.765+0000] {logging_mixin.py:190} INFO - [2024-11-06T00:14:13.764+0000] {dag.py:3239} INFO - Sync 2 DAGs
[2024-11-06T00:14:13.837+0000] {logging_mixin.py:190} INFO - [2024-11-06T00:14:13.836+0000] {dag.py:4180} INFO - Setting next_dagrun for read_dataset_event to 2024-11-05 00:00:00+00:00, run_after=2024-11-06 00:00:00+00:00
[2024-11-06T00:14:13.845+0000] {logging_mixin.py:190} INFO - [2024-11-06T00:14:13.844+0000] {dag.py:4180} INFO - Setting next_dagrun for read_dataset_event_from_classic to 2024-11-05 00:00:00+00:00, run_after=2024-11-06 00:00:00+00:00
[2024-11-06T00:14:13.870+0000] {processor.py:208} INFO - Processing /home/airflow/.local/lib/python3.12/site-packages/airflow/example_dags/example_inlet_event_extra.py took 0.881 seconds
[2024-11-06T00:14:44.695+0000] {processor.py:186} INFO - Started process (PID=4281) to work on /home/airflow/.local/lib/python3.12/site-packages/airflow/example_dags/example_inlet_event_extra.py
[2024-11-06T00:14:44.697+0000] {processor.py:914} INFO - Processing file /home/airflow/.local/lib/python3.12/site-packages/airflow/example_dags/example_inlet_event_extra.py for tasks to queue
[2024-11-06T00:14:44.701+0000] {logging_mixin.py:190} INFO - [2024-11-06T00:14:44.700+0000] {dagbag.py:588} INFO - Filling up the DagBag from /home/airflow/.local/lib/python3.12/site-packages/airflow/example_dags/example_inlet_event_extra.py
[2024-11-06T00:14:45.509+0000] {processor.py:925} INFO - DAG(s) 'read_dataset_event', 'read_dataset_event_from_classic' retrieved from /home/airflow/.local/lib/python3.12/site-packages/airflow/example_dags/example_inlet_event_extra.py
[2024-11-06T00:14:45.563+0000] {logging_mixin.py:190} INFO - [2024-11-06T00:14:45.563+0000] {dag.py:3239} INFO - Sync 2 DAGs
[2024-11-06T00:14:45.626+0000] {logging_mixin.py:190} INFO - [2024-11-06T00:14:45.625+0000] {dag.py:4180} INFO - Setting next_dagrun for read_dataset_event to 2024-11-05 00:00:00+00:00, run_after=2024-11-06 00:00:00+00:00
[2024-11-06T00:14:45.635+0000] {logging_mixin.py:190} INFO - [2024-11-06T00:14:45.634+0000] {dag.py:4180} INFO - Setting next_dagrun for read_dataset_event_from_classic to 2024-11-05 00:00:00+00:00, run_after=2024-11-06 00:00:00+00:00
[2024-11-06T00:14:45.669+0000] {processor.py:208} INFO - Processing /home/airflow/.local/lib/python3.12/site-packages/airflow/example_dags/example_inlet_event_extra.py took 0.982 seconds
[2024-11-06T00:15:16.157+0000] {processor.py:186} INFO - Started process (PID=4345) to work on /home/airflow/.local/lib/python3.12/site-packages/airflow/example_dags/example_inlet_event_extra.py
[2024-11-06T00:15:16.158+0000] {processor.py:914} INFO - Processing file /home/airflow/.local/lib/python3.12/site-packages/airflow/example_dags/example_inlet_event_extra.py for tasks to queue
[2024-11-06T00:15:16.164+0000] {logging_mixin.py:190} INFO - [2024-11-06T00:15:16.163+0000] {dagbag.py:588} INFO - Filling up the DagBag from /home/airflow/.local/lib/python3.12/site-packages/airflow/example_dags/example_inlet_event_extra.py
[2024-11-06T00:15:16.892+0000] {processor.py:925} INFO - DAG(s) 'read_dataset_event', 'read_dataset_event_from_classic' retrieved from /home/airflow/.local/lib/python3.12/site-packages/airflow/example_dags/example_inlet_event_extra.py
[2024-11-06T00:15:16.934+0000] {logging_mixin.py:190} INFO - [2024-11-06T00:15:16.934+0000] {dag.py:3239} INFO - Sync 2 DAGs
[2024-11-06T00:15:16.990+0000] {logging_mixin.py:190} INFO - [2024-11-06T00:15:16.990+0000] {dag.py:4180} INFO - Setting next_dagrun for read_dataset_event to 2024-11-05 00:00:00+00:00, run_after=2024-11-06 00:00:00+00:00
[2024-11-06T00:15:17.001+0000] {logging_mixin.py:190} INFO - [2024-11-06T00:15:17.000+0000] {dag.py:4180} INFO - Setting next_dagrun for read_dataset_event_from_classic to 2024-11-05 00:00:00+00:00, run_after=2024-11-06 00:00:00+00:00
[2024-11-06T00:15:17.054+0000] {processor.py:208} INFO - Processing /home/airflow/.local/lib/python3.12/site-packages/airflow/example_dags/example_inlet_event_extra.py took 0.909 seconds
[2024-11-06T00:15:47.663+0000] {processor.py:186} INFO - Started process (PID=4409) to work on /home/airflow/.local/lib/python3.12/site-packages/airflow/example_dags/example_inlet_event_extra.py
[2024-11-06T00:15:47.665+0000] {processor.py:914} INFO - Processing file /home/airflow/.local/lib/python3.12/site-packages/airflow/example_dags/example_inlet_event_extra.py for tasks to queue
[2024-11-06T00:15:47.670+0000] {logging_mixin.py:190} INFO - [2024-11-06T00:15:47.669+0000] {dagbag.py:588} INFO - Filling up the DagBag from /home/airflow/.local/lib/python3.12/site-packages/airflow/example_dags/example_inlet_event_extra.py
[2024-11-06T00:15:48.354+0000] {processor.py:925} INFO - DAG(s) 'read_dataset_event', 'read_dataset_event_from_classic' retrieved from /home/airflow/.local/lib/python3.12/site-packages/airflow/example_dags/example_inlet_event_extra.py
[2024-11-06T00:15:48.400+0000] {logging_mixin.py:190} INFO - [2024-11-06T00:15:48.400+0000] {dag.py:3239} INFO - Sync 2 DAGs
[2024-11-06T00:15:48.440+0000] {logging_mixin.py:190} INFO - [2024-11-06T00:15:48.439+0000] {dag.py:4180} INFO - Setting next_dagrun for read_dataset_event to 2024-11-05 00:00:00+00:00, run_after=2024-11-06 00:00:00+00:00
[2024-11-06T00:15:48.449+0000] {logging_mixin.py:190} INFO - [2024-11-06T00:15:48.448+0000] {dag.py:4180} INFO - Setting next_dagrun for read_dataset_event_from_classic to 2024-11-05 00:00:00+00:00, run_after=2024-11-06 00:00:00+00:00
[2024-11-06T00:15:48.484+0000] {processor.py:208} INFO - Processing /home/airflow/.local/lib/python3.12/site-packages/airflow/example_dags/example_inlet_event_extra.py took 0.831 seconds
[2024-11-06T00:18:18.340+0000] {processor.py:186} INFO - Started process (PID=49) to work on /home/airflow/.local/lib/python3.12/site-packages/airflow/example_dags/example_inlet_event_extra.py
[2024-11-06T00:18:18.347+0000] {processor.py:914} INFO - Processing file /home/airflow/.local/lib/python3.12/site-packages/airflow/example_dags/example_inlet_event_extra.py for tasks to queue
[2024-11-06T00:18:18.362+0000] {logging_mixin.py:190} INFO - [2024-11-06T00:18:18.361+0000] {dagbag.py:588} INFO - Filling up the DagBag from /home/airflow/.local/lib/python3.12/site-packages/airflow/example_dags/example_inlet_event_extra.py
[2024-11-06T00:18:24.510+0000] {processor.py:925} INFO - DAG(s) 'read_dataset_event', 'read_dataset_event_from_classic' retrieved from /home/airflow/.local/lib/python3.12/site-packages/airflow/example_dags/example_inlet_event_extra.py
[2024-11-06T00:18:24.567+0000] {logging_mixin.py:190} INFO - [2024-11-06T00:18:24.567+0000] {dag.py:3239} INFO - Sync 2 DAGs
[2024-11-06T00:18:24.636+0000] {logging_mixin.py:190} INFO - [2024-11-06T00:18:24.635+0000] {dag.py:4180} INFO - Setting next_dagrun for read_dataset_event to 2024-11-05 00:00:00+00:00, run_after=2024-11-06 00:00:00+00:00
[2024-11-06T00:18:24.652+0000] {logging_mixin.py:190} INFO - [2024-11-06T00:18:24.652+0000] {dag.py:4180} INFO - Setting next_dagrun for read_dataset_event_from_classic to 2024-11-05 00:00:00+00:00, run_after=2024-11-06 00:00:00+00:00
[2024-11-06T00:18:24.711+0000] {processor.py:208} INFO - Processing /home/airflow/.local/lib/python3.12/site-packages/airflow/example_dags/example_inlet_event_extra.py took 6.398 seconds
[2024-11-06T00:18:54.917+0000] {processor.py:186} INFO - Started process (PID=113) to work on /home/airflow/.local/lib/python3.12/site-packages/airflow/example_dags/example_inlet_event_extra.py
[2024-11-06T00:18:54.919+0000] {processor.py:914} INFO - Processing file /home/airflow/.local/lib/python3.12/site-packages/airflow/example_dags/example_inlet_event_extra.py for tasks to queue
[2024-11-06T00:18:54.928+0000] {logging_mixin.py:190} INFO - [2024-11-06T00:18:54.928+0000] {dagbag.py:588} INFO - Filling up the DagBag from /home/airflow/.local/lib/python3.12/site-packages/airflow/example_dags/example_inlet_event_extra.py
[2024-11-06T00:18:56.031+0000] {processor.py:925} INFO - DAG(s) 'read_dataset_event_from_classic', 'read_dataset_event' retrieved from /home/airflow/.local/lib/python3.12/site-packages/airflow/example_dags/example_inlet_event_extra.py
[2024-11-06T00:18:56.074+0000] {logging_mixin.py:190} INFO - [2024-11-06T00:18:56.073+0000] {dag.py:3239} INFO - Sync 2 DAGs
[2024-11-06T00:18:56.121+0000] {logging_mixin.py:190} INFO - [2024-11-06T00:18:56.121+0000] {dag.py:4180} INFO - Setting next_dagrun for read_dataset_event to 2024-11-05 00:00:00+00:00, run_after=2024-11-06 00:00:00+00:00
[2024-11-06T00:18:56.130+0000] {logging_mixin.py:190} INFO - [2024-11-06T00:18:56.129+0000] {dag.py:4180} INFO - Setting next_dagrun for read_dataset_event_from_classic to 2024-11-05 00:00:00+00:00, run_after=2024-11-06 00:00:00+00:00
[2024-11-06T00:18:56.161+0000] {processor.py:208} INFO - Processing /home/airflow/.local/lib/python3.12/site-packages/airflow/example_dags/example_inlet_event_extra.py took 1.253 seconds
[2024-11-06T00:19:27.010+0000] {processor.py:186} INFO - Started process (PID=177) to work on /home/airflow/.local/lib/python3.12/site-packages/airflow/example_dags/example_inlet_event_extra.py
[2024-11-06T00:19:27.013+0000] {processor.py:914} INFO - Processing file /home/airflow/.local/lib/python3.12/site-packages/airflow/example_dags/example_inlet_event_extra.py for tasks to queue
[2024-11-06T00:19:27.019+0000] {logging_mixin.py:190} INFO - [2024-11-06T00:19:27.018+0000] {dagbag.py:588} INFO - Filling up the DagBag from /home/airflow/.local/lib/python3.12/site-packages/airflow/example_dags/example_inlet_event_extra.py
[2024-11-06T00:19:27.956+0000] {processor.py:925} INFO - DAG(s) 'read_dataset_event', 'read_dataset_event_from_classic' retrieved from /home/airflow/.local/lib/python3.12/site-packages/airflow/example_dags/example_inlet_event_extra.py
[2024-11-06T00:19:27.985+0000] {logging_mixin.py:190} INFO - [2024-11-06T00:19:27.985+0000] {dag.py:3239} INFO - Sync 2 DAGs
[2024-11-06T00:19:28.027+0000] {logging_mixin.py:190} INFO - [2024-11-06T00:19:28.026+0000] {dag.py:4180} INFO - Setting next_dagrun for read_dataset_event to 2024-11-05 00:00:00+00:00, run_after=2024-11-06 00:00:00+00:00
[2024-11-06T00:19:28.041+0000] {logging_mixin.py:190} INFO - [2024-11-06T00:19:28.041+0000] {dag.py:4180} INFO - Setting next_dagrun for read_dataset_event_from_classic to 2024-11-05 00:00:00+00:00, run_after=2024-11-06 00:00:00+00:00
[2024-11-06T00:19:28.069+0000] {processor.py:208} INFO - Processing /home/airflow/.local/lib/python3.12/site-packages/airflow/example_dags/example_inlet_event_extra.py took 1.073 seconds
[2024-11-06T00:19:58.652+0000] {processor.py:186} INFO - Started process (PID=241) to work on /home/airflow/.local/lib/python3.12/site-packages/airflow/example_dags/example_inlet_event_extra.py
[2024-11-06T00:19:58.654+0000] {processor.py:914} INFO - Processing file /home/airflow/.local/lib/python3.12/site-packages/airflow/example_dags/example_inlet_event_extra.py for tasks to queue
[2024-11-06T00:19:58.660+0000] {logging_mixin.py:190} INFO - [2024-11-06T00:19:58.659+0000] {dagbag.py:588} INFO - Filling up the DagBag from /home/airflow/.local/lib/python3.12/site-packages/airflow/example_dags/example_inlet_event_extra.py
[2024-11-06T00:19:59.662+0000] {processor.py:925} INFO - DAG(s) 'read_dataset_event', 'read_dataset_event_from_classic' retrieved from /home/airflow/.local/lib/python3.12/site-packages/airflow/example_dags/example_inlet_event_extra.py
[2024-11-06T00:19:59.696+0000] {logging_mixin.py:190} INFO - [2024-11-06T00:19:59.696+0000] {dag.py:3239} INFO - Sync 2 DAGs
[2024-11-06T00:19:59.731+0000] {logging_mixin.py:190} INFO - [2024-11-06T00:19:59.730+0000] {dag.py:4180} INFO - Setting next_dagrun for read_dataset_event to 2024-11-05 00:00:00+00:00, run_after=2024-11-06 00:00:00+00:00
[2024-11-06T00:19:59.739+0000] {logging_mixin.py:190} INFO - [2024-11-06T00:19:59.739+0000] {dag.py:4180} INFO - Setting next_dagrun for read_dataset_event_from_classic to 2024-11-05 00:00:00+00:00, run_after=2024-11-06 00:00:00+00:00
[2024-11-06T00:19:59.767+0000] {processor.py:208} INFO - Processing /home/airflow/.local/lib/python3.12/site-packages/airflow/example_dags/example_inlet_event_extra.py took 1.125 seconds
[2024-11-06T00:20:30.232+0000] {processor.py:186} INFO - Started process (PID=305) to work on /home/airflow/.local/lib/python3.12/site-packages/airflow/example_dags/example_inlet_event_extra.py
[2024-11-06T00:20:30.234+0000] {processor.py:914} INFO - Processing file /home/airflow/.local/lib/python3.12/site-packages/airflow/example_dags/example_inlet_event_extra.py for tasks to queue
[2024-11-06T00:20:30.239+0000] {logging_mixin.py:190} INFO - [2024-11-06T00:20:30.238+0000] {dagbag.py:588} INFO - Filling up the DagBag from /home/airflow/.local/lib/python3.12/site-packages/airflow/example_dags/example_inlet_event_extra.py
[2024-11-06T00:20:31.137+0000] {processor.py:925} INFO - DAG(s) 'read_dataset_event_from_classic', 'read_dataset_event' retrieved from /home/airflow/.local/lib/python3.12/site-packages/airflow/example_dags/example_inlet_event_extra.py
[2024-11-06T00:20:31.172+0000] {logging_mixin.py:190} INFO - [2024-11-06T00:20:31.172+0000] {dag.py:3239} INFO - Sync 2 DAGs
[2024-11-06T00:20:31.216+0000] {logging_mixin.py:190} INFO - [2024-11-06T00:20:31.216+0000] {dag.py:4180} INFO - Setting next_dagrun for read_dataset_event to 2024-11-05 00:00:00+00:00, run_after=2024-11-06 00:00:00+00:00
[2024-11-06T00:20:31.228+0000] {logging_mixin.py:190} INFO - [2024-11-06T00:20:31.227+0000] {dag.py:4180} INFO - Setting next_dagrun for read_dataset_event_from_classic to 2024-11-05 00:00:00+00:00, run_after=2024-11-06 00:00:00+00:00
[2024-11-06T00:20:31.254+0000] {processor.py:208} INFO - Processing /home/airflow/.local/lib/python3.12/site-packages/airflow/example_dags/example_inlet_event_extra.py took 1.033 seconds
[2024-11-06T00:21:02.207+0000] {processor.py:186} INFO - Started process (PID=369) to work on /home/airflow/.local/lib/python3.12/site-packages/airflow/example_dags/example_inlet_event_extra.py
[2024-11-06T00:21:02.210+0000] {processor.py:914} INFO - Processing file /home/airflow/.local/lib/python3.12/site-packages/airflow/example_dags/example_inlet_event_extra.py for tasks to queue
[2024-11-06T00:21:02.217+0000] {logging_mixin.py:190} INFO - [2024-11-06T00:21:02.216+0000] {dagbag.py:588} INFO - Filling up the DagBag from /home/airflow/.local/lib/python3.12/site-packages/airflow/example_dags/example_inlet_event_extra.py
[2024-11-06T00:21:03.111+0000] {processor.py:925} INFO - DAG(s) 'read_dataset_event', 'read_dataset_event_from_classic' retrieved from /home/airflow/.local/lib/python3.12/site-packages/airflow/example_dags/example_inlet_event_extra.py
[2024-11-06T00:21:03.197+0000] {logging_mixin.py:190} INFO - [2024-11-06T00:21:03.197+0000] {dag.py:3239} INFO - Sync 2 DAGs
[2024-11-06T00:21:03.268+0000] {logging_mixin.py:190} INFO - [2024-11-06T00:21:03.267+0000] {dag.py:4180} INFO - Setting next_dagrun for read_dataset_event to 2024-11-05 00:00:00+00:00, run_after=2024-11-06 00:00:00+00:00
[2024-11-06T00:21:03.279+0000] {logging_mixin.py:190} INFO - [2024-11-06T00:21:03.279+0000] {dag.py:4180} INFO - Setting next_dagrun for read_dataset_event_from_classic to 2024-11-05 00:00:00+00:00, run_after=2024-11-06 00:00:00+00:00
[2024-11-06T00:21:03.312+0000] {processor.py:208} INFO - Processing /home/airflow/.local/lib/python3.12/site-packages/airflow/example_dags/example_inlet_event_extra.py took 1.124 seconds
[2024-11-06T00:21:34.192+0000] {processor.py:186} INFO - Started process (PID=439) to work on /home/airflow/.local/lib/python3.12/site-packages/airflow/example_dags/example_inlet_event_extra.py
[2024-11-06T00:21:34.194+0000] {processor.py:914} INFO - Processing file /home/airflow/.local/lib/python3.12/site-packages/airflow/example_dags/example_inlet_event_extra.py for tasks to queue
[2024-11-06T00:21:34.198+0000] {logging_mixin.py:190} INFO - [2024-11-06T00:21:34.198+0000] {dagbag.py:588} INFO - Filling up the DagBag from /home/airflow/.local/lib/python3.12/site-packages/airflow/example_dags/example_inlet_event_extra.py
[2024-11-06T00:21:35.438+0000] {processor.py:925} INFO - DAG(s) 'read_dataset_event_from_classic', 'read_dataset_event' retrieved from /home/airflow/.local/lib/python3.12/site-packages/airflow/example_dags/example_inlet_event_extra.py
[2024-11-06T00:21:35.475+0000] {logging_mixin.py:190} INFO - [2024-11-06T00:21:35.475+0000] {dag.py:3239} INFO - Sync 2 DAGs
[2024-11-06T00:21:35.514+0000] {logging_mixin.py:190} INFO - [2024-11-06T00:21:35.513+0000] {dag.py:4180} INFO - Setting next_dagrun for read_dataset_event to 2024-11-05 00:00:00+00:00, run_after=2024-11-06 00:00:00+00:00
[2024-11-06T00:21:35.521+0000] {logging_mixin.py:190} INFO - [2024-11-06T00:21:35.521+0000] {dag.py:4180} INFO - Setting next_dagrun for read_dataset_event_from_classic to 2024-11-05 00:00:00+00:00, run_after=2024-11-06 00:00:00+00:00
[2024-11-06T00:21:35.554+0000] {processor.py:208} INFO - Processing /home/airflow/.local/lib/python3.12/site-packages/airflow/example_dags/example_inlet_event_extra.py took 1.379 seconds
[2024-11-06T00:23:34.208+0000] {processor.py:186} INFO - Started process (PID=48) to work on /home/airflow/.local/lib/python3.12/site-packages/airflow/example_dags/example_inlet_event_extra.py
[2024-11-06T00:23:34.212+0000] {processor.py:914} INFO - Processing file /home/airflow/.local/lib/python3.12/site-packages/airflow/example_dags/example_inlet_event_extra.py for tasks to queue
[2024-11-06T00:23:34.222+0000] {logging_mixin.py:190} INFO - [2024-11-06T00:23:34.221+0000] {dagbag.py:588} INFO - Filling up the DagBag from /home/airflow/.local/lib/python3.12/site-packages/airflow/example_dags/example_inlet_event_extra.py
[2024-11-06T00:23:37.668+0000] {processor.py:925} INFO - DAG(s) 'read_dataset_event', 'read_dataset_event_from_classic' retrieved from /home/airflow/.local/lib/python3.12/site-packages/airflow/example_dags/example_inlet_event_extra.py
[2024-11-06T00:23:37.736+0000] {logging_mixin.py:190} INFO - [2024-11-06T00:23:37.734+0000] {dag.py:3239} INFO - Sync 2 DAGs
[2024-11-06T00:23:37.805+0000] {logging_mixin.py:190} INFO - [2024-11-06T00:23:37.804+0000] {dag.py:4180} INFO - Setting next_dagrun for read_dataset_event to 2024-11-05 00:00:00+00:00, run_after=2024-11-06 00:00:00+00:00
[2024-11-06T00:23:37.824+0000] {logging_mixin.py:190} INFO - [2024-11-06T00:23:37.823+0000] {dag.py:4180} INFO - Setting next_dagrun for read_dataset_event_from_classic to 2024-11-05 00:00:00+00:00, run_after=2024-11-06 00:00:00+00:00
[2024-11-06T00:23:37.861+0000] {processor.py:208} INFO - Processing /home/airflow/.local/lib/python3.12/site-packages/airflow/example_dags/example_inlet_event_extra.py took 3.666 seconds
[2024-11-06T00:24:08.399+0000] {processor.py:186} INFO - Started process (PID=112) to work on /home/airflow/.local/lib/python3.12/site-packages/airflow/example_dags/example_inlet_event_extra.py
[2024-11-06T00:24:08.401+0000] {processor.py:914} INFO - Processing file /home/airflow/.local/lib/python3.12/site-packages/airflow/example_dags/example_inlet_event_extra.py for tasks to queue
[2024-11-06T00:24:08.405+0000] {logging_mixin.py:190} INFO - [2024-11-06T00:24:08.404+0000] {dagbag.py:588} INFO - Filling up the DagBag from /home/airflow/.local/lib/python3.12/site-packages/airflow/example_dags/example_inlet_event_extra.py
[2024-11-06T00:24:09.952+0000] {processor.py:925} INFO - DAG(s) 'read_dataset_event', 'read_dataset_event_from_classic' retrieved from /home/airflow/.local/lib/python3.12/site-packages/airflow/example_dags/example_inlet_event_extra.py
[2024-11-06T00:24:10.006+0000] {logging_mixin.py:190} INFO - [2024-11-06T00:24:10.006+0000] {dag.py:3239} INFO - Sync 2 DAGs
[2024-11-06T00:24:10.058+0000] {logging_mixin.py:190} INFO - [2024-11-06T00:24:10.058+0000] {dag.py:4180} INFO - Setting next_dagrun for read_dataset_event to 2024-11-05 00:00:00+00:00, run_after=2024-11-06 00:00:00+00:00
[2024-11-06T00:24:10.068+0000] {logging_mixin.py:190} INFO - [2024-11-06T00:24:10.068+0000] {dag.py:4180} INFO - Setting next_dagrun for read_dataset_event_from_classic to 2024-11-05 00:00:00+00:00, run_after=2024-11-06 00:00:00+00:00
[2024-11-06T00:24:10.108+0000] {processor.py:208} INFO - Processing /home/airflow/.local/lib/python3.12/site-packages/airflow/example_dags/example_inlet_event_extra.py took 1.720 seconds
[2024-11-06T00:26:11.690+0000] {processor.py:186} INFO - Started process (PID=48) to work on /home/airflow/.local/lib/python3.12/site-packages/airflow/example_dags/example_inlet_event_extra.py
[2024-11-06T00:26:11.696+0000] {processor.py:914} INFO - Processing file /home/airflow/.local/lib/python3.12/site-packages/airflow/example_dags/example_inlet_event_extra.py for tasks to queue
[2024-11-06T00:26:11.700+0000] {logging_mixin.py:190} INFO - [2024-11-06T00:26:11.700+0000] {dagbag.py:588} INFO - Filling up the DagBag from /home/airflow/.local/lib/python3.12/site-packages/airflow/example_dags/example_inlet_event_extra.py
[2024-11-06T00:26:15.030+0000] {processor.py:925} INFO - DAG(s) 'read_dataset_event', 'read_dataset_event_from_classic' retrieved from /home/airflow/.local/lib/python3.12/site-packages/airflow/example_dags/example_inlet_event_extra.py
[2024-11-06T00:26:15.069+0000] {logging_mixin.py:190} INFO - [2024-11-06T00:26:15.068+0000] {dag.py:3239} INFO - Sync 2 DAGs
[2024-11-06T00:26:15.115+0000] {logging_mixin.py:190} INFO - [2024-11-06T00:26:15.115+0000] {dag.py:4180} INFO - Setting next_dagrun for read_dataset_event to 2024-11-05 00:00:00+00:00, run_after=2024-11-06 00:00:00+00:00
[2024-11-06T00:26:15.125+0000] {logging_mixin.py:190} INFO - [2024-11-06T00:26:15.125+0000] {dag.py:4180} INFO - Setting next_dagrun for read_dataset_event_from_classic to 2024-11-05 00:00:00+00:00, run_after=2024-11-06 00:00:00+00:00
[2024-11-06T00:26:15.153+0000] {processor.py:208} INFO - Processing /home/airflow/.local/lib/python3.12/site-packages/airflow/example_dags/example_inlet_event_extra.py took 3.474 seconds
[2024-11-06T00:26:46.103+0000] {processor.py:186} INFO - Started process (PID=112) to work on /home/airflow/.local/lib/python3.12/site-packages/airflow/example_dags/example_inlet_event_extra.py
[2024-11-06T00:26:46.105+0000] {processor.py:914} INFO - Processing file /home/airflow/.local/lib/python3.12/site-packages/airflow/example_dags/example_inlet_event_extra.py for tasks to queue
[2024-11-06T00:26:46.111+0000] {logging_mixin.py:190} INFO - [2024-11-06T00:26:46.110+0000] {dagbag.py:588} INFO - Filling up the DagBag from /home/airflow/.local/lib/python3.12/site-packages/airflow/example_dags/example_inlet_event_extra.py
[2024-11-06T00:26:47.146+0000] {processor.py:925} INFO - DAG(s) 'read_dataset_event_from_classic', 'read_dataset_event' retrieved from /home/airflow/.local/lib/python3.12/site-packages/airflow/example_dags/example_inlet_event_extra.py
[2024-11-06T00:26:47.191+0000] {logging_mixin.py:190} INFO - [2024-11-06T00:26:47.190+0000] {dag.py:3239} INFO - Sync 2 DAGs
[2024-11-06T00:26:47.241+0000] {logging_mixin.py:190} INFO - [2024-11-06T00:26:47.241+0000] {dag.py:4180} INFO - Setting next_dagrun for read_dataset_event to 2024-11-05 00:00:00+00:00, run_after=2024-11-06 00:00:00+00:00
[2024-11-06T00:26:47.253+0000] {logging_mixin.py:190} INFO - [2024-11-06T00:26:47.252+0000] {dag.py:4180} INFO - Setting next_dagrun for read_dataset_event_from_classic to 2024-11-05 00:00:00+00:00, run_after=2024-11-06 00:00:00+00:00
[2024-11-06T00:26:47.280+0000] {processor.py:208} INFO - Processing /home/airflow/.local/lib/python3.12/site-packages/airflow/example_dags/example_inlet_event_extra.py took 1.191 seconds
[2024-11-06T00:27:17.806+0000] {processor.py:186} INFO - Started process (PID=176) to work on /home/airflow/.local/lib/python3.12/site-packages/airflow/example_dags/example_inlet_event_extra.py
[2024-11-06T00:27:17.809+0000] {processor.py:914} INFO - Processing file /home/airflow/.local/lib/python3.12/site-packages/airflow/example_dags/example_inlet_event_extra.py for tasks to queue
[2024-11-06T00:27:17.814+0000] {logging_mixin.py:190} INFO - [2024-11-06T00:27:17.814+0000] {dagbag.py:588} INFO - Filling up the DagBag from /home/airflow/.local/lib/python3.12/site-packages/airflow/example_dags/example_inlet_event_extra.py
[2024-11-06T00:27:18.875+0000] {processor.py:925} INFO - DAG(s) 'read_dataset_event_from_classic', 'read_dataset_event' retrieved from /home/airflow/.local/lib/python3.12/site-packages/airflow/example_dags/example_inlet_event_extra.py
[2024-11-06T00:27:18.905+0000] {logging_mixin.py:190} INFO - [2024-11-06T00:27:18.904+0000] {dag.py:3239} INFO - Sync 2 DAGs
[2024-11-06T00:27:18.962+0000] {logging_mixin.py:190} INFO - [2024-11-06T00:27:18.961+0000] {dag.py:4180} INFO - Setting next_dagrun for read_dataset_event to 2024-11-05 00:00:00+00:00, run_after=2024-11-06 00:00:00+00:00
[2024-11-06T00:27:18.973+0000] {logging_mixin.py:190} INFO - [2024-11-06T00:27:18.972+0000] {dag.py:4180} INFO - Setting next_dagrun for read_dataset_event_from_classic to 2024-11-05 00:00:00+00:00, run_after=2024-11-06 00:00:00+00:00
[2024-11-06T00:27:19.005+0000] {processor.py:208} INFO - Processing /home/airflow/.local/lib/python3.12/site-packages/airflow/example_dags/example_inlet_event_extra.py took 1.208 seconds
[2024-11-06T00:27:50.144+0000] {processor.py:186} INFO - Started process (PID=240) to work on /home/airflow/.local/lib/python3.12/site-packages/airflow/example_dags/example_inlet_event_extra.py
[2024-11-06T00:27:50.148+0000] {processor.py:914} INFO - Processing file /home/airflow/.local/lib/python3.12/site-packages/airflow/example_dags/example_inlet_event_extra.py for tasks to queue
[2024-11-06T00:27:50.157+0000] {logging_mixin.py:190} INFO - [2024-11-06T00:27:50.156+0000] {dagbag.py:588} INFO - Filling up the DagBag from /home/airflow/.local/lib/python3.12/site-packages/airflow/example_dags/example_inlet_event_extra.py
