[2024-11-06T00:00:05.286+0000] {processor.py:186} INFO - Started process (PID=2458) to work on /home/airflow/.local/lib/python3.12/site-packages/airflow/example_dags/example_sla_dag.py
[2024-11-06T00:00:05.288+0000] {processor.py:914} INFO - Processing file /home/airflow/.local/lib/python3.12/site-packages/airflow/example_dags/example_sla_dag.py for tasks to queue
[2024-11-06T00:00:05.291+0000] {logging_mixin.py:190} INFO - [2024-11-06T00:00:05.291+0000] {dagbag.py:588} INFO - Filling up the DagBag from /home/airflow/.local/lib/python3.12/site-packages/airflow/example_dags/example_sla_dag.py
[2024-11-06T00:00:05.307+0000] {processor.py:925} INFO - DAG(s) 'example_sla_dag' retrieved from /home/airflow/.local/lib/python3.12/site-packages/airflow/example_dags/example_sla_dag.py
[2024-11-06T00:00:05.334+0000] {logging_mixin.py:190} INFO - [2024-11-06T00:00:05.334+0000] {dag.py:3239} INFO - Sync 1 DAGs
[2024-11-06T00:00:05.399+0000] {logging_mixin.py:190} INFO - [2024-11-06T00:00:05.399+0000] {dag.py:4180} INFO - Setting next_dagrun for example_sla_dag to 2024-11-05 23:58:00+00:00, run_after=2024-11-06 00:00:00+00:00
[2024-11-06T00:00:05.442+0000] {processor.py:208} INFO - Processing /home/airflow/.local/lib/python3.12/site-packages/airflow/example_dags/example_sla_dag.py took 0.165 seconds
[2024-11-06T00:00:37.549+0000] {processor.py:186} INFO - Started process (PID=2523) to work on /home/airflow/.local/lib/python3.12/site-packages/airflow/example_dags/example_sla_dag.py
[2024-11-06T00:00:37.552+0000] {processor.py:914} INFO - Processing file /home/airflow/.local/lib/python3.12/site-packages/airflow/example_dags/example_sla_dag.py for tasks to queue
[2024-11-06T00:00:37.556+0000] {logging_mixin.py:190} INFO - [2024-11-06T00:00:37.555+0000] {dagbag.py:588} INFO - Filling up the DagBag from /home/airflow/.local/lib/python3.12/site-packages/airflow/example_dags/example_sla_dag.py
[2024-11-06T00:00:37.576+0000] {processor.py:925} INFO - DAG(s) 'example_sla_dag' retrieved from /home/airflow/.local/lib/python3.12/site-packages/airflow/example_dags/example_sla_dag.py
[2024-11-06T00:00:37.606+0000] {logging_mixin.py:190} INFO - [2024-11-06T00:00:37.605+0000] {dag.py:3239} INFO - Sync 1 DAGs
[2024-11-06T00:00:37.641+0000] {logging_mixin.py:190} INFO - [2024-11-06T00:00:37.641+0000] {dag.py:4180} INFO - Setting next_dagrun for example_sla_dag to 2024-11-05 23:58:00+00:00, run_after=2024-11-06 00:00:00+00:00
[2024-11-06T00:00:37.668+0000] {processor.py:208} INFO - Processing /home/airflow/.local/lib/python3.12/site-packages/airflow/example_dags/example_sla_dag.py took 0.129 seconds
[2024-11-06T00:01:09.239+0000] {processor.py:186} INFO - Started process (PID=2589) to work on /home/airflow/.local/lib/python3.12/site-packages/airflow/example_dags/example_sla_dag.py
[2024-11-06T00:01:09.241+0000] {processor.py:914} INFO - Processing file /home/airflow/.local/lib/python3.12/site-packages/airflow/example_dags/example_sla_dag.py for tasks to queue
[2024-11-06T00:01:09.247+0000] {logging_mixin.py:190} INFO - [2024-11-06T00:01:09.246+0000] {dagbag.py:588} INFO - Filling up the DagBag from /home/airflow/.local/lib/python3.12/site-packages/airflow/example_dags/example_sla_dag.py
[2024-11-06T00:01:09.263+0000] {processor.py:925} INFO - DAG(s) 'example_sla_dag' retrieved from /home/airflow/.local/lib/python3.12/site-packages/airflow/example_dags/example_sla_dag.py
[2024-11-06T00:01:09.295+0000] {logging_mixin.py:190} INFO - [2024-11-06T00:01:09.294+0000] {dag.py:3239} INFO - Sync 1 DAGs
[2024-11-06T00:01:09.336+0000] {logging_mixin.py:190} INFO - [2024-11-06T00:01:09.336+0000] {dag.py:4180} INFO - Setting next_dagrun for example_sla_dag to 2024-11-05 23:58:00+00:00, run_after=2024-11-06 00:00:00+00:00
[2024-11-06T00:01:09.367+0000] {processor.py:208} INFO - Processing /home/airflow/.local/lib/python3.12/site-packages/airflow/example_dags/example_sla_dag.py took 0.137 seconds
[2024-11-06T00:01:40.493+0000] {processor.py:186} INFO - Started process (PID=2653) to work on /home/airflow/.local/lib/python3.12/site-packages/airflow/example_dags/example_sla_dag.py
[2024-11-06T00:01:40.495+0000] {processor.py:914} INFO - Processing file /home/airflow/.local/lib/python3.12/site-packages/airflow/example_dags/example_sla_dag.py for tasks to queue
[2024-11-06T00:01:40.498+0000] {logging_mixin.py:190} INFO - [2024-11-06T00:01:40.498+0000] {dagbag.py:588} INFO - Filling up the DagBag from /home/airflow/.local/lib/python3.12/site-packages/airflow/example_dags/example_sla_dag.py
[2024-11-06T00:01:40.516+0000] {processor.py:925} INFO - DAG(s) 'example_sla_dag' retrieved from /home/airflow/.local/lib/python3.12/site-packages/airflow/example_dags/example_sla_dag.py
[2024-11-06T00:01:40.580+0000] {logging_mixin.py:190} INFO - [2024-11-06T00:01:40.579+0000] {dag.py:3239} INFO - Sync 1 DAGs
[2024-11-06T00:01:40.633+0000] {logging_mixin.py:190} INFO - [2024-11-06T00:01:40.632+0000] {dag.py:4180} INFO - Setting next_dagrun for example_sla_dag to 2024-11-05 23:58:00+00:00, run_after=2024-11-06 00:00:00+00:00
[2024-11-06T00:01:40.698+0000] {processor.py:208} INFO - Processing /home/airflow/.local/lib/python3.12/site-packages/airflow/example_dags/example_sla_dag.py took 0.222 seconds
[2024-11-06T00:02:12.323+0000] {processor.py:186} INFO - Started process (PID=2718) to work on /home/airflow/.local/lib/python3.12/site-packages/airflow/example_dags/example_sla_dag.py
[2024-11-06T00:02:12.325+0000] {processor.py:914} INFO - Processing file /home/airflow/.local/lib/python3.12/site-packages/airflow/example_dags/example_sla_dag.py for tasks to queue
[2024-11-06T00:02:12.329+0000] {logging_mixin.py:190} INFO - [2024-11-06T00:02:12.329+0000] {dagbag.py:588} INFO - Filling up the DagBag from /home/airflow/.local/lib/python3.12/site-packages/airflow/example_dags/example_sla_dag.py
[2024-11-06T00:02:12.347+0000] {processor.py:925} INFO - DAG(s) 'example_sla_dag' retrieved from /home/airflow/.local/lib/python3.12/site-packages/airflow/example_dags/example_sla_dag.py
[2024-11-06T00:02:12.383+0000] {logging_mixin.py:190} INFO - [2024-11-06T00:02:12.383+0000] {dag.py:3239} INFO - Sync 1 DAGs
[2024-11-06T00:02:12.432+0000] {logging_mixin.py:190} INFO - [2024-11-06T00:02:12.432+0000] {dag.py:4180} INFO - Setting next_dagrun for example_sla_dag to 2024-11-06 00:00:00+00:00, run_after=2024-11-06 00:02:00+00:00
[2024-11-06T00:02:12.469+0000] {processor.py:208} INFO - Processing /home/airflow/.local/lib/python3.12/site-packages/airflow/example_dags/example_sla_dag.py took 0.156 seconds
[2024-11-06T00:02:44.041+0000] {processor.py:186} INFO - Started process (PID=2784) to work on /home/airflow/.local/lib/python3.12/site-packages/airflow/example_dags/example_sla_dag.py
[2024-11-06T00:02:44.044+0000] {processor.py:914} INFO - Processing file /home/airflow/.local/lib/python3.12/site-packages/airflow/example_dags/example_sla_dag.py for tasks to queue
[2024-11-06T00:02:44.048+0000] {logging_mixin.py:190} INFO - [2024-11-06T00:02:44.048+0000] {dagbag.py:588} INFO - Filling up the DagBag from /home/airflow/.local/lib/python3.12/site-packages/airflow/example_dags/example_sla_dag.py
[2024-11-06T00:02:44.065+0000] {processor.py:925} INFO - DAG(s) 'example_sla_dag' retrieved from /home/airflow/.local/lib/python3.12/site-packages/airflow/example_dags/example_sla_dag.py
[2024-11-06T00:02:44.098+0000] {logging_mixin.py:190} INFO - [2024-11-06T00:02:44.098+0000] {dag.py:3239} INFO - Sync 1 DAGs
[2024-11-06T00:02:44.139+0000] {logging_mixin.py:190} INFO - [2024-11-06T00:02:44.139+0000] {dag.py:4180} INFO - Setting next_dagrun for example_sla_dag to 2024-11-06 00:00:00+00:00, run_after=2024-11-06 00:02:00+00:00
[2024-11-06T00:02:44.170+0000] {processor.py:208} INFO - Processing /home/airflow/.local/lib/python3.12/site-packages/airflow/example_dags/example_sla_dag.py took 0.137 seconds
[2024-11-06T00:03:15.642+0000] {processor.py:186} INFO - Started process (PID=2848) to work on /home/airflow/.local/lib/python3.12/site-packages/airflow/example_dags/example_sla_dag.py
[2024-11-06T00:03:15.645+0000] {processor.py:914} INFO - Processing file /home/airflow/.local/lib/python3.12/site-packages/airflow/example_dags/example_sla_dag.py for tasks to queue
[2024-11-06T00:03:15.650+0000] {logging_mixin.py:190} INFO - [2024-11-06T00:03:15.649+0000] {dagbag.py:588} INFO - Filling up the DagBag from /home/airflow/.local/lib/python3.12/site-packages/airflow/example_dags/example_sla_dag.py
[2024-11-06T00:03:15.664+0000] {processor.py:925} INFO - DAG(s) 'example_sla_dag' retrieved from /home/airflow/.local/lib/python3.12/site-packages/airflow/example_dags/example_sla_dag.py
[2024-11-06T00:03:15.697+0000] {logging_mixin.py:190} INFO - [2024-11-06T00:03:15.696+0000] {dag.py:3239} INFO - Sync 1 DAGs
[2024-11-06T00:03:15.747+0000] {logging_mixin.py:190} INFO - [2024-11-06T00:03:15.747+0000] {dag.py:4180} INFO - Setting next_dagrun for example_sla_dag to 2024-11-06 00:00:00+00:00, run_after=2024-11-06 00:02:00+00:00
[2024-11-06T00:03:15.778+0000] {processor.py:208} INFO - Processing /home/airflow/.local/lib/python3.12/site-packages/airflow/example_dags/example_sla_dag.py took 0.147 seconds
[2024-11-06T00:03:46.805+0000] {processor.py:186} INFO - Started process (PID=2912) to work on /home/airflow/.local/lib/python3.12/site-packages/airflow/example_dags/example_sla_dag.py
[2024-11-06T00:03:46.807+0000] {processor.py:914} INFO - Processing file /home/airflow/.local/lib/python3.12/site-packages/airflow/example_dags/example_sla_dag.py for tasks to queue
[2024-11-06T00:03:46.810+0000] {logging_mixin.py:190} INFO - [2024-11-06T00:03:46.810+0000] {dagbag.py:588} INFO - Filling up the DagBag from /home/airflow/.local/lib/python3.12/site-packages/airflow/example_dags/example_sla_dag.py
[2024-11-06T00:03:46.825+0000] {processor.py:925} INFO - DAG(s) 'example_sla_dag' retrieved from /home/airflow/.local/lib/python3.12/site-packages/airflow/example_dags/example_sla_dag.py
[2024-11-06T00:03:46.895+0000] {logging_mixin.py:190} INFO - [2024-11-06T00:03:46.895+0000] {dag.py:3239} INFO - Sync 1 DAGs
[2024-11-06T00:03:46.947+0000] {logging_mixin.py:190} INFO - [2024-11-06T00:03:46.947+0000] {dag.py:4180} INFO - Setting next_dagrun for example_sla_dag to 2024-11-06 00:00:00+00:00, run_after=2024-11-06 00:02:00+00:00
[2024-11-06T00:03:46.999+0000] {processor.py:208} INFO - Processing /home/airflow/.local/lib/python3.12/site-packages/airflow/example_dags/example_sla_dag.py took 0.204 seconds
[2024-11-06T00:04:19.413+0000] {processor.py:186} INFO - Started process (PID=2985) to work on /home/airflow/.local/lib/python3.12/site-packages/airflow/example_dags/example_sla_dag.py
[2024-11-06T00:04:19.415+0000] {processor.py:914} INFO - Processing file /home/airflow/.local/lib/python3.12/site-packages/airflow/example_dags/example_sla_dag.py for tasks to queue
[2024-11-06T00:04:19.420+0000] {logging_mixin.py:190} INFO - [2024-11-06T00:04:19.419+0000] {dagbag.py:588} INFO - Filling up the DagBag from /home/airflow/.local/lib/python3.12/site-packages/airflow/example_dags/example_sla_dag.py
[2024-11-06T00:04:19.438+0000] {processor.py:925} INFO - DAG(s) 'example_sla_dag' retrieved from /home/airflow/.local/lib/python3.12/site-packages/airflow/example_dags/example_sla_dag.py
[2024-11-06T00:04:19.478+0000] {logging_mixin.py:190} INFO - [2024-11-06T00:04:19.477+0000] {dag.py:3239} INFO - Sync 1 DAGs
[2024-11-06T00:04:19.531+0000] {logging_mixin.py:190} INFO - [2024-11-06T00:04:19.530+0000] {dag.py:4180} INFO - Setting next_dagrun for example_sla_dag to 2024-11-06 00:02:00+00:00, run_after=2024-11-06 00:04:00+00:00
[2024-11-06T00:04:19.566+0000] {processor.py:208} INFO - Processing /home/airflow/.local/lib/python3.12/site-packages/airflow/example_dags/example_sla_dag.py took 0.162 seconds
[2024-11-06T00:04:51.270+0000] {processor.py:186} INFO - Started process (PID=3050) to work on /home/airflow/.local/lib/python3.12/site-packages/airflow/example_dags/example_sla_dag.py
[2024-11-06T00:04:51.274+0000] {processor.py:914} INFO - Processing file /home/airflow/.local/lib/python3.12/site-packages/airflow/example_dags/example_sla_dag.py for tasks to queue
[2024-11-06T00:04:51.283+0000] {logging_mixin.py:190} INFO - [2024-11-06T00:04:51.282+0000] {dagbag.py:588} INFO - Filling up the DagBag from /home/airflow/.local/lib/python3.12/site-packages/airflow/example_dags/example_sla_dag.py
[2024-11-06T00:04:51.306+0000] {processor.py:925} INFO - DAG(s) 'example_sla_dag' retrieved from /home/airflow/.local/lib/python3.12/site-packages/airflow/example_dags/example_sla_dag.py
[2024-11-06T00:04:51.363+0000] {logging_mixin.py:190} INFO - [2024-11-06T00:04:51.362+0000] {dag.py:3239} INFO - Sync 1 DAGs
[2024-11-06T00:04:51.434+0000] {logging_mixin.py:190} INFO - [2024-11-06T00:04:51.433+0000] {dag.py:4180} INFO - Setting next_dagrun for example_sla_dag to 2024-11-06 00:02:00+00:00, run_after=2024-11-06 00:04:00+00:00
[2024-11-06T00:04:51.477+0000] {processor.py:208} INFO - Processing /home/airflow/.local/lib/python3.12/site-packages/airflow/example_dags/example_sla_dag.py took 0.228 seconds
[2024-11-06T00:05:22.032+0000] {processor.py:186} INFO - Started process (PID=3114) to work on /home/airflow/.local/lib/python3.12/site-packages/airflow/example_dags/example_sla_dag.py
[2024-11-06T00:05:22.034+0000] {processor.py:914} INFO - Processing file /home/airflow/.local/lib/python3.12/site-packages/airflow/example_dags/example_sla_dag.py for tasks to queue
[2024-11-06T00:05:22.038+0000] {logging_mixin.py:190} INFO - [2024-11-06T00:05:22.038+0000] {dagbag.py:588} INFO - Filling up the DagBag from /home/airflow/.local/lib/python3.12/site-packages/airflow/example_dags/example_sla_dag.py
[2024-11-06T00:05:22.053+0000] {processor.py:925} INFO - DAG(s) 'example_sla_dag' retrieved from /home/airflow/.local/lib/python3.12/site-packages/airflow/example_dags/example_sla_dag.py
[2024-11-06T00:05:22.086+0000] {logging_mixin.py:190} INFO - [2024-11-06T00:05:22.085+0000] {dag.py:3239} INFO - Sync 1 DAGs
[2024-11-06T00:05:22.134+0000] {logging_mixin.py:190} INFO - [2024-11-06T00:05:22.133+0000] {dag.py:4180} INFO - Setting next_dagrun for example_sla_dag to 2024-11-06 00:02:00+00:00, run_after=2024-11-06 00:04:00+00:00
[2024-11-06T00:05:22.170+0000] {processor.py:208} INFO - Processing /home/airflow/.local/lib/python3.12/site-packages/airflow/example_dags/example_sla_dag.py took 0.149 seconds
[2024-11-06T00:05:53.972+0000] {processor.py:186} INFO - Started process (PID=3179) to work on /home/airflow/.local/lib/python3.12/site-packages/airflow/example_dags/example_sla_dag.py
[2024-11-06T00:05:53.974+0000] {processor.py:914} INFO - Processing file /home/airflow/.local/lib/python3.12/site-packages/airflow/example_dags/example_sla_dag.py for tasks to queue
[2024-11-06T00:05:53.978+0000] {logging_mixin.py:190} INFO - [2024-11-06T00:05:53.977+0000] {dagbag.py:588} INFO - Filling up the DagBag from /home/airflow/.local/lib/python3.12/site-packages/airflow/example_dags/example_sla_dag.py
[2024-11-06T00:05:54.001+0000] {processor.py:925} INFO - DAG(s) 'example_sla_dag' retrieved from /home/airflow/.local/lib/python3.12/site-packages/airflow/example_dags/example_sla_dag.py
[2024-11-06T00:05:54.035+0000] {logging_mixin.py:190} INFO - [2024-11-06T00:05:54.035+0000] {dag.py:3239} INFO - Sync 1 DAGs
[2024-11-06T00:05:54.075+0000] {logging_mixin.py:190} INFO - [2024-11-06T00:05:54.075+0000] {dag.py:4180} INFO - Setting next_dagrun for example_sla_dag to 2024-11-06 00:02:00+00:00, run_after=2024-11-06 00:04:00+00:00
[2024-11-06T00:05:54.111+0000] {processor.py:208} INFO - Processing /home/airflow/.local/lib/python3.12/site-packages/airflow/example_dags/example_sla_dag.py took 0.148 seconds
[2024-11-06T00:06:25.472+0000] {processor.py:186} INFO - Started process (PID=3243) to work on /home/airflow/.local/lib/python3.12/site-packages/airflow/example_dags/example_sla_dag.py
[2024-11-06T00:06:25.476+0000] {processor.py:914} INFO - Processing file /home/airflow/.local/lib/python3.12/site-packages/airflow/example_dags/example_sla_dag.py for tasks to queue
[2024-11-06T00:06:25.483+0000] {logging_mixin.py:190} INFO - [2024-11-06T00:06:25.483+0000] {dagbag.py:588} INFO - Filling up the DagBag from /home/airflow/.local/lib/python3.12/site-packages/airflow/example_dags/example_sla_dag.py
[2024-11-06T00:06:25.507+0000] {processor.py:925} INFO - DAG(s) 'example_sla_dag' retrieved from /home/airflow/.local/lib/python3.12/site-packages/airflow/example_dags/example_sla_dag.py
[2024-11-06T00:06:25.559+0000] {logging_mixin.py:190} INFO - [2024-11-06T00:06:25.558+0000] {dag.py:3239} INFO - Sync 1 DAGs
[2024-11-06T00:06:25.632+0000] {logging_mixin.py:190} INFO - [2024-11-06T00:06:25.631+0000] {dag.py:4180} INFO - Setting next_dagrun for example_sla_dag to 2024-11-06 00:04:00+00:00, run_after=2024-11-06 00:06:00+00:00
[2024-11-06T00:06:25.681+0000] {processor.py:208} INFO - Processing /home/airflow/.local/lib/python3.12/site-packages/airflow/example_dags/example_sla_dag.py took 0.230 seconds
[2024-11-06T00:06:55.764+0000] {processor.py:186} INFO - Started process (PID=3307) to work on /home/airflow/.local/lib/python3.12/site-packages/airflow/example_dags/example_sla_dag.py
[2024-11-06T00:06:55.766+0000] {processor.py:914} INFO - Processing file /home/airflow/.local/lib/python3.12/site-packages/airflow/example_dags/example_sla_dag.py for tasks to queue
[2024-11-06T00:06:55.770+0000] {logging_mixin.py:190} INFO - [2024-11-06T00:06:55.769+0000] {dagbag.py:588} INFO - Filling up the DagBag from /home/airflow/.local/lib/python3.12/site-packages/airflow/example_dags/example_sla_dag.py
[2024-11-06T00:06:55.791+0000] {processor.py:925} INFO - DAG(s) 'example_sla_dag' retrieved from /home/airflow/.local/lib/python3.12/site-packages/airflow/example_dags/example_sla_dag.py
[2024-11-06T00:06:55.828+0000] {logging_mixin.py:190} INFO - [2024-11-06T00:06:55.827+0000] {dag.py:3239} INFO - Sync 1 DAGs
[2024-11-06T00:06:55.878+0000] {logging_mixin.py:190} INFO - [2024-11-06T00:06:55.877+0000] {dag.py:4180} INFO - Setting next_dagrun for example_sla_dag to 2024-11-06 00:04:00+00:00, run_after=2024-11-06 00:06:00+00:00
[2024-11-06T00:06:55.916+0000] {processor.py:208} INFO - Processing /home/airflow/.local/lib/python3.12/site-packages/airflow/example_dags/example_sla_dag.py took 0.174 seconds
[2024-11-06T00:07:26.541+0000] {processor.py:186} INFO - Started process (PID=3371) to work on /home/airflow/.local/lib/python3.12/site-packages/airflow/example_dags/example_sla_dag.py
[2024-11-06T00:07:26.542+0000] {processor.py:914} INFO - Processing file /home/airflow/.local/lib/python3.12/site-packages/airflow/example_dags/example_sla_dag.py for tasks to queue
[2024-11-06T00:07:26.547+0000] {logging_mixin.py:190} INFO - [2024-11-06T00:07:26.547+0000] {dagbag.py:588} INFO - Filling up the DagBag from /home/airflow/.local/lib/python3.12/site-packages/airflow/example_dags/example_sla_dag.py
[2024-11-06T00:07:26.562+0000] {processor.py:925} INFO - DAG(s) 'example_sla_dag' retrieved from /home/airflow/.local/lib/python3.12/site-packages/airflow/example_dags/example_sla_dag.py
[2024-11-06T00:07:26.589+0000] {logging_mixin.py:190} INFO - [2024-11-06T00:07:26.588+0000] {dag.py:3239} INFO - Sync 1 DAGs
[2024-11-06T00:07:26.644+0000] {logging_mixin.py:190} INFO - [2024-11-06T00:07:26.643+0000] {dag.py:4180} INFO - Setting next_dagrun for example_sla_dag to 2024-11-06 00:04:00+00:00, run_after=2024-11-06 00:06:00+00:00
[2024-11-06T00:07:26.678+0000] {processor.py:208} INFO - Processing /home/airflow/.local/lib/python3.12/site-packages/airflow/example_dags/example_sla_dag.py took 0.148 seconds
[2024-11-06T00:07:57.682+0000] {processor.py:186} INFO - Started process (PID=3435) to work on /home/airflow/.local/lib/python3.12/site-packages/airflow/example_dags/example_sla_dag.py
[2024-11-06T00:07:57.684+0000] {processor.py:914} INFO - Processing file /home/airflow/.local/lib/python3.12/site-packages/airflow/example_dags/example_sla_dag.py for tasks to queue
[2024-11-06T00:07:57.688+0000] {logging_mixin.py:190} INFO - [2024-11-06T00:07:57.688+0000] {dagbag.py:588} INFO - Filling up the DagBag from /home/airflow/.local/lib/python3.12/site-packages/airflow/example_dags/example_sla_dag.py
[2024-11-06T00:07:57.707+0000] {processor.py:925} INFO - DAG(s) 'example_sla_dag' retrieved from /home/airflow/.local/lib/python3.12/site-packages/airflow/example_dags/example_sla_dag.py
[2024-11-06T00:07:57.735+0000] {logging_mixin.py:190} INFO - [2024-11-06T00:07:57.735+0000] {dag.py:3239} INFO - Sync 1 DAGs
[2024-11-06T00:07:57.779+0000] {logging_mixin.py:190} INFO - [2024-11-06T00:07:57.779+0000] {dag.py:4180} INFO - Setting next_dagrun for example_sla_dag to 2024-11-06 00:04:00+00:00, run_after=2024-11-06 00:06:00+00:00
[2024-11-06T00:07:58.031+0000] {processor.py:208} INFO - Processing /home/airflow/.local/lib/python3.12/site-packages/airflow/example_dags/example_sla_dag.py took 0.360 seconds
[2024-11-06T00:08:28.916+0000] {processor.py:186} INFO - Started process (PID=3499) to work on /home/airflow/.local/lib/python3.12/site-packages/airflow/example_dags/example_sla_dag.py
[2024-11-06T00:08:28.918+0000] {processor.py:914} INFO - Processing file /home/airflow/.local/lib/python3.12/site-packages/airflow/example_dags/example_sla_dag.py for tasks to queue
[2024-11-06T00:08:28.924+0000] {logging_mixin.py:190} INFO - [2024-11-06T00:08:28.923+0000] {dagbag.py:588} INFO - Filling up the DagBag from /home/airflow/.local/lib/python3.12/site-packages/airflow/example_dags/example_sla_dag.py
[2024-11-06T00:08:28.945+0000] {processor.py:925} INFO - DAG(s) 'example_sla_dag' retrieved from /home/airflow/.local/lib/python3.12/site-packages/airflow/example_dags/example_sla_dag.py
[2024-11-06T00:08:28.984+0000] {logging_mixin.py:190} INFO - [2024-11-06T00:08:28.984+0000] {dag.py:3239} INFO - Sync 1 DAGs
[2024-11-06T00:08:29.043+0000] {logging_mixin.py:190} INFO - [2024-11-06T00:08:29.043+0000] {dag.py:4180} INFO - Setting next_dagrun for example_sla_dag to 2024-11-06 00:06:00+00:00, run_after=2024-11-06 00:08:00+00:00
[2024-11-06T00:08:29.076+0000] {processor.py:208} INFO - Processing /home/airflow/.local/lib/python3.12/site-packages/airflow/example_dags/example_sla_dag.py took 0.171 seconds
[2024-11-06T00:09:00.055+0000] {processor.py:186} INFO - Started process (PID=3564) to work on /home/airflow/.local/lib/python3.12/site-packages/airflow/example_dags/example_sla_dag.py
[2024-11-06T00:09:00.057+0000] {processor.py:914} INFO - Processing file /home/airflow/.local/lib/python3.12/site-packages/airflow/example_dags/example_sla_dag.py for tasks to queue
[2024-11-06T00:09:00.061+0000] {logging_mixin.py:190} INFO - [2024-11-06T00:09:00.060+0000] {dagbag.py:588} INFO - Filling up the DagBag from /home/airflow/.local/lib/python3.12/site-packages/airflow/example_dags/example_sla_dag.py
[2024-11-06T00:09:00.081+0000] {processor.py:925} INFO - DAG(s) 'example_sla_dag' retrieved from /home/airflow/.local/lib/python3.12/site-packages/airflow/example_dags/example_sla_dag.py
[2024-11-06T00:09:00.121+0000] {logging_mixin.py:190} INFO - [2024-11-06T00:09:00.121+0000] {dag.py:3239} INFO - Sync 1 DAGs
[2024-11-06T00:09:00.192+0000] {logging_mixin.py:190} INFO - [2024-11-06T00:09:00.192+0000] {dag.py:4180} INFO - Setting next_dagrun for example_sla_dag to 2024-11-06 00:06:00+00:00, run_after=2024-11-06 00:08:00+00:00
[2024-11-06T00:09:00.229+0000] {processor.py:208} INFO - Processing /home/airflow/.local/lib/python3.12/site-packages/airflow/example_dags/example_sla_dag.py took 0.184 seconds
[2024-11-06T00:09:31.586+0000] {processor.py:186} INFO - Started process (PID=3628) to work on /home/airflow/.local/lib/python3.12/site-packages/airflow/example_dags/example_sla_dag.py
[2024-11-06T00:09:31.587+0000] {processor.py:914} INFO - Processing file /home/airflow/.local/lib/python3.12/site-packages/airflow/example_dags/example_sla_dag.py for tasks to queue
[2024-11-06T00:09:31.591+0000] {logging_mixin.py:190} INFO - [2024-11-06T00:09:31.590+0000] {dagbag.py:588} INFO - Filling up the DagBag from /home/airflow/.local/lib/python3.12/site-packages/airflow/example_dags/example_sla_dag.py
[2024-11-06T00:09:31.611+0000] {processor.py:925} INFO - DAG(s) 'example_sla_dag' retrieved from /home/airflow/.local/lib/python3.12/site-packages/airflow/example_dags/example_sla_dag.py
[2024-11-06T00:09:31.640+0000] {logging_mixin.py:190} INFO - [2024-11-06T00:09:31.639+0000] {dag.py:3239} INFO - Sync 1 DAGs
[2024-11-06T00:09:31.686+0000] {logging_mixin.py:190} INFO - [2024-11-06T00:09:31.685+0000] {dag.py:4180} INFO - Setting next_dagrun for example_sla_dag to 2024-11-06 00:06:00+00:00, run_after=2024-11-06 00:08:00+00:00
[2024-11-06T00:09:31.725+0000] {processor.py:208} INFO - Processing /home/airflow/.local/lib/python3.12/site-packages/airflow/example_dags/example_sla_dag.py took 0.148 seconds
[2024-11-06T00:10:02.247+0000] {processor.py:186} INFO - Started process (PID=3691) to work on /home/airflow/.local/lib/python3.12/site-packages/airflow/example_dags/example_sla_dag.py
[2024-11-06T00:10:02.249+0000] {processor.py:914} INFO - Processing file /home/airflow/.local/lib/python3.12/site-packages/airflow/example_dags/example_sla_dag.py for tasks to queue
[2024-11-06T00:10:02.256+0000] {logging_mixin.py:190} INFO - [2024-11-06T00:10:02.255+0000] {dagbag.py:588} INFO - Filling up the DagBag from /home/airflow/.local/lib/python3.12/site-packages/airflow/example_dags/example_sla_dag.py
[2024-11-06T00:10:02.282+0000] {processor.py:925} INFO - DAG(s) 'example_sla_dag' retrieved from /home/airflow/.local/lib/python3.12/site-packages/airflow/example_dags/example_sla_dag.py
[2024-11-06T00:10:02.327+0000] {logging_mixin.py:190} INFO - [2024-11-06T00:10:02.327+0000] {dag.py:3239} INFO - Sync 1 DAGs
[2024-11-06T00:10:02.596+0000] {logging_mixin.py:190} INFO - [2024-11-06T00:10:02.595+0000] {dag.py:4180} INFO - Setting next_dagrun for example_sla_dag to 2024-11-06 00:08:00+00:00, run_after=2024-11-06 00:10:00+00:00
[2024-11-06T00:10:02.642+0000] {processor.py:208} INFO - Processing /home/airflow/.local/lib/python3.12/site-packages/airflow/example_dags/example_sla_dag.py took 0.406 seconds
[2024-11-06T00:10:32.992+0000] {processor.py:186} INFO - Started process (PID=3755) to work on /home/airflow/.local/lib/python3.12/site-packages/airflow/example_dags/example_sla_dag.py
[2024-11-06T00:10:32.994+0000] {processor.py:914} INFO - Processing file /home/airflow/.local/lib/python3.12/site-packages/airflow/example_dags/example_sla_dag.py for tasks to queue
[2024-11-06T00:10:32.999+0000] {logging_mixin.py:190} INFO - [2024-11-06T00:10:32.998+0000] {dagbag.py:588} INFO - Filling up the DagBag from /home/airflow/.local/lib/python3.12/site-packages/airflow/example_dags/example_sla_dag.py
[2024-11-06T00:10:33.026+0000] {processor.py:925} INFO - DAG(s) 'example_sla_dag' retrieved from /home/airflow/.local/lib/python3.12/site-packages/airflow/example_dags/example_sla_dag.py
[2024-11-06T00:10:33.057+0000] {logging_mixin.py:190} INFO - [2024-11-06T00:10:33.057+0000] {dag.py:3239} INFO - Sync 1 DAGs
[2024-11-06T00:10:33.406+0000] {logging_mixin.py:190} INFO - [2024-11-06T00:10:33.405+0000] {dag.py:4180} INFO - Setting next_dagrun for example_sla_dag to 2024-11-06 00:08:00+00:00, run_after=2024-11-06 00:10:00+00:00
[2024-11-06T00:10:33.448+0000] {processor.py:208} INFO - Processing /home/airflow/.local/lib/python3.12/site-packages/airflow/example_dags/example_sla_dag.py took 0.476 seconds
[2024-11-06T00:11:04.088+0000] {processor.py:186} INFO - Started process (PID=3819) to work on /home/airflow/.local/lib/python3.12/site-packages/airflow/example_dags/example_sla_dag.py
[2024-11-06T00:11:04.092+0000] {processor.py:914} INFO - Processing file /home/airflow/.local/lib/python3.12/site-packages/airflow/example_dags/example_sla_dag.py for tasks to queue
[2024-11-06T00:11:04.097+0000] {logging_mixin.py:190} INFO - [2024-11-06T00:11:04.096+0000] {dagbag.py:588} INFO - Filling up the DagBag from /home/airflow/.local/lib/python3.12/site-packages/airflow/example_dags/example_sla_dag.py
[2024-11-06T00:11:04.122+0000] {processor.py:925} INFO - DAG(s) 'example_sla_dag' retrieved from /home/airflow/.local/lib/python3.12/site-packages/airflow/example_dags/example_sla_dag.py
[2024-11-06T00:11:04.163+0000] {logging_mixin.py:190} INFO - [2024-11-06T00:11:04.162+0000] {dag.py:3239} INFO - Sync 1 DAGs
[2024-11-06T00:11:04.213+0000] {logging_mixin.py:190} INFO - [2024-11-06T00:11:04.213+0000] {dag.py:4180} INFO - Setting next_dagrun for example_sla_dag to 2024-11-06 00:08:00+00:00, run_after=2024-11-06 00:10:00+00:00
[2024-11-06T00:11:04.257+0000] {processor.py:208} INFO - Processing /home/airflow/.local/lib/python3.12/site-packages/airflow/example_dags/example_sla_dag.py took 0.181 seconds
[2024-11-06T00:11:34.504+0000] {processor.py:186} INFO - Started process (PID=3883) to work on /home/airflow/.local/lib/python3.12/site-packages/airflow/example_dags/example_sla_dag.py
[2024-11-06T00:11:34.506+0000] {processor.py:914} INFO - Processing file /home/airflow/.local/lib/python3.12/site-packages/airflow/example_dags/example_sla_dag.py for tasks to queue
[2024-11-06T00:11:34.511+0000] {logging_mixin.py:190} INFO - [2024-11-06T00:11:34.510+0000] {dagbag.py:588} INFO - Filling up the DagBag from /home/airflow/.local/lib/python3.12/site-packages/airflow/example_dags/example_sla_dag.py
[2024-11-06T00:11:34.535+0000] {processor.py:925} INFO - DAG(s) 'example_sla_dag' retrieved from /home/airflow/.local/lib/python3.12/site-packages/airflow/example_dags/example_sla_dag.py
[2024-11-06T00:11:34.561+0000] {logging_mixin.py:190} INFO - [2024-11-06T00:11:34.561+0000] {dag.py:3239} INFO - Sync 1 DAGs
[2024-11-06T00:11:34.605+0000] {logging_mixin.py:190} INFO - [2024-11-06T00:11:34.605+0000] {dag.py:4180} INFO - Setting next_dagrun for example_sla_dag to 2024-11-06 00:08:00+00:00, run_after=2024-11-06 00:10:00+00:00
[2024-11-06T00:11:34.663+0000] {processor.py:208} INFO - Processing /home/airflow/.local/lib/python3.12/site-packages/airflow/example_dags/example_sla_dag.py took 0.172 seconds
[2024-11-06T00:12:05.470+0000] {processor.py:186} INFO - Started process (PID=3947) to work on /home/airflow/.local/lib/python3.12/site-packages/airflow/example_dags/example_sla_dag.py
[2024-11-06T00:12:05.472+0000] {processor.py:914} INFO - Processing file /home/airflow/.local/lib/python3.12/site-packages/airflow/example_dags/example_sla_dag.py for tasks to queue
[2024-11-06T00:12:05.477+0000] {logging_mixin.py:190} INFO - [2024-11-06T00:12:05.475+0000] {dagbag.py:588} INFO - Filling up the DagBag from /home/airflow/.local/lib/python3.12/site-packages/airflow/example_dags/example_sla_dag.py
[2024-11-06T00:12:05.500+0000] {processor.py:925} INFO - DAG(s) 'example_sla_dag' retrieved from /home/airflow/.local/lib/python3.12/site-packages/airflow/example_dags/example_sla_dag.py
[2024-11-06T00:12:05.533+0000] {logging_mixin.py:190} INFO - [2024-11-06T00:12:05.532+0000] {dag.py:3239} INFO - Sync 1 DAGs
[2024-11-06T00:12:05.575+0000] {logging_mixin.py:190} INFO - [2024-11-06T00:12:05.575+0000] {dag.py:4180} INFO - Setting next_dagrun for example_sla_dag to 2024-11-06 00:10:00+00:00, run_after=2024-11-06 00:12:00+00:00
[2024-11-06T00:12:05.606+0000] {processor.py:208} INFO - Processing /home/airflow/.local/lib/python3.12/site-packages/airflow/example_dags/example_sla_dag.py took 0.148 seconds
[2024-11-06T00:12:35.939+0000] {processor.py:186} INFO - Started process (PID=4011) to work on /home/airflow/.local/lib/python3.12/site-packages/airflow/example_dags/example_sla_dag.py
[2024-11-06T00:12:35.941+0000] {processor.py:914} INFO - Processing file /home/airflow/.local/lib/python3.12/site-packages/airflow/example_dags/example_sla_dag.py for tasks to queue
[2024-11-06T00:12:35.946+0000] {logging_mixin.py:190} INFO - [2024-11-06T00:12:35.945+0000] {dagbag.py:588} INFO - Filling up the DagBag from /home/airflow/.local/lib/python3.12/site-packages/airflow/example_dags/example_sla_dag.py
[2024-11-06T00:12:35.963+0000] {processor.py:925} INFO - DAG(s) 'example_sla_dag' retrieved from /home/airflow/.local/lib/python3.12/site-packages/airflow/example_dags/example_sla_dag.py
[2024-11-06T00:12:35.995+0000] {logging_mixin.py:190} INFO - [2024-11-06T00:12:35.994+0000] {dag.py:3239} INFO - Sync 1 DAGs
[2024-11-06T00:12:36.033+0000] {logging_mixin.py:190} INFO - [2024-11-06T00:12:36.033+0000] {dag.py:4180} INFO - Setting next_dagrun for example_sla_dag to 2024-11-06 00:10:00+00:00, run_after=2024-11-06 00:12:00+00:00
[2024-11-06T00:12:36.060+0000] {processor.py:208} INFO - Processing /home/airflow/.local/lib/python3.12/site-packages/airflow/example_dags/example_sla_dag.py took 0.132 seconds
[2024-11-06T00:13:06.241+0000] {processor.py:186} INFO - Started process (PID=4076) to work on /home/airflow/.local/lib/python3.12/site-packages/airflow/example_dags/example_sla_dag.py
[2024-11-06T00:13:06.243+0000] {processor.py:914} INFO - Processing file /home/airflow/.local/lib/python3.12/site-packages/airflow/example_dags/example_sla_dag.py for tasks to queue
[2024-11-06T00:13:06.248+0000] {logging_mixin.py:190} INFO - [2024-11-06T00:13:06.246+0000] {dagbag.py:588} INFO - Filling up the DagBag from /home/airflow/.local/lib/python3.12/site-packages/airflow/example_dags/example_sla_dag.py
[2024-11-06T00:13:06.266+0000] {processor.py:925} INFO - DAG(s) 'example_sla_dag' retrieved from /home/airflow/.local/lib/python3.12/site-packages/airflow/example_dags/example_sla_dag.py
[2024-11-06T00:13:06.296+0000] {logging_mixin.py:190} INFO - [2024-11-06T00:13:06.296+0000] {dag.py:3239} INFO - Sync 1 DAGs
[2024-11-06T00:13:06.347+0000] {logging_mixin.py:190} INFO - [2024-11-06T00:13:06.347+0000] {dag.py:4180} INFO - Setting next_dagrun for example_sla_dag to 2024-11-06 00:10:00+00:00, run_after=2024-11-06 00:12:00+00:00
[2024-11-06T00:13:06.413+0000] {processor.py:208} INFO - Processing /home/airflow/.local/lib/python3.12/site-packages/airflow/example_dags/example_sla_dag.py took 0.185 seconds
[2024-11-06T00:13:36.497+0000] {processor.py:186} INFO - Started process (PID=4140) to work on /home/airflow/.local/lib/python3.12/site-packages/airflow/example_dags/example_sla_dag.py
[2024-11-06T00:13:36.499+0000] {processor.py:914} INFO - Processing file /home/airflow/.local/lib/python3.12/site-packages/airflow/example_dags/example_sla_dag.py for tasks to queue
[2024-11-06T00:13:36.503+0000] {logging_mixin.py:190} INFO - [2024-11-06T00:13:36.503+0000] {dagbag.py:588} INFO - Filling up the DagBag from /home/airflow/.local/lib/python3.12/site-packages/airflow/example_dags/example_sla_dag.py
[2024-11-06T00:13:36.520+0000] {processor.py:925} INFO - DAG(s) 'example_sla_dag' retrieved from /home/airflow/.local/lib/python3.12/site-packages/airflow/example_dags/example_sla_dag.py
[2024-11-06T00:13:36.551+0000] {logging_mixin.py:190} INFO - [2024-11-06T00:13:36.550+0000] {dag.py:3239} INFO - Sync 1 DAGs
[2024-11-06T00:13:36.593+0000] {logging_mixin.py:190} INFO - [2024-11-06T00:13:36.593+0000] {dag.py:4180} INFO - Setting next_dagrun for example_sla_dag to 2024-11-06 00:10:00+00:00, run_after=2024-11-06 00:12:00+00:00
[2024-11-06T00:13:36.623+0000] {processor.py:208} INFO - Processing /home/airflow/.local/lib/python3.12/site-packages/airflow/example_dags/example_sla_dag.py took 0.136 seconds
[2024-11-06T00:14:07.533+0000] {processor.py:186} INFO - Started process (PID=4204) to work on /home/airflow/.local/lib/python3.12/site-packages/airflow/example_dags/example_sla_dag.py
[2024-11-06T00:14:07.536+0000] {processor.py:914} INFO - Processing file /home/airflow/.local/lib/python3.12/site-packages/airflow/example_dags/example_sla_dag.py for tasks to queue
[2024-11-06T00:14:07.541+0000] {logging_mixin.py:190} INFO - [2024-11-06T00:14:07.540+0000] {dagbag.py:588} INFO - Filling up the DagBag from /home/airflow/.local/lib/python3.12/site-packages/airflow/example_dags/example_sla_dag.py
[2024-11-06T00:14:07.562+0000] {processor.py:925} INFO - DAG(s) 'example_sla_dag' retrieved from /home/airflow/.local/lib/python3.12/site-packages/airflow/example_dags/example_sla_dag.py
[2024-11-06T00:14:07.594+0000] {logging_mixin.py:190} INFO - [2024-11-06T00:14:07.594+0000] {dag.py:3239} INFO - Sync 1 DAGs
[2024-11-06T00:14:07.638+0000] {logging_mixin.py:190} INFO - [2024-11-06T00:14:07.638+0000] {dag.py:4180} INFO - Setting next_dagrun for example_sla_dag to 2024-11-06 00:12:00+00:00, run_after=2024-11-06 00:14:00+00:00
[2024-11-06T00:14:07.670+0000] {processor.py:208} INFO - Processing /home/airflow/.local/lib/python3.12/site-packages/airflow/example_dags/example_sla_dag.py took 0.149 seconds
[2024-11-06T00:14:38.468+0000] {processor.py:186} INFO - Started process (PID=4268) to work on /home/airflow/.local/lib/python3.12/site-packages/airflow/example_dags/example_sla_dag.py
[2024-11-06T00:14:38.470+0000] {processor.py:914} INFO - Processing file /home/airflow/.local/lib/python3.12/site-packages/airflow/example_dags/example_sla_dag.py for tasks to queue
[2024-11-06T00:14:38.475+0000] {logging_mixin.py:190} INFO - [2024-11-06T00:14:38.474+0000] {dagbag.py:588} INFO - Filling up the DagBag from /home/airflow/.local/lib/python3.12/site-packages/airflow/example_dags/example_sla_dag.py
[2024-11-06T00:14:38.491+0000] {processor.py:925} INFO - DAG(s) 'example_sla_dag' retrieved from /home/airflow/.local/lib/python3.12/site-packages/airflow/example_dags/example_sla_dag.py
[2024-11-06T00:14:38.525+0000] {logging_mixin.py:190} INFO - [2024-11-06T00:14:38.524+0000] {dag.py:3239} INFO - Sync 1 DAGs
[2024-11-06T00:14:38.577+0000] {logging_mixin.py:190} INFO - [2024-11-06T00:14:38.577+0000] {dag.py:4180} INFO - Setting next_dagrun for example_sla_dag to 2024-11-06 00:12:00+00:00, run_after=2024-11-06 00:14:00+00:00
[2024-11-06T00:14:38.634+0000] {processor.py:208} INFO - Processing /home/airflow/.local/lib/python3.12/site-packages/airflow/example_dags/example_sla_dag.py took 0.175 seconds
[2024-11-06T00:15:09.038+0000] {processor.py:186} INFO - Started process (PID=4332) to work on /home/airflow/.local/lib/python3.12/site-packages/airflow/example_dags/example_sla_dag.py
[2024-11-06T00:15:09.040+0000] {processor.py:914} INFO - Processing file /home/airflow/.local/lib/python3.12/site-packages/airflow/example_dags/example_sla_dag.py for tasks to queue
[2024-11-06T00:15:09.045+0000] {logging_mixin.py:190} INFO - [2024-11-06T00:15:09.044+0000] {dagbag.py:588} INFO - Filling up the DagBag from /home/airflow/.local/lib/python3.12/site-packages/airflow/example_dags/example_sla_dag.py
[2024-11-06T00:15:09.061+0000] {processor.py:925} INFO - DAG(s) 'example_sla_dag' retrieved from /home/airflow/.local/lib/python3.12/site-packages/airflow/example_dags/example_sla_dag.py
[2024-11-06T00:15:09.096+0000] {logging_mixin.py:190} INFO - [2024-11-06T00:15:09.095+0000] {dag.py:3239} INFO - Sync 1 DAGs
[2024-11-06T00:15:09.144+0000] {logging_mixin.py:190} INFO - [2024-11-06T00:15:09.143+0000] {dag.py:4180} INFO - Setting next_dagrun for example_sla_dag to 2024-11-06 00:12:00+00:00, run_after=2024-11-06 00:14:00+00:00
[2024-11-06T00:15:09.200+0000] {processor.py:208} INFO - Processing /home/airflow/.local/lib/python3.12/site-packages/airflow/example_dags/example_sla_dag.py took 0.172 seconds
[2024-11-06T00:15:39.463+0000] {processor.py:186} INFO - Started process (PID=4395) to work on /home/airflow/.local/lib/python3.12/site-packages/airflow/example_dags/example_sla_dag.py
[2024-11-06T00:15:39.466+0000] {processor.py:914} INFO - Processing file /home/airflow/.local/lib/python3.12/site-packages/airflow/example_dags/example_sla_dag.py for tasks to queue
[2024-11-06T00:15:39.472+0000] {logging_mixin.py:190} INFO - [2024-11-06T00:15:39.471+0000] {dagbag.py:588} INFO - Filling up the DagBag from /home/airflow/.local/lib/python3.12/site-packages/airflow/example_dags/example_sla_dag.py
[2024-11-06T00:15:39.497+0000] {processor.py:925} INFO - DAG(s) 'example_sla_dag' retrieved from /home/airflow/.local/lib/python3.12/site-packages/airflow/example_dags/example_sla_dag.py
[2024-11-06T00:15:39.547+0000] {logging_mixin.py:190} INFO - [2024-11-06T00:15:39.546+0000] {dag.py:3239} INFO - Sync 1 DAGs
[2024-11-06T00:15:39.611+0000] {logging_mixin.py:190} INFO - [2024-11-06T00:15:39.611+0000] {dag.py:4180} INFO - Setting next_dagrun for example_sla_dag to 2024-11-06 00:12:00+00:00, run_after=2024-11-06 00:14:00+00:00
[2024-11-06T00:15:39.676+0000] {processor.py:208} INFO - Processing /home/airflow/.local/lib/python3.12/site-packages/airflow/example_dags/example_sla_dag.py took 0.227 seconds
[2024-11-06T00:16:10.011+0000] {processor.py:186} INFO - Started process (PID=4459) to work on /home/airflow/.local/lib/python3.12/site-packages/airflow/example_dags/example_sla_dag.py
[2024-11-06T00:16:10.013+0000] {processor.py:914} INFO - Processing file /home/airflow/.local/lib/python3.12/site-packages/airflow/example_dags/example_sla_dag.py for tasks to queue
[2024-11-06T00:16:10.018+0000] {logging_mixin.py:190} INFO - [2024-11-06T00:16:10.017+0000] {dagbag.py:588} INFO - Filling up the DagBag from /home/airflow/.local/lib/python3.12/site-packages/airflow/example_dags/example_sla_dag.py
[2024-11-06T00:16:10.034+0000] {processor.py:925} INFO - DAG(s) 'example_sla_dag' retrieved from /home/airflow/.local/lib/python3.12/site-packages/airflow/example_dags/example_sla_dag.py
[2024-11-06T00:16:10.062+0000] {logging_mixin.py:190} INFO - [2024-11-06T00:16:10.062+0000] {dag.py:3239} INFO - Sync 1 DAGs
[2024-11-06T00:16:10.101+0000] {logging_mixin.py:190} INFO - [2024-11-06T00:16:10.101+0000] {dag.py:4180} INFO - Setting next_dagrun for example_sla_dag to 2024-11-06 00:14:00+00:00, run_after=2024-11-06 00:16:00+00:00
[2024-11-06T00:16:10.136+0000] {processor.py:208} INFO - Processing /home/airflow/.local/lib/python3.12/site-packages/airflow/example_dags/example_sla_dag.py took 0.136 seconds
[2024-11-06T00:18:30.783+0000] {processor.py:186} INFO - Started process (PID=78) to work on /home/airflow/.local/lib/python3.12/site-packages/airflow/example_dags/example_sla_dag.py
[2024-11-06T00:18:30.786+0000] {processor.py:914} INFO - Processing file /home/airflow/.local/lib/python3.12/site-packages/airflow/example_dags/example_sla_dag.py for tasks to queue
[2024-11-06T00:18:30.790+0000] {logging_mixin.py:190} INFO - [2024-11-06T00:18:30.790+0000] {dagbag.py:588} INFO - Filling up the DagBag from /home/airflow/.local/lib/python3.12/site-packages/airflow/example_dags/example_sla_dag.py
[2024-11-06T00:18:30.808+0000] {processor.py:925} INFO - DAG(s) 'example_sla_dag' retrieved from /home/airflow/.local/lib/python3.12/site-packages/airflow/example_dags/example_sla_dag.py
[2024-11-06T00:18:30.857+0000] {logging_mixin.py:190} INFO - [2024-11-06T00:18:30.856+0000] {dag.py:3239} INFO - Sync 1 DAGs
[2024-11-06T00:18:30.907+0000] {logging_mixin.py:190} INFO - [2024-11-06T00:18:30.906+0000] {dag.py:4180} INFO - Setting next_dagrun for example_sla_dag to 2024-11-06 00:16:00+00:00, run_after=2024-11-06 00:18:00+00:00
[2024-11-06T00:18:30.939+0000] {processor.py:208} INFO - Processing /home/airflow/.local/lib/python3.12/site-packages/airflow/example_dags/example_sla_dag.py took 0.165 seconds
[2024-11-06T00:19:02.872+0000] {processor.py:186} INFO - Started process (PID=148) to work on /home/airflow/.local/lib/python3.12/site-packages/airflow/example_dags/example_sla_dag.py
[2024-11-06T00:19:02.874+0000] {processor.py:914} INFO - Processing file /home/airflow/.local/lib/python3.12/site-packages/airflow/example_dags/example_sla_dag.py for tasks to queue
[2024-11-06T00:19:02.878+0000] {logging_mixin.py:190} INFO - [2024-11-06T00:19:02.878+0000] {dagbag.py:588} INFO - Filling up the DagBag from /home/airflow/.local/lib/python3.12/site-packages/airflow/example_dags/example_sla_dag.py
[2024-11-06T00:19:02.899+0000] {processor.py:925} INFO - DAG(s) 'example_sla_dag' retrieved from /home/airflow/.local/lib/python3.12/site-packages/airflow/example_dags/example_sla_dag.py
[2024-11-06T00:19:02.928+0000] {logging_mixin.py:190} INFO - [2024-11-06T00:19:02.927+0000] {dag.py:3239} INFO - Sync 1 DAGs
[2024-11-06T00:19:02.976+0000] {logging_mixin.py:190} INFO - [2024-11-06T00:19:02.975+0000] {dag.py:4180} INFO - Setting next_dagrun for example_sla_dag to 2024-11-06 00:16:00+00:00, run_after=2024-11-06 00:18:00+00:00
[2024-11-06T00:19:03.005+0000] {processor.py:208} INFO - Processing /home/airflow/.local/lib/python3.12/site-packages/airflow/example_dags/example_sla_dag.py took 0.143 seconds
[2024-11-06T00:19:34.329+0000] {processor.py:186} INFO - Started process (PID=212) to work on /home/airflow/.local/lib/python3.12/site-packages/airflow/example_dags/example_sla_dag.py
[2024-11-06T00:19:34.331+0000] {processor.py:914} INFO - Processing file /home/airflow/.local/lib/python3.12/site-packages/airflow/example_dags/example_sla_dag.py for tasks to queue
[2024-11-06T00:19:34.335+0000] {logging_mixin.py:190} INFO - [2024-11-06T00:19:34.335+0000] {dagbag.py:588} INFO - Filling up the DagBag from /home/airflow/.local/lib/python3.12/site-packages/airflow/example_dags/example_sla_dag.py
[2024-11-06T00:19:34.352+0000] {processor.py:925} INFO - DAG(s) 'example_sla_dag' retrieved from /home/airflow/.local/lib/python3.12/site-packages/airflow/example_dags/example_sla_dag.py
[2024-11-06T00:19:34.385+0000] {logging_mixin.py:190} INFO - [2024-11-06T00:19:34.384+0000] {dag.py:3239} INFO - Sync 1 DAGs
[2024-11-06T00:19:34.427+0000] {logging_mixin.py:190} INFO - [2024-11-06T00:19:34.427+0000] {dag.py:4180} INFO - Setting next_dagrun for example_sla_dag to 2024-11-06 00:16:00+00:00, run_after=2024-11-06 00:18:00+00:00
[2024-11-06T00:19:34.456+0000] {processor.py:208} INFO - Processing /home/airflow/.local/lib/python3.12/site-packages/airflow/example_dags/example_sla_dag.py took 0.136 seconds
[2024-11-06T00:20:05.700+0000] {processor.py:186} INFO - Started process (PID=276) to work on /home/airflow/.local/lib/python3.12/site-packages/airflow/example_dags/example_sla_dag.py
[2024-11-06T00:20:05.703+0000] {processor.py:914} INFO - Processing file /home/airflow/.local/lib/python3.12/site-packages/airflow/example_dags/example_sla_dag.py for tasks to queue
[2024-11-06T00:20:05.709+0000] {logging_mixin.py:190} INFO - [2024-11-06T00:20:05.708+0000] {dagbag.py:588} INFO - Filling up the DagBag from /home/airflow/.local/lib/python3.12/site-packages/airflow/example_dags/example_sla_dag.py
[2024-11-06T00:20:05.743+0000] {processor.py:925} INFO - DAG(s) 'example_sla_dag' retrieved from /home/airflow/.local/lib/python3.12/site-packages/airflow/example_dags/example_sla_dag.py
[2024-11-06T00:20:05.790+0000] {logging_mixin.py:190} INFO - [2024-11-06T00:20:05.789+0000] {dag.py:3239} INFO - Sync 1 DAGs
[2024-11-06T00:20:05.851+0000] {logging_mixin.py:190} INFO - [2024-11-06T00:20:05.851+0000] {dag.py:4180} INFO - Setting next_dagrun for example_sla_dag to 2024-11-06 00:18:00+00:00, run_after=2024-11-06 00:20:00+00:00
[2024-11-06T00:20:05.930+0000] {processor.py:208} INFO - Processing /home/airflow/.local/lib/python3.12/site-packages/airflow/example_dags/example_sla_dag.py took 0.249 seconds
[2024-11-06T00:20:36.619+0000] {processor.py:186} INFO - Started process (PID=340) to work on /home/airflow/.local/lib/python3.12/site-packages/airflow/example_dags/example_sla_dag.py
[2024-11-06T00:20:36.624+0000] {processor.py:914} INFO - Processing file /home/airflow/.local/lib/python3.12/site-packages/airflow/example_dags/example_sla_dag.py for tasks to queue
[2024-11-06T00:20:36.628+0000] {logging_mixin.py:190} INFO - [2024-11-06T00:20:36.627+0000] {dagbag.py:588} INFO - Filling up the DagBag from /home/airflow/.local/lib/python3.12/site-packages/airflow/example_dags/example_sla_dag.py
[2024-11-06T00:20:36.646+0000] {processor.py:925} INFO - DAG(s) 'example_sla_dag' retrieved from /home/airflow/.local/lib/python3.12/site-packages/airflow/example_dags/example_sla_dag.py
[2024-11-06T00:20:36.675+0000] {logging_mixin.py:190} INFO - [2024-11-06T00:20:36.675+0000] {dag.py:3239} INFO - Sync 1 DAGs
[2024-11-06T00:20:36.717+0000] {logging_mixin.py:190} INFO - [2024-11-06T00:20:36.717+0000] {dag.py:4180} INFO - Setting next_dagrun for example_sla_dag to 2024-11-06 00:18:00+00:00, run_after=2024-11-06 00:20:00+00:00
[2024-11-06T00:20:36.754+0000] {processor.py:208} INFO - Processing /home/airflow/.local/lib/python3.12/site-packages/airflow/example_dags/example_sla_dag.py took 0.143 seconds
[2024-11-06T00:21:09.069+0000] {processor.py:186} INFO - Started process (PID=404) to work on /home/airflow/.local/lib/python3.12/site-packages/airflow/example_dags/example_sla_dag.py
[2024-11-06T00:21:09.070+0000] {processor.py:914} INFO - Processing file /home/airflow/.local/lib/python3.12/site-packages/airflow/example_dags/example_sla_dag.py for tasks to queue
[2024-11-06T00:21:09.074+0000] {logging_mixin.py:190} INFO - [2024-11-06T00:21:09.074+0000] {dagbag.py:588} INFO - Filling up the DagBag from /home/airflow/.local/lib/python3.12/site-packages/airflow/example_dags/example_sla_dag.py
[2024-11-06T00:21:09.091+0000] {processor.py:925} INFO - DAG(s) 'example_sla_dag' retrieved from /home/airflow/.local/lib/python3.12/site-packages/airflow/example_dags/example_sla_dag.py
[2024-11-06T00:21:09.124+0000] {logging_mixin.py:190} INFO - [2024-11-06T00:21:09.123+0000] {dag.py:3239} INFO - Sync 1 DAGs
[2024-11-06T00:21:09.162+0000] {logging_mixin.py:190} INFO - [2024-11-06T00:21:09.161+0000] {dag.py:4180} INFO - Setting next_dagrun for example_sla_dag to 2024-11-06 00:18:00+00:00, run_after=2024-11-06 00:20:00+00:00
[2024-11-06T00:21:09.194+0000] {processor.py:208} INFO - Processing /home/airflow/.local/lib/python3.12/site-packages/airflow/example_dags/example_sla_dag.py took 0.134 seconds
[2024-11-06T00:21:41.701+0000] {processor.py:186} INFO - Started process (PID=468) to work on /home/airflow/.local/lib/python3.12/site-packages/airflow/example_dags/example_sla_dag.py
[2024-11-06T00:21:41.703+0000] {processor.py:914} INFO - Processing file /home/airflow/.local/lib/python3.12/site-packages/airflow/example_dags/example_sla_dag.py for tasks to queue
[2024-11-06T00:21:41.709+0000] {logging_mixin.py:190} INFO - [2024-11-06T00:21:41.708+0000] {dagbag.py:588} INFO - Filling up the DagBag from /home/airflow/.local/lib/python3.12/site-packages/airflow/example_dags/example_sla_dag.py
[2024-11-06T00:21:41.746+0000] {processor.py:925} INFO - DAG(s) 'example_sla_dag' retrieved from /home/airflow/.local/lib/python3.12/site-packages/airflow/example_dags/example_sla_dag.py
[2024-11-06T00:21:41.785+0000] {logging_mixin.py:190} INFO - [2024-11-06T00:21:41.785+0000] {dag.py:3239} INFO - Sync 1 DAGs
[2024-11-06T00:21:41.834+0000] {logging_mixin.py:190} INFO - [2024-11-06T00:21:41.834+0000] {dag.py:4180} INFO - Setting next_dagrun for example_sla_dag to 2024-11-06 00:18:00+00:00, run_after=2024-11-06 00:20:00+00:00
[2024-11-06T00:21:41.867+0000] {processor.py:208} INFO - Processing /home/airflow/.local/lib/python3.12/site-packages/airflow/example_dags/example_sla_dag.py took 0.195 seconds
[2024-11-06T00:23:43.510+0000] {processor.py:186} INFO - Started process (PID=77) to work on /home/airflow/.local/lib/python3.12/site-packages/airflow/example_dags/example_sla_dag.py
[2024-11-06T00:23:43.512+0000] {processor.py:914} INFO - Processing file /home/airflow/.local/lib/python3.12/site-packages/airflow/example_dags/example_sla_dag.py for tasks to queue
[2024-11-06T00:23:43.519+0000] {logging_mixin.py:190} INFO - [2024-11-06T00:23:43.518+0000] {dagbag.py:588} INFO - Filling up the DagBag from /home/airflow/.local/lib/python3.12/site-packages/airflow/example_dags/example_sla_dag.py
[2024-11-06T00:23:43.544+0000] {processor.py:925} INFO - DAG(s) 'example_sla_dag' retrieved from /home/airflow/.local/lib/python3.12/site-packages/airflow/example_dags/example_sla_dag.py
[2024-11-06T00:23:43.592+0000] {logging_mixin.py:190} INFO - [2024-11-06T00:23:43.591+0000] {dag.py:3239} INFO - Sync 1 DAGs
[2024-11-06T00:23:43.643+0000] {logging_mixin.py:190} INFO - [2024-11-06T00:23:43.642+0000] {dag.py:4180} INFO - Setting next_dagrun for example_sla_dag to 2024-11-06 00:20:00+00:00, run_after=2024-11-06 00:22:00+00:00
[2024-11-06T00:23:43.685+0000] {processor.py:208} INFO - Processing /home/airflow/.local/lib/python3.12/site-packages/airflow/example_dags/example_sla_dag.py took 0.185 seconds
[2024-11-06T00:24:15.300+0000] {processor.py:186} INFO - Started process (PID=141) to work on /home/airflow/.local/lib/python3.12/site-packages/airflow/example_dags/example_sla_dag.py
[2024-11-06T00:24:15.302+0000] {processor.py:914} INFO - Processing file /home/airflow/.local/lib/python3.12/site-packages/airflow/example_dags/example_sla_dag.py for tasks to queue
[2024-11-06T00:24:15.307+0000] {logging_mixin.py:190} INFO - [2024-11-06T00:24:15.306+0000] {dagbag.py:588} INFO - Filling up the DagBag from /home/airflow/.local/lib/python3.12/site-packages/airflow/example_dags/example_sla_dag.py
[2024-11-06T00:24:15.330+0000] {processor.py:925} INFO - DAG(s) 'example_sla_dag' retrieved from /home/airflow/.local/lib/python3.12/site-packages/airflow/example_dags/example_sla_dag.py
[2024-11-06T00:24:15.370+0000] {logging_mixin.py:190} INFO - [2024-11-06T00:24:15.369+0000] {dag.py:3239} INFO - Sync 1 DAGs
[2024-11-06T00:24:15.422+0000] {logging_mixin.py:190} INFO - [2024-11-06T00:24:15.422+0000] {dag.py:4180} INFO - Setting next_dagrun for example_sla_dag to 2024-11-06 00:22:00+00:00, run_after=2024-11-06 00:24:00+00:00
[2024-11-06T00:24:15.463+0000] {processor.py:208} INFO - Processing /home/airflow/.local/lib/python3.12/site-packages/airflow/example_dags/example_sla_dag.py took 0.175 seconds
[2024-11-06T00:26:20.361+0000] {processor.py:186} INFO - Started process (PID=77) to work on /home/airflow/.local/lib/python3.12/site-packages/airflow/example_dags/example_sla_dag.py
[2024-11-06T00:26:20.363+0000] {processor.py:914} INFO - Processing file /home/airflow/.local/lib/python3.12/site-packages/airflow/example_dags/example_sla_dag.py for tasks to queue
[2024-11-06T00:26:20.368+0000] {logging_mixin.py:190} INFO - [2024-11-06T00:26:20.368+0000] {dagbag.py:588} INFO - Filling up the DagBag from /home/airflow/.local/lib/python3.12/site-packages/airflow/example_dags/example_sla_dag.py
[2024-11-06T00:26:20.390+0000] {processor.py:925} INFO - DAG(s) 'example_sla_dag' retrieved from /home/airflow/.local/lib/python3.12/site-packages/airflow/example_dags/example_sla_dag.py
[2024-11-06T00:26:20.440+0000] {logging_mixin.py:190} INFO - [2024-11-06T00:26:20.439+0000] {dag.py:3239} INFO - Sync 1 DAGs
[2024-11-06T00:26:20.490+0000] {logging_mixin.py:190} INFO - [2024-11-06T00:26:20.489+0000] {dag.py:4180} INFO - Setting next_dagrun for example_sla_dag to 2024-11-06 00:24:00+00:00, run_after=2024-11-06 00:26:00+00:00
[2024-11-06T00:26:20.524+0000] {processor.py:208} INFO - Processing /home/airflow/.local/lib/python3.12/site-packages/airflow/example_dags/example_sla_dag.py took 0.172 seconds
[2024-11-06T00:26:52.528+0000] {processor.py:186} INFO - Started process (PID=141) to work on /home/airflow/.local/lib/python3.12/site-packages/airflow/example_dags/example_sla_dag.py
[2024-11-06T00:26:52.529+0000] {processor.py:914} INFO - Processing file /home/airflow/.local/lib/python3.12/site-packages/airflow/example_dags/example_sla_dag.py for tasks to queue
[2024-11-06T00:26:52.533+0000] {logging_mixin.py:190} INFO - [2024-11-06T00:26:52.532+0000] {dagbag.py:588} INFO - Filling up the DagBag from /home/airflow/.local/lib/python3.12/site-packages/airflow/example_dags/example_sla_dag.py
[2024-11-06T00:26:52.550+0000] {processor.py:925} INFO - DAG(s) 'example_sla_dag' retrieved from /home/airflow/.local/lib/python3.12/site-packages/airflow/example_dags/example_sla_dag.py
[2024-11-06T00:26:52.579+0000] {logging_mixin.py:190} INFO - [2024-11-06T00:26:52.579+0000] {dag.py:3239} INFO - Sync 1 DAGs
[2024-11-06T00:26:52.615+0000] {logging_mixin.py:190} INFO - [2024-11-06T00:26:52.615+0000] {dag.py:4180} INFO - Setting next_dagrun for example_sla_dag to 2024-11-06 00:24:00+00:00, run_after=2024-11-06 00:26:00+00:00
[2024-11-06T00:26:52.643+0000] {processor.py:208} INFO - Processing /home/airflow/.local/lib/python3.12/site-packages/airflow/example_dags/example_sla_dag.py took 0.125 seconds
[2024-11-06T00:27:24.477+0000] {processor.py:186} INFO - Started process (PID=205) to work on /home/airflow/.local/lib/python3.12/site-packages/airflow/example_dags/example_sla_dag.py
[2024-11-06T00:27:24.480+0000] {processor.py:914} INFO - Processing file /home/airflow/.local/lib/python3.12/site-packages/airflow/example_dags/example_sla_dag.py for tasks to queue
[2024-11-06T00:27:24.484+0000] {logging_mixin.py:190} INFO - [2024-11-06T00:27:24.484+0000] {dagbag.py:588} INFO - Filling up the DagBag from /home/airflow/.local/lib/python3.12/site-packages/airflow/example_dags/example_sla_dag.py
[2024-11-06T00:27:24.503+0000] {processor.py:925} INFO - DAG(s) 'example_sla_dag' retrieved from /home/airflow/.local/lib/python3.12/site-packages/airflow/example_dags/example_sla_dag.py
[2024-11-06T00:27:24.532+0000] {logging_mixin.py:190} INFO - [2024-11-06T00:27:24.532+0000] {dag.py:3239} INFO - Sync 1 DAGs
[2024-11-06T00:27:24.581+0000] {logging_mixin.py:190} INFO - [2024-11-06T00:27:24.580+0000] {dag.py:4180} INFO - Setting next_dagrun for example_sla_dag to 2024-11-06 00:24:00+00:00, run_after=2024-11-06 00:26:00+00:00
[2024-11-06T00:27:24.616+0000] {processor.py:208} INFO - Processing /home/airflow/.local/lib/python3.12/site-packages/airflow/example_dags/example_sla_dag.py took 0.150 seconds
