[2024-11-06T00:00:04.624+0000] {processor.py:186} INFO - Started process (PID=2451) to work on /home/airflow/.local/lib/python3.12/site-packages/airflow/example_dags/tutorial_dag.py
[2024-11-06T00:00:04.627+0000] {processor.py:914} INFO - Processing file /home/airflow/.local/lib/python3.12/site-packages/airflow/example_dags/tutorial_dag.py for tasks to queue
[2024-11-06T00:00:04.632+0000] {logging_mixin.py:190} INFO - [2024-11-06T00:00:04.632+0000] {dagbag.py:588} INFO - Filling up the DagBag from /home/airflow/.local/lib/python3.12/site-packages/airflow/example_dags/tutorial_dag.py
[2024-11-06T00:00:04.649+0000] {processor.py:925} INFO - DAG(s) 'tutorial_dag' retrieved from /home/airflow/.local/lib/python3.12/site-packages/airflow/example_dags/tutorial_dag.py
[2024-11-06T00:00:04.680+0000] {logging_mixin.py:190} INFO - [2024-11-06T00:00:04.680+0000] {dag.py:3239} INFO - Sync 1 DAGs
[2024-11-06T00:00:04.704+0000] {logging_mixin.py:190} INFO - [2024-11-06T00:00:04.704+0000] {dag.py:4180} INFO - Setting next_dagrun for tutorial_dag to None, run_after=None
[2024-11-06T00:00:04.734+0000] {processor.py:208} INFO - Processing /home/airflow/.local/lib/python3.12/site-packages/airflow/example_dags/tutorial_dag.py took 0.120 seconds
[2024-11-06T00:00:36.599+0000] {processor.py:186} INFO - Started process (PID=2516) to work on /home/airflow/.local/lib/python3.12/site-packages/airflow/example_dags/tutorial_dag.py
[2024-11-06T00:00:36.601+0000] {processor.py:914} INFO - Processing file /home/airflow/.local/lib/python3.12/site-packages/airflow/example_dags/tutorial_dag.py for tasks to queue
[2024-11-06T00:00:36.605+0000] {logging_mixin.py:190} INFO - [2024-11-06T00:00:36.604+0000] {dagbag.py:588} INFO - Filling up the DagBag from /home/airflow/.local/lib/python3.12/site-packages/airflow/example_dags/tutorial_dag.py
[2024-11-06T00:00:36.616+0000] {processor.py:925} INFO - DAG(s) 'tutorial_dag' retrieved from /home/airflow/.local/lib/python3.12/site-packages/airflow/example_dags/tutorial_dag.py
[2024-11-06T00:00:36.646+0000] {logging_mixin.py:190} INFO - [2024-11-06T00:00:36.645+0000] {dag.py:3239} INFO - Sync 1 DAGs
[2024-11-06T00:00:36.681+0000] {logging_mixin.py:190} INFO - [2024-11-06T00:00:36.680+0000] {dag.py:4180} INFO - Setting next_dagrun for tutorial_dag to None, run_after=None
[2024-11-06T00:00:36.721+0000] {processor.py:208} INFO - Processing /home/airflow/.local/lib/python3.12/site-packages/airflow/example_dags/tutorial_dag.py took 0.132 seconds
[2024-11-06T00:01:08.485+0000] {processor.py:186} INFO - Started process (PID=2582) to work on /home/airflow/.local/lib/python3.12/site-packages/airflow/example_dags/tutorial_dag.py
[2024-11-06T00:01:08.487+0000] {processor.py:914} INFO - Processing file /home/airflow/.local/lib/python3.12/site-packages/airflow/example_dags/tutorial_dag.py for tasks to queue
[2024-11-06T00:01:08.491+0000] {logging_mixin.py:190} INFO - [2024-11-06T00:01:08.490+0000] {dagbag.py:588} INFO - Filling up the DagBag from /home/airflow/.local/lib/python3.12/site-packages/airflow/example_dags/tutorial_dag.py
[2024-11-06T00:01:08.504+0000] {processor.py:925} INFO - DAG(s) 'tutorial_dag' retrieved from /home/airflow/.local/lib/python3.12/site-packages/airflow/example_dags/tutorial_dag.py
[2024-11-06T00:01:08.537+0000] {logging_mixin.py:190} INFO - [2024-11-06T00:01:08.537+0000] {dag.py:3239} INFO - Sync 1 DAGs
[2024-11-06T00:01:08.565+0000] {logging_mixin.py:190} INFO - [2024-11-06T00:01:08.564+0000] {dag.py:4180} INFO - Setting next_dagrun for tutorial_dag to None, run_after=None
[2024-11-06T00:01:08.615+0000] {processor.py:208} INFO - Processing /home/airflow/.local/lib/python3.12/site-packages/airflow/example_dags/tutorial_dag.py took 0.149 seconds
[2024-11-06T00:01:39.717+0000] {processor.py:186} INFO - Started process (PID=2646) to work on /home/airflow/.local/lib/python3.12/site-packages/airflow/example_dags/tutorial_dag.py
[2024-11-06T00:01:39.721+0000] {processor.py:914} INFO - Processing file /home/airflow/.local/lib/python3.12/site-packages/airflow/example_dags/tutorial_dag.py for tasks to queue
[2024-11-06T00:01:39.726+0000] {logging_mixin.py:190} INFO - [2024-11-06T00:01:39.725+0000] {dagbag.py:588} INFO - Filling up the DagBag from /home/airflow/.local/lib/python3.12/site-packages/airflow/example_dags/tutorial_dag.py
[2024-11-06T00:01:39.746+0000] {processor.py:925} INFO - DAG(s) 'tutorial_dag' retrieved from /home/airflow/.local/lib/python3.12/site-packages/airflow/example_dags/tutorial_dag.py
[2024-11-06T00:01:39.781+0000] {logging_mixin.py:190} INFO - [2024-11-06T00:01:39.780+0000] {dag.py:3239} INFO - Sync 1 DAGs
[2024-11-06T00:01:39.811+0000] {logging_mixin.py:190} INFO - [2024-11-06T00:01:39.810+0000] {dag.py:4180} INFO - Setting next_dagrun for tutorial_dag to None, run_after=None
[2024-11-06T00:01:39.848+0000] {processor.py:208} INFO - Processing /home/airflow/.local/lib/python3.12/site-packages/airflow/example_dags/tutorial_dag.py took 0.145 seconds
[2024-11-06T00:02:11.038+0000] {processor.py:186} INFO - Started process (PID=2711) to work on /home/airflow/.local/lib/python3.12/site-packages/airflow/example_dags/tutorial_dag.py
[2024-11-06T00:02:11.041+0000] {processor.py:914} INFO - Processing file /home/airflow/.local/lib/python3.12/site-packages/airflow/example_dags/tutorial_dag.py for tasks to queue
[2024-11-06T00:02:11.051+0000] {logging_mixin.py:190} INFO - [2024-11-06T00:02:11.049+0000] {dagbag.py:588} INFO - Filling up the DagBag from /home/airflow/.local/lib/python3.12/site-packages/airflow/example_dags/tutorial_dag.py
[2024-11-06T00:02:11.078+0000] {processor.py:925} INFO - DAG(s) 'tutorial_dag' retrieved from /home/airflow/.local/lib/python3.12/site-packages/airflow/example_dags/tutorial_dag.py
[2024-11-06T00:02:11.126+0000] {logging_mixin.py:190} INFO - [2024-11-06T00:02:11.126+0000] {dag.py:3239} INFO - Sync 1 DAGs
[2024-11-06T00:02:11.169+0000] {logging_mixin.py:190} INFO - [2024-11-06T00:02:11.168+0000] {dag.py:4180} INFO - Setting next_dagrun for tutorial_dag to None, run_after=None
[2024-11-06T00:02:11.217+0000] {processor.py:208} INFO - Processing /home/airflow/.local/lib/python3.12/site-packages/airflow/example_dags/tutorial_dag.py took 0.197 seconds
[2024-11-06T00:02:43.125+0000] {processor.py:186} INFO - Started process (PID=2775) to work on /home/airflow/.local/lib/python3.12/site-packages/airflow/example_dags/tutorial_dag.py
[2024-11-06T00:02:43.128+0000] {processor.py:914} INFO - Processing file /home/airflow/.local/lib/python3.12/site-packages/airflow/example_dags/tutorial_dag.py for tasks to queue
[2024-11-06T00:02:43.132+0000] {logging_mixin.py:190} INFO - [2024-11-06T00:02:43.132+0000] {dagbag.py:588} INFO - Filling up the DagBag from /home/airflow/.local/lib/python3.12/site-packages/airflow/example_dags/tutorial_dag.py
[2024-11-06T00:02:43.144+0000] {processor.py:925} INFO - DAG(s) 'tutorial_dag' retrieved from /home/airflow/.local/lib/python3.12/site-packages/airflow/example_dags/tutorial_dag.py
[2024-11-06T00:02:43.176+0000] {logging_mixin.py:190} INFO - [2024-11-06T00:02:43.176+0000] {dag.py:3239} INFO - Sync 1 DAGs
[2024-11-06T00:02:43.202+0000] {logging_mixin.py:190} INFO - [2024-11-06T00:02:43.202+0000] {dag.py:4180} INFO - Setting next_dagrun for tutorial_dag to None, run_after=None
[2024-11-06T00:02:43.237+0000] {processor.py:208} INFO - Processing /home/airflow/.local/lib/python3.12/site-packages/airflow/example_dags/tutorial_dag.py took 0.122 seconds
[2024-11-06T00:03:14.540+0000] {processor.py:186} INFO - Started process (PID=2839) to work on /home/airflow/.local/lib/python3.12/site-packages/airflow/example_dags/tutorial_dag.py
[2024-11-06T00:03:14.542+0000] {processor.py:914} INFO - Processing file /home/airflow/.local/lib/python3.12/site-packages/airflow/example_dags/tutorial_dag.py for tasks to queue
[2024-11-06T00:03:14.548+0000] {logging_mixin.py:190} INFO - [2024-11-06T00:03:14.547+0000] {dagbag.py:588} INFO - Filling up the DagBag from /home/airflow/.local/lib/python3.12/site-packages/airflow/example_dags/tutorial_dag.py
[2024-11-06T00:03:14.566+0000] {processor.py:925} INFO - DAG(s) 'tutorial_dag' retrieved from /home/airflow/.local/lib/python3.12/site-packages/airflow/example_dags/tutorial_dag.py
[2024-11-06T00:03:14.603+0000] {logging_mixin.py:190} INFO - [2024-11-06T00:03:14.603+0000] {dag.py:3239} INFO - Sync 1 DAGs
[2024-11-06T00:03:14.627+0000] {logging_mixin.py:190} INFO - [2024-11-06T00:03:14.627+0000] {dag.py:4180} INFO - Setting next_dagrun for tutorial_dag to None, run_after=None
[2024-11-06T00:03:14.666+0000] {processor.py:208} INFO - Processing /home/airflow/.local/lib/python3.12/site-packages/airflow/example_dags/tutorial_dag.py took 0.137 seconds
[2024-11-06T00:03:45.857+0000] {processor.py:186} INFO - Started process (PID=2903) to work on /home/airflow/.local/lib/python3.12/site-packages/airflow/example_dags/tutorial_dag.py
[2024-11-06T00:03:45.859+0000] {processor.py:914} INFO - Processing file /home/airflow/.local/lib/python3.12/site-packages/airflow/example_dags/tutorial_dag.py for tasks to queue
[2024-11-06T00:03:45.866+0000] {logging_mixin.py:190} INFO - [2024-11-06T00:03:45.865+0000] {dagbag.py:588} INFO - Filling up the DagBag from /home/airflow/.local/lib/python3.12/site-packages/airflow/example_dags/tutorial_dag.py
[2024-11-06T00:03:45.881+0000] {processor.py:925} INFO - DAG(s) 'tutorial_dag' retrieved from /home/airflow/.local/lib/python3.12/site-packages/airflow/example_dags/tutorial_dag.py
[2024-11-06T00:03:45.911+0000] {logging_mixin.py:190} INFO - [2024-11-06T00:03:45.911+0000] {dag.py:3239} INFO - Sync 1 DAGs
[2024-11-06T00:03:45.935+0000] {logging_mixin.py:190} INFO - [2024-11-06T00:03:45.935+0000] {dag.py:4180} INFO - Setting next_dagrun for tutorial_dag to None, run_after=None
[2024-11-06T00:03:45.974+0000] {processor.py:208} INFO - Processing /home/airflow/.local/lib/python3.12/site-packages/airflow/example_dags/tutorial_dag.py took 0.134 seconds
[2024-11-06T00:04:17.960+0000] {processor.py:186} INFO - Started process (PID=2970) to work on /home/airflow/.local/lib/python3.12/site-packages/airflow/example_dags/tutorial_dag.py
[2024-11-06T00:04:17.962+0000] {processor.py:914} INFO - Processing file /home/airflow/.local/lib/python3.12/site-packages/airflow/example_dags/tutorial_dag.py for tasks to queue
[2024-11-06T00:04:17.967+0000] {logging_mixin.py:190} INFO - [2024-11-06T00:04:17.966+0000] {dagbag.py:588} INFO - Filling up the DagBag from /home/airflow/.local/lib/python3.12/site-packages/airflow/example_dags/tutorial_dag.py
[2024-11-06T00:04:17.987+0000] {processor.py:925} INFO - DAG(s) 'tutorial_dag' retrieved from /home/airflow/.local/lib/python3.12/site-packages/airflow/example_dags/tutorial_dag.py
[2024-11-06T00:04:18.036+0000] {logging_mixin.py:190} INFO - [2024-11-06T00:04:18.035+0000] {dag.py:3239} INFO - Sync 1 DAGs
[2024-11-06T00:04:18.059+0000] {logging_mixin.py:190} INFO - [2024-11-06T00:04:18.059+0000] {dag.py:4180} INFO - Setting next_dagrun for tutorial_dag to None, run_after=None
[2024-11-06T00:04:18.100+0000] {processor.py:208} INFO - Processing /home/airflow/.local/lib/python3.12/site-packages/airflow/example_dags/tutorial_dag.py took 0.151 seconds
[2024-11-06T00:04:49.864+0000] {processor.py:186} INFO - Started process (PID=3042) to work on /home/airflow/.local/lib/python3.12/site-packages/airflow/example_dags/tutorial_dag.py
[2024-11-06T00:04:49.866+0000] {processor.py:914} INFO - Processing file /home/airflow/.local/lib/python3.12/site-packages/airflow/example_dags/tutorial_dag.py for tasks to queue
[2024-11-06T00:04:49.870+0000] {logging_mixin.py:190} INFO - [2024-11-06T00:04:49.869+0000] {dagbag.py:588} INFO - Filling up the DagBag from /home/airflow/.local/lib/python3.12/site-packages/airflow/example_dags/tutorial_dag.py
[2024-11-06T00:04:49.883+0000] {processor.py:925} INFO - DAG(s) 'tutorial_dag' retrieved from /home/airflow/.local/lib/python3.12/site-packages/airflow/example_dags/tutorial_dag.py
[2024-11-06T00:04:49.923+0000] {logging_mixin.py:190} INFO - [2024-11-06T00:04:49.922+0000] {dag.py:3239} INFO - Sync 1 DAGs
[2024-11-06T00:04:49.993+0000] {logging_mixin.py:190} INFO - [2024-11-06T00:04:49.992+0000] {dag.py:4180} INFO - Setting next_dagrun for tutorial_dag to None, run_after=None
[2024-11-06T00:04:50.044+0000] {processor.py:208} INFO - Processing /home/airflow/.local/lib/python3.12/site-packages/airflow/example_dags/tutorial_dag.py took 0.193 seconds
[2024-11-06T00:05:21.410+0000] {processor.py:186} INFO - Started process (PID=3107) to work on /home/airflow/.local/lib/python3.12/site-packages/airflow/example_dags/tutorial_dag.py
[2024-11-06T00:05:21.416+0000] {processor.py:914} INFO - Processing file /home/airflow/.local/lib/python3.12/site-packages/airflow/example_dags/tutorial_dag.py for tasks to queue
[2024-11-06T00:05:21.421+0000] {logging_mixin.py:190} INFO - [2024-11-06T00:05:21.421+0000] {dagbag.py:588} INFO - Filling up the DagBag from /home/airflow/.local/lib/python3.12/site-packages/airflow/example_dags/tutorial_dag.py
[2024-11-06T00:05:21.435+0000] {processor.py:925} INFO - DAG(s) 'tutorial_dag' retrieved from /home/airflow/.local/lib/python3.12/site-packages/airflow/example_dags/tutorial_dag.py
[2024-11-06T00:05:21.468+0000] {logging_mixin.py:190} INFO - [2024-11-06T00:05:21.467+0000] {dag.py:3239} INFO - Sync 1 DAGs
[2024-11-06T00:05:21.496+0000] {logging_mixin.py:190} INFO - [2024-11-06T00:05:21.495+0000] {dag.py:4180} INFO - Setting next_dagrun for tutorial_dag to None, run_after=None
[2024-11-06T00:05:21.530+0000] {processor.py:208} INFO - Processing /home/airflow/.local/lib/python3.12/site-packages/airflow/example_dags/tutorial_dag.py took 0.133 seconds
[2024-11-06T00:05:53.160+0000] {processor.py:186} INFO - Started process (PID=3171) to work on /home/airflow/.local/lib/python3.12/site-packages/airflow/example_dags/tutorial_dag.py
[2024-11-06T00:05:53.162+0000] {processor.py:914} INFO - Processing file /home/airflow/.local/lib/python3.12/site-packages/airflow/example_dags/tutorial_dag.py for tasks to queue
[2024-11-06T00:05:53.167+0000] {logging_mixin.py:190} INFO - [2024-11-06T00:05:53.166+0000] {dagbag.py:588} INFO - Filling up the DagBag from /home/airflow/.local/lib/python3.12/site-packages/airflow/example_dags/tutorial_dag.py
[2024-11-06T00:05:53.182+0000] {processor.py:925} INFO - DAG(s) 'tutorial_dag' retrieved from /home/airflow/.local/lib/python3.12/site-packages/airflow/example_dags/tutorial_dag.py
[2024-11-06T00:05:53.254+0000] {logging_mixin.py:190} INFO - [2024-11-06T00:05:53.253+0000] {dag.py:3239} INFO - Sync 1 DAGs
[2024-11-06T00:05:53.286+0000] {logging_mixin.py:190} INFO - [2024-11-06T00:05:53.286+0000] {dag.py:4180} INFO - Setting next_dagrun for tutorial_dag to None, run_after=None
[2024-11-06T00:05:53.323+0000] {processor.py:208} INFO - Processing /home/airflow/.local/lib/python3.12/site-packages/airflow/example_dags/tutorial_dag.py took 0.173 seconds
[2024-11-06T00:06:24.239+0000] {processor.py:186} INFO - Started process (PID=3236) to work on /home/airflow/.local/lib/python3.12/site-packages/airflow/example_dags/tutorial_dag.py
[2024-11-06T00:06:24.241+0000] {processor.py:914} INFO - Processing file /home/airflow/.local/lib/python3.12/site-packages/airflow/example_dags/tutorial_dag.py for tasks to queue
[2024-11-06T00:06:24.246+0000] {logging_mixin.py:190} INFO - [2024-11-06T00:06:24.244+0000] {dagbag.py:588} INFO - Filling up the DagBag from /home/airflow/.local/lib/python3.12/site-packages/airflow/example_dags/tutorial_dag.py
[2024-11-06T00:06:24.259+0000] {processor.py:925} INFO - DAG(s) 'tutorial_dag' retrieved from /home/airflow/.local/lib/python3.12/site-packages/airflow/example_dags/tutorial_dag.py
[2024-11-06T00:06:24.290+0000] {logging_mixin.py:190} INFO - [2024-11-06T00:06:24.290+0000] {dag.py:3239} INFO - Sync 1 DAGs
[2024-11-06T00:06:24.317+0000] {logging_mixin.py:190} INFO - [2024-11-06T00:06:24.316+0000] {dag.py:4180} INFO - Setting next_dagrun for tutorial_dag to None, run_after=None
[2024-11-06T00:06:24.353+0000] {processor.py:208} INFO - Processing /home/airflow/.local/lib/python3.12/site-packages/airflow/example_dags/tutorial_dag.py took 0.122 seconds
[2024-11-06T00:06:55.022+0000] {processor.py:186} INFO - Started process (PID=3300) to work on /home/airflow/.local/lib/python3.12/site-packages/airflow/example_dags/tutorial_dag.py
[2024-11-06T00:06:55.024+0000] {processor.py:914} INFO - Processing file /home/airflow/.local/lib/python3.12/site-packages/airflow/example_dags/tutorial_dag.py for tasks to queue
[2024-11-06T00:06:55.028+0000] {logging_mixin.py:190} INFO - [2024-11-06T00:06:55.028+0000] {dagbag.py:588} INFO - Filling up the DagBag from /home/airflow/.local/lib/python3.12/site-packages/airflow/example_dags/tutorial_dag.py
[2024-11-06T00:06:55.041+0000] {processor.py:925} INFO - DAG(s) 'tutorial_dag' retrieved from /home/airflow/.local/lib/python3.12/site-packages/airflow/example_dags/tutorial_dag.py
[2024-11-06T00:06:55.071+0000] {logging_mixin.py:190} INFO - [2024-11-06T00:06:55.070+0000] {dag.py:3239} INFO - Sync 1 DAGs
[2024-11-06T00:06:55.105+0000] {logging_mixin.py:190} INFO - [2024-11-06T00:06:55.104+0000] {dag.py:4180} INFO - Setting next_dagrun for tutorial_dag to None, run_after=None
[2024-11-06T00:06:55.143+0000] {processor.py:208} INFO - Processing /home/airflow/.local/lib/python3.12/site-packages/airflow/example_dags/tutorial_dag.py took 0.130 seconds
[2024-11-06T00:07:25.560+0000] {processor.py:186} INFO - Started process (PID=3364) to work on /home/airflow/.local/lib/python3.12/site-packages/airflow/example_dags/tutorial_dag.py
[2024-11-06T00:07:25.563+0000] {processor.py:914} INFO - Processing file /home/airflow/.local/lib/python3.12/site-packages/airflow/example_dags/tutorial_dag.py for tasks to queue
[2024-11-06T00:07:25.567+0000] {logging_mixin.py:190} INFO - [2024-11-06T00:07:25.566+0000] {dagbag.py:588} INFO - Filling up the DagBag from /home/airflow/.local/lib/python3.12/site-packages/airflow/example_dags/tutorial_dag.py
[2024-11-06T00:07:25.579+0000] {processor.py:925} INFO - DAG(s) 'tutorial_dag' retrieved from /home/airflow/.local/lib/python3.12/site-packages/airflow/example_dags/tutorial_dag.py
[2024-11-06T00:07:25.611+0000] {logging_mixin.py:190} INFO - [2024-11-06T00:07:25.611+0000] {dag.py:3239} INFO - Sync 1 DAGs
[2024-11-06T00:07:25.637+0000] {logging_mixin.py:190} INFO - [2024-11-06T00:07:25.637+0000] {dag.py:4180} INFO - Setting next_dagrun for tutorial_dag to None, run_after=None
[2024-11-06T00:07:25.673+0000] {processor.py:208} INFO - Processing /home/airflow/.local/lib/python3.12/site-packages/airflow/example_dags/tutorial_dag.py took 0.123 seconds
[2024-11-06T00:07:55.913+0000] {processor.py:186} INFO - Started process (PID=3427) to work on /home/airflow/.local/lib/python3.12/site-packages/airflow/example_dags/tutorial_dag.py
[2024-11-06T00:07:55.915+0000] {processor.py:914} INFO - Processing file /home/airflow/.local/lib/python3.12/site-packages/airflow/example_dags/tutorial_dag.py for tasks to queue
[2024-11-06T00:07:55.922+0000] {logging_mixin.py:190} INFO - [2024-11-06T00:07:55.918+0000] {dagbag.py:588} INFO - Filling up the DagBag from /home/airflow/.local/lib/python3.12/site-packages/airflow/example_dags/tutorial_dag.py
[2024-11-06T00:07:55.934+0000] {processor.py:925} INFO - DAG(s) 'tutorial_dag' retrieved from /home/airflow/.local/lib/python3.12/site-packages/airflow/example_dags/tutorial_dag.py
[2024-11-06T00:07:55.968+0000] {logging_mixin.py:190} INFO - [2024-11-06T00:07:55.967+0000] {dag.py:3239} INFO - Sync 1 DAGs
[2024-11-06T00:07:55.990+0000] {logging_mixin.py:190} INFO - [2024-11-06T00:07:55.990+0000] {dag.py:4180} INFO - Setting next_dagrun for tutorial_dag to None, run_after=None
[2024-11-06T00:07:56.028+0000] {processor.py:208} INFO - Processing /home/airflow/.local/lib/python3.12/site-packages/airflow/example_dags/tutorial_dag.py took 0.126 seconds
[2024-11-06T00:08:26.282+0000] {processor.py:186} INFO - Started process (PID=3490) to work on /home/airflow/.local/lib/python3.12/site-packages/airflow/example_dags/tutorial_dag.py
[2024-11-06T00:08:26.284+0000] {processor.py:914} INFO - Processing file /home/airflow/.local/lib/python3.12/site-packages/airflow/example_dags/tutorial_dag.py for tasks to queue
[2024-11-06T00:08:26.288+0000] {logging_mixin.py:190} INFO - [2024-11-06T00:08:26.288+0000] {dagbag.py:588} INFO - Filling up the DagBag from /home/airflow/.local/lib/python3.12/site-packages/airflow/example_dags/tutorial_dag.py
[2024-11-06T00:08:26.307+0000] {processor.py:925} INFO - DAG(s) 'tutorial_dag' retrieved from /home/airflow/.local/lib/python3.12/site-packages/airflow/example_dags/tutorial_dag.py
[2024-11-06T00:08:26.345+0000] {logging_mixin.py:190} INFO - [2024-11-06T00:08:26.344+0000] {dag.py:3239} INFO - Sync 1 DAGs
[2024-11-06T00:08:26.369+0000] {logging_mixin.py:190} INFO - [2024-11-06T00:08:26.368+0000] {dag.py:4180} INFO - Setting next_dagrun for tutorial_dag to None, run_after=None
[2024-11-06T00:08:26.405+0000] {processor.py:208} INFO - Processing /home/airflow/.local/lib/python3.12/site-packages/airflow/example_dags/tutorial_dag.py took 0.139 seconds
[2024-11-06T00:08:56.704+0000] {processor.py:186} INFO - Started process (PID=3554) to work on /home/airflow/.local/lib/python3.12/site-packages/airflow/example_dags/tutorial_dag.py
[2024-11-06T00:08:56.707+0000] {processor.py:914} INFO - Processing file /home/airflow/.local/lib/python3.12/site-packages/airflow/example_dags/tutorial_dag.py for tasks to queue
[2024-11-06T00:08:56.716+0000] {logging_mixin.py:190} INFO - [2024-11-06T00:08:56.715+0000] {dagbag.py:588} INFO - Filling up the DagBag from /home/airflow/.local/lib/python3.12/site-packages/airflow/example_dags/tutorial_dag.py
[2024-11-06T00:08:56.742+0000] {processor.py:925} INFO - DAG(s) 'tutorial_dag' retrieved from /home/airflow/.local/lib/python3.12/site-packages/airflow/example_dags/tutorial_dag.py
[2024-11-06T00:08:56.786+0000] {logging_mixin.py:190} INFO - [2024-11-06T00:08:56.786+0000] {dag.py:3239} INFO - Sync 1 DAGs
[2024-11-06T00:08:56.813+0000] {logging_mixin.py:190} INFO - [2024-11-06T00:08:56.812+0000] {dag.py:4180} INFO - Setting next_dagrun for tutorial_dag to None, run_after=None
[2024-11-06T00:08:56.849+0000] {processor.py:208} INFO - Processing /home/airflow/.local/lib/python3.12/site-packages/airflow/example_dags/tutorial_dag.py took 0.180 seconds
[2024-11-06T00:09:28.207+0000] {processor.py:186} INFO - Started process (PID=3618) to work on /home/airflow/.local/lib/python3.12/site-packages/airflow/example_dags/tutorial_dag.py
[2024-11-06T00:09:28.209+0000] {processor.py:914} INFO - Processing file /home/airflow/.local/lib/python3.12/site-packages/airflow/example_dags/tutorial_dag.py for tasks to queue
[2024-11-06T00:09:28.213+0000] {logging_mixin.py:190} INFO - [2024-11-06T00:09:28.212+0000] {dagbag.py:588} INFO - Filling up the DagBag from /home/airflow/.local/lib/python3.12/site-packages/airflow/example_dags/tutorial_dag.py
[2024-11-06T00:09:28.226+0000] {processor.py:925} INFO - DAG(s) 'tutorial_dag' retrieved from /home/airflow/.local/lib/python3.12/site-packages/airflow/example_dags/tutorial_dag.py
[2024-11-06T00:09:28.260+0000] {logging_mixin.py:190} INFO - [2024-11-06T00:09:28.260+0000] {dag.py:3239} INFO - Sync 1 DAGs
[2024-11-06T00:09:28.287+0000] {logging_mixin.py:190} INFO - [2024-11-06T00:09:28.286+0000] {dag.py:4180} INFO - Setting next_dagrun for tutorial_dag to None, run_after=None
[2024-11-06T00:09:28.336+0000] {processor.py:208} INFO - Processing /home/airflow/.local/lib/python3.12/site-packages/airflow/example_dags/tutorial_dag.py took 0.139 seconds
[2024-11-06T00:09:59.856+0000] {processor.py:186} INFO - Started process (PID=3682) to work on /home/airflow/.local/lib/python3.12/site-packages/airflow/example_dags/tutorial_dag.py
[2024-11-06T00:09:59.858+0000] {processor.py:914} INFO - Processing file /home/airflow/.local/lib/python3.12/site-packages/airflow/example_dags/tutorial_dag.py for tasks to queue
[2024-11-06T00:09:59.867+0000] {logging_mixin.py:190} INFO - [2024-11-06T00:09:59.866+0000] {dagbag.py:588} INFO - Filling up the DagBag from /home/airflow/.local/lib/python3.12/site-packages/airflow/example_dags/tutorial_dag.py
[2024-11-06T00:09:59.880+0000] {processor.py:925} INFO - DAG(s) 'tutorial_dag' retrieved from /home/airflow/.local/lib/python3.12/site-packages/airflow/example_dags/tutorial_dag.py
[2024-11-06T00:09:59.914+0000] {logging_mixin.py:190} INFO - [2024-11-06T00:09:59.914+0000] {dag.py:3239} INFO - Sync 1 DAGs
[2024-11-06T00:10:00.224+0000] {logging_mixin.py:190} INFO - [2024-11-06T00:10:00.223+0000] {dag.py:4180} INFO - Setting next_dagrun for tutorial_dag to None, run_after=None
[2024-11-06T00:10:00.254+0000] {processor.py:208} INFO - Processing /home/airflow/.local/lib/python3.12/site-packages/airflow/example_dags/tutorial_dag.py took 0.409 seconds
[2024-11-06T00:10:30.493+0000] {processor.py:186} INFO - Started process (PID=3747) to work on /home/airflow/.local/lib/python3.12/site-packages/airflow/example_dags/tutorial_dag.py
[2024-11-06T00:10:30.495+0000] {processor.py:914} INFO - Processing file /home/airflow/.local/lib/python3.12/site-packages/airflow/example_dags/tutorial_dag.py for tasks to queue
[2024-11-06T00:10:30.500+0000] {logging_mixin.py:190} INFO - [2024-11-06T00:10:30.500+0000] {dagbag.py:588} INFO - Filling up the DagBag from /home/airflow/.local/lib/python3.12/site-packages/airflow/example_dags/tutorial_dag.py
[2024-11-06T00:10:30.512+0000] {processor.py:925} INFO - DAG(s) 'tutorial_dag' retrieved from /home/airflow/.local/lib/python3.12/site-packages/airflow/example_dags/tutorial_dag.py
[2024-11-06T00:10:30.550+0000] {logging_mixin.py:190} INFO - [2024-11-06T00:10:30.550+0000] {dag.py:3239} INFO - Sync 1 DAGs
[2024-11-06T00:10:30.576+0000] {logging_mixin.py:190} INFO - [2024-11-06T00:10:30.576+0000] {dag.py:4180} INFO - Setting next_dagrun for tutorial_dag to None, run_after=None
[2024-11-06T00:10:30.609+0000] {processor.py:208} INFO - Processing /home/airflow/.local/lib/python3.12/site-packages/airflow/example_dags/tutorial_dag.py took 0.126 seconds
[2024-11-06T00:11:00.867+0000] {processor.py:186} INFO - Started process (PID=3810) to work on /home/airflow/.local/lib/python3.12/site-packages/airflow/example_dags/tutorial_dag.py
[2024-11-06T00:11:00.869+0000] {processor.py:914} INFO - Processing file /home/airflow/.local/lib/python3.12/site-packages/airflow/example_dags/tutorial_dag.py for tasks to queue
[2024-11-06T00:11:00.874+0000] {logging_mixin.py:190} INFO - [2024-11-06T00:11:00.873+0000] {dagbag.py:588} INFO - Filling up the DagBag from /home/airflow/.local/lib/python3.12/site-packages/airflow/example_dags/tutorial_dag.py
[2024-11-06T00:11:00.890+0000] {processor.py:925} INFO - DAG(s) 'tutorial_dag' retrieved from /home/airflow/.local/lib/python3.12/site-packages/airflow/example_dags/tutorial_dag.py
[2024-11-06T00:11:00.925+0000] {logging_mixin.py:190} INFO - [2024-11-06T00:11:00.924+0000] {dag.py:3239} INFO - Sync 1 DAGs
[2024-11-06T00:11:00.953+0000] {logging_mixin.py:190} INFO - [2024-11-06T00:11:00.952+0000] {dag.py:4180} INFO - Setting next_dagrun for tutorial_dag to None, run_after=None
[2024-11-06T00:11:00.984+0000] {processor.py:208} INFO - Processing /home/airflow/.local/lib/python3.12/site-packages/airflow/example_dags/tutorial_dag.py took 0.136 seconds
[2024-11-06T00:11:31.469+0000] {processor.py:186} INFO - Started process (PID=3874) to work on /home/airflow/.local/lib/python3.12/site-packages/airflow/example_dags/tutorial_dag.py
[2024-11-06T00:11:31.471+0000] {processor.py:914} INFO - Processing file /home/airflow/.local/lib/python3.12/site-packages/airflow/example_dags/tutorial_dag.py for tasks to queue
[2024-11-06T00:11:31.476+0000] {logging_mixin.py:190} INFO - [2024-11-06T00:11:31.475+0000] {dagbag.py:588} INFO - Filling up the DagBag from /home/airflow/.local/lib/python3.12/site-packages/airflow/example_dags/tutorial_dag.py
[2024-11-06T00:11:31.487+0000] {processor.py:925} INFO - DAG(s) 'tutorial_dag' retrieved from /home/airflow/.local/lib/python3.12/site-packages/airflow/example_dags/tutorial_dag.py
[2024-11-06T00:11:31.527+0000] {logging_mixin.py:190} INFO - [2024-11-06T00:11:31.526+0000] {dag.py:3239} INFO - Sync 1 DAGs
[2024-11-06T00:11:31.548+0000] {logging_mixin.py:190} INFO - [2024-11-06T00:11:31.548+0000] {dag.py:4180} INFO - Setting next_dagrun for tutorial_dag to None, run_after=None
[2024-11-06T00:11:31.586+0000] {processor.py:208} INFO - Processing /home/airflow/.local/lib/python3.12/site-packages/airflow/example_dags/tutorial_dag.py took 0.125 seconds
[2024-11-06T00:12:02.827+0000] {processor.py:186} INFO - Started process (PID=3939) to work on /home/airflow/.local/lib/python3.12/site-packages/airflow/example_dags/tutorial_dag.py
[2024-11-06T00:12:02.829+0000] {processor.py:914} INFO - Processing file /home/airflow/.local/lib/python3.12/site-packages/airflow/example_dags/tutorial_dag.py for tasks to queue
[2024-11-06T00:12:02.833+0000] {logging_mixin.py:190} INFO - [2024-11-06T00:12:02.832+0000] {dagbag.py:588} INFO - Filling up the DagBag from /home/airflow/.local/lib/python3.12/site-packages/airflow/example_dags/tutorial_dag.py
[2024-11-06T00:12:02.847+0000] {processor.py:925} INFO - DAG(s) 'tutorial_dag' retrieved from /home/airflow/.local/lib/python3.12/site-packages/airflow/example_dags/tutorial_dag.py
[2024-11-06T00:12:02.899+0000] {logging_mixin.py:190} INFO - [2024-11-06T00:12:02.898+0000] {dag.py:3239} INFO - Sync 1 DAGs
[2024-11-06T00:12:02.941+0000] {logging_mixin.py:190} INFO - [2024-11-06T00:12:02.941+0000] {dag.py:4180} INFO - Setting next_dagrun for tutorial_dag to None, run_after=None
[2024-11-06T00:12:03.112+0000] {processor.py:208} INFO - Processing /home/airflow/.local/lib/python3.12/site-packages/airflow/example_dags/tutorial_dag.py took 0.294 seconds
[2024-11-06T00:12:34.016+0000] {processor.py:186} INFO - Started process (PID=4004) to work on /home/airflow/.local/lib/python3.12/site-packages/airflow/example_dags/tutorial_dag.py
[2024-11-06T00:12:34.018+0000] {processor.py:914} INFO - Processing file /home/airflow/.local/lib/python3.12/site-packages/airflow/example_dags/tutorial_dag.py for tasks to queue
[2024-11-06T00:12:34.022+0000] {logging_mixin.py:190} INFO - [2024-11-06T00:12:34.021+0000] {dagbag.py:588} INFO - Filling up the DagBag from /home/airflow/.local/lib/python3.12/site-packages/airflow/example_dags/tutorial_dag.py
[2024-11-06T00:12:34.034+0000] {processor.py:925} INFO - DAG(s) 'tutorial_dag' retrieved from /home/airflow/.local/lib/python3.12/site-packages/airflow/example_dags/tutorial_dag.py
[2024-11-06T00:12:34.067+0000] {logging_mixin.py:190} INFO - [2024-11-06T00:12:34.067+0000] {dag.py:3239} INFO - Sync 1 DAGs
[2024-11-06T00:12:34.095+0000] {logging_mixin.py:190} INFO - [2024-11-06T00:12:34.095+0000] {dag.py:4180} INFO - Setting next_dagrun for tutorial_dag to None, run_after=None
[2024-11-06T00:12:34.132+0000] {processor.py:208} INFO - Processing /home/airflow/.local/lib/python3.12/site-packages/airflow/example_dags/tutorial_dag.py took 0.127 seconds
[2024-11-06T00:13:04.283+0000] {processor.py:186} INFO - Started process (PID=4069) to work on /home/airflow/.local/lib/python3.12/site-packages/airflow/example_dags/tutorial_dag.py
[2024-11-06T00:13:04.285+0000] {processor.py:914} INFO - Processing file /home/airflow/.local/lib/python3.12/site-packages/airflow/example_dags/tutorial_dag.py for tasks to queue
[2024-11-06T00:13:04.290+0000] {logging_mixin.py:190} INFO - [2024-11-06T00:13:04.289+0000] {dagbag.py:588} INFO - Filling up the DagBag from /home/airflow/.local/lib/python3.12/site-packages/airflow/example_dags/tutorial_dag.py
[2024-11-06T00:13:04.301+0000] {processor.py:925} INFO - DAG(s) 'tutorial_dag' retrieved from /home/airflow/.local/lib/python3.12/site-packages/airflow/example_dags/tutorial_dag.py
[2024-11-06T00:13:04.340+0000] {logging_mixin.py:190} INFO - [2024-11-06T00:13:04.339+0000] {dag.py:3239} INFO - Sync 1 DAGs
[2024-11-06T00:13:04.376+0000] {logging_mixin.py:190} INFO - [2024-11-06T00:13:04.375+0000] {dag.py:4180} INFO - Setting next_dagrun for tutorial_dag to None, run_after=None
[2024-11-06T00:13:04.423+0000] {processor.py:208} INFO - Processing /home/airflow/.local/lib/python3.12/site-packages/airflow/example_dags/tutorial_dag.py took 0.149 seconds
[2024-11-06T00:13:35.794+0000] {processor.py:186} INFO - Started process (PID=4133) to work on /home/airflow/.local/lib/python3.12/site-packages/airflow/example_dags/tutorial_dag.py
[2024-11-06T00:13:35.796+0000] {processor.py:914} INFO - Processing file /home/airflow/.local/lib/python3.12/site-packages/airflow/example_dags/tutorial_dag.py for tasks to queue
[2024-11-06T00:13:35.802+0000] {logging_mixin.py:190} INFO - [2024-11-06T00:13:35.800+0000] {dagbag.py:588} INFO - Filling up the DagBag from /home/airflow/.local/lib/python3.12/site-packages/airflow/example_dags/tutorial_dag.py
[2024-11-06T00:13:35.816+0000] {processor.py:925} INFO - DAG(s) 'tutorial_dag' retrieved from /home/airflow/.local/lib/python3.12/site-packages/airflow/example_dags/tutorial_dag.py
[2024-11-06T00:13:35.850+0000] {logging_mixin.py:190} INFO - [2024-11-06T00:13:35.850+0000] {dag.py:3239} INFO - Sync 1 DAGs
[2024-11-06T00:13:35.875+0000] {logging_mixin.py:190} INFO - [2024-11-06T00:13:35.875+0000] {dag.py:4180} INFO - Setting next_dagrun for tutorial_dag to None, run_after=None
[2024-11-06T00:13:35.913+0000] {processor.py:208} INFO - Processing /home/airflow/.local/lib/python3.12/site-packages/airflow/example_dags/tutorial_dag.py took 0.130 seconds
[2024-11-06T00:14:06.877+0000] {processor.py:186} INFO - Started process (PID=4197) to work on /home/airflow/.local/lib/python3.12/site-packages/airflow/example_dags/tutorial_dag.py
[2024-11-06T00:14:06.879+0000] {processor.py:914} INFO - Processing file /home/airflow/.local/lib/python3.12/site-packages/airflow/example_dags/tutorial_dag.py for tasks to queue
[2024-11-06T00:14:06.883+0000] {logging_mixin.py:190} INFO - [2024-11-06T00:14:06.882+0000] {dagbag.py:588} INFO - Filling up the DagBag from /home/airflow/.local/lib/python3.12/site-packages/airflow/example_dags/tutorial_dag.py
[2024-11-06T00:14:06.897+0000] {processor.py:925} INFO - DAG(s) 'tutorial_dag' retrieved from /home/airflow/.local/lib/python3.12/site-packages/airflow/example_dags/tutorial_dag.py
[2024-11-06T00:14:06.934+0000] {logging_mixin.py:190} INFO - [2024-11-06T00:14:06.933+0000] {dag.py:3239} INFO - Sync 1 DAGs
[2024-11-06T00:14:06.958+0000] {logging_mixin.py:190} INFO - [2024-11-06T00:14:06.958+0000] {dag.py:4180} INFO - Setting next_dagrun for tutorial_dag to None, run_after=None
[2024-11-06T00:14:06.988+0000] {processor.py:208} INFO - Processing /home/airflow/.local/lib/python3.12/site-packages/airflow/example_dags/tutorial_dag.py took 0.122 seconds
[2024-11-06T00:14:37.342+0000] {processor.py:186} INFO - Started process (PID=4261) to work on /home/airflow/.local/lib/python3.12/site-packages/airflow/example_dags/tutorial_dag.py
[2024-11-06T00:14:37.343+0000] {processor.py:914} INFO - Processing file /home/airflow/.local/lib/python3.12/site-packages/airflow/example_dags/tutorial_dag.py for tasks to queue
[2024-11-06T00:14:37.347+0000] {logging_mixin.py:190} INFO - [2024-11-06T00:14:37.347+0000] {dagbag.py:588} INFO - Filling up the DagBag from /home/airflow/.local/lib/python3.12/site-packages/airflow/example_dags/tutorial_dag.py
[2024-11-06T00:14:37.360+0000] {processor.py:925} INFO - DAG(s) 'tutorial_dag' retrieved from /home/airflow/.local/lib/python3.12/site-packages/airflow/example_dags/tutorial_dag.py
[2024-11-06T00:14:37.395+0000] {logging_mixin.py:190} INFO - [2024-11-06T00:14:37.394+0000] {dag.py:3239} INFO - Sync 1 DAGs
[2024-11-06T00:14:37.418+0000] {logging_mixin.py:190} INFO - [2024-11-06T00:14:37.418+0000] {dag.py:4180} INFO - Setting next_dagrun for tutorial_dag to None, run_after=None
[2024-11-06T00:14:37.454+0000] {processor.py:208} INFO - Processing /home/airflow/.local/lib/python3.12/site-packages/airflow/example_dags/tutorial_dag.py took 0.123 seconds
[2024-11-06T00:15:07.604+0000] {processor.py:186} INFO - Started process (PID=4324) to work on /home/airflow/.local/lib/python3.12/site-packages/airflow/example_dags/tutorial_dag.py
[2024-11-06T00:15:07.606+0000] {processor.py:914} INFO - Processing file /home/airflow/.local/lib/python3.12/site-packages/airflow/example_dags/tutorial_dag.py for tasks to queue
[2024-11-06T00:15:07.611+0000] {logging_mixin.py:190} INFO - [2024-11-06T00:15:07.611+0000] {dagbag.py:588} INFO - Filling up the DagBag from /home/airflow/.local/lib/python3.12/site-packages/airflow/example_dags/tutorial_dag.py
[2024-11-06T00:15:07.625+0000] {processor.py:925} INFO - DAG(s) 'tutorial_dag' retrieved from /home/airflow/.local/lib/python3.12/site-packages/airflow/example_dags/tutorial_dag.py
[2024-11-06T00:15:07.657+0000] {logging_mixin.py:190} INFO - [2024-11-06T00:15:07.656+0000] {dag.py:3239} INFO - Sync 1 DAGs
[2024-11-06T00:15:07.681+0000] {logging_mixin.py:190} INFO - [2024-11-06T00:15:07.681+0000] {dag.py:4180} INFO - Setting next_dagrun for tutorial_dag to None, run_after=None
[2024-11-06T00:15:07.730+0000] {processor.py:208} INFO - Processing /home/airflow/.local/lib/python3.12/site-packages/airflow/example_dags/tutorial_dag.py took 0.146 seconds
[2024-11-06T00:15:38.253+0000] {processor.py:186} INFO - Started process (PID=4388) to work on /home/airflow/.local/lib/python3.12/site-packages/airflow/example_dags/tutorial_dag.py
[2024-11-06T00:15:38.256+0000] {processor.py:914} INFO - Processing file /home/airflow/.local/lib/python3.12/site-packages/airflow/example_dags/tutorial_dag.py for tasks to queue
[2024-11-06T00:15:38.265+0000] {logging_mixin.py:190} INFO - [2024-11-06T00:15:38.264+0000] {dagbag.py:588} INFO - Filling up the DagBag from /home/airflow/.local/lib/python3.12/site-packages/airflow/example_dags/tutorial_dag.py
[2024-11-06T00:15:38.287+0000] {processor.py:925} INFO - DAG(s) 'tutorial_dag' retrieved from /home/airflow/.local/lib/python3.12/site-packages/airflow/example_dags/tutorial_dag.py
[2024-11-06T00:15:38.344+0000] {logging_mixin.py:190} INFO - [2024-11-06T00:15:38.344+0000] {dag.py:3239} INFO - Sync 1 DAGs
[2024-11-06T00:15:38.373+0000] {logging_mixin.py:190} INFO - [2024-11-06T00:15:38.373+0000] {dag.py:4180} INFO - Setting next_dagrun for tutorial_dag to None, run_after=None
[2024-11-06T00:15:38.432+0000] {processor.py:208} INFO - Processing /home/airflow/.local/lib/python3.12/site-packages/airflow/example_dags/tutorial_dag.py took 0.195 seconds
[2024-11-06T00:16:09.307+0000] {processor.py:186} INFO - Started process (PID=4452) to work on /home/airflow/.local/lib/python3.12/site-packages/airflow/example_dags/tutorial_dag.py
[2024-11-06T00:16:09.309+0000] {processor.py:914} INFO - Processing file /home/airflow/.local/lib/python3.12/site-packages/airflow/example_dags/tutorial_dag.py for tasks to queue
[2024-11-06T00:16:09.314+0000] {logging_mixin.py:190} INFO - [2024-11-06T00:16:09.314+0000] {dagbag.py:588} INFO - Filling up the DagBag from /home/airflow/.local/lib/python3.12/site-packages/airflow/example_dags/tutorial_dag.py
[2024-11-06T00:16:09.327+0000] {processor.py:925} INFO - DAG(s) 'tutorial_dag' retrieved from /home/airflow/.local/lib/python3.12/site-packages/airflow/example_dags/tutorial_dag.py
[2024-11-06T00:16:09.360+0000] {logging_mixin.py:190} INFO - [2024-11-06T00:16:09.360+0000] {dag.py:3239} INFO - Sync 1 DAGs
[2024-11-06T00:16:09.389+0000] {logging_mixin.py:190} INFO - [2024-11-06T00:16:09.389+0000] {dag.py:4180} INFO - Setting next_dagrun for tutorial_dag to None, run_after=None
[2024-11-06T00:16:09.423+0000] {processor.py:208} INFO - Processing /home/airflow/.local/lib/python3.12/site-packages/airflow/example_dags/tutorial_dag.py took 0.128 seconds
[2024-11-06T00:18:29.750+0000] {processor.py:186} INFO - Started process (PID=71) to work on /home/airflow/.local/lib/python3.12/site-packages/airflow/example_dags/tutorial_dag.py
[2024-11-06T00:18:29.752+0000] {processor.py:914} INFO - Processing file /home/airflow/.local/lib/python3.12/site-packages/airflow/example_dags/tutorial_dag.py for tasks to queue
[2024-11-06T00:18:29.757+0000] {logging_mixin.py:190} INFO - [2024-11-06T00:18:29.756+0000] {dagbag.py:588} INFO - Filling up the DagBag from /home/airflow/.local/lib/python3.12/site-packages/airflow/example_dags/tutorial_dag.py
[2024-11-06T00:18:29.773+0000] {processor.py:925} INFO - DAG(s) 'tutorial_dag' retrieved from /home/airflow/.local/lib/python3.12/site-packages/airflow/example_dags/tutorial_dag.py
[2024-11-06T00:18:29.853+0000] {logging_mixin.py:190} INFO - [2024-11-06T00:18:29.852+0000] {dag.py:3239} INFO - Sync 1 DAGs
[2024-11-06T00:18:29.883+0000] {logging_mixin.py:190} INFO - [2024-11-06T00:18:29.882+0000] {dag.py:4180} INFO - Setting next_dagrun for tutorial_dag to None, run_after=None
[2024-11-06T00:18:29.916+0000] {processor.py:208} INFO - Processing /home/airflow/.local/lib/python3.12/site-packages/airflow/example_dags/tutorial_dag.py took 0.186 seconds
[2024-11-06T00:19:02.059+0000] {processor.py:186} INFO - Started process (PID=135) to work on /home/airflow/.local/lib/python3.12/site-packages/airflow/example_dags/tutorial_dag.py
[2024-11-06T00:19:02.064+0000] {processor.py:914} INFO - Processing file /home/airflow/.local/lib/python3.12/site-packages/airflow/example_dags/tutorial_dag.py for tasks to queue
[2024-11-06T00:19:02.069+0000] {logging_mixin.py:190} INFO - [2024-11-06T00:19:02.069+0000] {dagbag.py:588} INFO - Filling up the DagBag from /home/airflow/.local/lib/python3.12/site-packages/airflow/example_dags/tutorial_dag.py
[2024-11-06T00:19:02.081+0000] {processor.py:925} INFO - DAG(s) 'tutorial_dag' retrieved from /home/airflow/.local/lib/python3.12/site-packages/airflow/example_dags/tutorial_dag.py
[2024-11-06T00:19:02.117+0000] {logging_mixin.py:190} INFO - [2024-11-06T00:19:02.116+0000] {dag.py:3239} INFO - Sync 1 DAGs
[2024-11-06T00:19:02.147+0000] {logging_mixin.py:190} INFO - [2024-11-06T00:19:02.146+0000] {dag.py:4180} INFO - Setting next_dagrun for tutorial_dag to None, run_after=None
[2024-11-06T00:19:02.196+0000] {processor.py:208} INFO - Processing /home/airflow/.local/lib/python3.12/site-packages/airflow/example_dags/tutorial_dag.py took 0.148 seconds
[2024-11-06T00:19:33.041+0000] {processor.py:186} INFO - Started process (PID=205) to work on /home/airflow/.local/lib/python3.12/site-packages/airflow/example_dags/tutorial_dag.py
[2024-11-06T00:19:33.043+0000] {processor.py:914} INFO - Processing file /home/airflow/.local/lib/python3.12/site-packages/airflow/example_dags/tutorial_dag.py for tasks to queue
[2024-11-06T00:19:33.050+0000] {logging_mixin.py:190} INFO - [2024-11-06T00:19:33.049+0000] {dagbag.py:588} INFO - Filling up the DagBag from /home/airflow/.local/lib/python3.12/site-packages/airflow/example_dags/tutorial_dag.py
[2024-11-06T00:19:33.067+0000] {processor.py:925} INFO - DAG(s) 'tutorial_dag' retrieved from /home/airflow/.local/lib/python3.12/site-packages/airflow/example_dags/tutorial_dag.py
[2024-11-06T00:19:33.120+0000] {logging_mixin.py:190} INFO - [2024-11-06T00:19:33.120+0000] {dag.py:3239} INFO - Sync 1 DAGs
[2024-11-06T00:19:33.160+0000] {logging_mixin.py:190} INFO - [2024-11-06T00:19:33.159+0000] {dag.py:4180} INFO - Setting next_dagrun for tutorial_dag to None, run_after=None
[2024-11-06T00:19:33.225+0000] {processor.py:208} INFO - Processing /home/airflow/.local/lib/python3.12/site-packages/airflow/example_dags/tutorial_dag.py took 0.197 seconds
[2024-11-06T00:20:04.235+0000] {processor.py:186} INFO - Started process (PID=268) to work on /home/airflow/.local/lib/python3.12/site-packages/airflow/example_dags/tutorial_dag.py
[2024-11-06T00:20:04.236+0000] {processor.py:914} INFO - Processing file /home/airflow/.local/lib/python3.12/site-packages/airflow/example_dags/tutorial_dag.py for tasks to queue
[2024-11-06T00:20:04.241+0000] {logging_mixin.py:190} INFO - [2024-11-06T00:20:04.241+0000] {dagbag.py:588} INFO - Filling up the DagBag from /home/airflow/.local/lib/python3.12/site-packages/airflow/example_dags/tutorial_dag.py
[2024-11-06T00:20:04.258+0000] {processor.py:925} INFO - DAG(s) 'tutorial_dag' retrieved from /home/airflow/.local/lib/python3.12/site-packages/airflow/example_dags/tutorial_dag.py
[2024-11-06T00:20:04.298+0000] {logging_mixin.py:190} INFO - [2024-11-06T00:20:04.298+0000] {dag.py:3239} INFO - Sync 1 DAGs
[2024-11-06T00:20:04.323+0000] {logging_mixin.py:190} INFO - [2024-11-06T00:20:04.322+0000] {dag.py:4180} INFO - Setting next_dagrun for tutorial_dag to None, run_after=None
[2024-11-06T00:20:04.355+0000] {processor.py:208} INFO - Processing /home/airflow/.local/lib/python3.12/site-packages/airflow/example_dags/tutorial_dag.py took 0.131 seconds
[2024-11-06T00:20:35.474+0000] {processor.py:186} INFO - Started process (PID=332) to work on /home/airflow/.local/lib/python3.12/site-packages/airflow/example_dags/tutorial_dag.py
[2024-11-06T00:20:35.475+0000] {processor.py:914} INFO - Processing file /home/airflow/.local/lib/python3.12/site-packages/airflow/example_dags/tutorial_dag.py for tasks to queue
[2024-11-06T00:20:35.480+0000] {logging_mixin.py:190} INFO - [2024-11-06T00:20:35.479+0000] {dagbag.py:588} INFO - Filling up the DagBag from /home/airflow/.local/lib/python3.12/site-packages/airflow/example_dags/tutorial_dag.py
[2024-11-06T00:20:35.492+0000] {processor.py:925} INFO - DAG(s) 'tutorial_dag' retrieved from /home/airflow/.local/lib/python3.12/site-packages/airflow/example_dags/tutorial_dag.py
[2024-11-06T00:20:35.522+0000] {logging_mixin.py:190} INFO - [2024-11-06T00:20:35.522+0000] {dag.py:3239} INFO - Sync 1 DAGs
[2024-11-06T00:20:35.549+0000] {logging_mixin.py:190} INFO - [2024-11-06T00:20:35.548+0000] {dag.py:4180} INFO - Setting next_dagrun for tutorial_dag to None, run_after=None
[2024-11-06T00:20:35.584+0000] {processor.py:208} INFO - Processing /home/airflow/.local/lib/python3.12/site-packages/airflow/example_dags/tutorial_dag.py took 0.119 seconds
[2024-11-06T00:21:07.916+0000] {processor.py:186} INFO - Started process (PID=397) to work on /home/airflow/.local/lib/python3.12/site-packages/airflow/example_dags/tutorial_dag.py
[2024-11-06T00:21:07.918+0000] {processor.py:914} INFO - Processing file /home/airflow/.local/lib/python3.12/site-packages/airflow/example_dags/tutorial_dag.py for tasks to queue
[2024-11-06T00:21:07.922+0000] {logging_mixin.py:190} INFO - [2024-11-06T00:21:07.922+0000] {dagbag.py:588} INFO - Filling up the DagBag from /home/airflow/.local/lib/python3.12/site-packages/airflow/example_dags/tutorial_dag.py
[2024-11-06T00:21:07.935+0000] {processor.py:925} INFO - DAG(s) 'tutorial_dag' retrieved from /home/airflow/.local/lib/python3.12/site-packages/airflow/example_dags/tutorial_dag.py
[2024-11-06T00:21:07.968+0000] {logging_mixin.py:190} INFO - [2024-11-06T00:21:07.967+0000] {dag.py:3239} INFO - Sync 1 DAGs
[2024-11-06T00:21:08.000+0000] {logging_mixin.py:190} INFO - [2024-11-06T00:21:08.000+0000] {dag.py:4180} INFO - Setting next_dagrun for tutorial_dag to None, run_after=None
[2024-11-06T00:21:08.031+0000] {processor.py:208} INFO - Processing /home/airflow/.local/lib/python3.12/site-packages/airflow/example_dags/tutorial_dag.py took 0.124 seconds
[2024-11-06T00:21:40.649+0000] {processor.py:186} INFO - Started process (PID=461) to work on /home/airflow/.local/lib/python3.12/site-packages/airflow/example_dags/tutorial_dag.py
[2024-11-06T00:21:40.651+0000] {processor.py:914} INFO - Processing file /home/airflow/.local/lib/python3.12/site-packages/airflow/example_dags/tutorial_dag.py for tasks to queue
[2024-11-06T00:21:40.655+0000] {logging_mixin.py:190} INFO - [2024-11-06T00:21:40.654+0000] {dagbag.py:588} INFO - Filling up the DagBag from /home/airflow/.local/lib/python3.12/site-packages/airflow/example_dags/tutorial_dag.py
[2024-11-06T00:21:40.666+0000] {processor.py:925} INFO - DAG(s) 'tutorial_dag' retrieved from /home/airflow/.local/lib/python3.12/site-packages/airflow/example_dags/tutorial_dag.py
[2024-11-06T00:21:40.697+0000] {logging_mixin.py:190} INFO - [2024-11-06T00:21:40.697+0000] {dag.py:3239} INFO - Sync 1 DAGs
[2024-11-06T00:21:40.719+0000] {logging_mixin.py:190} INFO - [2024-11-06T00:21:40.718+0000] {dag.py:4180} INFO - Setting next_dagrun for tutorial_dag to None, run_after=None
[2024-11-06T00:21:40.761+0000] {processor.py:208} INFO - Processing /home/airflow/.local/lib/python3.12/site-packages/airflow/example_dags/tutorial_dag.py took 0.119 seconds
[2024-11-06T00:23:42.688+0000] {processor.py:186} INFO - Started process (PID=70) to work on /home/airflow/.local/lib/python3.12/site-packages/airflow/example_dags/tutorial_dag.py
[2024-11-06T00:23:42.690+0000] {processor.py:914} INFO - Processing file /home/airflow/.local/lib/python3.12/site-packages/airflow/example_dags/tutorial_dag.py for tasks to queue
[2024-11-06T00:23:42.695+0000] {logging_mixin.py:190} INFO - [2024-11-06T00:23:42.694+0000] {dagbag.py:588} INFO - Filling up the DagBag from /home/airflow/.local/lib/python3.12/site-packages/airflow/example_dags/tutorial_dag.py
[2024-11-06T00:23:42.710+0000] {processor.py:925} INFO - DAG(s) 'tutorial_dag' retrieved from /home/airflow/.local/lib/python3.12/site-packages/airflow/example_dags/tutorial_dag.py
[2024-11-06T00:23:42.760+0000] {logging_mixin.py:190} INFO - [2024-11-06T00:23:42.759+0000] {dag.py:3239} INFO - Sync 1 DAGs
[2024-11-06T00:23:42.788+0000] {logging_mixin.py:190} INFO - [2024-11-06T00:23:42.787+0000] {dag.py:4180} INFO - Setting next_dagrun for tutorial_dag to None, run_after=None
[2024-11-06T00:23:42.821+0000] {processor.py:208} INFO - Processing /home/airflow/.local/lib/python3.12/site-packages/airflow/example_dags/tutorial_dag.py took 0.143 seconds
[2024-11-06T00:24:14.285+0000] {processor.py:186} INFO - Started process (PID=134) to work on /home/airflow/.local/lib/python3.12/site-packages/airflow/example_dags/tutorial_dag.py
[2024-11-06T00:24:14.292+0000] {processor.py:914} INFO - Processing file /home/airflow/.local/lib/python3.12/site-packages/airflow/example_dags/tutorial_dag.py for tasks to queue
[2024-11-06T00:24:14.298+0000] {logging_mixin.py:190} INFO - [2024-11-06T00:24:14.297+0000] {dagbag.py:588} INFO - Filling up the DagBag from /home/airflow/.local/lib/python3.12/site-packages/airflow/example_dags/tutorial_dag.py
[2024-11-06T00:24:14.316+0000] {processor.py:925} INFO - DAG(s) 'tutorial_dag' retrieved from /home/airflow/.local/lib/python3.12/site-packages/airflow/example_dags/tutorial_dag.py
[2024-11-06T00:24:14.345+0000] {logging_mixin.py:190} INFO - [2024-11-06T00:24:14.345+0000] {dag.py:3239} INFO - Sync 1 DAGs
[2024-11-06T00:24:14.370+0000] {logging_mixin.py:190} INFO - [2024-11-06T00:24:14.370+0000] {dag.py:4180} INFO - Setting next_dagrun for tutorial_dag to None, run_after=None
[2024-11-06T00:24:14.407+0000] {processor.py:208} INFO - Processing /home/airflow/.local/lib/python3.12/site-packages/airflow/example_dags/tutorial_dag.py took 0.137 seconds
[2024-11-06T00:26:19.645+0000] {processor.py:186} INFO - Started process (PID=70) to work on /home/airflow/.local/lib/python3.12/site-packages/airflow/example_dags/tutorial_dag.py
[2024-11-06T00:26:19.648+0000] {processor.py:914} INFO - Processing file /home/airflow/.local/lib/python3.12/site-packages/airflow/example_dags/tutorial_dag.py for tasks to queue
[2024-11-06T00:26:19.653+0000] {logging_mixin.py:190} INFO - [2024-11-06T00:26:19.652+0000] {dagbag.py:588} INFO - Filling up the DagBag from /home/airflow/.local/lib/python3.12/site-packages/airflow/example_dags/tutorial_dag.py
[2024-11-06T00:26:19.666+0000] {processor.py:925} INFO - DAG(s) 'tutorial_dag' retrieved from /home/airflow/.local/lib/python3.12/site-packages/airflow/example_dags/tutorial_dag.py
[2024-11-06T00:26:19.712+0000] {logging_mixin.py:190} INFO - [2024-11-06T00:26:19.712+0000] {dag.py:3239} INFO - Sync 1 DAGs
[2024-11-06T00:26:19.740+0000] {logging_mixin.py:190} INFO - [2024-11-06T00:26:19.740+0000] {dag.py:4180} INFO - Setting next_dagrun for tutorial_dag to None, run_after=None
[2024-11-06T00:26:19.772+0000] {processor.py:208} INFO - Processing /home/airflow/.local/lib/python3.12/site-packages/airflow/example_dags/tutorial_dag.py took 0.137 seconds
[2024-11-06T00:26:51.731+0000] {processor.py:186} INFO - Started process (PID=134) to work on /home/airflow/.local/lib/python3.12/site-packages/airflow/example_dags/tutorial_dag.py
[2024-11-06T00:26:51.734+0000] {processor.py:914} INFO - Processing file /home/airflow/.local/lib/python3.12/site-packages/airflow/example_dags/tutorial_dag.py for tasks to queue
[2024-11-06T00:26:51.745+0000] {logging_mixin.py:190} INFO - [2024-11-06T00:26:51.745+0000] {dagbag.py:588} INFO - Filling up the DagBag from /home/airflow/.local/lib/python3.12/site-packages/airflow/example_dags/tutorial_dag.py
[2024-11-06T00:26:51.767+0000] {processor.py:925} INFO - DAG(s) 'tutorial_dag' retrieved from /home/airflow/.local/lib/python3.12/site-packages/airflow/example_dags/tutorial_dag.py
[2024-11-06T00:26:51.817+0000] {logging_mixin.py:190} INFO - [2024-11-06T00:26:51.816+0000] {dag.py:3239} INFO - Sync 1 DAGs
[2024-11-06T00:26:51.892+0000] {logging_mixin.py:190} INFO - [2024-11-06T00:26:51.891+0000] {dag.py:4180} INFO - Setting next_dagrun for tutorial_dag to None, run_after=None
[2024-11-06T00:26:51.931+0000] {processor.py:208} INFO - Processing /home/airflow/.local/lib/python3.12/site-packages/airflow/example_dags/tutorial_dag.py took 0.214 seconds
[2024-11-06T00:27:23.466+0000] {processor.py:186} INFO - Started process (PID=198) to work on /home/airflow/.local/lib/python3.12/site-packages/airflow/example_dags/tutorial_dag.py
[2024-11-06T00:27:23.468+0000] {processor.py:914} INFO - Processing file /home/airflow/.local/lib/python3.12/site-packages/airflow/example_dags/tutorial_dag.py for tasks to queue
[2024-11-06T00:27:23.472+0000] {logging_mixin.py:190} INFO - [2024-11-06T00:27:23.471+0000] {dagbag.py:588} INFO - Filling up the DagBag from /home/airflow/.local/lib/python3.12/site-packages/airflow/example_dags/tutorial_dag.py
[2024-11-06T00:27:23.486+0000] {processor.py:925} INFO - DAG(s) 'tutorial_dag' retrieved from /home/airflow/.local/lib/python3.12/site-packages/airflow/example_dags/tutorial_dag.py
[2024-11-06T00:27:23.519+0000] {logging_mixin.py:190} INFO - [2024-11-06T00:27:23.518+0000] {dag.py:3239} INFO - Sync 1 DAGs
[2024-11-06T00:27:23.542+0000] {logging_mixin.py:190} INFO - [2024-11-06T00:27:23.542+0000] {dag.py:4180} INFO - Setting next_dagrun for tutorial_dag to None, run_after=None
[2024-11-06T00:27:23.571+0000] {processor.py:208} INFO - Processing /home/airflow/.local/lib/python3.12/site-packages/airflow/example_dags/tutorial_dag.py took 0.115 seconds
