[2024-11-06T00:00:04.449+0000] {processor.py:186} INFO - Started process (PID=2450) to work on /home/airflow/.local/lib/python3.12/site-packages/airflow/example_dags/tutorial.py
[2024-11-06T00:00:04.451+0000] {processor.py:914} INFO - Processing file /home/airflow/.local/lib/python3.12/site-packages/airflow/example_dags/tutorial.py for tasks to queue
[2024-11-06T00:00:04.456+0000] {logging_mixin.py:190} INFO - [2024-11-06T00:00:04.455+0000] {dagbag.py:588} INFO - Filling up the DagBag from /home/airflow/.local/lib/python3.12/site-packages/airflow/example_dags/tutorial.py
[2024-11-06T00:00:04.473+0000] {processor.py:925} INFO - DAG(s) 'tutorial' retrieved from /home/airflow/.local/lib/python3.12/site-packages/airflow/example_dags/tutorial.py
[2024-11-06T00:00:04.508+0000] {logging_mixin.py:190} INFO - [2024-11-06T00:00:04.508+0000] {dag.py:3239} INFO - Sync 1 DAGs
[2024-11-06T00:00:04.550+0000] {logging_mixin.py:190} INFO - [2024-11-06T00:00:04.550+0000] {dag.py:4180} INFO - Setting next_dagrun for tutorial to 2024-11-05 00:00:00+00:00, run_after=2024-11-06 00:00:00+00:00
[2024-11-06T00:00:04.590+0000] {processor.py:208} INFO - Processing /home/airflow/.local/lib/python3.12/site-packages/airflow/example_dags/tutorial.py took 0.153 seconds
[2024-11-06T00:00:36.599+0000] {processor.py:186} INFO - Started process (PID=2515) to work on /home/airflow/.local/lib/python3.12/site-packages/airflow/example_dags/tutorial.py
[2024-11-06T00:00:36.601+0000] {processor.py:914} INFO - Processing file /home/airflow/.local/lib/python3.12/site-packages/airflow/example_dags/tutorial.py for tasks to queue
[2024-11-06T00:00:36.605+0000] {logging_mixin.py:190} INFO - [2024-11-06T00:00:36.604+0000] {dagbag.py:588} INFO - Filling up the DagBag from /home/airflow/.local/lib/python3.12/site-packages/airflow/example_dags/tutorial.py
[2024-11-06T00:00:36.617+0000] {processor.py:925} INFO - DAG(s) 'tutorial' retrieved from /home/airflow/.local/lib/python3.12/site-packages/airflow/example_dags/tutorial.py
[2024-11-06T00:00:36.649+0000] {logging_mixin.py:190} INFO - [2024-11-06T00:00:36.649+0000] {dag.py:3239} INFO - Sync 1 DAGs
[2024-11-06T00:00:36.703+0000] {logging_mixin.py:190} INFO - [2024-11-06T00:00:36.702+0000] {dag.py:4180} INFO - Setting next_dagrun for tutorial to 2024-11-05 00:00:00+00:00, run_after=2024-11-06 00:00:00+00:00
[2024-11-06T00:00:36.738+0000] {processor.py:208} INFO - Processing /home/airflow/.local/lib/python3.12/site-packages/airflow/example_dags/tutorial.py took 0.149 seconds
[2024-11-06T00:01:08.231+0000] {processor.py:186} INFO - Started process (PID=2581) to work on /home/airflow/.local/lib/python3.12/site-packages/airflow/example_dags/tutorial.py
[2024-11-06T00:01:08.233+0000] {processor.py:914} INFO - Processing file /home/airflow/.local/lib/python3.12/site-packages/airflow/example_dags/tutorial.py for tasks to queue
[2024-11-06T00:01:08.237+0000] {logging_mixin.py:190} INFO - [2024-11-06T00:01:08.236+0000] {dagbag.py:588} INFO - Filling up the DagBag from /home/airflow/.local/lib/python3.12/site-packages/airflow/example_dags/tutorial.py
[2024-11-06T00:01:08.249+0000] {processor.py:925} INFO - DAG(s) 'tutorial' retrieved from /home/airflow/.local/lib/python3.12/site-packages/airflow/example_dags/tutorial.py
[2024-11-06T00:01:08.283+0000] {logging_mixin.py:190} INFO - [2024-11-06T00:01:08.282+0000] {dag.py:3239} INFO - Sync 1 DAGs
[2024-11-06T00:01:08.346+0000] {logging_mixin.py:190} INFO - [2024-11-06T00:01:08.345+0000] {dag.py:4180} INFO - Setting next_dagrun for tutorial to 2024-11-05 00:00:00+00:00, run_after=2024-11-06 00:00:00+00:00
[2024-11-06T00:01:08.394+0000] {processor.py:208} INFO - Processing /home/airflow/.local/lib/python3.12/site-packages/airflow/example_dags/tutorial.py took 0.171 seconds
[2024-11-06T00:01:39.417+0000] {processor.py:186} INFO - Started process (PID=2645) to work on /home/airflow/.local/lib/python3.12/site-packages/airflow/example_dags/tutorial.py
[2024-11-06T00:01:39.418+0000] {processor.py:914} INFO - Processing file /home/airflow/.local/lib/python3.12/site-packages/airflow/example_dags/tutorial.py for tasks to queue
[2024-11-06T00:01:39.423+0000] {logging_mixin.py:190} INFO - [2024-11-06T00:01:39.422+0000] {dagbag.py:588} INFO - Filling up the DagBag from /home/airflow/.local/lib/python3.12/site-packages/airflow/example_dags/tutorial.py
[2024-11-06T00:01:39.497+0000] {processor.py:925} INFO - DAG(s) 'tutorial' retrieved from /home/airflow/.local/lib/python3.12/site-packages/airflow/example_dags/tutorial.py
[2024-11-06T00:01:39.531+0000] {logging_mixin.py:190} INFO - [2024-11-06T00:01:39.531+0000] {dag.py:3239} INFO - Sync 1 DAGs
[2024-11-06T00:01:39.582+0000] {logging_mixin.py:190} INFO - [2024-11-06T00:01:39.582+0000] {dag.py:4180} INFO - Setting next_dagrun for tutorial to 2024-11-05 00:00:00+00:00, run_after=2024-11-06 00:00:00+00:00
[2024-11-06T00:01:39.615+0000] {processor.py:208} INFO - Processing /home/airflow/.local/lib/python3.12/site-packages/airflow/example_dags/tutorial.py took 0.212 seconds
[2024-11-06T00:02:10.782+0000] {processor.py:186} INFO - Started process (PID=2710) to work on /home/airflow/.local/lib/python3.12/site-packages/airflow/example_dags/tutorial.py
[2024-11-06T00:02:10.784+0000] {processor.py:914} INFO - Processing file /home/airflow/.local/lib/python3.12/site-packages/airflow/example_dags/tutorial.py for tasks to queue
[2024-11-06T00:02:10.789+0000] {logging_mixin.py:190} INFO - [2024-11-06T00:02:10.788+0000] {dagbag.py:588} INFO - Filling up the DagBag from /home/airflow/.local/lib/python3.12/site-packages/airflow/example_dags/tutorial.py
[2024-11-06T00:02:10.803+0000] {processor.py:925} INFO - DAG(s) 'tutorial' retrieved from /home/airflow/.local/lib/python3.12/site-packages/airflow/example_dags/tutorial.py
[2024-11-06T00:02:10.838+0000] {logging_mixin.py:190} INFO - [2024-11-06T00:02:10.837+0000] {dag.py:3239} INFO - Sync 1 DAGs
[2024-11-06T00:02:10.889+0000] {logging_mixin.py:190} INFO - [2024-11-06T00:02:10.889+0000] {dag.py:4180} INFO - Setting next_dagrun for tutorial to 2024-11-05 00:00:00+00:00, run_after=2024-11-06 00:00:00+00:00
[2024-11-06T00:02:10.917+0000] {processor.py:208} INFO - Processing /home/airflow/.local/lib/python3.12/site-packages/airflow/example_dags/tutorial.py took 0.147 seconds
[2024-11-06T00:02:43.008+0000] {processor.py:186} INFO - Started process (PID=2774) to work on /home/airflow/.local/lib/python3.12/site-packages/airflow/example_dags/tutorial.py
[2024-11-06T00:02:43.012+0000] {processor.py:914} INFO - Processing file /home/airflow/.local/lib/python3.12/site-packages/airflow/example_dags/tutorial.py for tasks to queue
[2024-11-06T00:02:43.016+0000] {logging_mixin.py:190} INFO - [2024-11-06T00:02:43.015+0000] {dagbag.py:588} INFO - Filling up the DagBag from /home/airflow/.local/lib/python3.12/site-packages/airflow/example_dags/tutorial.py
[2024-11-06T00:02:43.032+0000] {processor.py:925} INFO - DAG(s) 'tutorial' retrieved from /home/airflow/.local/lib/python3.12/site-packages/airflow/example_dags/tutorial.py
[2024-11-06T00:02:43.067+0000] {logging_mixin.py:190} INFO - [2024-11-06T00:02:43.067+0000] {dag.py:3239} INFO - Sync 1 DAGs
[2024-11-06T00:02:43.112+0000] {logging_mixin.py:190} INFO - [2024-11-06T00:02:43.111+0000] {dag.py:4180} INFO - Setting next_dagrun for tutorial to 2024-11-05 00:00:00+00:00, run_after=2024-11-06 00:00:00+00:00
[2024-11-06T00:02:43.141+0000] {processor.py:208} INFO - Processing /home/airflow/.local/lib/python3.12/site-packages/airflow/example_dags/tutorial.py took 0.142 seconds
[2024-11-06T00:03:14.503+0000] {processor.py:186} INFO - Started process (PID=2838) to work on /home/airflow/.local/lib/python3.12/site-packages/airflow/example_dags/tutorial.py
[2024-11-06T00:03:14.505+0000] {processor.py:914} INFO - Processing file /home/airflow/.local/lib/python3.12/site-packages/airflow/example_dags/tutorial.py for tasks to queue
[2024-11-06T00:03:14.508+0000] {logging_mixin.py:190} INFO - [2024-11-06T00:03:14.508+0000] {dagbag.py:588} INFO - Filling up the DagBag from /home/airflow/.local/lib/python3.12/site-packages/airflow/example_dags/tutorial.py
[2024-11-06T00:03:14.521+0000] {processor.py:925} INFO - DAG(s) 'tutorial' retrieved from /home/airflow/.local/lib/python3.12/site-packages/airflow/example_dags/tutorial.py
[2024-11-06T00:03:14.558+0000] {logging_mixin.py:190} INFO - [2024-11-06T00:03:14.558+0000] {dag.py:3239} INFO - Sync 1 DAGs
[2024-11-06T00:03:14.603+0000] {logging_mixin.py:190} INFO - [2024-11-06T00:03:14.603+0000] {dag.py:4180} INFO - Setting next_dagrun for tutorial to 2024-11-05 00:00:00+00:00, run_after=2024-11-06 00:00:00+00:00
[2024-11-06T00:03:14.638+0000] {processor.py:208} INFO - Processing /home/airflow/.local/lib/python3.12/site-packages/airflow/example_dags/tutorial.py took 0.145 seconds
[2024-11-06T00:03:45.569+0000] {processor.py:186} INFO - Started process (PID=2902) to work on /home/airflow/.local/lib/python3.12/site-packages/airflow/example_dags/tutorial.py
[2024-11-06T00:03:45.570+0000] {processor.py:914} INFO - Processing file /home/airflow/.local/lib/python3.12/site-packages/airflow/example_dags/tutorial.py for tasks to queue
[2024-11-06T00:03:45.574+0000] {logging_mixin.py:190} INFO - [2024-11-06T00:03:45.573+0000] {dagbag.py:588} INFO - Filling up the DagBag from /home/airflow/.local/lib/python3.12/site-packages/airflow/example_dags/tutorial.py
[2024-11-06T00:03:45.592+0000] {processor.py:925} INFO - DAG(s) 'tutorial' retrieved from /home/airflow/.local/lib/python3.12/site-packages/airflow/example_dags/tutorial.py
[2024-11-06T00:03:45.635+0000] {logging_mixin.py:190} INFO - [2024-11-06T00:03:45.635+0000] {dag.py:3239} INFO - Sync 1 DAGs
[2024-11-06T00:03:45.685+0000] {logging_mixin.py:190} INFO - [2024-11-06T00:03:45.684+0000] {dag.py:4180} INFO - Setting next_dagrun for tutorial to 2024-11-05 00:00:00+00:00, run_after=2024-11-06 00:00:00+00:00
[2024-11-06T00:03:45.743+0000] {processor.py:208} INFO - Processing /home/airflow/.local/lib/python3.12/site-packages/airflow/example_dags/tutorial.py took 0.183 seconds
[2024-11-06T00:04:17.920+0000] {processor.py:186} INFO - Started process (PID=2969) to work on /home/airflow/.local/lib/python3.12/site-packages/airflow/example_dags/tutorial.py
[2024-11-06T00:04:17.922+0000] {processor.py:914} INFO - Processing file /home/airflow/.local/lib/python3.12/site-packages/airflow/example_dags/tutorial.py for tasks to queue
[2024-11-06T00:04:17.928+0000] {logging_mixin.py:190} INFO - [2024-11-06T00:04:17.928+0000] {dagbag.py:588} INFO - Filling up the DagBag from /home/airflow/.local/lib/python3.12/site-packages/airflow/example_dags/tutorial.py
[2024-11-06T00:04:17.943+0000] {processor.py:925} INFO - DAG(s) 'tutorial' retrieved from /home/airflow/.local/lib/python3.12/site-packages/airflow/example_dags/tutorial.py
[2024-11-06T00:04:17.976+0000] {logging_mixin.py:190} INFO - [2024-11-06T00:04:17.976+0000] {dag.py:3239} INFO - Sync 1 DAGs
[2024-11-06T00:04:18.040+0000] {logging_mixin.py:190} INFO - [2024-11-06T00:04:18.040+0000] {dag.py:4180} INFO - Setting next_dagrun for tutorial to 2024-11-05 00:00:00+00:00, run_after=2024-11-06 00:00:00+00:00
[2024-11-06T00:04:18.079+0000] {processor.py:208} INFO - Processing /home/airflow/.local/lib/python3.12/site-packages/airflow/example_dags/tutorial.py took 0.171 seconds
[2024-11-06T00:04:49.860+0000] {processor.py:186} INFO - Started process (PID=3041) to work on /home/airflow/.local/lib/python3.12/site-packages/airflow/example_dags/tutorial.py
[2024-11-06T00:04:49.862+0000] {processor.py:914} INFO - Processing file /home/airflow/.local/lib/python3.12/site-packages/airflow/example_dags/tutorial.py for tasks to queue
[2024-11-06T00:04:49.867+0000] {logging_mixin.py:190} INFO - [2024-11-06T00:04:49.867+0000] {dagbag.py:588} INFO - Filling up the DagBag from /home/airflow/.local/lib/python3.12/site-packages/airflow/example_dags/tutorial.py
[2024-11-06T00:04:49.883+0000] {processor.py:925} INFO - DAG(s) 'tutorial' retrieved from /home/airflow/.local/lib/python3.12/site-packages/airflow/example_dags/tutorial.py
[2024-11-06T00:04:49.927+0000] {logging_mixin.py:190} INFO - [2024-11-06T00:04:49.926+0000] {dag.py:3239} INFO - Sync 1 DAGs
[2024-11-06T00:04:50.020+0000] {logging_mixin.py:190} INFO - [2024-11-06T00:04:50.019+0000] {dag.py:4180} INFO - Setting next_dagrun for tutorial to 2024-11-05 00:00:00+00:00, run_after=2024-11-06 00:00:00+00:00
[2024-11-06T00:04:50.060+0000] {processor.py:208} INFO - Processing /home/airflow/.local/lib/python3.12/site-packages/airflow/example_dags/tutorial.py took 0.212 seconds
[2024-11-06T00:05:21.274+0000] {processor.py:186} INFO - Started process (PID=3106) to work on /home/airflow/.local/lib/python3.12/site-packages/airflow/example_dags/tutorial.py
[2024-11-06T00:05:21.276+0000] {processor.py:914} INFO - Processing file /home/airflow/.local/lib/python3.12/site-packages/airflow/example_dags/tutorial.py for tasks to queue
[2024-11-06T00:05:21.280+0000] {logging_mixin.py:190} INFO - [2024-11-06T00:05:21.279+0000] {dagbag.py:588} INFO - Filling up the DagBag from /home/airflow/.local/lib/python3.12/site-packages/airflow/example_dags/tutorial.py
[2024-11-06T00:05:21.294+0000] {processor.py:925} INFO - DAG(s) 'tutorial' retrieved from /home/airflow/.local/lib/python3.12/site-packages/airflow/example_dags/tutorial.py
[2024-11-06T00:05:21.326+0000] {logging_mixin.py:190} INFO - [2024-11-06T00:05:21.326+0000] {dag.py:3239} INFO - Sync 1 DAGs
[2024-11-06T00:05:21.360+0000] {logging_mixin.py:190} INFO - [2024-11-06T00:05:21.360+0000] {dag.py:4180} INFO - Setting next_dagrun for tutorial to 2024-11-05 00:00:00+00:00, run_after=2024-11-06 00:00:00+00:00
[2024-11-06T00:05:21.399+0000] {processor.py:208} INFO - Processing /home/airflow/.local/lib/python3.12/site-packages/airflow/example_dags/tutorial.py took 0.134 seconds
[2024-11-06T00:05:52.912+0000] {processor.py:186} INFO - Started process (PID=3170) to work on /home/airflow/.local/lib/python3.12/site-packages/airflow/example_dags/tutorial.py
[2024-11-06T00:05:52.914+0000] {processor.py:914} INFO - Processing file /home/airflow/.local/lib/python3.12/site-packages/airflow/example_dags/tutorial.py for tasks to queue
[2024-11-06T00:05:52.919+0000] {logging_mixin.py:190} INFO - [2024-11-06T00:05:52.918+0000] {dagbag.py:588} INFO - Filling up the DagBag from /home/airflow/.local/lib/python3.12/site-packages/airflow/example_dags/tutorial.py
[2024-11-06T00:05:52.934+0000] {processor.py:925} INFO - DAG(s) 'tutorial' retrieved from /home/airflow/.local/lib/python3.12/site-packages/airflow/example_dags/tutorial.py
[2024-11-06T00:05:52.972+0000] {logging_mixin.py:190} INFO - [2024-11-06T00:05:52.972+0000] {dag.py:3239} INFO - Sync 1 DAGs
[2024-11-06T00:05:53.025+0000] {logging_mixin.py:190} INFO - [2024-11-06T00:05:53.024+0000] {dag.py:4180} INFO - Setting next_dagrun for tutorial to 2024-11-05 00:00:00+00:00, run_after=2024-11-06 00:00:00+00:00
[2024-11-06T00:05:53.079+0000] {processor.py:208} INFO - Processing /home/airflow/.local/lib/python3.12/site-packages/airflow/example_dags/tutorial.py took 0.178 seconds
[2024-11-06T00:06:24.202+0000] {processor.py:186} INFO - Started process (PID=3235) to work on /home/airflow/.local/lib/python3.12/site-packages/airflow/example_dags/tutorial.py
[2024-11-06T00:06:24.204+0000] {processor.py:914} INFO - Processing file /home/airflow/.local/lib/python3.12/site-packages/airflow/example_dags/tutorial.py for tasks to queue
[2024-11-06T00:06:24.209+0000] {logging_mixin.py:190} INFO - [2024-11-06T00:06:24.208+0000] {dagbag.py:588} INFO - Filling up the DagBag from /home/airflow/.local/lib/python3.12/site-packages/airflow/example_dags/tutorial.py
[2024-11-06T00:06:24.224+0000] {processor.py:925} INFO - DAG(s) 'tutorial' retrieved from /home/airflow/.local/lib/python3.12/site-packages/airflow/example_dags/tutorial.py
[2024-11-06T00:06:24.255+0000] {logging_mixin.py:190} INFO - [2024-11-06T00:06:24.255+0000] {dag.py:3239} INFO - Sync 1 DAGs
[2024-11-06T00:06:24.291+0000] {logging_mixin.py:190} INFO - [2024-11-06T00:06:24.291+0000] {dag.py:4180} INFO - Setting next_dagrun for tutorial to 2024-11-05 00:00:00+00:00, run_after=2024-11-06 00:00:00+00:00
[2024-11-06T00:06:24.325+0000] {processor.py:208} INFO - Processing /home/airflow/.local/lib/python3.12/site-packages/airflow/example_dags/tutorial.py took 0.137 seconds
[2024-11-06T00:06:54.790+0000] {processor.py:186} INFO - Started process (PID=3299) to work on /home/airflow/.local/lib/python3.12/site-packages/airflow/example_dags/tutorial.py
[2024-11-06T00:06:54.792+0000] {processor.py:914} INFO - Processing file /home/airflow/.local/lib/python3.12/site-packages/airflow/example_dags/tutorial.py for tasks to queue
[2024-11-06T00:06:54.796+0000] {logging_mixin.py:190} INFO - [2024-11-06T00:06:54.796+0000] {dagbag.py:588} INFO - Filling up the DagBag from /home/airflow/.local/lib/python3.12/site-packages/airflow/example_dags/tutorial.py
[2024-11-06T00:06:54.818+0000] {processor.py:925} INFO - DAG(s) 'tutorial' retrieved from /home/airflow/.local/lib/python3.12/site-packages/airflow/example_dags/tutorial.py
[2024-11-06T00:06:54.851+0000] {logging_mixin.py:190} INFO - [2024-11-06T00:06:54.851+0000] {dag.py:3239} INFO - Sync 1 DAGs
[2024-11-06T00:06:54.901+0000] {logging_mixin.py:190} INFO - [2024-11-06T00:06:54.901+0000] {dag.py:4180} INFO - Setting next_dagrun for tutorial to 2024-11-05 00:00:00+00:00, run_after=2024-11-06 00:00:00+00:00
[2024-11-06T00:06:54.966+0000] {processor.py:208} INFO - Processing /home/airflow/.local/lib/python3.12/site-packages/airflow/example_dags/tutorial.py took 0.188 seconds
[2024-11-06T00:07:25.383+0000] {processor.py:186} INFO - Started process (PID=3363) to work on /home/airflow/.local/lib/python3.12/site-packages/airflow/example_dags/tutorial.py
[2024-11-06T00:07:25.385+0000] {processor.py:914} INFO - Processing file /home/airflow/.local/lib/python3.12/site-packages/airflow/example_dags/tutorial.py for tasks to queue
[2024-11-06T00:07:25.390+0000] {logging_mixin.py:190} INFO - [2024-11-06T00:07:25.389+0000] {dagbag.py:588} INFO - Filling up the DagBag from /home/airflow/.local/lib/python3.12/site-packages/airflow/example_dags/tutorial.py
[2024-11-06T00:07:25.402+0000] {processor.py:925} INFO - DAG(s) 'tutorial' retrieved from /home/airflow/.local/lib/python3.12/site-packages/airflow/example_dags/tutorial.py
[2024-11-06T00:07:25.433+0000] {logging_mixin.py:190} INFO - [2024-11-06T00:07:25.432+0000] {dag.py:3239} INFO - Sync 1 DAGs
[2024-11-06T00:07:25.472+0000] {logging_mixin.py:190} INFO - [2024-11-06T00:07:25.472+0000] {dag.py:4180} INFO - Setting next_dagrun for tutorial to 2024-11-05 00:00:00+00:00, run_after=2024-11-06 00:00:00+00:00
[2024-11-06T00:07:25.503+0000] {processor.py:208} INFO - Processing /home/airflow/.local/lib/python3.12/site-packages/airflow/example_dags/tutorial.py took 0.130 seconds
[2024-11-06T00:07:55.735+0000] {processor.py:186} INFO - Started process (PID=3426) to work on /home/airflow/.local/lib/python3.12/site-packages/airflow/example_dags/tutorial.py
[2024-11-06T00:07:55.737+0000] {processor.py:914} INFO - Processing file /home/airflow/.local/lib/python3.12/site-packages/airflow/example_dags/tutorial.py for tasks to queue
[2024-11-06T00:07:55.742+0000] {logging_mixin.py:190} INFO - [2024-11-06T00:07:55.741+0000] {dagbag.py:588} INFO - Filling up the DagBag from /home/airflow/.local/lib/python3.12/site-packages/airflow/example_dags/tutorial.py
[2024-11-06T00:07:55.756+0000] {processor.py:925} INFO - DAG(s) 'tutorial' retrieved from /home/airflow/.local/lib/python3.12/site-packages/airflow/example_dags/tutorial.py
[2024-11-06T00:07:55.783+0000] {logging_mixin.py:190} INFO - [2024-11-06T00:07:55.783+0000] {dag.py:3239} INFO - Sync 1 DAGs
[2024-11-06T00:07:55.820+0000] {logging_mixin.py:190} INFO - [2024-11-06T00:07:55.820+0000] {dag.py:4180} INFO - Setting next_dagrun for tutorial to 2024-11-05 00:00:00+00:00, run_after=2024-11-06 00:00:00+00:00
[2024-11-06T00:07:55.848+0000] {processor.py:208} INFO - Processing /home/airflow/.local/lib/python3.12/site-packages/airflow/example_dags/tutorial.py took 0.123 seconds
[2024-11-06T00:08:26.274+0000] {processor.py:186} INFO - Started process (PID=3489) to work on /home/airflow/.local/lib/python3.12/site-packages/airflow/example_dags/tutorial.py
[2024-11-06T00:08:26.276+0000] {processor.py:914} INFO - Processing file /home/airflow/.local/lib/python3.12/site-packages/airflow/example_dags/tutorial.py for tasks to queue
[2024-11-06T00:08:26.282+0000] {logging_mixin.py:190} INFO - [2024-11-06T00:08:26.281+0000] {dagbag.py:588} INFO - Filling up the DagBag from /home/airflow/.local/lib/python3.12/site-packages/airflow/example_dags/tutorial.py
[2024-11-06T00:08:26.306+0000] {processor.py:925} INFO - DAG(s) 'tutorial' retrieved from /home/airflow/.local/lib/python3.12/site-packages/airflow/example_dags/tutorial.py
[2024-11-06T00:08:26.345+0000] {logging_mixin.py:190} INFO - [2024-11-06T00:08:26.344+0000] {dag.py:3239} INFO - Sync 1 DAGs
[2024-11-06T00:08:26.385+0000] {logging_mixin.py:190} INFO - [2024-11-06T00:08:26.385+0000] {dag.py:4180} INFO - Setting next_dagrun for tutorial to 2024-11-05 00:00:00+00:00, run_after=2024-11-06 00:00:00+00:00
[2024-11-06T00:08:26.421+0000] {processor.py:208} INFO - Processing /home/airflow/.local/lib/python3.12/site-packages/airflow/example_dags/tutorial.py took 0.159 seconds
[2024-11-06T00:08:56.682+0000] {processor.py:186} INFO - Started process (PID=3553) to work on /home/airflow/.local/lib/python3.12/site-packages/airflow/example_dags/tutorial.py
[2024-11-06T00:08:56.705+0000] {processor.py:914} INFO - Processing file /home/airflow/.local/lib/python3.12/site-packages/airflow/example_dags/tutorial.py for tasks to queue
[2024-11-06T00:08:56.713+0000] {logging_mixin.py:190} INFO - [2024-11-06T00:08:56.712+0000] {dagbag.py:588} INFO - Filling up the DagBag from /home/airflow/.local/lib/python3.12/site-packages/airflow/example_dags/tutorial.py
[2024-11-06T00:08:56.742+0000] {processor.py:925} INFO - DAG(s) 'tutorial' retrieved from /home/airflow/.local/lib/python3.12/site-packages/airflow/example_dags/tutorial.py
[2024-11-06T00:08:56.784+0000] {logging_mixin.py:190} INFO - [2024-11-06T00:08:56.784+0000] {dag.py:3239} INFO - Sync 1 DAGs
[2024-11-06T00:08:56.833+0000] {logging_mixin.py:190} INFO - [2024-11-06T00:08:56.832+0000] {dag.py:4180} INFO - Setting next_dagrun for tutorial to 2024-11-05 00:00:00+00:00, run_after=2024-11-06 00:00:00+00:00
[2024-11-06T00:08:56.869+0000] {processor.py:208} INFO - Processing /home/airflow/.local/lib/python3.12/site-packages/airflow/example_dags/tutorial.py took 0.210 seconds
[2024-11-06T00:09:28.023+0000] {processor.py:186} INFO - Started process (PID=3617) to work on /home/airflow/.local/lib/python3.12/site-packages/airflow/example_dags/tutorial.py
[2024-11-06T00:09:28.026+0000] {processor.py:914} INFO - Processing file /home/airflow/.local/lib/python3.12/site-packages/airflow/example_dags/tutorial.py for tasks to queue
[2024-11-06T00:09:28.031+0000] {logging_mixin.py:190} INFO - [2024-11-06T00:09:28.030+0000] {dagbag.py:588} INFO - Filling up the DagBag from /home/airflow/.local/lib/python3.12/site-packages/airflow/example_dags/tutorial.py
[2024-11-06T00:09:28.045+0000] {processor.py:925} INFO - DAG(s) 'tutorial' retrieved from /home/airflow/.local/lib/python3.12/site-packages/airflow/example_dags/tutorial.py
[2024-11-06T00:09:28.078+0000] {logging_mixin.py:190} INFO - [2024-11-06T00:09:28.077+0000] {dag.py:3239} INFO - Sync 1 DAGs
[2024-11-06T00:09:28.118+0000] {logging_mixin.py:190} INFO - [2024-11-06T00:09:28.117+0000] {dag.py:4180} INFO - Setting next_dagrun for tutorial to 2024-11-05 00:00:00+00:00, run_after=2024-11-06 00:00:00+00:00
[2024-11-06T00:09:28.152+0000] {processor.py:208} INFO - Processing /home/airflow/.local/lib/python3.12/site-packages/airflow/example_dags/tutorial.py took 0.140 seconds
[2024-11-06T00:09:59.834+0000] {processor.py:186} INFO - Started process (PID=3681) to work on /home/airflow/.local/lib/python3.12/site-packages/airflow/example_dags/tutorial.py
[2024-11-06T00:09:59.836+0000] {processor.py:914} INFO - Processing file /home/airflow/.local/lib/python3.12/site-packages/airflow/example_dags/tutorial.py for tasks to queue
[2024-11-06T00:09:59.842+0000] {logging_mixin.py:190} INFO - [2024-11-06T00:09:59.841+0000] {dagbag.py:588} INFO - Filling up the DagBag from /home/airflow/.local/lib/python3.12/site-packages/airflow/example_dags/tutorial.py
[2024-11-06T00:09:59.856+0000] {processor.py:925} INFO - DAG(s) 'tutorial' retrieved from /home/airflow/.local/lib/python3.12/site-packages/airflow/example_dags/tutorial.py
[2024-11-06T00:09:59.892+0000] {logging_mixin.py:190} INFO - [2024-11-06T00:09:59.892+0000] {dag.py:3239} INFO - Sync 1 DAGs
[2024-11-06T00:10:00.198+0000] {logging_mixin.py:190} INFO - [2024-11-06T00:10:00.198+0000] {dag.py:4180} INFO - Setting next_dagrun for tutorial to 2024-11-05 00:00:00+00:00, run_after=2024-11-06 00:00:00+00:00
[2024-11-06T00:10:00.229+0000] {processor.py:208} INFO - Processing /home/airflow/.local/lib/python3.12/site-packages/airflow/example_dags/tutorial.py took 0.406 seconds
[2024-11-06T00:10:30.493+0000] {processor.py:186} INFO - Started process (PID=3746) to work on /home/airflow/.local/lib/python3.12/site-packages/airflow/example_dags/tutorial.py
[2024-11-06T00:10:30.495+0000] {processor.py:914} INFO - Processing file /home/airflow/.local/lib/python3.12/site-packages/airflow/example_dags/tutorial.py for tasks to queue
[2024-11-06T00:10:30.502+0000] {logging_mixin.py:190} INFO - [2024-11-06T00:10:30.501+0000] {dagbag.py:588} INFO - Filling up the DagBag from /home/airflow/.local/lib/python3.12/site-packages/airflow/example_dags/tutorial.py
[2024-11-06T00:10:30.518+0000] {processor.py:925} INFO - DAG(s) 'tutorial' retrieved from /home/airflow/.local/lib/python3.12/site-packages/airflow/example_dags/tutorial.py
[2024-11-06T00:10:30.553+0000] {logging_mixin.py:190} INFO - [2024-11-06T00:10:30.552+0000] {dag.py:3239} INFO - Sync 1 DAGs
[2024-11-06T00:10:30.849+0000] {logging_mixin.py:190} INFO - [2024-11-06T00:10:30.849+0000] {dag.py:4180} INFO - Setting next_dagrun for tutorial to 2024-11-05 00:00:00+00:00, run_after=2024-11-06 00:00:00+00:00
[2024-11-06T00:10:30.879+0000] {processor.py:208} INFO - Processing /home/airflow/.local/lib/python3.12/site-packages/airflow/example_dags/tutorial.py took 0.396 seconds
[2024-11-06T00:11:01.058+0000] {processor.py:186} INFO - Started process (PID=3811) to work on /home/airflow/.local/lib/python3.12/site-packages/airflow/example_dags/tutorial.py
[2024-11-06T00:11:01.060+0000] {processor.py:914} INFO - Processing file /home/airflow/.local/lib/python3.12/site-packages/airflow/example_dags/tutorial.py for tasks to queue
[2024-11-06T00:11:01.066+0000] {logging_mixin.py:190} INFO - [2024-11-06T00:11:01.066+0000] {dagbag.py:588} INFO - Filling up the DagBag from /home/airflow/.local/lib/python3.12/site-packages/airflow/example_dags/tutorial.py
[2024-11-06T00:11:01.081+0000] {processor.py:925} INFO - DAG(s) 'tutorial' retrieved from /home/airflow/.local/lib/python3.12/site-packages/airflow/example_dags/tutorial.py
[2024-11-06T00:11:01.120+0000] {logging_mixin.py:190} INFO - [2024-11-06T00:11:01.119+0000] {dag.py:3239} INFO - Sync 1 DAGs
[2024-11-06T00:11:01.167+0000] {logging_mixin.py:190} INFO - [2024-11-06T00:11:01.167+0000] {dag.py:4180} INFO - Setting next_dagrun for tutorial to 2024-11-05 00:00:00+00:00, run_after=2024-11-06 00:00:00+00:00
[2024-11-06T00:11:01.215+0000] {processor.py:208} INFO - Processing /home/airflow/.local/lib/python3.12/site-packages/airflow/example_dags/tutorial.py took 0.167 seconds
[2024-11-06T00:11:31.675+0000] {processor.py:186} INFO - Started process (PID=3875) to work on /home/airflow/.local/lib/python3.12/site-packages/airflow/example_dags/tutorial.py
[2024-11-06T00:11:31.677+0000] {processor.py:914} INFO - Processing file /home/airflow/.local/lib/python3.12/site-packages/airflow/example_dags/tutorial.py for tasks to queue
[2024-11-06T00:11:31.686+0000] {logging_mixin.py:190} INFO - [2024-11-06T00:11:31.685+0000] {dagbag.py:588} INFO - Filling up the DagBag from /home/airflow/.local/lib/python3.12/site-packages/airflow/example_dags/tutorial.py
[2024-11-06T00:11:31.707+0000] {processor.py:925} INFO - DAG(s) 'tutorial' retrieved from /home/airflow/.local/lib/python3.12/site-packages/airflow/example_dags/tutorial.py
[2024-11-06T00:11:31.742+0000] {logging_mixin.py:190} INFO - [2024-11-06T00:11:31.742+0000] {dag.py:3239} INFO - Sync 1 DAGs
[2024-11-06T00:11:31.777+0000] {logging_mixin.py:190} INFO - [2024-11-06T00:11:31.777+0000] {dag.py:4180} INFO - Setting next_dagrun for tutorial to 2024-11-05 00:00:00+00:00, run_after=2024-11-06 00:00:00+00:00
[2024-11-06T00:11:31.822+0000] {processor.py:208} INFO - Processing /home/airflow/.local/lib/python3.12/site-packages/airflow/example_dags/tutorial.py took 0.162 seconds
[2024-11-06T00:12:02.715+0000] {processor.py:186} INFO - Started process (PID=3938) to work on /home/airflow/.local/lib/python3.12/site-packages/airflow/example_dags/tutorial.py
[2024-11-06T00:12:02.717+0000] {processor.py:914} INFO - Processing file /home/airflow/.local/lib/python3.12/site-packages/airflow/example_dags/tutorial.py for tasks to queue
[2024-11-06T00:12:02.723+0000] {logging_mixin.py:190} INFO - [2024-11-06T00:12:02.722+0000] {dagbag.py:588} INFO - Filling up the DagBag from /home/airflow/.local/lib/python3.12/site-packages/airflow/example_dags/tutorial.py
[2024-11-06T00:12:02.737+0000] {processor.py:925} INFO - DAG(s) 'tutorial' retrieved from /home/airflow/.local/lib/python3.12/site-packages/airflow/example_dags/tutorial.py
[2024-11-06T00:12:02.777+0000] {logging_mixin.py:190} INFO - [2024-11-06T00:12:02.776+0000] {dag.py:3239} INFO - Sync 1 DAGs
[2024-11-06T00:12:02.822+0000] {logging_mixin.py:190} INFO - [2024-11-06T00:12:02.822+0000] {dag.py:4180} INFO - Setting next_dagrun for tutorial to 2024-11-05 00:00:00+00:00, run_after=2024-11-06 00:00:00+00:00
[2024-11-06T00:12:02.979+0000] {processor.py:208} INFO - Processing /home/airflow/.local/lib/python3.12/site-packages/airflow/example_dags/tutorial.py took 0.275 seconds
[2024-11-06T00:12:33.797+0000] {processor.py:186} INFO - Started process (PID=4003) to work on /home/airflow/.local/lib/python3.12/site-packages/airflow/example_dags/tutorial.py
[2024-11-06T00:12:33.799+0000] {processor.py:914} INFO - Processing file /home/airflow/.local/lib/python3.12/site-packages/airflow/example_dags/tutorial.py for tasks to queue
[2024-11-06T00:12:33.803+0000] {logging_mixin.py:190} INFO - [2024-11-06T00:12:33.803+0000] {dagbag.py:588} INFO - Filling up the DagBag from /home/airflow/.local/lib/python3.12/site-packages/airflow/example_dags/tutorial.py
[2024-11-06T00:12:33.817+0000] {processor.py:925} INFO - DAG(s) 'tutorial' retrieved from /home/airflow/.local/lib/python3.12/site-packages/airflow/example_dags/tutorial.py
[2024-11-06T00:12:33.852+0000] {logging_mixin.py:190} INFO - [2024-11-06T00:12:33.852+0000] {dag.py:3239} INFO - Sync 1 DAGs
[2024-11-06T00:12:33.890+0000] {logging_mixin.py:190} INFO - [2024-11-06T00:12:33.890+0000] {dag.py:4180} INFO - Setting next_dagrun for tutorial to 2024-11-05 00:00:00+00:00, run_after=2024-11-06 00:00:00+00:00
[2024-11-06T00:12:33.924+0000] {processor.py:208} INFO - Processing /home/airflow/.local/lib/python3.12/site-packages/airflow/example_dags/tutorial.py took 0.137 seconds
[2024-11-06T00:13:04.227+0000] {processor.py:186} INFO - Started process (PID=4068) to work on /home/airflow/.local/lib/python3.12/site-packages/airflow/example_dags/tutorial.py
[2024-11-06T00:13:04.228+0000] {processor.py:914} INFO - Processing file /home/airflow/.local/lib/python3.12/site-packages/airflow/example_dags/tutorial.py for tasks to queue
[2024-11-06T00:13:04.233+0000] {logging_mixin.py:190} INFO - [2024-11-06T00:13:04.232+0000] {dagbag.py:588} INFO - Filling up the DagBag from /home/airflow/.local/lib/python3.12/site-packages/airflow/example_dags/tutorial.py
[2024-11-06T00:13:04.248+0000] {processor.py:925} INFO - DAG(s) 'tutorial' retrieved from /home/airflow/.local/lib/python3.12/site-packages/airflow/example_dags/tutorial.py
[2024-11-06T00:13:04.276+0000] {logging_mixin.py:190} INFO - [2024-11-06T00:13:04.276+0000] {dag.py:3239} INFO - Sync 1 DAGs
[2024-11-06T00:13:04.319+0000] {logging_mixin.py:190} INFO - [2024-11-06T00:13:04.319+0000] {dag.py:4180} INFO - Setting next_dagrun for tutorial to 2024-11-05 00:00:00+00:00, run_after=2024-11-06 00:00:00+00:00
[2024-11-06T00:13:04.358+0000] {processor.py:208} INFO - Processing /home/airflow/.local/lib/python3.12/site-packages/airflow/example_dags/tutorial.py took 0.142 seconds
[2024-11-06T00:13:35.737+0000] {processor.py:186} INFO - Started process (PID=4132) to work on /home/airflow/.local/lib/python3.12/site-packages/airflow/example_dags/tutorial.py
[2024-11-06T00:13:35.739+0000] {processor.py:914} INFO - Processing file /home/airflow/.local/lib/python3.12/site-packages/airflow/example_dags/tutorial.py for tasks to queue
[2024-11-06T00:13:35.743+0000] {logging_mixin.py:190} INFO - [2024-11-06T00:13:35.743+0000] {dagbag.py:588} INFO - Filling up the DagBag from /home/airflow/.local/lib/python3.12/site-packages/airflow/example_dags/tutorial.py
[2024-11-06T00:13:35.759+0000] {processor.py:925} INFO - DAG(s) 'tutorial' retrieved from /home/airflow/.local/lib/python3.12/site-packages/airflow/example_dags/tutorial.py
[2024-11-06T00:13:35.793+0000] {logging_mixin.py:190} INFO - [2024-11-06T00:13:35.793+0000] {dag.py:3239} INFO - Sync 1 DAGs
[2024-11-06T00:13:35.836+0000] {logging_mixin.py:190} INFO - [2024-11-06T00:13:35.836+0000] {dag.py:4180} INFO - Setting next_dagrun for tutorial to 2024-11-05 00:00:00+00:00, run_after=2024-11-06 00:00:00+00:00
[2024-11-06T00:13:35.869+0000] {processor.py:208} INFO - Processing /home/airflow/.local/lib/python3.12/site-packages/airflow/example_dags/tutorial.py took 0.143 seconds
[2024-11-06T00:14:06.694+0000] {processor.py:186} INFO - Started process (PID=4196) to work on /home/airflow/.local/lib/python3.12/site-packages/airflow/example_dags/tutorial.py
[2024-11-06T00:14:06.696+0000] {processor.py:914} INFO - Processing file /home/airflow/.local/lib/python3.12/site-packages/airflow/example_dags/tutorial.py for tasks to queue
[2024-11-06T00:14:06.701+0000] {logging_mixin.py:190} INFO - [2024-11-06T00:14:06.701+0000] {dagbag.py:588} INFO - Filling up the DagBag from /home/airflow/.local/lib/python3.12/site-packages/airflow/example_dags/tutorial.py
[2024-11-06T00:14:06.714+0000] {processor.py:925} INFO - DAG(s) 'tutorial' retrieved from /home/airflow/.local/lib/python3.12/site-packages/airflow/example_dags/tutorial.py
[2024-11-06T00:14:06.744+0000] {logging_mixin.py:190} INFO - [2024-11-06T00:14:06.744+0000] {dag.py:3239} INFO - Sync 1 DAGs
[2024-11-06T00:14:06.780+0000] {logging_mixin.py:190} INFO - [2024-11-06T00:14:06.780+0000] {dag.py:4180} INFO - Setting next_dagrun for tutorial to 2024-11-05 00:00:00+00:00, run_after=2024-11-06 00:00:00+00:00
[2024-11-06T00:14:06.814+0000] {processor.py:208} INFO - Processing /home/airflow/.local/lib/python3.12/site-packages/airflow/example_dags/tutorial.py took 0.131 seconds
[2024-11-06T00:14:37.139+0000] {processor.py:186} INFO - Started process (PID=4260) to work on /home/airflow/.local/lib/python3.12/site-packages/airflow/example_dags/tutorial.py
[2024-11-06T00:14:37.141+0000] {processor.py:914} INFO - Processing file /home/airflow/.local/lib/python3.12/site-packages/airflow/example_dags/tutorial.py for tasks to queue
[2024-11-06T00:14:37.145+0000] {logging_mixin.py:190} INFO - [2024-11-06T00:14:37.144+0000] {dagbag.py:588} INFO - Filling up the DagBag from /home/airflow/.local/lib/python3.12/site-packages/airflow/example_dags/tutorial.py
[2024-11-06T00:14:37.161+0000] {processor.py:925} INFO - DAG(s) 'tutorial' retrieved from /home/airflow/.local/lib/python3.12/site-packages/airflow/example_dags/tutorial.py
[2024-11-06T00:14:37.207+0000] {logging_mixin.py:190} INFO - [2024-11-06T00:14:37.207+0000] {dag.py:3239} INFO - Sync 1 DAGs
[2024-11-06T00:14:37.251+0000] {logging_mixin.py:190} INFO - [2024-11-06T00:14:37.250+0000] {dag.py:4180} INFO - Setting next_dagrun for tutorial to 2024-11-05 00:00:00+00:00, run_after=2024-11-06 00:00:00+00:00
[2024-11-06T00:14:37.282+0000] {processor.py:208} INFO - Processing /home/airflow/.local/lib/python3.12/site-packages/airflow/example_dags/tutorial.py took 0.156 seconds
[2024-11-06T00:15:07.380+0000] {processor.py:186} INFO - Started process (PID=4323) to work on /home/airflow/.local/lib/python3.12/site-packages/airflow/example_dags/tutorial.py
[2024-11-06T00:15:07.382+0000] {processor.py:914} INFO - Processing file /home/airflow/.local/lib/python3.12/site-packages/airflow/example_dags/tutorial.py for tasks to queue
[2024-11-06T00:15:07.386+0000] {logging_mixin.py:190} INFO - [2024-11-06T00:15:07.385+0000] {dagbag.py:588} INFO - Filling up the DagBag from /home/airflow/.local/lib/python3.12/site-packages/airflow/example_dags/tutorial.py
[2024-11-06T00:15:07.400+0000] {processor.py:925} INFO - DAG(s) 'tutorial' retrieved from /home/airflow/.local/lib/python3.12/site-packages/airflow/example_dags/tutorial.py
[2024-11-06T00:15:07.426+0000] {logging_mixin.py:190} INFO - [2024-11-06T00:15:07.426+0000] {dag.py:3239} INFO - Sync 1 DAGs
[2024-11-06T00:15:07.473+0000] {logging_mixin.py:190} INFO - [2024-11-06T00:15:07.472+0000] {dag.py:4180} INFO - Setting next_dagrun for tutorial to 2024-11-05 00:00:00+00:00, run_after=2024-11-06 00:00:00+00:00
[2024-11-06T00:15:07.504+0000] {processor.py:208} INFO - Processing /home/airflow/.local/lib/python3.12/site-packages/airflow/example_dags/tutorial.py took 0.135 seconds
[2024-11-06T00:15:38.056+0000] {processor.py:186} INFO - Started process (PID=4387) to work on /home/airflow/.local/lib/python3.12/site-packages/airflow/example_dags/tutorial.py
[2024-11-06T00:15:38.057+0000] {processor.py:914} INFO - Processing file /home/airflow/.local/lib/python3.12/site-packages/airflow/example_dags/tutorial.py for tasks to queue
[2024-11-06T00:15:38.063+0000] {logging_mixin.py:190} INFO - [2024-11-06T00:15:38.062+0000] {dagbag.py:588} INFO - Filling up the DagBag from /home/airflow/.local/lib/python3.12/site-packages/airflow/example_dags/tutorial.py
[2024-11-06T00:15:38.075+0000] {processor.py:925} INFO - DAG(s) 'tutorial' retrieved from /home/airflow/.local/lib/python3.12/site-packages/airflow/example_dags/tutorial.py
[2024-11-06T00:15:38.108+0000] {logging_mixin.py:190} INFO - [2024-11-06T00:15:38.107+0000] {dag.py:3239} INFO - Sync 1 DAGs
[2024-11-06T00:15:38.144+0000] {logging_mixin.py:190} INFO - [2024-11-06T00:15:38.143+0000] {dag.py:4180} INFO - Setting next_dagrun for tutorial to 2024-11-05 00:00:00+00:00, run_after=2024-11-06 00:00:00+00:00
[2024-11-06T00:15:38.182+0000] {processor.py:208} INFO - Processing /home/airflow/.local/lib/python3.12/site-packages/airflow/example_dags/tutorial.py took 0.135 seconds
[2024-11-06T00:16:09.129+0000] {processor.py:186} INFO - Started process (PID=4451) to work on /home/airflow/.local/lib/python3.12/site-packages/airflow/example_dags/tutorial.py
[2024-11-06T00:16:09.131+0000] {processor.py:914} INFO - Processing file /home/airflow/.local/lib/python3.12/site-packages/airflow/example_dags/tutorial.py for tasks to queue
[2024-11-06T00:16:09.135+0000] {logging_mixin.py:190} INFO - [2024-11-06T00:16:09.134+0000] {dagbag.py:588} INFO - Filling up the DagBag from /home/airflow/.local/lib/python3.12/site-packages/airflow/example_dags/tutorial.py
[2024-11-06T00:16:09.149+0000] {processor.py:925} INFO - DAG(s) 'tutorial' retrieved from /home/airflow/.local/lib/python3.12/site-packages/airflow/example_dags/tutorial.py
[2024-11-06T00:16:09.183+0000] {logging_mixin.py:190} INFO - [2024-11-06T00:16:09.183+0000] {dag.py:3239} INFO - Sync 1 DAGs
[2024-11-06T00:16:09.246+0000] {logging_mixin.py:190} INFO - [2024-11-06T00:16:09.245+0000] {dag.py:4180} INFO - Setting next_dagrun for tutorial to 2024-11-05 00:00:00+00:00, run_after=2024-11-06 00:00:00+00:00
[2024-11-06T00:16:09.284+0000] {processor.py:208} INFO - Processing /home/airflow/.local/lib/python3.12/site-packages/airflow/example_dags/tutorial.py took 0.165 seconds
[2024-11-06T00:18:29.748+0000] {processor.py:186} INFO - Started process (PID=70) to work on /home/airflow/.local/lib/python3.12/site-packages/airflow/example_dags/tutorial.py
[2024-11-06T00:18:29.751+0000] {processor.py:914} INFO - Processing file /home/airflow/.local/lib/python3.12/site-packages/airflow/example_dags/tutorial.py for tasks to queue
[2024-11-06T00:18:29.757+0000] {logging_mixin.py:190} INFO - [2024-11-06T00:18:29.756+0000] {dagbag.py:588} INFO - Filling up the DagBag from /home/airflow/.local/lib/python3.12/site-packages/airflow/example_dags/tutorial.py
[2024-11-06T00:18:29.774+0000] {processor.py:925} INFO - DAG(s) 'tutorial' retrieved from /home/airflow/.local/lib/python3.12/site-packages/airflow/example_dags/tutorial.py
[2024-11-06T00:18:29.856+0000] {logging_mixin.py:190} INFO - [2024-11-06T00:18:29.855+0000] {dag.py:3239} INFO - Sync 1 DAGs
[2024-11-06T00:18:29.902+0000] {logging_mixin.py:190} INFO - [2024-11-06T00:18:29.902+0000] {dag.py:4180} INFO - Setting next_dagrun for tutorial to 2024-11-05 00:00:00+00:00, run_after=2024-11-06 00:00:00+00:00
[2024-11-06T00:18:29.934+0000] {processor.py:208} INFO - Processing /home/airflow/.local/lib/python3.12/site-packages/airflow/example_dags/tutorial.py took 0.207 seconds
[2024-11-06T00:19:01.975+0000] {processor.py:186} INFO - Started process (PID=134) to work on /home/airflow/.local/lib/python3.12/site-packages/airflow/example_dags/tutorial.py
[2024-11-06T00:19:01.977+0000] {processor.py:914} INFO - Processing file /home/airflow/.local/lib/python3.12/site-packages/airflow/example_dags/tutorial.py for tasks to queue
[2024-11-06T00:19:01.982+0000] {logging_mixin.py:190} INFO - [2024-11-06T00:19:01.981+0000] {dagbag.py:588} INFO - Filling up the DagBag from /home/airflow/.local/lib/python3.12/site-packages/airflow/example_dags/tutorial.py
[2024-11-06T00:19:01.998+0000] {processor.py:925} INFO - DAG(s) 'tutorial' retrieved from /home/airflow/.local/lib/python3.12/site-packages/airflow/example_dags/tutorial.py
[2024-11-06T00:19:02.037+0000] {logging_mixin.py:190} INFO - [2024-11-06T00:19:02.036+0000] {dag.py:3239} INFO - Sync 1 DAGs
[2024-11-06T00:19:02.086+0000] {logging_mixin.py:190} INFO - [2024-11-06T00:19:02.085+0000] {dag.py:4180} INFO - Setting next_dagrun for tutorial to 2024-11-05 00:00:00+00:00, run_after=2024-11-06 00:00:00+00:00
[2024-11-06T00:19:02.122+0000] {processor.py:208} INFO - Processing /home/airflow/.local/lib/python3.12/site-packages/airflow/example_dags/tutorial.py took 0.159 seconds
[2024-11-06T00:19:32.853+0000] {processor.py:186} INFO - Started process (PID=204) to work on /home/airflow/.local/lib/python3.12/site-packages/airflow/example_dags/tutorial.py
[2024-11-06T00:19:32.854+0000] {processor.py:914} INFO - Processing file /home/airflow/.local/lib/python3.12/site-packages/airflow/example_dags/tutorial.py for tasks to queue
[2024-11-06T00:19:32.859+0000] {logging_mixin.py:190} INFO - [2024-11-06T00:19:32.858+0000] {dagbag.py:588} INFO - Filling up the DagBag from /home/airflow/.local/lib/python3.12/site-packages/airflow/example_dags/tutorial.py
[2024-11-06T00:19:32.873+0000] {processor.py:925} INFO - DAG(s) 'tutorial' retrieved from /home/airflow/.local/lib/python3.12/site-packages/airflow/example_dags/tutorial.py
[2024-11-06T00:19:32.910+0000] {logging_mixin.py:190} INFO - [2024-11-06T00:19:32.910+0000] {dag.py:3239} INFO - Sync 1 DAGs
[2024-11-06T00:19:32.945+0000] {logging_mixin.py:190} INFO - [2024-11-06T00:19:32.945+0000] {dag.py:4180} INFO - Setting next_dagrun for tutorial to 2024-11-05 00:00:00+00:00, run_after=2024-11-06 00:00:00+00:00
[2024-11-06T00:19:32.978+0000] {processor.py:208} INFO - Processing /home/airflow/.local/lib/python3.12/site-packages/airflow/example_dags/tutorial.py took 0.134 seconds
[2024-11-06T00:20:04.227+0000] {processor.py:186} INFO - Started process (PID=267) to work on /home/airflow/.local/lib/python3.12/site-packages/airflow/example_dags/tutorial.py
[2024-11-06T00:20:04.229+0000] {processor.py:914} INFO - Processing file /home/airflow/.local/lib/python3.12/site-packages/airflow/example_dags/tutorial.py for tasks to queue
[2024-11-06T00:20:04.233+0000] {logging_mixin.py:190} INFO - [2024-11-06T00:20:04.233+0000] {dagbag.py:588} INFO - Filling up the DagBag from /home/airflow/.local/lib/python3.12/site-packages/airflow/example_dags/tutorial.py
[2024-11-06T00:20:04.248+0000] {processor.py:925} INFO - DAG(s) 'tutorial' retrieved from /home/airflow/.local/lib/python3.12/site-packages/airflow/example_dags/tutorial.py
[2024-11-06T00:20:04.290+0000] {logging_mixin.py:190} INFO - [2024-11-06T00:20:04.289+0000] {dag.py:3239} INFO - Sync 1 DAGs
[2024-11-06T00:20:04.329+0000] {logging_mixin.py:190} INFO - [2024-11-06T00:20:04.328+0000] {dag.py:4180} INFO - Setting next_dagrun for tutorial to 2024-11-05 00:00:00+00:00, run_after=2024-11-06 00:00:00+00:00
[2024-11-06T00:20:04.358+0000] {processor.py:208} INFO - Processing /home/airflow/.local/lib/python3.12/site-packages/airflow/example_dags/tutorial.py took 0.146 seconds
[2024-11-06T00:20:35.452+0000] {processor.py:186} INFO - Started process (PID=331) to work on /home/airflow/.local/lib/python3.12/site-packages/airflow/example_dags/tutorial.py
[2024-11-06T00:20:35.454+0000] {processor.py:914} INFO - Processing file /home/airflow/.local/lib/python3.12/site-packages/airflow/example_dags/tutorial.py for tasks to queue
[2024-11-06T00:20:35.459+0000] {logging_mixin.py:190} INFO - [2024-11-06T00:20:35.458+0000] {dagbag.py:588} INFO - Filling up the DagBag from /home/airflow/.local/lib/python3.12/site-packages/airflow/example_dags/tutorial.py
[2024-11-06T00:20:35.471+0000] {processor.py:925} INFO - DAG(s) 'tutorial' retrieved from /home/airflow/.local/lib/python3.12/site-packages/airflow/example_dags/tutorial.py
[2024-11-06T00:20:35.499+0000] {logging_mixin.py:190} INFO - [2024-11-06T00:20:35.499+0000] {dag.py:3239} INFO - Sync 1 DAGs
[2024-11-06T00:20:35.540+0000] {logging_mixin.py:190} INFO - [2024-11-06T00:20:35.540+0000] {dag.py:4180} INFO - Setting next_dagrun for tutorial to 2024-11-05 00:00:00+00:00, run_after=2024-11-06 00:00:00+00:00
[2024-11-06T00:20:35.574+0000] {processor.py:208} INFO - Processing /home/airflow/.local/lib/python3.12/site-packages/airflow/example_dags/tutorial.py took 0.129 seconds
[2024-11-06T00:21:07.738+0000] {processor.py:186} INFO - Started process (PID=396) to work on /home/airflow/.local/lib/python3.12/site-packages/airflow/example_dags/tutorial.py
[2024-11-06T00:21:07.740+0000] {processor.py:914} INFO - Processing file /home/airflow/.local/lib/python3.12/site-packages/airflow/example_dags/tutorial.py for tasks to queue
[2024-11-06T00:21:07.744+0000] {logging_mixin.py:190} INFO - [2024-11-06T00:21:07.743+0000] {dagbag.py:588} INFO - Filling up the DagBag from /home/airflow/.local/lib/python3.12/site-packages/airflow/example_dags/tutorial.py
[2024-11-06T00:21:07.758+0000] {processor.py:925} INFO - DAG(s) 'tutorial' retrieved from /home/airflow/.local/lib/python3.12/site-packages/airflow/example_dags/tutorial.py
[2024-11-06T00:21:07.789+0000] {logging_mixin.py:190} INFO - [2024-11-06T00:21:07.788+0000] {dag.py:3239} INFO - Sync 1 DAGs
[2024-11-06T00:21:07.829+0000] {logging_mixin.py:190} INFO - [2024-11-06T00:21:07.829+0000] {dag.py:4180} INFO - Setting next_dagrun for tutorial to 2024-11-05 00:00:00+00:00, run_after=2024-11-06 00:00:00+00:00
[2024-11-06T00:21:07.863+0000] {processor.py:208} INFO - Processing /home/airflow/.local/lib/python3.12/site-packages/airflow/example_dags/tutorial.py took 0.138 seconds
[2024-11-06T00:21:39.645+0000] {processor.py:186} INFO - Started process (PID=459) to work on /home/airflow/.local/lib/python3.12/site-packages/airflow/example_dags/tutorial.py
[2024-11-06T00:21:39.648+0000] {processor.py:914} INFO - Processing file /home/airflow/.local/lib/python3.12/site-packages/airflow/example_dags/tutorial.py for tasks to queue
[2024-11-06T00:21:39.653+0000] {logging_mixin.py:190} INFO - [2024-11-06T00:21:39.652+0000] {dagbag.py:588} INFO - Filling up the DagBag from /home/airflow/.local/lib/python3.12/site-packages/airflow/example_dags/tutorial.py
[2024-11-06T00:21:39.668+0000] {processor.py:925} INFO - DAG(s) 'tutorial' retrieved from /home/airflow/.local/lib/python3.12/site-packages/airflow/example_dags/tutorial.py
[2024-11-06T00:21:39.702+0000] {logging_mixin.py:190} INFO - [2024-11-06T00:21:39.702+0000] {dag.py:3239} INFO - Sync 1 DAGs
[2024-11-06T00:21:39.763+0000] {logging_mixin.py:190} INFO - [2024-11-06T00:21:39.763+0000] {dag.py:4180} INFO - Setting next_dagrun for tutorial to 2024-11-05 00:00:00+00:00, run_after=2024-11-06 00:00:00+00:00
[2024-11-06T00:21:39.795+0000] {processor.py:208} INFO - Processing /home/airflow/.local/lib/python3.12/site-packages/airflow/example_dags/tutorial.py took 0.167 seconds
[2024-11-06T00:23:42.687+0000] {processor.py:186} INFO - Started process (PID=69) to work on /home/airflow/.local/lib/python3.12/site-packages/airflow/example_dags/tutorial.py
[2024-11-06T00:23:42.689+0000] {processor.py:914} INFO - Processing file /home/airflow/.local/lib/python3.12/site-packages/airflow/example_dags/tutorial.py for tasks to queue
[2024-11-06T00:23:42.695+0000] {logging_mixin.py:190} INFO - [2024-11-06T00:23:42.694+0000] {dagbag.py:588} INFO - Filling up the DagBag from /home/airflow/.local/lib/python3.12/site-packages/airflow/example_dags/tutorial.py
[2024-11-06T00:23:42.713+0000] {processor.py:925} INFO - DAG(s) 'tutorial' retrieved from /home/airflow/.local/lib/python3.12/site-packages/airflow/example_dags/tutorial.py
[2024-11-06T00:23:42.767+0000] {logging_mixin.py:190} INFO - [2024-11-06T00:23:42.767+0000] {dag.py:3239} INFO - Sync 1 DAGs
[2024-11-06T00:23:42.809+0000] {logging_mixin.py:190} INFO - [2024-11-06T00:23:42.808+0000] {dag.py:4180} INFO - Setting next_dagrun for tutorial to 2024-11-05 00:00:00+00:00, run_after=2024-11-06 00:00:00+00:00
[2024-11-06T00:23:42.838+0000] {processor.py:208} INFO - Processing /home/airflow/.local/lib/python3.12/site-packages/airflow/example_dags/tutorial.py took 0.160 seconds
[2024-11-06T00:24:14.105+0000] {processor.py:186} INFO - Started process (PID=133) to work on /home/airflow/.local/lib/python3.12/site-packages/airflow/example_dags/tutorial.py
[2024-11-06T00:24:14.107+0000] {processor.py:914} INFO - Processing file /home/airflow/.local/lib/python3.12/site-packages/airflow/example_dags/tutorial.py for tasks to queue
[2024-11-06T00:24:14.111+0000] {logging_mixin.py:190} INFO - [2024-11-06T00:24:14.111+0000] {dagbag.py:588} INFO - Filling up the DagBag from /home/airflow/.local/lib/python3.12/site-packages/airflow/example_dags/tutorial.py
[2024-11-06T00:24:14.125+0000] {processor.py:925} INFO - DAG(s) 'tutorial' retrieved from /home/airflow/.local/lib/python3.12/site-packages/airflow/example_dags/tutorial.py
[2024-11-06T00:24:14.156+0000] {logging_mixin.py:190} INFO - [2024-11-06T00:24:14.156+0000] {dag.py:3239} INFO - Sync 1 DAGs
[2024-11-06T00:24:14.191+0000] {logging_mixin.py:190} INFO - [2024-11-06T00:24:14.191+0000] {dag.py:4180} INFO - Setting next_dagrun for tutorial to 2024-11-05 00:00:00+00:00, run_after=2024-11-06 00:00:00+00:00
[2024-11-06T00:24:14.221+0000] {processor.py:208} INFO - Processing /home/airflow/.local/lib/python3.12/site-packages/airflow/example_dags/tutorial.py took 0.127 seconds
[2024-11-06T00:26:19.521+0000] {processor.py:186} INFO - Started process (PID=69) to work on /home/airflow/.local/lib/python3.12/site-packages/airflow/example_dags/tutorial.py
[2024-11-06T00:26:19.524+0000] {processor.py:914} INFO - Processing file /home/airflow/.local/lib/python3.12/site-packages/airflow/example_dags/tutorial.py for tasks to queue
[2024-11-06T00:26:19.528+0000] {logging_mixin.py:190} INFO - [2024-11-06T00:26:19.528+0000] {dagbag.py:588} INFO - Filling up the DagBag from /home/airflow/.local/lib/python3.12/site-packages/airflow/example_dags/tutorial.py
[2024-11-06T00:26:19.546+0000] {processor.py:925} INFO - DAG(s) 'tutorial' retrieved from /home/airflow/.local/lib/python3.12/site-packages/airflow/example_dags/tutorial.py
[2024-11-06T00:26:19.599+0000] {logging_mixin.py:190} INFO - [2024-11-06T00:26:19.599+0000] {dag.py:3239} INFO - Sync 1 DAGs
[2024-11-06T00:26:19.647+0000] {logging_mixin.py:190} INFO - [2024-11-06T00:26:19.646+0000] {dag.py:4180} INFO - Setting next_dagrun for tutorial to 2024-11-05 00:00:00+00:00, run_after=2024-11-06 00:00:00+00:00
[2024-11-06T00:26:19.677+0000] {processor.py:208} INFO - Processing /home/airflow/.local/lib/python3.12/site-packages/airflow/example_dags/tutorial.py took 0.165 seconds
[2024-11-06T00:26:51.563+0000] {processor.py:186} INFO - Started process (PID=133) to work on /home/airflow/.local/lib/python3.12/site-packages/airflow/example_dags/tutorial.py
[2024-11-06T00:26:51.564+0000] {processor.py:914} INFO - Processing file /home/airflow/.local/lib/python3.12/site-packages/airflow/example_dags/tutorial.py for tasks to queue
[2024-11-06T00:26:51.567+0000] {logging_mixin.py:190} INFO - [2024-11-06T00:26:51.567+0000] {dagbag.py:588} INFO - Filling up the DagBag from /home/airflow/.local/lib/python3.12/site-packages/airflow/example_dags/tutorial.py
[2024-11-06T00:26:51.579+0000] {processor.py:925} INFO - DAG(s) 'tutorial' retrieved from /home/airflow/.local/lib/python3.12/site-packages/airflow/example_dags/tutorial.py
[2024-11-06T00:26:51.606+0000] {logging_mixin.py:190} INFO - [2024-11-06T00:26:51.606+0000] {dag.py:3239} INFO - Sync 1 DAGs
[2024-11-06T00:26:51.638+0000] {logging_mixin.py:190} INFO - [2024-11-06T00:26:51.638+0000] {dag.py:4180} INFO - Setting next_dagrun for tutorial to 2024-11-05 00:00:00+00:00, run_after=2024-11-06 00:00:00+00:00
[2024-11-06T00:26:51.668+0000] {processor.py:208} INFO - Processing /home/airflow/.local/lib/python3.12/site-packages/airflow/example_dags/tutorial.py took 0.114 seconds
[2024-11-06T00:27:23.186+0000] {processor.py:186} INFO - Started process (PID=197) to work on /home/airflow/.local/lib/python3.12/site-packages/airflow/example_dags/tutorial.py
[2024-11-06T00:27:23.188+0000] {processor.py:914} INFO - Processing file /home/airflow/.local/lib/python3.12/site-packages/airflow/example_dags/tutorial.py for tasks to queue
[2024-11-06T00:27:23.192+0000] {logging_mixin.py:190} INFO - [2024-11-06T00:27:23.191+0000] {dagbag.py:588} INFO - Filling up the DagBag from /home/airflow/.local/lib/python3.12/site-packages/airflow/example_dags/tutorial.py
[2024-11-06T00:27:23.226+0000] {processor.py:925} INFO - DAG(s) 'tutorial' retrieved from /home/airflow/.local/lib/python3.12/site-packages/airflow/example_dags/tutorial.py
[2024-11-06T00:27:23.297+0000] {logging_mixin.py:190} INFO - [2024-11-06T00:27:23.297+0000] {dag.py:3239} INFO - Sync 1 DAGs
[2024-11-06T00:27:23.365+0000] {logging_mixin.py:190} INFO - [2024-11-06T00:27:23.365+0000] {dag.py:4180} INFO - Setting next_dagrun for tutorial to 2024-11-05 00:00:00+00:00, run_after=2024-11-06 00:00:00+00:00
[2024-11-06T00:27:23.407+0000] {processor.py:208} INFO - Processing /home/airflow/.local/lib/python3.12/site-packages/airflow/example_dags/tutorial.py took 0.242 seconds
